{"/Users/selezmassozi/CascadeProjects/.eslintrc.js": {"path":"/Users/selezmassozi/CascadeProjects/.eslintrc.js","statementMap":{"0":{"start":{"line":2,"column":0},"end":{"line":5,"column":2}}},"fnMap":{},"branchMap":{},"s":{"0":0},"f":{},"b":{}}
,"/Users/selezmassozi/CascadeProjects/App.js": {"path":"/Users/selezmassozi/CascadeProjects/App.js","statementMap":{"0":{"start":{"line":13,"column":0},"end":{"line":13,"column":13}},"1":{"start":{"line":16,"column":0},"end":{"line":67,"column":1}},"2":{"start":{"line":18,"column":2},"end":{"line":18,"column":21}},"3":{"start":{"line":21,"column":2},"end":{"line":28,"column":5}},"4":{"start":{"line":31,"column":31},"end":{"line":31,"column":67}},"5":{"start":{"line":32,"column":2},"end":{"line":47,"column":5}},"6":{"start":{"line":34,"column":4},"end":{"line":40,"column":7}},"7":{"start":{"line":43,"column":4},"end":{"line":43,"column":23}},"8":{"start":{"line":46,"column":4},"end":{"line":46,"column":41}},"9":{"start":{"line":50,"column":2},"end":{"line":50,"column":37}},"10":{"start":{"line":53,"column":2},"end":{"line":53,"column":21}},"11":{"start":{"line":56,"column":2},"end":{"line":66,"column":3}},"12":{"start":{"line":57,"column":4},"end":{"line":57,"column":69}},"13":{"start":{"line":58,"column":4},"end":{"line":61,"column":7}},"14":{"start":{"line":62,"column":4},"end":{"line":62,"column":23}},"15":{"start":{"line":65,"column":4},"end":{"line":65,"column":49}},"16":{"start":{"line":70,"column":25},"end":{"line":70,"column":41}},"17":{"start":{"line":73,"column":2},"end":{"line":73,"column":30}},"18":{"start":{"line":77,"column":28},"end":{"line":77,"column":38}},"19":{"start":{"line":78,"column":36},"end":{"line":78,"column":50}},"20":{"start":{"line":81,"column":2},"end":{"line":129,"column":9}},"21":{"start":{"line":82,"column":29},"end":{"line":108,"column":5}},"22":{"start":{"line":83,"column":6},"end":{"line":107,"column":7}},"23":{"start":{"line":85,"column":25},"end":{"line":85,"column":68}},"24":{"start":{"line":86,"column":8},"end":{"line":91,"column":9}},"25":{"start":{"line":87,"column":10},"end":{"line":87,"column":75}},"26":{"start":{"line":88,"column":10},"end":{"line":88,"column":86}},"27":{"start":{"line":90,"column":10},"end":{"line":90,"column":63}},"28":{"start":{"line":94,"column":25},"end":{"line":94,"column":59}},"29":{"start":{"line":95,"column":8},"end":{"line":101,"column":9}},"30":{"start":{"line":96,"column":29},"end":{"line":96,"column":49}},"31":{"start":{"line":97,"column":10},"end":{"line":97,"column":30}},"32":{"start":{"line":100,"column":10},"end":{"line":100,"column":36}},"33":{"start":{"line":103,"column":8},"end":{"line":103,"column":60}},"34":{"start":{"line":104,"column":8},"end":{"line":104,"column":39}},"35":{"start":{"line":106,"column":8},"end":{"line":106,"column":28}},"36":{"start":{"line":110,"column":4},"end":{"line":110,"column":23}},"37":{"start":{"line":113,"column":38},"end":{"line":116,"column":5}},"38":{"start":{"line":114,"column":6},"end":{"line":114,"column":65}},"39":{"start":{"line":115,"column":6},"end":{"line":115,"column":44}},"40":{"start":{"line":119,"column":4},"end":{"line":121,"column":5}},"41":{"start":{"line":120,"column":6},"end":{"line":120,"column":79}},"42":{"start":{"line":123,"column":4},"end":{"line":128,"column":6}},"43":{"start":{"line":125,"column":6},"end":{"line":127,"column":7}},"44":{"start":{"line":126,"column":8},"end":{"line":126,"column":84}},"45":{"start":{"line":131,"column":2},"end":{"line":134,"column":3}},"46":{"start":{"line":133,"column":4},"end":{"line":133,"column":16}},"47":{"start":{"line":136,"column":2},"end":{"line":141,"column":4}}},"fnMap":{"0":{"name":"(anonymous_0)","decl":{"start":{"line":32,"column":37},"end":{"line":32,"column":38}},"loc":{"start":{"line":32,"column":57},"end":{"line":47,"column":3}},"line":32},"1":{"name":"SentryApp","decl":{"start":{"line":72,"column":24},"end":{"line":72,"column":33}},"loc":{"start":{"line":72,"column":36},"end":{"line":74,"column":1}},"line":72},"2":{"name":"App","decl":{"start":{"line":76,"column":9},"end":{"line":76,"column":12}},"loc":{"start":{"line":76,"column":15},"end":{"line":142,"column":1}},"line":76},"3":{"name":"(anonymous_3)","decl":{"start":{"line":81,"column":12},"end":{"line":81,"column":13}},"loc":{"start":{"line":81,"column":18},"end":{"line":129,"column":3}},"line":81},"4":{"name":"(anonymous_4)","decl":{"start":{"line":82,"column":29},"end":{"line":82,"column":30}},"loc":{"start":{"line":82,"column":41},"end":{"line":108,"column":5}},"line":82},"5":{"name":"(anonymous_5)","decl":{"start":{"line":113,"column":38},"end":{"line":113,"column":39}},"loc":{"start":{"line":113,"column":47},"end":{"line":116,"column":5}},"line":113},"6":{"name":"(anonymous_6)","decl":{"start":{"line":123,"column":11},"end":{"line":123,"column":12}},"loc":{"start":{"line":123,"column":17},"end":{"line":128,"column":5}},"line":123}},"branchMap":{"0":{"loc":{"start":{"line":36,"column":15},"end":{"line":36,"column":41}},"type":"cond-expr","locations":[{"start":{"line":36,"column":25},"end":{"line":36,"column":31}},{"start":{"line":36,"column":34},"end":{"line":36,"column":41}}],"line":36},"1":{"loc":{"start":{"line":39,"column":13},"end":{"line":39,"column":40}},"type":"cond-expr","locations":[{"start":{"line":39,"column":23},"end":{"line":39,"column":30}},{"start":{"line":39,"column":33},"end":{"line":39,"column":40}}],"line":39},"2":{"loc":{"start":{"line":86,"column":8},"end":{"line":91,"column":9}},"type":"if","locations":[{"start":{"line":86,"column":8},"end":{"line":91,"column":9}},{"start":{},"end":{}}],"line":86},"3":{"loc":{"start":{"line":95,"column":8},"end":{"line":101,"column":9}},"type":"if","locations":[{"start":{"line":95,"column":8},"end":{"line":101,"column":9}},{"start":{},"end":{}}],"line":95},"4":{"loc":{"start":{"line":119,"column":4},"end":{"line":121,"column":5}},"type":"if","locations":[{"start":{"line":119,"column":4},"end":{"line":121,"column":5}},{"start":{},"end":{}}],"line":119},"5":{"loc":{"start":{"line":125,"column":6},"end":{"line":127,"column":7}},"type":"if","locations":[{"start":{"line":125,"column":6},"end":{"line":127,"column":7}},{"start":{},"end":{}}],"line":125},"6":{"loc":{"start":{"line":131,"column":2},"end":{"line":134,"column":3}},"type":"if","locations":[{"start":{"line":131,"column":2},"end":{"line":134,"column":3}},{"start":{},"end":{}}],"line":131}},"s":{"0":0,"1":0,"2":0,"3":0,"4":0,"5":0,"6":0,"7":0,"8":0,"9":0,"10":0,"11":0,"12":0,"13":0,"14":0,"15":0,"16":0,"17":0,"18":0,"19":0,"20":0,"21":0,"22":0,"23":0,"24":0,"25":0,"26":0,"27":0,"28":0,"29":0,"30":0,"31":0,"32":0,"33":0,"34":0,"35":0,"36":0,"37":0,"38":0,"39":0,"40":0,"41":0,"42":0,"43":0,"44":0,"45":0,"46":0,"47":0},"f":{"0":0,"1":0,"2":0,"3":0,"4":0,"5":0,"6":0},"b":{"0":[0,0],"1":[0,0],"2":[0,0],"3":[0,0],"4":[0,0],"5":[0,0],"6":[0,0]}}
,"/Users/selezmassozi/CascadeProjects/app.config.js": {"path":"/Users/selezmassozi/CascadeProjects/app.config.js","statementMap":{"0":{"start":{"line":7,"column":22},"end":{"line":7,"column":62}},"1":{"start":{"line":8,"column":2},"end":{"line":8,"column":58}},"2":{"start":{"line":11,"column":2},"end":{"line":48,"column":4}}},"fnMap":{"0":{"name":"(anonymous_0)","decl":{"start":{"line":5,"column":15},"end":{"line":5,"column":16}},"loc":{"start":{"line":5,"column":31},"end":{"line":49,"column":1}},"line":5}},"branchMap":{"0":{"loc":{"start":{"line":7,"column":22},"end":{"line":7,"column":62}},"type":"binary-expr","locations":[{"start":{"line":7,"column":22},"end":{"line":7,"column":45}},{"start":{"line":7,"column":49},"end":{"line":7,"column":62}}],"line":7},"1":{"loc":{"start":{"line":31,"column":10},"end":{"line":31,"column":28}},"type":"binary-expr","locations":[{"start":{"line":31,"column":10},"end":{"line":31,"column":22}},{"start":{"line":31,"column":26},"end":{"line":31,"column":28}}],"line":31},"2":{"loc":{"start":{"line":37,"column":18},"end":{"line":37,"column":96}},"type":"binary-expr","locations":[{"start":{"line":37,"column":18},"end":{"line":37,"column":42}},{"start":{"line":37,"column":46},"end":{"line":37,"column":96}}],"line":37},"3":{"loc":{"start":{"line":38,"column":19},"end":{"line":38,"column":89}},"type":"binary-expr","locations":[{"start":{"line":38,"column":19},"end":{"line":38,"column":43}},{"start":{"line":38,"column":47},"end":{"line":38,"column":89}}],"line":38},"4":{"loc":{"start":{"line":39,"column":19},"end":{"line":39,"column":257}},"type":"binary-expr","locations":[{"start":{"line":39,"column":19},"end":{"line":39,"column":43}},{"start":{"line":39,"column":47},"end":{"line":39,"column":257}}],"line":39}},"s":{"0":0,"1":0,"2":0},"f":{"0":0},"b":{"0":[0,0],"1":[0,0],"2":[0,0],"3":[0,0],"4":[0,0]}}
,"/Users/selezmassozi/CascadeProjects/check-supabase.js": {"path":"/Users/selezmassozi/CascadeProjects/check-supabase.js","statementMap":{"0":{"start":{"line":1,"column":25},"end":{"line":1,"column":57}},"1":{"start":{"line":2,"column":0},"end":{"line":2,"column":27}},"2":{"start":{"line":5,"column":20},"end":{"line":5,"column":44}},"3":{"start":{"line":6,"column":27},"end":{"line":6,"column":59}},"4":{"start":{"line":9,"column":17},"end":{"line":9,"column":62}},"5":{"start":{"line":12,"column":2},"end":{"line":12,"column":68}},"6":{"start":{"line":15,"column":2},"end":{"line":15,"column":43}},"7":{"start":{"line":16,"column":25},"end":{"line":23,"column":3}},"8":{"start":{"line":25,"column":23},"end":{"line":25,"column":25}},"9":{"start":{"line":27,"column":2},"end":{"line":45,"column":3}},"10":{"start":{"line":28,"column":4},"end":{"line":44,"column":5}},"11":{"start":{"line":29,"column":31},"end":{"line":31,"column":52}},"12":{"start":{"line":33,"column":6},"end":{"line":41,"column":7}},"13":{"start":{"line":34,"column":8},"end":{"line":38,"column":9}},"14":{"start":{"line":35,"column":10},"end":{"line":35,"column":42}},"15":{"start":{"line":37,"column":10},"end":{"line":37,"column":58}},"16":{"start":{"line":40,"column":8},"end":{"line":40,"column":39}},"17":{"start":{"line":43,"column":6},"end":{"line":43,"column":54}},"18":{"start":{"line":48,"column":2},"end":{"line":48,"column":31}},"19":{"start":{"line":49,"column":2},"end":{"line":52,"column":3}},"20":{"start":{"line":50,"column":17},"end":{"line":50,"column":78}},"21":{"start":{"line":51,"column":4},"end":{"line":51,"column":48}},"22":{"start":{"line":55,"column":24},"end":{"line":57,"column":31}},"23":{"start":{"line":56,"column":29},"end":{"line":56,"column":49}},"24":{"start":{"line":57,"column":25},"end":{"line":57,"column":30}},"25":{"start":{"line":59,"column":2},"end":{"line":62,"column":3}},"26":{"start":{"line":60,"column":4},"end":{"line":60,"column":66}},"27":{"start":{"line":61,"column":4},"end":{"line":61,"column":86}},"28":{"start":{"line":65,"column":2},"end":{"line":65,"column":45}},"29":{"start":{"line":66,"column":2},"end":{"line":88,"column":3}},"30":{"start":{"line":67,"column":50},"end":{"line":69,"column":20}},"31":{"start":{"line":71,"column":4},"end":{"line":85,"column":5}},"32":{"start":{"line":72,"column":6},"end":{"line":72,"column":68}},"33":{"start":{"line":74,"column":6},"end":{"line":74,"column":62}},"34":{"start":{"line":75,"column":6},"end":{"line":77,"column":9}},"35":{"start":{"line":76,"column":8},"end":{"line":76,"column":83}},"36":{"start":{"line":80,"column":30},"end":{"line":80,"column":81}},"37":{"start":{"line":80,"column":53},"end":{"line":80,"column":80}},"38":{"start":{"line":81,"column":6},"end":{"line":84,"column":7}},"39":{"start":{"line":82,"column":8},"end":{"line":82,"column":68}},"40":{"start":{"line":83,"column":8},"end":{"line":83,"column":74}},"41":{"start":{"line":87,"column":4},"end":{"line":87,"column":55}},"42":{"start":{"line":91,"column":2},"end":{"line":91,"column":57}},"43":{"start":{"line":92,"column":2},"end":{"line":92,"column":58}},"44":{"start":{"line":95,"column":27},"end":{"line":95,"column":63}},"45":{"start":{"line":98,"column":2},"end":{"line":133,"column":3}},"46":{"start":{"line":100,"column":4},"end":{"line":103,"column":5}},"47":{"start":{"line":101,"column":6},"end":{"line":101,"column":72}},"48":{"start":{"line":102,"column":6},"end":{"line":102,"column":15}},"49":{"start":{"line":105,"column":4},"end":{"line":132,"column":5}},"50":{"start":{"line":108,"column":25},"end":{"line":108,"column":76}},"51":{"start":{"line":111,"column":24},"end":{"line":114,"column":17}},"52":{"start":{"line":116,"column":6},"end":{"line":129,"column":7}},"53":{"start":{"line":117,"column":8},"end":{"line":123,"column":9}},"54":{"start":{"line":118,"column":10},"end":{"line":118,"column":94}},"55":{"start":{"line":119,"column":15},"end":{"line":123,"column":9}},"56":{"start":{"line":120,"column":10},"end":{"line":120,"column":93}},"57":{"start":{"line":122,"column":10},"end":{"line":122,"column":70}},"58":{"start":{"line":125,"column":8},"end":{"line":125,"column":116}},"59":{"start":{"line":128,"column":8},"end":{"line":128,"column":70}},"60":{"start":{"line":131,"column":6},"end":{"line":131,"column":79}},"61":{"start":{"line":136,"column":2},"end":{"line":136,"column":46}},"62":{"start":{"line":137,"column":21},"end":{"line":137,"column":86}},"63":{"start":{"line":139,"column":2},"end":{"line":159,"column":3}},"64":{"start":{"line":141,"column":4},"end":{"line":144,"column":5}},"65":{"start":{"line":142,"column":6},"end":{"line":142,"column":72}},"66":{"start":{"line":143,"column":6},"end":{"line":143,"column":15}},"67":{"start":{"line":146,"column":4},"end":{"line":158,"column":5}},"68":{"start":{"line":147,"column":31},"end":{"line":149,"column":52}},"69":{"start":{"line":151,"column":6},"end":{"line":155,"column":7}},"70":{"start":{"line":152,"column":8},"end":{"line":152,"column":68}},"71":{"start":{"line":154,"column":8},"end":{"line":154,"column":63}},"72":{"start":{"line":157,"column":6},"end":{"line":157,"column":81}},"73":{"start":{"line":163,"column":0},"end":{"line":165,"column":3}},"74":{"start":{"line":164,"column":2},"end":{"line":164,"column":33}}},"fnMap":{"0":{"name":"checkSupabaseSetup","decl":{"start":{"line":11,"column":15},"end":{"line":11,"column":33}},"loc":{"start":{"line":11,"column":36},"end":{"line":160,"column":1}},"line":11},"1":{"name":"(anonymous_1)","decl":{"start":{"line":56,"column":12},"end":{"line":56,"column":13}},"loc":{"start":{"line":56,"column":29},"end":{"line":56,"column":49}},"line":56},"2":{"name":"(anonymous_2)","decl":{"start":{"line":57,"column":9},"end":{"line":57,"column":10}},"loc":{"start":{"line":57,"column":25},"end":{"line":57,"column":30}},"line":57},"3":{"name":"(anonymous_3)","decl":{"start":{"line":75,"column":22},"end":{"line":75,"column":23}},"loc":{"start":{"line":75,"column":32},"end":{"line":77,"column":7}},"line":75},"4":{"name":"(anonymous_4)","decl":{"start":{"line":80,"column":43},"end":{"line":80,"column":44}},"loc":{"start":{"line":80,"column":53},"end":{"line":80,"column":80}},"line":80},"5":{"name":"(anonymous_5)","decl":{"start":{"line":163,"column":27},"end":{"line":163,"column":28}},"loc":{"start":{"line":163,"column":36},"end":{"line":165,"column":1}},"line":163}},"branchMap":{"0":{"loc":{"start":{"line":33,"column":6},"end":{"line":41,"column":7}},"type":"if","locations":[{"start":{"line":33,"column":6},"end":{"line":41,"column":7}},{"start":{"line":39,"column":13},"end":{"line":41,"column":7}}],"line":33},"1":{"loc":{"start":{"line":34,"column":8},"end":{"line":38,"column":9}},"type":"if","locations":[{"start":{"line":34,"column":8},"end":{"line":38,"column":9}},{"start":{"line":36,"column":15},"end":{"line":38,"column":9}}],"line":34},"2":{"loc":{"start":{"line":50,"column":17},"end":{"line":50,"column":78}},"type":"cond-expr","locations":[{"start":{"line":50,"column":39},"end":{"line":50,"column":42}},{"start":{"line":50,"column":45},"end":{"line":50,"column":78}}],"line":50},"3":{"loc":{"start":{"line":50,"column":45},"end":{"line":50,"column":78}},"type":"cond-expr","locations":[{"start":{"line":50,"column":68},"end":{"line":50,"column":71}},{"start":{"line":50,"column":74},"end":{"line":50,"column":78}}],"line":50},"4":{"loc":{"start":{"line":59,"column":2},"end":{"line":62,"column":3}},"type":"if","locations":[{"start":{"line":59,"column":2},"end":{"line":62,"column":3}},{"start":{},"end":{}}],"line":59},"5":{"loc":{"start":{"line":71,"column":4},"end":{"line":85,"column":5}},"type":"if","locations":[{"start":{"line":71,"column":4},"end":{"line":85,"column":5}},{"start":{"line":73,"column":11},"end":{"line":85,"column":5}}],"line":71},"6":{"loc":{"start":{"line":76,"column":42},"end":{"line":76,"column":78}},"type":"cond-expr","locations":[{"start":{"line":76,"column":58},"end":{"line":76,"column":66}},{"start":{"line":76,"column":69},"end":{"line":76,"column":78}}],"line":76},"7":{"loc":{"start":{"line":81,"column":6},"end":{"line":84,"column":7}},"type":"if","locations":[{"start":{"line":81,"column":6},"end":{"line":84,"column":7}},{"start":{},"end":{}}],"line":81},"8":{"loc":{"start":{"line":100,"column":4},"end":{"line":103,"column":5}},"type":"if","locations":[{"start":{"line":100,"column":4},"end":{"line":103,"column":5}},{"start":{},"end":{}}],"line":100},"9":{"loc":{"start":{"line":116,"column":6},"end":{"line":129,"column":7}},"type":"if","locations":[{"start":{"line":116,"column":6},"end":{"line":129,"column":7}},{"start":{"line":124,"column":13},"end":{"line":129,"column":7}}],"line":116},"10":{"loc":{"start":{"line":117,"column":8},"end":{"line":123,"column":9}},"type":"if","locations":[{"start":{"line":117,"column":8},"end":{"line":123,"column":9}},{"start":{"line":119,"column":15},"end":{"line":123,"column":9}}],"line":117},"11":{"loc":{"start":{"line":119,"column":15},"end":{"line":123,"column":9}},"type":"if","locations":[{"start":{"line":119,"column":15},"end":{"line":123,"column":9}},{"start":{"line":121,"column":15},"end":{"line":123,"column":9}}],"line":119},"12":{"loc":{"start":{"line":119,"column":19},"end":{"line":119,"column":88}},"type":"binary-expr","locations":[{"start":{"line":119,"column":19},"end":{"line":119,"column":41}},{"start":{"line":119,"column":45},"end":{"line":119,"column":88}}],"line":119},"13":{"loc":{"start":{"line":141,"column":4},"end":{"line":144,"column":5}},"type":"if","locations":[{"start":{"line":141,"column":4},"end":{"line":144,"column":5}},{"start":{},"end":{}}],"line":141},"14":{"loc":{"start":{"line":151,"column":6},"end":{"line":155,"column":7}},"type":"if","locations":[{"start":{"line":151,"column":6},"end":{"line":155,"column":7}},{"start":{"line":153,"column":13},"end":{"line":155,"column":7}}],"line":151},"15":{"loc":{"start":{"line":154,"column":44},"end":{"line":154,"column":54}},"type":"binary-expr","locations":[{"start":{"line":154,"column":44},"end":{"line":154,"column":49}},{"start":{"line":154,"column":53},"end":{"line":154,"column":54}}],"line":154}},"s":{"0":0,"1":0,"2":0,"3":0,"4":0,"5":0,"6":0,"7":0,"8":0,"9":0,"10":0,"11":0,"12":0,"13":0,"14":0,"15":0,"16":0,"17":0,"18":0,"19":0,"20":0,"21":0,"22":0,"23":0,"24":0,"25":0,"26":0,"27":0,"28":0,"29":0,"30":0,"31":0,"32":0,"33":0,"34":0,"35":0,"36":0,"37":0,"38":0,"39":0,"40":0,"41":0,"42":0,"43":0,"44":0,"45":0,"46":0,"47":0,"48":0,"49":0,"50":0,"51":0,"52":0,"53":0,"54":0,"55":0,"56":0,"57":0,"58":0,"59":0,"60":0,"61":0,"62":0,"63":0,"64":0,"65":0,"66":0,"67":0,"68":0,"69":0,"70":0,"71":0,"72":0,"73":0,"74":0},"f":{"0":0,"1":0,"2":0,"3":0,"4":0,"5":0},"b":{"0":[0,0],"1":[0,0],"2":[0,0],"3":[0,0],"4":[0,0],"5":[0,0],"6":[0,0],"7":[0,0],"8":[0,0],"9":[0,0],"10":[0,0],"11":[0,0],"12":[0,0],"13":[0,0],"14":[0,0],"15":[0,0]}}
,"/Users/selezmassozi/CascadeProjects/index.js": {"path":"/Users/selezmassozi/CascadeProjects/index.js","statementMap":{"0":{"start":{"line":5,"column":0},"end":{"line":5,"column":27}}},"fnMap":{},"branchMap":{},"s":{"0":0},"f":{},"b":{}}
,"/Users/selezmassozi/CascadeProjects/metro.config.js": {"path":"/Users/selezmassozi/CascadeProjects/metro.config.js","statementMap":{"0":{"start":{"line":2,"column":29},"end":{"line":2,"column":57}},"1":{"start":{"line":5,"column":15},"end":{"line":5,"column":42}},"2":{"start":{"line":8,"column":0},"end":{"line":8,"column":24}}},"fnMap":{},"branchMap":{},"s":{"0":0,"1":0,"2":0},"f":{},"b":{}}
,"/Users/selezmassozi/CascadeProjects/metro.reset.config.js": {"path":"/Users/selezmassozi/CascadeProjects/metro.reset.config.js","statementMap":{"0":{"start":{"line":1,"column":0},"end":{"line":11,"column":2}},"1":{"start":{"line":4,"column":38},"end":{"line":9,"column":5}}},"fnMap":{"0":{"name":"(anonymous_0)","decl":{"start":{"line":4,"column":25},"end":{"line":4,"column":26}},"loc":{"start":{"line":4,"column":38},"end":{"line":9,"column":5}},"line":4}},"branchMap":{},"s":{"0":0,"1":0},"f":{"0":0},"b":{}}
,"/Users/selezmassozi/CascadeProjects/setup-supabase.js": {"path":"/Users/selezmassozi/CascadeProjects/setup-supabase.js","statementMap":{"0":{"start":{"line":2,"column":0},"end":{"line":2,"column":27}},"1":{"start":{"line":3,"column":25},"end":{"line":3,"column":57}},"2":{"start":{"line":4,"column":11},"end":{"line":4,"column":24}},"3":{"start":{"line":5,"column":13},"end":{"line":5,"column":28}},"4":{"start":{"line":8,"column":20},"end":{"line":8,"column":44}},"5":{"start":{"line":9,"column":27},"end":{"line":9,"column":59}},"6":{"start":{"line":12,"column":0},"end":{"line":15,"column":1}},"7":{"start":{"line":13,"column":2},"end":{"line":13,"column":92}},"8":{"start":{"line":14,"column":2},"end":{"line":14,"column":18}},"9":{"start":{"line":18,"column":17},"end":{"line":18,"column":62}},"10":{"start":{"line":21,"column":23},"end":{"line":21,"column":66}},"11":{"start":{"line":22,"column":18},"end":{"line":22,"column":57}},"12":{"start":{"line":25,"column":22},"end":{"line":28,"column":44}},"13":{"start":{"line":27,"column":20},"end":{"line":27,"column":36}},"14":{"start":{"line":28,"column":23},"end":{"line":28,"column":43}},"15":{"start":{"line":32,"column":2},"end":{"line":32,"column":53}},"16":{"start":{"line":34,"column":2},"end":{"line":97,"column":3}},"17":{"start":{"line":35,"column":4},"end":{"line":48,"column":5}},"18":{"start":{"line":35,"column":17},"end":{"line":35,"column":18}},"19":{"start":{"line":36,"column":24},"end":{"line":36,"column":40}},"20":{"start":{"line":37,"column":6},"end":{"line":37,"column":77}},"21":{"start":{"line":39,"column":24},"end":{"line":42,"column":29}},"22":{"start":{"line":44,"column":6},"end":{"line":47,"column":7}},"23":{"start":{"line":45,"column":8},"end":{"line":45,"column":76}},"24":{"start":{"line":46,"column":8},"end":{"line":46,"column":51}},"25":{"start":{"line":50,"column":4},"end":{"line":50,"column":48}},"26":{"start":{"line":52,"column":53},"end":{"line":57,"column":8}},"27":{"start":{"line":59,"column":4},"end":{"line":92,"column":5}},"28":{"start":{"line":60,"column":6},"end":{"line":60,"column":75}},"29":{"start":{"line":62,"column":6},"end":{"line":62,"column":57}},"30":{"start":{"line":65,"column":6},"end":{"line":65,"column":52}},"31":{"start":{"line":68,"column":41},"end":{"line":74,"column":10}},"32":{"start":{"line":76,"column":6},"end":{"line":78,"column":7}},"33":{"start":{"line":77,"column":8},"end":{"line":77,"column":78}},"34":{"start":{"line":81,"column":43},"end":{"line":87,"column":10}},"35":{"start":{"line":89,"column":6},"end":{"line":91,"column":7}},"36":{"start":{"line":90,"column":8},"end":{"line":90,"column":82}},"37":{"start":{"line":94,"column":4},"end":{"line":94,"column":54}},"38":{"start":{"line":96,"column":4},"end":{"line":96,"column":67}},"39":{"start":{"line":100,"column":0},"end":{"line":100,"column":16}}},"fnMap":{"0":{"name":"(anonymous_0)","decl":{"start":{"line":27,"column":7},"end":{"line":27,"column":8}},"loc":{"start":{"line":27,"column":20},"end":{"line":27,"column":36}},"line":27},"1":{"name":"(anonymous_1)","decl":{"start":{"line":28,"column":10},"end":{"line":28,"column":11}},"loc":{"start":{"line":28,"column":23},"end":{"line":28,"column":43}},"line":28},"2":{"name":"setupDatabase","decl":{"start":{"line":31,"column":15},"end":{"line":31,"column":28}},"loc":{"start":{"line":31,"column":31},"end":{"line":98,"column":1}},"line":31}},"branchMap":{"0":{"loc":{"start":{"line":12,"column":0},"end":{"line":15,"column":1}},"type":"if","locations":[{"start":{"line":12,"column":0},"end":{"line":15,"column":1}},{"start":{},"end":{}}],"line":12},"1":{"loc":{"start":{"line":12,"column":4},"end":{"line":12,"column":39}},"type":"binary-expr","locations":[{"start":{"line":12,"column":4},"end":{"line":12,"column":16}},{"start":{"line":12,"column":20},"end":{"line":12,"column":39}}],"line":12},"2":{"loc":{"start":{"line":44,"column":6},"end":{"line":47,"column":7}},"type":"if","locations":[{"start":{"line":44,"column":6},"end":{"line":47,"column":7}},{"start":{},"end":{}}],"line":44},"3":{"loc":{"start":{"line":59,"column":4},"end":{"line":92,"column":5}},"type":"if","locations":[{"start":{"line":59,"column":4},"end":{"line":92,"column":5}},{"start":{"line":61,"column":11},"end":{"line":92,"column":5}}],"line":59},"4":{"loc":{"start":{"line":76,"column":6},"end":{"line":78,"column":7}},"type":"if","locations":[{"start":{"line":76,"column":6},"end":{"line":78,"column":7}},{"start":{},"end":{}}],"line":76},"5":{"loc":{"start":{"line":89,"column":6},"end":{"line":91,"column":7}},"type":"if","locations":[{"start":{"line":89,"column":6},"end":{"line":91,"column":7}},{"start":{},"end":{}}],"line":89}},"s":{"0":0,"1":0,"2":0,"3":0,"4":0,"5":0,"6":0,"7":0,"8":0,"9":0,"10":0,"11":0,"12":0,"13":0,"14":0,"15":0,"16":0,"17":0,"18":0,"19":0,"20":0,"21":0,"22":0,"23":0,"24":0,"25":0,"26":0,"27":0,"28":0,"29":0,"30":0,"31":0,"32":0,"33":0,"34":0,"35":0,"36":0,"37":0,"38":0,"39":0},"f":{"0":0,"1":0,"2":0},"b":{"0":[0,0],"1":[0,0],"2":[0,0],"3":[0,0],"4":[0,0],"5":[0,0]}}
,"/Users/selezmassozi/CascadeProjects/store.js": {"path":"/Users/selezmassozi/CascadeProjects/store.js","statementMap":{"0":{"start":{"line":4,"column":17},"end":{"line":14,"column":3}},"1":{"start":{"line":4,"column":34},"end":{"line":14,"column":1}},"2":{"start":{"line":7,"column":4},"end":{"line":7,"column":18}},"3":{"start":{"line":8,"column":4},"end":{"line":8,"column":61}},"4":{"start":{"line":11,"column":4},"end":{"line":11,"column":24}},"5":{"start":{"line":12,"column":4},"end":{"line":12,"column":42}}},"fnMap":{"0":{"name":"(anonymous_0)","decl":{"start":{"line":4,"column":24},"end":{"line":4,"column":25}},"loc":{"start":{"line":4,"column":34},"end":{"line":14,"column":1}},"line":4},"1":{"name":"(anonymous_1)","decl":{"start":{"line":6,"column":11},"end":{"line":6,"column":12}},"loc":{"start":{"line":6,"column":27},"end":{"line":9,"column":3}},"line":6},"2":{"name":"(anonymous_2)","decl":{"start":{"line":10,"column":13},"end":{"line":10,"column":14}},"loc":{"start":{"line":10,"column":25},"end":{"line":13,"column":3}},"line":10}},"branchMap":{},"s":{"0":0,"1":0,"2":0,"3":0,"4":0,"5":0},"f":{"0":0,"1":0,"2":0},"b":{}}
,"/Users/selezmassozi/CascadeProjects/app/_drawer.js": {"path":"/Users/selezmassozi/CascadeProjects/app/_drawer.js","statementMap":{"0":{"start":{"line":10,"column":15},"end":{"line":10,"column":38}},"1":{"start":{"line":14,"column":23},"end":{"line":44,"column":3}},"2":{"start":{"line":15,"column":4},"end":{"line":43,"column":6}},"3":{"start":{"line":23,"column":12},"end":{"line":39,"column":13}},"4":{"start":{"line":24,"column":14},"end":{"line":24,"column":46}},"5":{"start":{"line":25,"column":14},"end":{"line":25,"column":57}},"6":{"start":{"line":26,"column":14},"end":{"line":26,"column":56}},"7":{"start":{"line":29,"column":14},"end":{"line":35,"column":15}},"8":{"start":{"line":30,"column":16},"end":{"line":30,"column":61}},"9":{"start":{"line":33,"column":16},"end":{"line":33,"column":88}},"10":{"start":{"line":34,"column":16},"end":{"line":34,"column":46}},"11":{"start":{"line":37,"column":14},"end":{"line":37,"column":56}},"12":{"start":{"line":38,"column":14},"end":{"line":38,"column":75}},"13":{"start":{"line":47,"column":29},"end":{"line":52,"column":3}},"14":{"start":{"line":48,"column":4},"end":{"line":50,"column":5}},"15":{"start":{"line":49,"column":6},"end":{"line":49,"column":56}},"16":{"start":{"line":51,"column":4},"end":{"line":51,"column":18}},"17":{"start":{"line":54,"column":22},"end":{"line":54,"column":42}},"18":{"start":{"line":57,"column":2},"end":{"line":199,"column":4}},"19":{"start":{"line":95,"column":23},"end":{"line":95,"column":39}},"20":{"start":{"line":120,"column":23},"end":{"line":120,"column":46}},"21":{"start":{"line":145,"column":23},"end":{"line":145,"column":54}},"22":{"start":{"line":204,"column":2},"end":{"line":222,"column":4}},"23":{"start":{"line":206,"column":28},"end":{"line":210,"column":7}},"24":{"start":{"line":228,"column":27},"end":{"line":244,"column":8}},"25":{"start":{"line":229,"column":4},"end":{"line":243,"column":5}},"26":{"start":{"line":230,"column":6},"end":{"line":240,"column":7}},"27":{"start":{"line":231,"column":8},"end":{"line":231,"column":43}},"28":{"start":{"line":234,"column":27},"end":{"line":234,"column":42}},"29":{"start":{"line":235,"column":8},"end":{"line":239,"column":9}},"30":{"start":{"line":236,"column":10},"end":{"line":236,"column":34}},"31":{"start":{"line":238,"column":10},"end":{"line":238,"column":68}},"32":{"start":{"line":242,"column":6},"end":{"line":242,"column":63}},"33":{"start":{"line":246,"column":2},"end":{"line":257,"column":4}},"34":{"start":{"line":262,"column":20},"end":{"line":262,"column":38}},"35":{"start":{"line":265,"column":2},"end":{"line":270,"column":26}},"36":{"start":{"line":266,"column":4},"end":{"line":269,"column":5}},"37":{"start":{"line":267,"column":6},"end":{"line":267,"column":66}},"38":{"start":{"line":268,"column":6},"end":{"line":268,"column":76}},"39":{"start":{"line":273,"column":27},"end":{"line":287,"column":8}},"40":{"start":{"line":274,"column":4},"end":{"line":286,"column":5}},"41":{"start":{"line":275,"column":6},"end":{"line":283,"column":7}},"42":{"start":{"line":276,"column":8},"end":{"line":276,"column":43}},"43":{"start":{"line":279,"column":27},"end":{"line":279,"column":42}},"44":{"start":{"line":280,"column":8},"end":{"line":282,"column":9}},"45":{"start":{"line":281,"column":10},"end":{"line":281,"column":34}},"46":{"start":{"line":285,"column":6},"end":{"line":285,"column":51}},"47":{"start":{"line":289,"column":2},"end":{"line":355,"column":4}},"48":{"start":{"line":292,"column":32},"end":{"line":292,"column":66}},"49":{"start":{"line":330,"column":10},"end":{"line":341,"column":12}},"50":{"start":{"line":352,"column":15},"end":{"line":352,"column":23}},"51":{"start":{"line":358,"column":15},"end":{"line":360,"column":2}}},"fnMap":{"0":{"name":"CustomDrawerContent","decl":{"start":{"line":13,"column":9},"end":{"line":13,"column":28}},"loc":{"start":{"line":13,"column":36},"end":{"line":200,"column":1}},"line":13},"1":{"name":"(anonymous_1)","decl":{"start":{"line":14,"column":23},"end":{"line":14,"column":24}},"loc":{"start":{"line":14,"column":35},"end":{"line":44,"column":3}},"line":14},"2":{"name":"(anonymous_2)","decl":{"start":{"line":22,"column":19},"end":{"line":22,"column":20}},"loc":{"start":{"line":22,"column":31},"end":{"line":40,"column":11}},"line":22},"3":{"name":"(anonymous_3)","decl":{"start":{"line":47,"column":29},"end":{"line":47,"column":30}},"loc":{"start":{"line":47,"column":35},"end":{"line":52,"column":3}},"line":47},"4":{"name":"(anonymous_4)","decl":{"start":{"line":95,"column":17},"end":{"line":95,"column":18}},"loc":{"start":{"line":95,"column":23},"end":{"line":95,"column":39}},"line":95},"5":{"name":"(anonymous_5)","decl":{"start":{"line":120,"column":17},"end":{"line":120,"column":18}},"loc":{"start":{"line":120,"column":23},"end":{"line":120,"column":46}},"line":120},"6":{"name":"(anonymous_6)","decl":{"start":{"line":145,"column":17},"end":{"line":145,"column":18}},"loc":{"start":{"line":145,"column":23},"end":{"line":145,"column":54}},"line":145},"7":{"name":"MenuItem","decl":{"start":{"line":203,"column":9},"end":{"line":203,"column":17}},"loc":{"start":{"line":203,"column":62},"end":{"line":223,"column":1}},"line":203},"8":{"name":"(anonymous_8)","decl":{"start":{"line":206,"column":13},"end":{"line":206,"column":14}},"loc":{"start":{"line":206,"column":28},"end":{"line":210,"column":7}},"line":206},"9":{"name":"HeaderLeft","decl":{"start":{"line":226,"column":9},"end":{"line":226,"column":19}},"loc":{"start":{"line":226,"column":22},"end":{"line":258,"column":1}},"line":226},"10":{"name":"(anonymous_10)","decl":{"start":{"line":228,"column":45},"end":{"line":228,"column":46}},"loc":{"start":{"line":228,"column":51},"end":{"line":244,"column":3}},"line":228},"11":{"name":"DrawerLayout","decl":{"start":{"line":260,"column":24},"end":{"line":260,"column":36}},"loc":{"start":{"line":260,"column":39},"end":{"line":356,"column":1}},"line":260},"12":{"name":"(anonymous_12)","decl":{"start":{"line":265,"column":18},"end":{"line":265,"column":19}},"loc":{"start":{"line":265,"column":24},"end":{"line":270,"column":3}},"line":265},"13":{"name":"(anonymous_13)","decl":{"start":{"line":273,"column":45},"end":{"line":273,"column":46}},"loc":{"start":{"line":273,"column":51},"end":{"line":287,"column":3}},"line":273},"14":{"name":"(anonymous_14)","decl":{"start":{"line":292,"column":21},"end":{"line":292,"column":22}},"loc":{"start":{"line":292,"column":32},"end":{"line":292,"column":66}},"line":292},"15":{"name":"(anonymous_15)","decl":{"start":{"line":329,"column":20},"end":{"line":329,"column":21}},"loc":{"start":{"line":329,"column":39},"end":{"line":342,"column":9}},"line":329},"16":{"name":"(anonymous_16)","decl":{"start":{"line":352,"column":9},"end":{"line":352,"column":10}},"loc":{"start":{"line":352,"column":15},"end":{"line":352,"column":23}},"line":352}},"branchMap":{"0":{"loc":{"start":{"line":29,"column":14},"end":{"line":35,"column":15}},"type":"if","locations":[{"start":{"line":29,"column":14},"end":{"line":35,"column":15}},{"start":{"line":31,"column":21},"end":{"line":35,"column":15}}],"line":29},"1":{"loc":{"start":{"line":48,"column":4},"end":{"line":50,"column":5}},"type":"if","locations":[{"start":{"line":48,"column":4},"end":{"line":50,"column":5}},{"start":{},"end":{}}],"line":48},"2":{"loc":{"start":{"line":48,"column":8},"end":{"line":48,"column":67}},"type":"binary-expr","locations":[{"start":{"line":48,"column":8},"end":{"line":48,"column":19}},{"start":{"line":48,"column":23},"end":{"line":48,"column":41}},{"start":{"line":48,"column":45},"end":{"line":48,"column":67}}],"line":48},"3":{"loc":{"start":{"line":89,"column":27},"end":{"line":89,"column":92}},"type":"cond-expr","locations":[{"start":{"line":89,"column":52},"end":{"line":89,"column":76}},{"start":{"line":89,"column":79},"end":{"line":89,"column":92}}],"line":89},"4":{"loc":{"start":{"line":92,"column":27},"end":{"line":92,"column":57}},"type":"cond-expr","locations":[{"start":{"line":92,"column":52},"end":{"line":92,"column":53}},{"start":{"line":92,"column":56},"end":{"line":92,"column":57}}],"line":92},"5":{"loc":{"start":{"line":100,"column":17},"end":{"line":100,"column":63}},"type":"cond-expr","locations":[{"start":{"line":100,"column":42},"end":{"line":100,"column":51}},{"start":{"line":100,"column":54},"end":{"line":100,"column":63}}],"line":100},"6":{"loc":{"start":{"line":103,"column":17},"end":{"line":103,"column":63}},"type":"cond-expr","locations":[{"start":{"line":103,"column":42},"end":{"line":103,"column":51}},{"start":{"line":103,"column":54},"end":{"line":103,"column":63}}],"line":103},"7":{"loc":{"start":{"line":104,"column":22},"end":{"line":104,"column":64}},"type":"cond-expr","locations":[{"start":{"line":104,"column":47},"end":{"line":104,"column":53}},{"start":{"line":104,"column":56},"end":{"line":104,"column":64}}],"line":104},"8":{"loc":{"start":{"line":114,"column":27},"end":{"line":114,"column":95}},"type":"cond-expr","locations":[{"start":{"line":114,"column":55},"end":{"line":114,"column":79}},{"start":{"line":114,"column":82},"end":{"line":114,"column":95}}],"line":114},"9":{"loc":{"start":{"line":117,"column":27},"end":{"line":117,"column":60}},"type":"cond-expr","locations":[{"start":{"line":117,"column":55},"end":{"line":117,"column":56}},{"start":{"line":117,"column":59},"end":{"line":117,"column":60}}],"line":117},"10":{"loc":{"start":{"line":125,"column":17},"end":{"line":125,"column":66}},"type":"cond-expr","locations":[{"start":{"line":125,"column":45},"end":{"line":125,"column":54}},{"start":{"line":125,"column":57},"end":{"line":125,"column":66}}],"line":125},"11":{"loc":{"start":{"line":128,"column":17},"end":{"line":128,"column":66}},"type":"cond-expr","locations":[{"start":{"line":128,"column":45},"end":{"line":128,"column":54}},{"start":{"line":128,"column":57},"end":{"line":128,"column":66}}],"line":128},"12":{"loc":{"start":{"line":129,"column":22},"end":{"line":129,"column":67}},"type":"cond-expr","locations":[{"start":{"line":129,"column":50},"end":{"line":129,"column":56}},{"start":{"line":129,"column":59},"end":{"line":129,"column":67}}],"line":129},"13":{"loc":{"start":{"line":139,"column":27},"end":{"line":139,"column":103}},"type":"cond-expr","locations":[{"start":{"line":139,"column":63},"end":{"line":139,"column":87}},{"start":{"line":139,"column":90},"end":{"line":139,"column":103}}],"line":139},"14":{"loc":{"start":{"line":142,"column":27},"end":{"line":142,"column":68}},"type":"cond-expr","locations":[{"start":{"line":142,"column":63},"end":{"line":142,"column":64}},{"start":{"line":142,"column":67},"end":{"line":142,"column":68}}],"line":142},"15":{"loc":{"start":{"line":150,"column":17},"end":{"line":150,"column":74}},"type":"cond-expr","locations":[{"start":{"line":150,"column":53},"end":{"line":150,"column":62}},{"start":{"line":150,"column":65},"end":{"line":150,"column":74}}],"line":150},"16":{"loc":{"start":{"line":153,"column":17},"end":{"line":153,"column":74}},"type":"cond-expr","locations":[{"start":{"line":153,"column":53},"end":{"line":153,"column":62}},{"start":{"line":153,"column":65},"end":{"line":153,"column":74}}],"line":153},"17":{"loc":{"start":{"line":154,"column":22},"end":{"line":154,"column":75}},"type":"cond-expr","locations":[{"start":{"line":154,"column":58},"end":{"line":154,"column":64}},{"start":{"line":154,"column":67},"end":{"line":154,"column":75}}],"line":154},"18":{"loc":{"start":{"line":203,"column":33},"end":{"line":203,"column":49}},"type":"default-arg","locations":[{"start":{"line":203,"column":44},"end":{"line":203,"column":49}}],"line":203},"19":{"loc":{"start":{"line":208,"column":8},"end":{"line":208,"column":41}},"type":"binary-expr","locations":[{"start":{"line":208,"column":8},"end":{"line":208,"column":16}},{"start":{"line":208,"column":20},"end":{"line":208,"column":41}}],"line":208},"20":{"loc":{"start":{"line":209,"column":8},"end":{"line":209,"column":41}},"type":"binary-expr","locations":[{"start":{"line":209,"column":8},"end":{"line":209,"column":15}},{"start":{"line":209,"column":19},"end":{"line":209,"column":41}}],"line":209},"21":{"loc":{"start":{"line":216,"column":15},"end":{"line":216,"column":47}},"type":"cond-expr","locations":[{"start":{"line":216,"column":26},"end":{"line":216,"column":35}},{"start":{"line":216,"column":38},"end":{"line":216,"column":47}}],"line":216},"22":{"loc":{"start":{"line":218,"column":41},"end":{"line":218,"column":78}},"type":"binary-expr","locations":[{"start":{"line":218,"column":41},"end":{"line":218,"column":49}},{"start":{"line":218,"column":53},"end":{"line":218,"column":78}}],"line":218},"23":{"loc":{"start":{"line":230,"column":6},"end":{"line":240,"column":7}},"type":"if","locations":[{"start":{"line":230,"column":6},"end":{"line":240,"column":7}},{"start":{"line":232,"column":13},"end":{"line":240,"column":7}}],"line":230},"24":{"loc":{"start":{"line":235,"column":8},"end":{"line":239,"column":9}},"type":"if","locations":[{"start":{"line":235,"column":8},"end":{"line":239,"column":9}},{"start":{"line":237,"column":15},"end":{"line":239,"column":9}}],"line":235},"25":{"loc":{"start":{"line":266,"column":4},"end":{"line":269,"column":5}},"type":"if","locations":[{"start":{"line":266,"column":4},"end":{"line":269,"column":5}},{"start":{},"end":{}}],"line":266},"26":{"loc":{"start":{"line":266,"column":8},"end":{"line":266,"column":50}},"type":"binary-expr","locations":[{"start":{"line":266,"column":8},"end":{"line":266,"column":25}},{"start":{"line":266,"column":29},"end":{"line":266,"column":50}}],"line":266},"27":{"loc":{"start":{"line":275,"column":6},"end":{"line":283,"column":7}},"type":"if","locations":[{"start":{"line":275,"column":6},"end":{"line":283,"column":7}},{"start":{"line":277,"column":13},"end":{"line":283,"column":7}}],"line":275},"28":{"loc":{"start":{"line":280,"column":8},"end":{"line":282,"column":9}},"type":"if","locations":[{"start":{"line":280,"column":8},"end":{"line":282,"column":9}},{"start":{},"end":{}}],"line":280}},"s":{"0":0,"1":0,"2":0,"3":0,"4":0,"5":0,"6":0,"7":0,"8":0,"9":0,"10":0,"11":0,"12":0,"13":0,"14":0,"15":0,"16":0,"17":0,"18":0,"19":0,"20":0,"21":0,"22":0,"23":0,"24":0,"25":0,"26":0,"27":0,"28":0,"29":0,"30":0,"31":0,"32":0,"33":0,"34":0,"35":0,"36":0,"37":0,"38":0,"39":0,"40":0,"41":0,"42":0,"43":0,"44":0,"45":0,"46":0,"47":0,"48":0,"49":0,"50":0,"51":0},"f":{"0":0,"1":0,"2":0,"3":0,"4":0,"5":0,"6":0,"7":0,"8":0,"9":0,"10":0,"11":0,"12":0,"13":0,"14":0,"15":0,"16":0},"b":{"0":[0,0],"1":[0,0],"2":[0,0,0],"3":[0,0],"4":[0,0],"5":[0,0],"6":[0,0],"7":[0,0],"8":[0,0],"9":[0,0],"10":[0,0],"11":[0,0],"12":[0,0],"13":[0,0],"14":[0,0],"15":[0,0],"16":[0,0],"17":[0,0],"18":[0],"19":[0,0],"20":[0,0],"21":[0,0],"22":[0,0],"23":[0,0],"24":[0,0],"25":[0,0],"26":[0,0],"27":[0,0],"28":[0,0]}}
,"/Users/selezmassozi/CascadeProjects/app/_layout.js": {"path":"/Users/selezmassozi/CascadeProjects/app/_layout.js","statementMap":{"0":{"start":{"line":30,"column":0},"end":{"line":30,"column":39}},"1":{"start":{"line":34,"column":0},"end":{"line":36,"column":3}},"2":{"start":{"line":35,"column":2},"end":{"line":35,"column":63}},"3":{"start":{"line":39,"column":21},"end":{"line":50,"column":1}},"4":{"start":{"line":53,"column":0},"end":{"line":66,"column":1}},"5":{"start":{"line":54,"column":2},"end":{"line":54,"column":77}},"6":{"start":{"line":54,"column":27},"end":{"line":54,"column":75}},"7":{"start":{"line":57,"column":2},"end":{"line":57,"column":87}},"8":{"start":{"line":60,"column":2},"end":{"line":63,"column":5}},"9":{"start":{"line":61,"column":4},"end":{"line":61,"column":50}},"10":{"start":{"line":62,"column":4},"end":{"line":62,"column":50}},"11":{"start":{"line":65,"column":2},"end":{"line":65,"column":47}},"12":{"start":{"line":71,"column":27},"end":{"line":83,"column":1}},"13":{"start":{"line":72,"column":2},"end":{"line":82,"column":4}},"14":{"start":{"line":86,"column":25},"end":{"line":124,"column":1}},"15":{"start":{"line":87,"column":2},"end":{"line":123,"column":4}},"16":{"start":{"line":110,"column":10},"end":{"line":117,"column":11}},"17":{"start":{"line":112,"column":12},"end":{"line":114,"column":15}},"18":{"start":{"line":113,"column":14},"end":{"line":113,"column":34}},"19":{"start":{"line":116,"column":12},"end":{"line":116,"column":53}},"20":{"start":{"line":128,"column":36},"end":{"line":128,"column":50}},"21":{"start":{"line":129,"column":36},"end":{"line":129,"column":50}},"22":{"start":{"line":130,"column":56},"end":{"line":130,"column":70}},"23":{"start":{"line":131,"column":38},"end":{"line":131,"column":53}},"24":{"start":{"line":132,"column":17},"end":{"line":132,"column":28}},"25":{"start":{"line":133,"column":19},"end":{"line":133,"column":32}},"26":{"start":{"line":134,"column":40},"end":{"line":134,"column":55}},"27":{"start":{"line":135,"column":42},"end":{"line":135,"column":56}},"28":{"start":{"line":138,"column":2},"end":{"line":178,"column":9}},"29":{"start":{"line":139,"column":26},"end":{"line":175,"column":5}},"30":{"start":{"line":140,"column":6},"end":{"line":174,"column":7}},"31":{"start":{"line":141,"column":8},"end":{"line":141,"column":55}},"32":{"start":{"line":144,"column":8},"end":{"line":151,"column":9}},"33":{"start":{"line":145,"column":10},"end":{"line":150,"column":11}},"34":{"start":{"line":146,"column":12},"end":{"line":146,"column":32}},"35":{"start":{"line":147,"column":12},"end":{"line":147,"column":67}},"36":{"start":{"line":149,"column":12},"end":{"line":149,"column":78}},"37":{"start":{"line":154,"column":8},"end":{"line":154,"column":29}},"38":{"start":{"line":155,"column":8},"end":{"line":155,"column":28}},"39":{"start":{"line":158,"column":8},"end":{"line":167,"column":9}},"40":{"start":{"line":159,"column":24},"end":{"line":159,"column":57}},"41":{"start":{"line":160,"column":10},"end":{"line":160,"column":89}},"42":{"start":{"line":161,"column":10},"end":{"line":161,"column":30}},"43":{"start":{"line":163,"column":10},"end":{"line":163,"column":76}},"44":{"start":{"line":164,"column":10},"end":{"line":164,"column":29}},"45":{"start":{"line":166,"column":10},"end":{"line":166,"column":30}},"46":{"start":{"line":170,"column":8},"end":{"line":170,"column":60}},"47":{"start":{"line":171,"column":8},"end":{"line":171,"column":34}},"48":{"start":{"line":172,"column":8},"end":{"line":172,"column":29}},"49":{"start":{"line":173,"column":8},"end":{"line":173,"column":28}},"50":{"start":{"line":177,"column":4},"end":{"line":177,"column":20}},"51":{"start":{"line":181,"column":2},"end":{"line":204,"column":47}},"52":{"start":{"line":182,"column":4},"end":{"line":182,"column":26}},"53":{"start":{"line":182,"column":19},"end":{"line":182,"column":26}},"54":{"start":{"line":184,"column":4},"end":{"line":203,"column":5}},"55":{"start":{"line":185,"column":6},"end":{"line":185,"column":53}},"56":{"start":{"line":188,"column":26},"end":{"line":188,"column":50}},"57":{"start":{"line":189,"column":6},"end":{"line":189,"column":104}},"58":{"start":{"line":191,"column":6},"end":{"line":199,"column":7}},"59":{"start":{"line":192,"column":8},"end":{"line":192,"column":57}},"60":{"start":{"line":193,"column":8},"end":{"line":193,"column":61}},"61":{"start":{"line":193,"column":25},"end":{"line":193,"column":54}},"62":{"start":{"line":194,"column":13},"end":{"line":199,"column":7}},"63":{"start":{"line":195,"column":8},"end":{"line":195,"column":56}},"64":{"start":{"line":196,"column":8},"end":{"line":196,"column":51}},"65":{"start":{"line":196,"column":25},"end":{"line":196,"column":44}},"66":{"start":{"line":198,"column":8},"end":{"line":198,"column":59}},"67":{"start":{"line":201,"column":6},"end":{"line":201,"column":54}},"68":{"start":{"line":202,"column":6},"end":{"line":202,"column":33}},"69":{"start":{"line":207,"column":2},"end":{"line":225,"column":3}},"70":{"start":{"line":208,"column":4},"end":{"line":224,"column":6}},"71":{"start":{"line":219,"column":25},"end":{"line":219,"column":49}},"72":{"start":{"line":228,"column":2},"end":{"line":243,"column":3}},"73":{"start":{"line":229,"column":4},"end":{"line":242,"column":6}},"74":{"start":{"line":237,"column":25},"end":{"line":237,"column":49}},"75":{"start":{"line":246,"column":2},"end":{"line":255,"column":3}},"76":{"start":{"line":247,"column":4},"end":{"line":254,"column":6}},"77":{"start":{"line":258,"column":2},"end":{"line":268,"column":4}},"78":{"start":{"line":273,"column":36},"end":{"line":273,"column":50}},"79":{"start":{"line":274,"column":36},"end":{"line":274,"column":50}},"80":{"start":{"line":275,"column":56},"end":{"line":275,"column":70}},"81":{"start":{"line":276,"column":38},"end":{"line":276,"column":53}},"82":{"start":{"line":277,"column":17},"end":{"line":277,"column":28}},"83":{"start":{"line":278,"column":19},"end":{"line":278,"column":32}},"84":{"start":{"line":279,"column":40},"end":{"line":279,"column":55}},"85":{"start":{"line":280,"column":42},"end":{"line":280,"column":56}},"86":{"start":{"line":283,"column":2},"end":{"line":370,"column":9}},"87":{"start":{"line":284,"column":26},"end":{"line":367,"column":5}},"88":{"start":{"line":285,"column":6},"end":{"line":366,"column":7}},"89":{"start":{"line":286,"column":8},"end":{"line":286,"column":58}},"90":{"start":{"line":289,"column":8},"end":{"line":297,"column":9}},"91":{"start":{"line":290,"column":10},"end":{"line":296,"column":11}},"92":{"start":{"line":291,"column":12},"end":{"line":291,"column":32}},"93":{"start":{"line":292,"column":12},"end":{"line":292,"column":59}},"94":{"start":{"line":294,"column":12},"end":{"line":294,"column":99}},"95":{"start":{"line":300,"column":8},"end":{"line":331,"column":9}},"96":{"start":{"line":301,"column":25},"end":{"line":301,"column":29}},"97":{"start":{"line":303,"column":10},"end":{"line":313,"column":11}},"98":{"start":{"line":305,"column":12},"end":{"line":309,"column":13}},"99":{"start":{"line":306,"column":14},"end":{"line":306,"column":63}},"100":{"start":{"line":308,"column":14},"end":{"line":308,"column":80}},"101":{"start":{"line":312,"column":12},"end":{"line":312,"column":67}},"102":{"start":{"line":315,"column":10},"end":{"line":327,"column":11}},"103":{"start":{"line":316,"column":12},"end":{"line":316,"column":78}},"104":{"start":{"line":318,"column":12},"end":{"line":326,"column":13}},"105":{"start":{"line":319,"column":14},"end":{"line":323,"column":15}},"106":{"start":{"line":320,"column":16},"end":{"line":320,"column":63}},"107":{"start":{"line":322,"column":16},"end":{"line":322,"column":64}},"108":{"start":{"line":325,"column":14},"end":{"line":325,"column":67}},"109":{"start":{"line":329,"column":10},"end":{"line":329,"column":86}},"110":{"start":{"line":334,"column":8},"end":{"line":334,"column":29}},"111":{"start":{"line":337,"column":8},"end":{"line":344,"column":9}},"112":{"start":{"line":339,"column":10},"end":{"line":339,"column":24}},"113":{"start":{"line":340,"column":10},"end":{"line":340,"column":53}},"114":{"start":{"line":342,"column":10},"end":{"line":342,"column":82}},"115":{"start":{"line":347,"column":8},"end":{"line":355,"column":11}},"116":{"start":{"line":352,"column":10},"end":{"line":352,"column":51}},"117":{"start":{"line":354,"column":10},"end":{"line":354,"column":60}},"118":{"start":{"line":358,"column":8},"end":{"line":358,"column":28}},"119":{"start":{"line":359,"column":8},"end":{"line":359,"column":65}},"120":{"start":{"line":362,"column":8},"end":{"line":362,"column":55}},"121":{"start":{"line":363,"column":8},"end":{"line":363,"column":34}},"122":{"start":{"line":365,"column":8},"end":{"line":365,"column":29}},"123":{"start":{"line":369,"column":4},"end":{"line":369,"column":20}},"124":{"start":{"line":373,"column":2},"end":{"line":440,"column":19}},"125":{"start":{"line":375,"column":4},"end":{"line":375,"column":28}},"126":{"start":{"line":375,"column":21},"end":{"line":375,"column":28}},"127":{"start":{"line":377,"column":4},"end":{"line":439,"column":5}},"128":{"start":{"line":378,"column":6},"end":{"line":378,"column":51}},"129":{"start":{"line":381,"column":6},"end":{"line":431,"column":14}},"130":{"start":{"line":382,"column":8},"end":{"line":430,"column":9}},"131":{"start":{"line":384,"column":10},"end":{"line":384,"column":55}},"132":{"start":{"line":386,"column":10},"end":{"line":424,"column":11}},"133":{"start":{"line":388,"column":12},"end":{"line":403,"column":13}},"134":{"start":{"line":389,"column":28},"end":{"line":389,"column":61}},"135":{"start":{"line":390,"column":14},"end":{"line":390,"column":93}},"136":{"start":{"line":391,"column":14},"end":{"line":391,"column":34}},"137":{"start":{"line":393,"column":14},"end":{"line":393,"column":80}},"138":{"start":{"line":394,"column":14},"end":{"line":394,"column":33}},"139":{"start":{"line":397,"column":14},"end":{"line":397,"column":80}},"140":{"start":{"line":398,"column":14},"end":{"line":398,"column":34}},"141":{"start":{"line":400,"column":14},"end":{"line":402,"column":77}},"142":{"start":{"line":401,"column":28},"end":{"line":401,"column":76}},"143":{"start":{"line":402,"column":28},"end":{"line":402,"column":75}},"144":{"start":{"line":406,"column":12},"end":{"line":423,"column":17}},"145":{"start":{"line":408,"column":16},"end":{"line":408,"column":95}},"146":{"start":{"line":409,"column":16},"end":{"line":409,"column":36}},"147":{"start":{"line":412,"column":16},"end":{"line":412,"column":77}},"148":{"start":{"line":413,"column":16},"end":{"line":413,"column":35}},"149":{"start":{"line":417,"column":16},"end":{"line":417,"column":85}},"150":{"start":{"line":418,"column":16},"end":{"line":418,"column":36}},"151":{"start":{"line":420,"column":16},"end":{"line":422,"column":79}},"152":{"start":{"line":421,"column":30},"end":{"line":421,"column":78}},"153":{"start":{"line":422,"column":30},"end":{"line":422,"column":77}},"154":{"start":{"line":426,"column":10},"end":{"line":426,"column":49}},"155":{"start":{"line":427,"column":10},"end":{"line":427,"column":29}},"156":{"start":{"line":428,"column":10},"end":{"line":428,"column":30}},"157":{"start":{"line":429,"column":10},"end":{"line":429,"column":51}},"158":{"start":{"line":433,"column":6},"end":{"line":433,"column":51}},"159":{"start":{"line":434,"column":6},"end":{"line":434,"column":33}},"160":{"start":{"line":435,"column":6},"end":{"line":435,"column":26}},"161":{"start":{"line":436,"column":6},"end":{"line":438,"column":87}},"162":{"start":{"line":437,"column":20},"end":{"line":437,"column":73}},"163":{"start":{"line":438,"column":20},"end":{"line":438,"column":85}},"164":{"start":{"line":443,"column":2},"end":{"line":455,"column":18}},"165":{"start":{"line":444,"column":18},"end":{"line":452,"column":12}},"166":{"start":{"line":445,"column":6},"end":{"line":451,"column":7}},"167":{"start":{"line":446,"column":8},"end":{"line":446,"column":88}},"168":{"start":{"line":447,"column":8},"end":{"line":447,"column":28}},"169":{"start":{"line":448,"column":8},"end":{"line":450,"column":92}},"170":{"start":{"line":449,"column":22},"end":{"line":449,"column":78}},"171":{"start":{"line":450,"column":22},"end":{"line":450,"column":90}},"172":{"start":{"line":454,"column":4},"end":{"line":454,"column":37}},"173":{"start":{"line":454,"column":17},"end":{"line":454,"column":36}},"174":{"start":{"line":458,"column":2},"end":{"line":485,"column":39}},"175":{"start":{"line":459,"column":4},"end":{"line":459,"column":26}},"176":{"start":{"line":459,"column":19},"end":{"line":459,"column":26}},"177":{"start":{"line":461,"column":4},"end":{"line":484,"column":5}},"178":{"start":{"line":462,"column":6},"end":{"line":462,"column":68}},"179":{"start":{"line":464,"column":6},"end":{"line":466,"column":87}},"180":{"start":{"line":465,"column":20},"end":{"line":465,"column":73}},"181":{"start":{"line":466,"column":20},"end":{"line":466,"column":85}},"182":{"start":{"line":469,"column":26},"end":{"line":469,"column":50}},"183":{"start":{"line":470,"column":6},"end":{"line":470,"column":100}},"184":{"start":{"line":472,"column":6},"end":{"line":480,"column":7}},"185":{"start":{"line":473,"column":8},"end":{"line":473,"column":51}},"186":{"start":{"line":474,"column":8},"end":{"line":474,"column":70}},"187":{"start":{"line":474,"column":25},"end":{"line":474,"column":63}},"188":{"start":{"line":475,"column":13},"end":{"line":480,"column":7}},"189":{"start":{"line":476,"column":8},"end":{"line":476,"column":50}},"190":{"start":{"line":477,"column":8},"end":{"line":477,"column":60}},"191":{"start":{"line":477,"column":25},"end":{"line":477,"column":53}},"192":{"start":{"line":479,"column":8},"end":{"line":479,"column":53}},"193":{"start":{"line":482,"column":6},"end":{"line":482,"column":49}},"194":{"start":{"line":483,"column":6},"end":{"line":483,"column":33}},"195":{"start":{"line":488,"column":2},"end":{"line":527,"column":3}},"196":{"start":{"line":489,"column":4},"end":{"line":526,"column":6}},"197":{"start":{"line":501,"column":12},"end":{"line":501,"column":41}},"198":{"start":{"line":502,"column":12},"end":{"line":502,"column":31}},"199":{"start":{"line":504,"column":12},"end":{"line":504,"column":56}},"200":{"start":{"line":504,"column":29},"end":{"line":504,"column":48}},"201":{"start":{"line":513,"column":12},"end":{"line":520,"column":13}},"202":{"start":{"line":515,"column":14},"end":{"line":515,"column":41}},"203":{"start":{"line":516,"column":14},"end":{"line":516,"column":43}},"204":{"start":{"line":517,"column":14},"end":{"line":517,"column":33}},"205":{"start":{"line":519,"column":14},"end":{"line":519,"column":58}},"206":{"start":{"line":530,"column":2},"end":{"line":550,"column":3}},"207":{"start":{"line":531,"column":4},"end":{"line":549,"column":6}},"208":{"start":{"line":540,"column":12},"end":{"line":540,"column":34}},"209":{"start":{"line":541,"column":12},"end":{"line":541,"column":31}},"210":{"start":{"line":543,"column":12},"end":{"line":543,"column":56}},"211":{"start":{"line":543,"column":29},"end":{"line":543,"column":48}},"212":{"start":{"line":553,"column":2},"end":{"line":569,"column":3}},"213":{"start":{"line":554,"column":4},"end":{"line":568,"column":6}},"214":{"start":{"line":572,"column":2},"end":{"line":584,"column":4}},"215":{"start":{"line":589,"column":40},"end":{"line":589,"column":55}},"216":{"start":{"line":590,"column":38},"end":{"line":590,"column":53}},"217":{"start":{"line":591,"column":36},"end":{"line":591,"column":50}},"218":{"start":{"line":594,"column":2},"end":{"line":648,"column":9}},"219":{"start":{"line":596,"column":6},"end":{"line":644,"column":7}},"220":{"start":{"line":597,"column":8},"end":{"line":597,"column":48}},"221":{"start":{"line":600,"column":8},"end":{"line":604,"column":11}},"222":{"start":{"line":607,"column":8},"end":{"line":613,"column":11}},"223":{"start":{"line":611,"column":10},"end":{"line":611,"column":82}},"224":{"start":{"line":612,"column":10},"end":{"line":612,"column":72}},"225":{"start":{"line":615,"column":8},"end":{"line":615,"column":29}},"226":{"start":{"line":616,"column":8},"end":{"line":616,"column":49}},"227":{"start":{"line":619,"column":8},"end":{"line":623,"column":11}},"228":{"start":{"line":626,"column":8},"end":{"line":626,"column":63}},"229":{"start":{"line":626,"column":37},"end":{"line":626,"column":61}},"230":{"start":{"line":629,"column":8},"end":{"line":629,"column":28}},"231":{"start":{"line":630,"column":8},"end":{"line":630,"column":48}},"232":{"start":{"line":633,"column":8},"end":{"line":637,"column":11}},"233":{"start":{"line":639,"column":8},"end":{"line":639,"column":48}},"234":{"start":{"line":640,"column":8},"end":{"line":640,"column":72}},"235":{"start":{"line":641,"column":8},"end":{"line":641,"column":24}},"236":{"start":{"line":643,"column":8},"end":{"line":643,"column":28}},"237":{"start":{"line":647,"column":4},"end":{"line":647,"column":14}},"238":{"start":{"line":651,"column":2},"end":{"line":661,"column":19}},"239":{"start":{"line":652,"column":4},"end":{"line":660,"column":5}},"240":{"start":{"line":653,"column":6},"end":{"line":653,"column":56}},"241":{"start":{"line":655,"column":6},"end":{"line":659,"column":14}},"242":{"start":{"line":656,"column":8},"end":{"line":658,"column":11}},"243":{"start":{"line":657,"column":10},"end":{"line":657,"column":57}},"244":{"start":{"line":664,"column":2},"end":{"line":718,"column":9}},"245":{"start":{"line":665,"column":4},"end":{"line":665,"column":65}},"246":{"start":{"line":667,"column":24},"end":{"line":684,"column":5}},"247":{"start":{"line":668,"column":6},"end":{"line":668,"column":63}},"248":{"start":{"line":671,"column":6},"end":{"line":675,"column":9}},"249":{"start":{"line":678,"column":6},"end":{"line":683,"column":11}},"250":{"start":{"line":679,"column":20},"end":{"line":679,"column":74}},"251":{"start":{"line":681,"column":10},"end":{"line":681,"column":77}},"252":{"start":{"line":682,"column":10},"end":{"line":682,"column":69}},"253":{"start":{"line":687,"column":33},"end":{"line":687,"column":62}},"254":{"start":{"line":688,"column":4},"end":{"line":700,"column":7}},"255":{"start":{"line":689,"column":6},"end":{"line":689,"column":74}},"256":{"start":{"line":692,"column":6},"end":{"line":696,"column":9}},"257":{"start":{"line":698,"column":6},"end":{"line":698,"column":25}},"258":{"start":{"line":699,"column":6},"end":{"line":699,"column":43}},"259":{"start":{"line":703,"column":33},"end":{"line":709,"column":5}},"260":{"start":{"line":704,"column":6},"end":{"line":708,"column":9}},"261":{"start":{"line":711,"column":33},"end":{"line":711,"column":90}},"262":{"start":{"line":713,"column":4},"end":{"line":717,"column":6}},"263":{"start":{"line":714,"column":6},"end":{"line":714,"column":54}},"264":{"start":{"line":715,"column":6},"end":{"line":715,"column":56}},"265":{"start":{"line":716,"column":6},"end":{"line":716,"column":36}},"266":{"start":{"line":721,"column":2},"end":{"line":759,"column":3}},"267":{"start":{"line":723,"column":4},"end":{"line":758,"column":6}},"268":{"start":{"line":730,"column":35},"end":{"line":743,"column":17}},"269":{"start":{"line":745,"column":16},"end":{"line":752,"column":18}},"270":{"start":{"line":762,"column":2},"end":{"line":799,"column":4}},"271":{"start":{"line":770,"column":35},"end":{"line":783,"column":17}},"272":{"start":{"line":785,"column":16},"end":{"line":792,"column":18}},"273":{"start":{"line":803,"column":29},"end":{"line":814,"column":1}}},"fnMap":{"0":{"name":"(anonymous_0)","decl":{"start":{"line":34,"column":42},"end":{"line":34,"column":43}},"loc":{"start":{"line":34,"column":47},"end":{"line":36,"column":1}},"line":34},"1":{"name":"(anonymous_1)","decl":{"start":{"line":54,"column":22},"end":{"line":54,"column":23}},"loc":{"start":{"line":54,"column":27},"end":{"line":54,"column":75}},"line":54},"2":{"name":"(anonymous_2)","decl":{"start":{"line":60,"column":24},"end":{"line":60,"column":25}},"loc":{"start":{"line":60,"column":29},"end":{"line":63,"column":3}},"line":60},"3":{"name":"(anonymous_3)","decl":{"start":{"line":71,"column":27},"end":{"line":71,"column":28}},"loc":{"start":{"line":71,"column":33},"end":{"line":83,"column":1}},"line":71},"4":{"name":"(anonymous_4)","decl":{"start":{"line":86,"column":25},"end":{"line":86,"column":26}},"loc":{"start":{"line":86,"column":40},"end":{"line":124,"column":1}},"line":86},"5":{"name":"(anonymous_5)","decl":{"start":{"line":109,"column":17},"end":{"line":109,"column":18}},"loc":{"start":{"line":109,"column":23},"end":{"line":118,"column":9}},"line":109},"6":{"name":"(anonymous_6)","decl":{"start":{"line":112,"column":38},"end":{"line":112,"column":39}},"loc":{"start":{"line":112,"column":44},"end":{"line":114,"column":13}},"line":112},"7":{"name":"WebAuth","decl":{"start":{"line":127,"column":9},"end":{"line":127,"column":16}},"loc":{"start":{"line":127,"column":19},"end":{"line":269,"column":1}},"line":127},"8":{"name":"(anonymous_8)","decl":{"start":{"line":138,"column":12},"end":{"line":138,"column":13}},"loc":{"start":{"line":138,"column":18},"end":{"line":178,"column":3}},"line":138},"9":{"name":"(anonymous_9)","decl":{"start":{"line":139,"column":26},"end":{"line":139,"column":27}},"loc":{"start":{"line":139,"column":38},"end":{"line":175,"column":5}},"line":139},"10":{"name":"(anonymous_10)","decl":{"start":{"line":181,"column":12},"end":{"line":181,"column":13}},"loc":{"start":{"line":181,"column":18},"end":{"line":204,"column":3}},"line":181},"11":{"name":"(anonymous_11)","decl":{"start":{"line":193,"column":19},"end":{"line":193,"column":20}},"loc":{"start":{"line":193,"column":25},"end":{"line":193,"column":54}},"line":193},"12":{"name":"(anonymous_12)","decl":{"start":{"line":196,"column":19},"end":{"line":196,"column":20}},"loc":{"start":{"line":196,"column":25},"end":{"line":196,"column":44}},"line":196},"13":{"name":"(anonymous_13)","decl":{"start":{"line":219,"column":19},"end":{"line":219,"column":20}},"loc":{"start":{"line":219,"column":25},"end":{"line":219,"column":49}},"line":219},"14":{"name":"(anonymous_14)","decl":{"start":{"line":237,"column":19},"end":{"line":237,"column":20}},"loc":{"start":{"line":237,"column":25},"end":{"line":237,"column":49}},"line":237},"15":{"name":"Auth","decl":{"start":{"line":272,"column":9},"end":{"line":272,"column":13}},"loc":{"start":{"line":272,"column":16},"end":{"line":585,"column":1}},"line":272},"16":{"name":"(anonymous_16)","decl":{"start":{"line":283,"column":12},"end":{"line":283,"column":13}},"loc":{"start":{"line":283,"column":18},"end":{"line":370,"column":3}},"line":283},"17":{"name":"(anonymous_17)","decl":{"start":{"line":284,"column":26},"end":{"line":284,"column":27}},"loc":{"start":{"line":284,"column":38},"end":{"line":367,"column":5}},"line":284},"18":{"name":"(anonymous_18)","decl":{"start":{"line":351,"column":16},"end":{"line":351,"column":17}},"loc":{"start":{"line":351,"column":22},"end":{"line":353,"column":9}},"line":351},"19":{"name":"(anonymous_19)","decl":{"start":{"line":353,"column":17},"end":{"line":353,"column":18}},"loc":{"start":{"line":353,"column":22},"end":{"line":355,"column":9}},"line":353},"20":{"name":"(anonymous_20)","decl":{"start":{"line":373,"column":12},"end":{"line":373,"column":13}},"loc":{"start":{"line":373,"column":18},"end":{"line":440,"column":3}},"line":373},"21":{"name":"(anonymous_21)","decl":{"start":{"line":381,"column":17},"end":{"line":381,"column":18}},"loc":{"start":{"line":381,"column":23},"end":{"line":431,"column":7}},"line":381},"22":{"name":"(anonymous_22)","decl":{"start":{"line":401,"column":22},"end":{"line":401,"column":23}},"loc":{"start":{"line":401,"column":28},"end":{"line":401,"column":76}},"line":401},"23":{"name":"(anonymous_23)","decl":{"start":{"line":402,"column":23},"end":{"line":402,"column":24}},"loc":{"start":{"line":402,"column":28},"end":{"line":402,"column":75}},"line":402},"24":{"name":"(anonymous_24)","decl":{"start":{"line":407,"column":20},"end":{"line":407,"column":21}},"loc":{"start":{"line":407,"column":29},"end":{"line":410,"column":15}},"line":407},"25":{"name":"(anonymous_25)","decl":{"start":{"line":411,"column":21},"end":{"line":411,"column":22}},"loc":{"start":{"line":411,"column":26},"end":{"line":414,"column":15}},"line":411},"26":{"name":"(anonymous_26)","decl":{"start":{"line":415,"column":23},"end":{"line":415,"column":24}},"loc":{"start":{"line":415,"column":29},"end":{"line":423,"column":15}},"line":415},"27":{"name":"(anonymous_27)","decl":{"start":{"line":421,"column":24},"end":{"line":421,"column":25}},"loc":{"start":{"line":421,"column":30},"end":{"line":421,"column":78}},"line":421},"28":{"name":"(anonymous_28)","decl":{"start":{"line":422,"column":25},"end":{"line":422,"column":26}},"loc":{"start":{"line":422,"column":30},"end":{"line":422,"column":77}},"line":422},"29":{"name":"(anonymous_29)","decl":{"start":{"line":429,"column":41},"end":{"line":429,"column":42}},"loc":{"start":{"line":429,"column":47},"end":{"line":429,"column":49}},"line":429},"30":{"name":"(anonymous_30)","decl":{"start":{"line":437,"column":14},"end":{"line":437,"column":15}},"loc":{"start":{"line":437,"column":20},"end":{"line":437,"column":73}},"line":437},"31":{"name":"(anonymous_31)","decl":{"start":{"line":438,"column":15},"end":{"line":438,"column":16}},"loc":{"start":{"line":438,"column":20},"end":{"line":438,"column":85}},"line":438},"32":{"name":"(anonymous_32)","decl":{"start":{"line":443,"column":12},"end":{"line":443,"column":13}},"loc":{"start":{"line":443,"column":18},"end":{"line":455,"column":3}},"line":443},"33":{"name":"(anonymous_33)","decl":{"start":{"line":444,"column":29},"end":{"line":444,"column":30}},"loc":{"start":{"line":444,"column":35},"end":{"line":452,"column":5}},"line":444},"34":{"name":"(anonymous_34)","decl":{"start":{"line":449,"column":16},"end":{"line":449,"column":17}},"loc":{"start":{"line":449,"column":22},"end":{"line":449,"column":78}},"line":449},"35":{"name":"(anonymous_35)","decl":{"start":{"line":450,"column":17},"end":{"line":450,"column":18}},"loc":{"start":{"line":450,"column":22},"end":{"line":450,"column":90}},"line":450},"36":{"name":"(anonymous_36)","decl":{"start":{"line":454,"column":11},"end":{"line":454,"column":12}},"loc":{"start":{"line":454,"column":17},"end":{"line":454,"column":36}},"line":454},"37":{"name":"(anonymous_37)","decl":{"start":{"line":458,"column":12},"end":{"line":458,"column":13}},"loc":{"start":{"line":458,"column":18},"end":{"line":485,"column":3}},"line":458},"38":{"name":"(anonymous_38)","decl":{"start":{"line":465,"column":14},"end":{"line":465,"column":15}},"loc":{"start":{"line":465,"column":20},"end":{"line":465,"column":73}},"line":465},"39":{"name":"(anonymous_39)","decl":{"start":{"line":466,"column":15},"end":{"line":466,"column":16}},"loc":{"start":{"line":466,"column":20},"end":{"line":466,"column":85}},"line":466},"40":{"name":"(anonymous_40)","decl":{"start":{"line":474,"column":19},"end":{"line":474,"column":20}},"loc":{"start":{"line":474,"column":25},"end":{"line":474,"column":63}},"line":474},"41":{"name":"(anonymous_41)","decl":{"start":{"line":477,"column":19},"end":{"line":477,"column":20}},"loc":{"start":{"line":477,"column":25},"end":{"line":477,"column":53}},"line":477},"42":{"name":"(anonymous_42)","decl":{"start":{"line":500,"column":19},"end":{"line":500,"column":20}},"loc":{"start":{"line":500,"column":25},"end":{"line":505,"column":11}},"line":500},"43":{"name":"(anonymous_43)","decl":{"start":{"line":504,"column":23},"end":{"line":504,"column":24}},"loc":{"start":{"line":504,"column":29},"end":{"line":504,"column":48}},"line":504},"44":{"name":"(anonymous_44)","decl":{"start":{"line":512,"column":19},"end":{"line":512,"column":20}},"loc":{"start":{"line":512,"column":31},"end":{"line":521,"column":11}},"line":512},"45":{"name":"(anonymous_45)","decl":{"start":{"line":539,"column":19},"end":{"line":539,"column":20}},"loc":{"start":{"line":539,"column":25},"end":{"line":544,"column":11}},"line":539},"46":{"name":"(anonymous_46)","decl":{"start":{"line":543,"column":23},"end":{"line":543,"column":24}},"loc":{"start":{"line":543,"column":29},"end":{"line":543,"column":48}},"line":543},"47":{"name":"RootLayout","decl":{"start":{"line":587,"column":24},"end":{"line":587,"column":34}},"loc":{"start":{"line":587,"column":37},"end":{"line":800,"column":1}},"line":587},"48":{"name":"(anonymous_48)","decl":{"start":{"line":594,"column":12},"end":{"line":594,"column":13}},"loc":{"start":{"line":594,"column":18},"end":{"line":648,"column":3}},"line":594},"49":{"name":"prepare","decl":{"start":{"line":595,"column":19},"end":{"line":595,"column":26}},"loc":{"start":{"line":595,"column":29},"end":{"line":645,"column":5}},"line":595},"50":{"name":"(anonymous_50)","decl":{"start":{"line":610,"column":17},"end":{"line":610,"column":18}},"loc":{"start":{"line":610,"column":22},"end":{"line":613,"column":9}},"line":610},"51":{"name":"(anonymous_51)","decl":{"start":{"line":626,"column":26},"end":{"line":626,"column":27}},"loc":{"start":{"line":626,"column":37},"end":{"line":626,"column":61}},"line":626},"52":{"name":"(anonymous_52)","decl":{"start":{"line":651,"column":12},"end":{"line":651,"column":13}},"loc":{"start":{"line":651,"column":18},"end":{"line":661,"column":3}},"line":651},"53":{"name":"(anonymous_53)","decl":{"start":{"line":655,"column":17},"end":{"line":655,"column":18}},"loc":{"start":{"line":655,"column":23},"end":{"line":659,"column":7}},"line":655},"54":{"name":"(anonymous_54)","decl":{"start":{"line":656,"column":39},"end":{"line":656,"column":40}},"loc":{"start":{"line":656,"column":44},"end":{"line":658,"column":9}},"line":656},"55":{"name":"(anonymous_55)","decl":{"start":{"line":664,"column":12},"end":{"line":664,"column":13}},"loc":{"start":{"line":664,"column":18},"end":{"line":718,"column":3}},"line":664},"56":{"name":"(anonymous_56)","decl":{"start":{"line":667,"column":24},"end":{"line":667,"column":25}},"loc":{"start":{"line":667,"column":35},"end":{"line":684,"column":5}},"line":667},"57":{"name":"(anonymous_57)","decl":{"start":{"line":679,"column":14},"end":{"line":679,"column":15}},"loc":{"start":{"line":679,"column":20},"end":{"line":679,"column":74}},"line":679},"58":{"name":"(anonymous_58)","decl":{"start":{"line":680,"column":15},"end":{"line":680,"column":16}},"loc":{"start":{"line":680,"column":20},"end":{"line":683,"column":9}},"line":680},"59":{"name":"(anonymous_59)","decl":{"start":{"line":688,"column":32},"end":{"line":688,"column":33}},"loc":{"start":{"line":688,"column":52},"end":{"line":700,"column":5}},"line":688},"60":{"name":"(anonymous_60)","decl":{"start":{"line":703,"column":33},"end":{"line":703,"column":34}},"loc":{"start":{"line":703,"column":51},"end":{"line":709,"column":5}},"line":703},"61":{"name":"(anonymous_61)","decl":{"start":{"line":713,"column":11},"end":{"line":713,"column":12}},"loc":{"start":{"line":713,"column":17},"end":{"line":717,"column":5}},"line":713},"62":{"name":"(anonymous_62)","decl":{"start":{"line":728,"column":15},"end":{"line":728,"column":16}},"loc":{"start":{"line":728,"column":26},"end":{"line":753,"column":15}},"line":728},"63":{"name":"(anonymous_63)","decl":{"start":{"line":768,"column":15},"end":{"line":768,"column":16}},"loc":{"start":{"line":768,"column":26},"end":{"line":793,"column":15}},"line":768}},"branchMap":{"0":{"loc":{"start":{"line":100,"column":9},"end":{"line":100,"column":42}},"type":"binary-expr","locations":[{"start":{"line":100,"column":9},"end":{"line":100,"column":23}},{"start":{"line":100,"column":27},"end":{"line":100,"column":42}}],"line":100},"1":{"loc":{"start":{"line":144,"column":8},"end":{"line":151,"column":9}},"type":"if","locations":[{"start":{"line":144,"column":8},"end":{"line":151,"column":9}},{"start":{},"end":{}}],"line":144},"2":{"loc":{"start":{"line":160,"column":60},"end":{"line":160,"column":85}},"type":"cond-expr","locations":[{"start":{"line":160,"column":68},"end":{"line":160,"column":76}},{"start":{"line":160,"column":79},"end":{"line":160,"column":85}}],"line":160},"3":{"loc":{"start":{"line":182,"column":4},"end":{"line":182,"column":26}},"type":"if","locations":[{"start":{"line":182,"column":4},"end":{"line":182,"column":26}},{"start":{},"end":{}}],"line":182},"4":{"loc":{"start":{"line":191,"column":6},"end":{"line":199,"column":7}},"type":"if","locations":[{"start":{"line":191,"column":6},"end":{"line":199,"column":7}},{"start":{"line":194,"column":13},"end":{"line":199,"column":7}}],"line":191},"5":{"loc":{"start":{"line":191,"column":10},"end":{"line":191,"column":36}},"type":"binary-expr","locations":[{"start":{"line":191,"column":10},"end":{"line":191,"column":20}},{"start":{"line":191,"column":24},"end":{"line":191,"column":36}}],"line":191},"6":{"loc":{"start":{"line":194,"column":13},"end":{"line":199,"column":7}},"type":"if","locations":[{"start":{"line":194,"column":13},"end":{"line":199,"column":7}},{"start":{"line":197,"column":13},"end":{"line":199,"column":7}}],"line":194},"7":{"loc":{"start":{"line":194,"column":17},"end":{"line":194,"column":41}},"type":"binary-expr","locations":[{"start":{"line":194,"column":17},"end":{"line":194,"column":26}},{"start":{"line":194,"column":30},"end":{"line":194,"column":41}}],"line":194},"8":{"loc":{"start":{"line":207,"column":2},"end":{"line":225,"column":3}},"type":"if","locations":[{"start":{"line":207,"column":2},"end":{"line":225,"column":3}},{"start":{},"end":{}}],"line":207},"9":{"loc":{"start":{"line":215,"column":11},"end":{"line":215,"column":73}},"type":"binary-expr","locations":[{"start":{"line":215,"column":11},"end":{"line":215,"column":39}},{"start":{"line":215,"column":43},"end":{"line":215,"column":73}}],"line":215},"10":{"loc":{"start":{"line":228,"column":2},"end":{"line":243,"column":3}},"type":"if","locations":[{"start":{"line":228,"column":2},"end":{"line":243,"column":3}},{"start":{},"end":{}}],"line":228},"11":{"loc":{"start":{"line":246,"column":2},"end":{"line":255,"column":3}},"type":"if","locations":[{"start":{"line":246,"column":2},"end":{"line":255,"column":3}},{"start":{},"end":{}}],"line":246},"12":{"loc":{"start":{"line":246,"column":6},"end":{"line":246,"column":30}},"type":"binary-expr","locations":[{"start":{"line":246,"column":6},"end":{"line":246,"column":15}},{"start":{"line":246,"column":19},"end":{"line":246,"column":30}}],"line":246},"13":{"loc":{"start":{"line":251,"column":11},"end":{"line":251,"column":75}},"type":"cond-expr","locations":[{"start":{"line":251,"column":24},"end":{"line":251,"column":39}},{"start":{"line":251,"column":42},"end":{"line":251,"column":75}}],"line":251},"14":{"loc":{"start":{"line":289,"column":8},"end":{"line":297,"column":9}},"type":"if","locations":[{"start":{"line":289,"column":8},"end":{"line":297,"column":9}},{"start":{},"end":{}}],"line":289},"15":{"loc":{"start":{"line":303,"column":10},"end":{"line":313,"column":11}},"type":"if","locations":[{"start":{"line":303,"column":10},"end":{"line":313,"column":11}},{"start":{"line":310,"column":17},"end":{"line":313,"column":11}}],"line":303},"16":{"loc":{"start":{"line":315,"column":10},"end":{"line":327,"column":11}},"type":"if","locations":[{"start":{"line":315,"column":10},"end":{"line":327,"column":11}},{"start":{},"end":{}}],"line":315},"17":{"loc":{"start":{"line":318,"column":12},"end":{"line":326,"column":13}},"type":"if","locations":[{"start":{"line":318,"column":12},"end":{"line":326,"column":13}},{"start":{"line":324,"column":19},"end":{"line":326,"column":13}}],"line":318},"18":{"loc":{"start":{"line":375,"column":4},"end":{"line":375,"column":28}},"type":"if","locations":[{"start":{"line":375,"column":4},"end":{"line":375,"column":28}},{"start":{},"end":{}}],"line":375},"19":{"loc":{"start":{"line":386,"column":10},"end":{"line":424,"column":11}},"type":"if","locations":[{"start":{"line":386,"column":10},"end":{"line":424,"column":11}},{"start":{"line":404,"column":17},"end":{"line":424,"column":11}}],"line":386},"20":{"loc":{"start":{"line":390,"column":64},"end":{"line":390,"column":89}},"type":"cond-expr","locations":[{"start":{"line":390,"column":72},"end":{"line":390,"column":80}},{"start":{"line":390,"column":83},"end":{"line":390,"column":89}}],"line":390},"21":{"loc":{"start":{"line":408,"column":66},"end":{"line":408,"column":91}},"type":"cond-expr","locations":[{"start":{"line":408,"column":74},"end":{"line":408,"column":82}},{"start":{"line":408,"column":85},"end":{"line":408,"column":91}}],"line":408},"22":{"loc":{"start":{"line":445,"column":6},"end":{"line":451,"column":7}},"type":"if","locations":[{"start":{"line":445,"column":6},"end":{"line":451,"column":7}},{"start":{},"end":{}}],"line":445},"23":{"loc":{"start":{"line":459,"column":4},"end":{"line":459,"column":26}},"type":"if","locations":[{"start":{"line":459,"column":4},"end":{"line":459,"column":26}},{"start":{},"end":{}}],"line":459},"24":{"loc":{"start":{"line":472,"column":6},"end":{"line":480,"column":7}},"type":"if","locations":[{"start":{"line":472,"column":6},"end":{"line":480,"column":7}},{"start":{"line":475,"column":13},"end":{"line":480,"column":7}}],"line":472},"25":{"loc":{"start":{"line":472,"column":10},"end":{"line":472,"column":36}},"type":"binary-expr","locations":[{"start":{"line":472,"column":10},"end":{"line":472,"column":20}},{"start":{"line":472,"column":24},"end":{"line":472,"column":36}}],"line":472},"26":{"loc":{"start":{"line":475,"column":13},"end":{"line":480,"column":7}},"type":"if","locations":[{"start":{"line":475,"column":13},"end":{"line":480,"column":7}},{"start":{"line":478,"column":13},"end":{"line":480,"column":7}}],"line":475},"27":{"loc":{"start":{"line":475,"column":17},"end":{"line":475,"column":41}},"type":"binary-expr","locations":[{"start":{"line":475,"column":17},"end":{"line":475,"column":26}},{"start":{"line":475,"column":30},"end":{"line":475,"column":41}}],"line":475},"28":{"loc":{"start":{"line":488,"column":2},"end":{"line":527,"column":3}},"type":"if","locations":[{"start":{"line":488,"column":2},"end":{"line":527,"column":3}},{"start":{},"end":{}}],"line":488},"29":{"loc":{"start":{"line":496,"column":11},"end":{"line":496,"column":73}},"type":"binary-expr","locations":[{"start":{"line":496,"
[...]
ine":72,"column":6},"end":{"line":72,"column":47}},"26":{"start":{"line":75,"column":4},"end":{"line":75,"column":35}},"27":{"start":{"line":77,"column":4},"end":{"line":77,"column":74}},"28":{"start":{"line":87,"column":30},"end":{"line":97,"column":1}},"29":{"start":{"line":88,"column":2},"end":{"line":96,"column":3}},"30":{"start":{"line":89,"column":4},"end":{"line":91,"column":5}},"31":{"start":{"line":90,"column":6},"end":{"line":90,"column":47}},"32":{"start":{"line":93,"column":4},"end":{"line":93,"column":42}},"33":{"start":{"line":95,"column":4},"end":{"line":95,"column":66}},"34":{"start":{"line":103,"column":23},"end":{"line":118,"column":1}},"35":{"start":{"line":104,"column":2},"end":{"line":117,"column":3}},"36":{"start":{"line":105,"column":4},"end":{"line":108,"column":5}},"37":{"start":{"line":106,"column":6},"end":{"line":106,"column":27}},"38":{"start":{"line":107,"column":6},"end":{"line":107,"column":13}},"39":{"start":{"line":111,"column":4},"end":{"line":114,"column":7}},"40":{"start":{"line":116,"column":4},"end":{"line":116,"column":58}}},"fnMap":{"0":{"name":"(anonymous_0)","decl":{"start":{"line":11,"column":26},"end":{"line":11,"column":27}},"loc":{"start":{"line":11,"column":32},"end":{"line":60,"column":1}},"line":11},"1":{"name":"(anonymous_1)","decl":{"start":{"line":30,"column":8},"end":{"line":30,"column":9}},"loc":{"start":{"line":30,"column":26},"end":{"line":36,"column":9}},"line":30},"2":{"name":"(anonymous_2)","decl":{"start":{"line":67,"column":32},"end":{"line":67,"column":33}},"loc":{"start":{"line":67,"column":57},"end":{"line":79,"column":1}},"line":67},"3":{"name":"(anonymous_3)","decl":{"start":{"line":87,"column":30},"end":{"line":87,"column":31}},"loc":{"start":{"line":87,"column":73},"end":{"line":97,"column":1}},"line":87},"4":{"name":"(anonymous_4)","decl":{"start":{"line":103,"column":23},"end":{"line":103,"column":24}},"loc":{"start":{"line":103,"column":33},"end":{"line":118,"column":1}},"line":103}},"branchMap":{"0":{"loc":{"start":{"line":14,"column":16},"end":{"line":14,"column":127}},"type":"binary-expr","locations":[{"start":{"line":14,"column":16},"end":{"line":14,"column":26}},{"start":{"line":14,"column":30},"end":{"line":14,"column":127}}],"line":14},"1":{"loc":{"start":{"line":17,"column":24},"end":{"line":17,"column":103}},"type":"binary-expr","locations":[{"start":{"line":17,"column":24},"end":{"line":17,"column":42}},{"start":{"line":17,"column":46},"end":{"line":17,"column":86}},{"start":{"line":17,"column":90},"end":{"line":17,"column":103}}],"line":17},"2":{"loc":{"start":{"line":21,"column":4},"end":{"line":55,"column":5}},"type":"if","locations":[{"start":{"line":21,"column":4},"end":{"line":55,"column":5}},{"start":{"line":52,"column":11},"end":{"line":55,"column":5}}],"line":21},"3":{"loc":{"start":{"line":32,"column":10},"end":{"line":32,"column":43}},"type":"if","locations":[{"start":{"line":32,"column":10},"end":{"line":32,"column":43}},{"start":{},"end":{}}],"line":32},"4":{"loc":{"start":{"line":47,"column":35},"end":{"line":47,"column":77}},"type":"binary-expr","locations":[{"start":{"line":47,"column":35},"end":{"line":47,"column":64}},{"start":{"line":47,"column":68},"end":{"line":47,"column":77}}],"line":47},"5":{"loc":{"start":{"line":48,"column":33},"end":{"line":48,"column":130}},"type":"binary-expr","locations":[{"start":{"line":48,"column":33},"end":{"line":48,"column":71}},{"start":{"line":48,"column":75},"end":{"line":48,"column":117}},{"start":{"line":48,"column":121},"end":{"line":48,"column":130}}],"line":48},"6":{"loc":{"start":{"line":67,"column":40},"end":{"line":67,"column":52}},"type":"default-arg","locations":[{"start":{"line":67,"column":50},"end":{"line":67,"column":52}}],"line":67},"7":{"loc":{"start":{"line":71,"column":4},"end":{"line":73,"column":5}},"type":"if","locations":[{"start":{"line":71,"column":4},"end":{"line":73,"column":5}},{"start":{},"end":{}}],"line":71},"8":{"loc":{"start":{"line":87,"column":40},"end":{"line":87,"column":52}},"type":"default-arg","locations":[{"start":{"line":87,"column":50},"end":{"line":87,"column":52}}],"line":87},"9":{"loc":{"start":{"line":87,"column":54},"end":{"line":87,"column":68}},"type":"default-arg","locations":[{"start":{"line":87,"column":62},"end":{"line":87,"column":68}}],"line":87},"10":{"loc":{"start":{"line":89,"column":4},"end":{"line":91,"column":5}},"type":"if","locations":[{"start":{"line":89,"column":4},"end":{"line":91,"column":5}},{"start":{},"end":{}}],"line":89},"11":{"loc":{"start":{"line":105,"column":4},"end":{"line":108,"column":5}},"type":"if","locations":[{"start":{"line":105,"column":4},"end":{"line":108,"column":5}},{"start":{},"end":{}}],"line":105},"12":{"loc":{"start":{"line":113,"column":16},"end":{"line":113,"column":43}},"type":"binary-expr","locations":[{"start":{"line":113,"column":16},"end":{"line":113,"column":29}},{"start":{"line":113,"column":33},"end":{"line":113,"column":43}}],"line":113}},"s":{"0":0,"1":0,"2":0,"3":0,"4":0,"5":0,"6":0,"7":0,"8":0,"9":0,"10":0,"11":0,"12":0,"13":0,"14":0,"15":0,"16":0,"17":0,"18":0,"19":0,"20":0,"21":0,"22":0,"23":0,"24":0,"25":0,"26":0,"27":0,"28":0,"29":0,"30":0,"31":0,"32":0,"33":0,"34":0,"35":0,"36":0,"37":0,"38":0,"39":0,"40":0},"f":{"0":0,"1":0,"2":0,"3":0,"4":0},"b":{"0":[0,0],"1":[0,0,0],"2":[0,0],"3":[0,0],"4":[0,0],"5":[0,0,0],"6":[0],"7":[0,0],"8":[0],"9":[0],"10":[0,0],"11":[0,0],"12":[0,0]}}
,"/Users/selezmassozi/CascadeProjects/src/utils/SentryDiagnostics.js": {"path":"/Users/selezmassozi/CascadeProjects/src/utils/SentryDiagnostics.js","statementMap":{"0":{"start":{"line":16,"column":34},"end":{"line":92,"column":1}},"1":{"start":{"line":17,"column":2},"end":{"line":91,"column":3}},"2":{"start":{"line":18,"column":48},"end":{"line":18,"column":72}},"3":{"start":{"line":19,"column":23},"end":{"line":31,"column":5}},"4":{"start":{"line":34,"column":4},"end":{"line":42,"column":7}},"5":{"start":{"line":45,"column":4},"end":{"line":45,"column":23}},"6":{"start":{"line":48,"column":4},"end":{"line":63,"column":7}},"7":{"start":{"line":66,"column":4},"end":{"line":66,"column":23}},"8":{"start":{"line":68,"column":4},"end":{"line":68,"column":66}},"9":{"start":{"line":69,"column":4},"end":{"line":69,"column":16}},"10":{"start":{"line":71,"column":4},"end":{"line":71,"column":68}},"11":{"start":{"line":74,"column":4},"end":{"line":88,"column":5}},"12":{"start":{"line":75,"column":6},"end":{"line":82,"column":9}},"13":{"start":{"line":85,"column":6},"end":{"line":85,"column":25}},"14":{"start":{"line":87,"column":6},"end":{"line":87,"column":77}},"15":{"start":{"line":90,"column":4},"end":{"line":90,"column":17}},"16":{"start":{"line":97,"column":36},"end":{"line":110,"column":1}},"17":{"start":{"line":98,"column":2},"end":{"line":109,"column":3}},"18":{"start":{"line":99,"column":4},"end":{"line":102,"column":7}},"19":{"start":{"line":104,"column":4},"end":{"line":104,"column":47}},"20":{"start":{"line":105,"column":4},"end":{"line":105,"column":16}},"21":{"start":{"line":107,"column":4},"end":{"line":107,"column":60}},"22":{"start":{"line":108,"column":4},"end":{"line":108,"column":17}},"23":{"start":{"line":115,"column":30},"end":{"line":151,"column":1}},"24":{"start":{"line":116,"column":2},"end":{"line":150,"column":3}},"25":{"start":{"line":117,"column":4},"end":{"line":117,"column":46}},"26":{"start":{"line":120,"column":4},"end":{"line":124,"column":7}},"27":{"start":{"line":127,"column":29},"end":{"line":127,"column":49}},"28":{"start":{"line":128,"column":29},"end":{"line":128,"column":51}},"29":{"start":{"line":131,"column":4},"end":{"line":134,"column":7}},"30":{"start":{"line":136,"column":4},"end":{"line":140,"column":6}},"31":{"start":{"line":142,"column":4},"end":{"line":142,"column":60}},"32":{"start":{"line":143,"column":4},"end":{"line":145,"column":7}},"33":{"start":{"line":146,"column":4},"end":{"line":149,"column":6}}},"fnMap":{"0":{"name":"(anonymous_0)","decl":{"start":{"line":16,"column":34},"end":{"line":16,"column":35}},"loc":{"start":{"line":16,"column":40},"end":{"line":92,"column":1}},"line":16},"1":{"name":"(anonymous_1)","decl":{"start":{"line":97,"column":36},"end":{"line":97,"column":37}},"loc":{"start":{"line":97,"column":42},"end":{"line":110,"column":1}},"line":97},"2":{"name":"(anonymous_2)","decl":{"start":{"line":115,"column":30},"end":{"line":115,"column":31}},"loc":{"start":{"line":115,"column":36},"end":{"line":151,"column":1}},"line":115}},"branchMap":{"0":{"loc":{"start":{"line":22,"column":16},"end":{"line":22,"column":77}},"type":"binary-expr","locations":[{"start":{"line":22,"column":16},"end":{"line":22,"column":50}},{"start":{"line":22,"column":54},"end":{"line":22,"column":77}}],"line":22},"1":{"loc":{"start":{"line":24,"column":17},"end":{"line":24,"column":41}},"type":"binary-expr","locations":[{"start":{"line":24,"column":17},"end":{"line":24,"column":35}},{"start":{"line":24,"column":39},"end":{"line":24,"column":41}}],"line":24},"2":{"loc":{"start":{"line":25,"column":16},"end":{"line":25,"column":82}},"type":"cond-expr","locations":[{"start":{"line":25,"column":44},"end":{"line":25,"column":70}},{"start":{"line":25,"column":73},"end":{"line":25,"column":82}}],"line":25},"3":{"loc":{"start":{"line":26,"column":13},"end":{"line":26,"column":78}},"type":"cond-expr","locations":[{"start":{"line":26,"column":37},"end":{"line":26,"column":66}},{"start":{"line":26,"column":69},"end":{"line":26,"column":78}}],"line":26},"4":{"loc":{"start":{"line":27,"column":20},"end":{"line":27,"column":65}},"type":"binary-expr","locations":[{"start":{"line":27,"column":20},"end":{"line":27,"column":52}},{"start":{"line":27,"column":56},"end":{"line":27,"column":65}}],"line":27},"5":{"loc":{"start":{"line":28,"column":13},"end":{"line":28,"column":51}},"type":"binary-expr","locations":[{"start":{"line":28,"column":13},"end":{"line":28,"column":38}},{"start":{"line":28,"column":42},"end":{"line":28,"column":51}}],"line":28},"6":{"loc":{"start":{"line":29,"column":23},"end":{"line":29,"column":71}},"type":"binary-expr","locations":[{"start":{"line":29,"column":23},"end":{"line":29,"column":58}},{"start":{"line":29,"column":62},"end":{"line":29,"column":71}}],"line":29},"7":{"loc":{"start":{"line":30,"column":19},"end":{"line":30,"column":76}},"type":"binary-expr","locations":[{"start":{"line":30,"column":19},"end":{"line":30,"column":63}},{"start":{"line":30,"column":67},"end":{"line":30,"column":76}}],"line":30},"8":{"loc":{"start":{"line":54,"column":21},"end":{"line":54,"column":87}},"type":"binary-expr","locations":[{"start":{"line":54,"column":21},"end":{"line":54,"column":50}},{"start":{"line":54,"column":54},"end":{"line":54,"column":74}},{"start":{"line":54,"column":78},"end":{"line":54,"column":87}}],"line":54},"9":{"loc":{"start":{"line":58,"column":18},"end":{"line":58,"column":74}},"type":"cond-expr","locations":[{"start":{"line":58,"column":58},"end":{"line":58,"column":66}},{"start":{"line":58,"column":69},"end":{"line":58,"column":74}}],"line":58},"10":{"loc":{"start":{"line":60,"column":21},"end":{"line":60,"column":53}},"type":"binary-expr","locations":[{"start":{"line":60,"column":21},"end":{"line":60,"column":47}},{"start":{"line":60,"column":51},"end":{"line":60,"column":53}}],"line":60},"11":{"loc":{"start":{"line":61,"column":20},"end":{"line":61,"column":52}},"type":"binary-expr","locations":[{"start":{"line":61,"column":20},"end":{"line":61,"column":46}},{"start":{"line":61,"column":50},"end":{"line":61,"column":52}}],"line":61},"12":{"loc":{"start":{"line":137,"column":15},"end":{"line":137,"column":51}},"type":"binary-expr","locations":[{"start":{"line":137,"column":15},"end":{"line":137,"column":31}},{"start":{"line":137,"column":35},"end":{"line":137,"column":51}}],"line":137}},"s":{"0":0,"1":0,"2":0,"3":0,"4":0,"5":0,"6":0,"7":0,"8":0,"9":0,"10":0,"11":0,"12":0,"13":0,"14":0,"15":0,"16":0,"17":0,"18":0,"19":0,"20":0,"21":0,"22":0,"23":0,"24":0,"25":0,"26":0,"27":0,"28":0,"29":0,"30":0,"31":0,"32":0,"33":0},"f":{"0":0,"1":0,"2":0},"b":{"0":[0,0],"1":[0,0],"2":[0,0],"3":[0,0],"4":[0,0],"5":[0,0],"6":[0,0],"7":[0,0],"8":[0,0,0],"9":[0,0],"10":[0,0],"11":[0,0],"12":[0,0]}}
,"/Users/selezmassozi/CascadeProjects/src/utils/environment.js": {"path":"/Users/selezmassozi/CascadeProjects/src/utils/environment.js","statementMap":{"0":{"start":{"line":11,"column":31},"end":{"line":56,"column":1}},"1":{"start":{"line":13,"column":36},"end":{"line":13,"column":45}},"2":{"start":{"line":17,"column":16},"end":{"line":17,"column":59}},"3":{"start":{"line":20,"column":23},"end":{"line":22,"column":48}},"4":{"start":{"line":25,"column":28},"end":{"line":27,"column":38}},"5":{"start":{"line":30,"column":18},"end":{"line":31,"column":66}},"6":{"start":{"line":34,"column":25},"end":{"line":34,"column":79}},"7":{"start":{"line":37,"column":14},"end":{"line":53,"column":3}},"8":{"start":{"line":55,"column":2},"end":{"line":55,"column":13}},"9":{"start":{"line":59,"column":27},"end":{"line":75,"column":1}},"10":{"start":{"line":60,"column":25},"end":{"line":60,"column":34}},"11":{"start":{"line":62,"column":2},"end":{"line":62,"column":42}},"12":{"start":{"line":62,"column":29},"end":{"line":62,"column":42}},"13":{"start":{"line":64,"column":2},"end":{"line":74,"column":3}},"14":{"start":{"line":66,"column":4},"end":{"line":70,"column":6}},"15":{"start":{"line":72,"column":4},"end":{"line":72,"column":52}},"16":{"start":{"line":73,"column":4},"end":{"line":73,"column":17}},"17":{"start":{"line":78,"column":19},"end":{"line":78,"column":43}},"18":{"start":{"line":81,"column":0},"end":{"line":81,"column":52}},"19":{"start":{"line":82,"column":0},"end":{"line":84,"column":53}},"20":{"start":{"line":87,"column":0},"end":{"line":91,"column":3}},"21":{"start":{"line":95,"column":0},"end":{"line":98,"column":1}},"22":{"start":{"line":96,"column":2},"end":{"line":97,"column":90}},"23":{"start":{"line":97,"column":18},"end":{"line":97,"column":88}}},"fnMap":{"0":{"name":"(anonymous_0)","decl":{"start":{"line":11,"column":31},"end":{"line":11,"column":32}},"loc":{"start":{"line":11,"column":37},"end":{"line":56,"column":1}},"line":11},"1":{"name":"(anonymous_1)","decl":{"start":{"line":59,"column":27},"end":{"line":59,"column":28}},"loc":{"start":{"line":59,"column":33},"end":{"line":75,"column":1}},"line":59},"2":{"name":"(anonymous_2)","decl":{"start":{"line":97,"column":11},"end":{"line":97,"column":12}},"loc":{"start":{"line":97,"column":18},"end":{"line":97,"column":88}},"line":97}},"branchMap":{"0":{"loc":{"start":{"line":17,"column":16},"end":{"line":17,"column":59}},"type":"binary-expr","locations":[{"start":{"line":17,"column":16},"end":{"line":17,"column":33}},{"start":{"line":17,"column":37},"end":{"line":17,"column":53}},{"start":{"line":17,"column":57},"end":{"line":17,"column":59}}],"line":17},"1":{"loc":{"start":{"line":20,"column":23},"end":{"line":22,"column":48}},"type":"binary-expr","locations":[{"start":{"line":20,"column":23},"end":{"line":20,"column":62}},{"start":{"line":21,"column":21},"end":{"line":21,"column":57}},{"start":{"line":22,"column":21},"end":{"line":22,"column":48}}],"line":20},"2":{"loc":{"start":{"line":25,"column":28},"end":{"line":27,"column":38}},"type":"cond-expr","locations":[{"start":{"line":26,"column":5},"end":{"line":26,"column":38}},{"start":{"line":27,"column":5},"end":{"line":27,"column":37}}],"line":25},"3":{"loc":{"start":{"line":30,"column":18},"end":{"line":31,"column":66}},"type":"cond-expr","locations":[{"start":{"line":30,"column":38},"end":{"line":30,"column":50}},{"start":{"line":31,"column":17},"end":{"line":31,"column":65}}],"line":30},"4":{"loc":{"start":{"line":31,"column":17},"end":{"line":31,"column":65}},"type":"cond-expr","locations":[{"start":{"line":31,"column":40},"end":{"line":31,"column":49}},{"start":{"line":31,"column":52},"end":{"line":31,"column":65}}],"line":31},"5":{"loc":{"start":{"line":34,"column":25},"end":{"line":34,"column":79}},"type":"binary-expr","locations":[{"start":{"line":34,"column":25},"end":{"line":34,"column":47}},{"start":{"line":34,"column":51},"end":{"line":34,"column":71}},{"start":{"line":34,"column":75},"end":{"line":34,"column":79}}],"line":34},"6":{"loc":{"start":{"line":42,"column":19},"end":{"line":42,"column":62}},"type":"binary-expr","locations":[{"start":{"line":42,"column":19},"end":{"line":42,"column":37}},{"start":{"line":42,"column":41},"end":{"line":42,"column":62}}],"line":42},"7":{"loc":{"start":{"line":46,"column":14},"end":{"line":46,"column":72}},"type":"binary-expr","locations":[{"start":{"line":46,"column":14},"end":{"line":46,"column":47}},{"start":{"line":46,"column":51},"end":{"line":46,"column":72}}],"line":46},"8":{"loc":{"start":{"line":49,"column":16},"end":{"line":49,"column":108}},"type":"binary-expr","locations":[{"start":{"line":49,"column":16},"end":{"line":49,"column":34}},{"start":{"line":49,"column":38},"end":{"line":49,"column":54}},{"start":{"line":49,"column":58},"end":{"line":49,"column":108}}],"line":49},"9":{"loc":{"start":{"line":50,"column":17},"end":{"line":50,"column":102}},"type":"binary-expr","locations":[{"start":{"line":50,"column":17},"end":{"line":50,"column":35}},{"start":{"line":50,"column":39},"end":{"line":50,"column":56}},{"start":{"line":50,"column":60},"end":{"line":50,"column":102}}],"line":50},"10":{"loc":{"start":{"line":51,"column":17},"end":{"line":51,"column":56}},"type":"binary-expr","locations":[{"start":{"line":51,"column":17},"end":{"line":51,"column":35}},{"start":{"line":51,"column":39},"end":{"line":51,"column":56}}],"line":51},"11":{"loc":{"start":{"line":62,"column":2},"end":{"line":62,"column":42}},"type":"if","locations":[{"start":{"line":62,"column":2},"end":{"line":62,"column":42}},{"start":{},"end":{}}],"line":62},"12":{"loc":{"start":{"line":67,"column":6},"end":{"line":69,"column":70}},"type":"binary-expr","locations":[{"start":{"line":67,"column":6},"end":{"line":67,"column":28}},{"start":{"line":68,"column":6},"end":{"line":68,"column":31}},{"start":{"line":69,"column":7},"end":{"line":69,"column":36}},{"start":{"line":69,"column":40},"end":{"line":69,"column":69}}],"line":67},"13":{"loc":{"start":{"line":83,"column":2},"end":{"line":84,"column":51}},"type":"cond-expr","locations":[{"start":{"line":83,"column":21},"end":{"line":83,"column":33}},{"start":{"line":84,"column":3},"end":{"line":84,"column":50}}],"line":83},"14":{"loc":{"start":{"line":84,"column":3},"end":{"line":84,"column":50}},"type":"cond-expr","locations":[{"start":{"line":84,"column":18},"end":{"line":84,"column":27}},{"start":{"line":84,"column":30},"end":{"line":84,"column":50}}],"line":84},"15":{"loc":{"start":{"line":88,"column":15},"end":{"line":88,"column":54}},"type":"cond-expr","locations":[{"start":{"line":88,"column":33},"end":{"line":88,"column":40}},{"start":{"line":88,"column":43},"end":{"line":88,"column":54}}],"line":88},"16":{"loc":{"start":{"line":89,"column":15},"end":{"line":89,"column":54}},"type":"cond-expr","locations":[{"start":{"line":89,"column":33},"end":{"line":89,"column":40}},{"start":{"line":89,"column":43},"end":{"line":89,"column":54}}],"line":89},"17":{"loc":{"start":{"line":90,"column":18},"end":{"line":90,"column":60}},"type":"cond-expr","locations":[{"start":{"line":90,"column":39},"end":{"line":90,"column":46}},{"start":{"line":90,"column":49},"end":{"line":90,"column":60}}],"line":90},"18":{"loc":{"start":{"line":95,"column":0},"end":{"line":98,"column":1}},"type":"if","locations":[{"start":{"line":95,"column":0},"end":{"line":98,"column":1}},{"start":{},"end":{}}],"line":95}},"s":{"0":0,"1":0,"2":0,"3":0,"4":0,"5":0,"6":0,"7":0,"8":0,"9":0,"10":0,"11":0,"12":0,"13":0,"14":0,"15":0,"16":0,"17":0,"18":0,"19":0,"20":0,"21":0,"22":0,"23":0},"f":{"0":0,"1":0,"2":0},"b":{"0":[0,0,0],"1":[0,0,0],"2":[0,0],"3":[0,0],"4":[0,0],"5":[0,0,0],"6":[0,0],"7":[0,0],"8":[0,0,0],"9":[0,0,0],"10":[0,0],"11":[0,0],"12":[0,0,0,0],"13":[0,0],"14":[0,0],"15":[0,0],"16":[0,0],"17":[0,0],"18":[0,0]}}
}
