{"/Users/selezmassozi/CascadeProjects/Groundschool AI/src/components/ErrorBoundary.js": {"path":"/Users/selezmassozi/CascadeProjects/Groundschool AI/src/components/ErrorBoundary.js","statementMap":{"0":{"start":{"line":10,"column":22},"end":{"line":38,"column":1}},"1":{"start":{"line":11,"column":17},"end":{"line":11,"column":27}},"2":{"start":{"line":13,"column":2},"end":{"line":37,"column":4}},"3":{"start":{"line":45,"column":4},"end":{"line":45,"column":17}},"4":{"start":{"line":46,"column":4},"end":{"line":46,"column":50}},"5":{"start":{"line":51,"column":4},"end":{"line":51,"column":37}},"6":{"start":{"line":56,"column":4},"end":{"line":59,"column":7}},"7":{"start":{"line":62,"column":15},"end":{"line":64,"column":3}},"8":{"start":{"line":63,"column":4},"end":{"line":63,"column":52}},"9":{"start":{"line":67,"column":4},"end":{"line":75,"column":5}},"10":{"start":{"line":69,"column":6},"end":{"line":74,"column":8}},"11":{"start":{"line":78,"column":4},"end":{"line":78,"column":31}},"12":{"start":{"line":82,"column":15},"end":{"line":102,"column":2}}},"fnMap":{"0":{"name":"(anonymous_0)","decl":{"start":{"line":10,"column":22},"end":{"line":10,"column":23}},"loc":{"start":{"line":10,"column":49},"end":{"line":38,"column":1}},"line":10},"1":{"name":"(anonymous_1)","decl":{"start":{"line":44,"column":2},"end":{"line":44,"column":3}},"loc":{"start":{"line":44,"column":21},"end":{"line":47,"column":3}},"line":44},"2":{"name":"(anonymous_2)","decl":{"start":{"line":49,"column":2},"end":{"line":49,"column":3}},"loc":{"start":{"line":49,"column":41},"end":{"line":52,"column":3}},"line":49},"3":{"name":"(anonymous_3)","decl":{"start":{"line":54,"column":2},"end":{"line":54,"column":3}},"loc":{"start":{"line":54,"column":38},"end":{"line":60,"column":3}},"line":54},"4":{"name":"(anonymous_4)","decl":{"start":{"line":62,"column":15},"end":{"line":62,"column":16}},"loc":{"start":{"line":62,"column":21},"end":{"line":64,"column":3}},"line":62},"5":{"name":"(anonymous_5)","decl":{"start":{"line":66,"column":2},"end":{"line":66,"column":3}},"loc":{"start":{"line":66,"column":11},"end":{"line":79,"column":3}},"line":66}},"branchMap":{"0":{"loc":{"start":{"line":22,"column":7},"end":{"line":29,"column":7}},"type":"binary-expr","locations":[{"start":{"line":22,"column":7},"end":{"line":22,"column":14}},{"start":{"line":23,"column":8},"end":{"line":28,"column":15}}],"line":22},"1":{"loc":{"start":{"line":67,"column":4},"end":{"line":75,"column":5}},"type":"if","locations":[{"start":{"line":67,"column":4},"end":{"line":75,"column":5}},{"start":{},"end":{}}],"line":67}},"s":{"0":1,"1":4,"2":4,"3":4,"4":4,"5":3,"6":3,"7":4,"8":1,"9":10,"10":4,"11":6,"12":1},"f":{"0":4,"1":4,"2":3,"3":3,"4":1,"5":10},"b":{"0":[4,4],"1":[4,6]},"_coverageSchema":"1a1c01bbd47fc00a2c39e90264f33305004495a9","hash":"988ed0533e3fafbd4a326aa02c2bc83a42caad4f"}
,"/Users/selezmassozi/CascadeProjects/Groundschool AI/src/components/NetworkErrorBoundary.js": {"path":"/Users/selezmassozi/CascadeProjects/Groundschool AI/src/components/NetworkErrorBoundary.js","statementMap":{"0":{"start":{"line":12,"column":29},"end":{"line":46,"column":1}},"1":{"start":{"line":13,"column":17},"end":{"line":13,"column":27}},"2":{"start":{"line":15,"column":2},"end":{"line":45,"column":4}},"3":{"start":{"line":52,"column":29},"end":{"line":128,"column":1}},"4":{"start":{"line":53,"column":28},"end":{"line":53,"column":42}},"5":{"start":{"line":54,"column":36},"end":{"line":54,"column":51}},"6":{"start":{"line":57,"column":2},"end":{"line":76,"column":14}},"7":{"start":{"line":58,"column":30},"end":{"line":61,"column":5}},"8":{"start":{"line":59,"column":20},"end":{"line":59,"column":41}},"9":{"start":{"line":60,"column":6},"end":{"line":60,"column":39}},"10":{"start":{"line":63,"column":4},"end":{"line":63,"column":24}},"11":{"start":{"line":66,"column":24},"end":{"line":73,"column":6}},"12":{"start":{"line":67,"column":6},"end":{"line":67,"column":39}},"13":{"start":{"line":70,"column":6},"end":{"line":72,"column":7}},"14":{"start":{"line":71,"column":8},"end":{"line":71,"column":22}},"15":{"start":{"line":75,"column":4},"end":{"line":75,"column":31}},"16":{"start":{"line":75,"column":17},"end":{"line":75,"column":30}},"17":{"start":{"line":79,"column":22},"end":{"line":91,"column":3}},"18":{"start":{"line":81,"column":4},"end":{"line":81,"column":55}},"19":{"start":{"line":82,"column":4},"end":{"line":82,"column":78}},"20":{"start":{"line":85,"column":4},"end":{"line":85,"column":18}},"21":{"start":{"line":88,"column":4},"end":{"line":90,"column":5}},"22":{"start":{"line":89,"column":6},"end":{"line":89,"column":19}},"23":{"start":{"line":94,"column":22},"end":{"line":96,"column":3}},"24":{"start":{"line":95,"column":4},"end":{"line":95,"column":19}},"25":{"start":{"line":99,"column":2},"end":{"line":113,"column":3}},"26":{"start":{"line":101,"column":4},"end":{"line":103,"column":5}},"27":{"start":{"line":102,"column":6},"end":{"line":102,"column":64}},"28":{"start":{"line":106,"column":4},"end":{"line":112,"column":6}},"29":{"start":{"line":116,"column":2},"end":{"line":127,"column":4}},"30":{"start":{"line":119,"column":8},"end":{"line":123,"column":9}},"31":{"start":{"line":120,"column":10},"end":{"line":122,"column":13}},"32":{"start":{"line":124,"column":8},"end":{"line":124,"column":21}},"33":{"start":{"line":130,"column":15},"end":{"line":150,"column":2}}},"fnMap":{"0":{"name":"(anonymous_0)","decl":{"start":{"line":12,"column":29},"end":{"line":12,"column":30}},"loc":{"start":{"line":12,"column":62},"end":{"line":46,"column":1}},"line":12},"1":{"name":"(anonymous_1)","decl":{"start":{"line":52,"column":29},"end":{"line":52,"column":30}},"loc":{"start":{"line":52,"column":66},"end":{"line":128,"column":1}},"line":52},"2":{"name":"(anonymous_2)","decl":{"start":{"line":57,"column":12},"end":{"line":57,"column":13}},"loc":{"start":{"line":57,"column":18},"end":{"line":76,"column":3}},"line":57},"3":{"name":"(anonymous_3)","decl":{"start":{"line":58,"column":30},"end":{"line":58,"column":31}},"loc":{"start":{"line":58,"column":42},"end":{"line":61,"column":5}},"line":58},"4":{"name":"(anonymous_4)","decl":{"start":{"line":66,"column":49},"end":{"line":66,"column":50}},"loc":{"start":{"line":66,"column":58},"end":{"line":73,"column":5}},"line":66},"5":{"name":"(anonymous_5)","decl":{"start":{"line":75,"column":11},"end":{"line":75,"column":12}},"loc":{"start":{"line":75,"column":17},"end":{"line":75,"column":30}},"line":75},"6":{"name":"(anonymous_6)","decl":{"start":{"line":79,"column":22},"end":{"line":79,"column":23}},"loc":{"start":{"line":79,"column":31},"end":{"line":91,"column":3}},"line":79},"7":{"name":"(anonymous_7)","decl":{"start":{"line":94,"column":22},"end":{"line":94,"column":23}},"loc":{"start":{"line":94,"column":28},"end":{"line":96,"column":3}},"line":94},"8":{"name":"(anonymous_8)","decl":{"start":{"line":118,"column":36},"end":{"line":118,"column":37}},"loc":{"start":{"line":118,"column":45},"end":{"line":125,"column":7}},"line":118}},"branchMap":{"0":{"loc":{"start":{"line":18,"column":14},"end":{"line":18,"column":56}},"type":"cond-expr","locations":[{"start":{"line":18,"column":26},"end":{"line":18,"column":41}},{"start":{"line":18,"column":44},"end":{"line":18,"column":56}}],"line":18},"1":{"loc":{"start":{"line":23,"column":9},"end":{"line":23,"column":63}},"type":"cond-expr","locations":[{"start":{"line":23,"column":21},"end":{"line":23,"column":45}},{"start":{"line":23,"column":48},"end":{"line":23,"column":63}}],"line":23},"2":{"loc":{"start":{"line":26,"column":9},"end":{"line":28,"column":80}},"type":"cond-expr","locations":[{"start":{"line":27,"column":12},"end":{"line":27,"column":66}},{"start":{"line":28,"column":12},"end":{"line":28,"column":80}}],"line":26},"3":{"loc":{"start":{"line":30,"column":7},"end":{"line":37,"column":7}},"type":"binary-expr","locations":[{"start":{"line":30,"column":7},"end":{"line":30,"column":14}},{"start":{"line":30,"column":18},"end":{"line":30,"column":23}},{"start":{"line":31,"column":8},"end":{"line":36,"column":15}}],"line":30},"4":{"loc":{"start":{"line":70,"column":6},"end":{"line":72,"column":7}},"type":"if","locations":[{"start":{"line":70,"column":6},"end":{"line":72,"column":7}},{"start":{},"end":{}}],"line":70},"5":{"loc":{"start":{"line":70,"column":10},"end":{"line":70,"column":36}},"type":"binary-expr","locations":[{"start":{"line":70,"column":10},"end":{"line":70,"column":27}},{"start":{"line":70,"column":31},"end":{"line":70,"column":36}}],"line":70},"6":{"loc":{"start":{"line":88,"column":4},"end":{"line":90,"column":5}},"type":"if","locations":[{"start":{"line":88,"column":4},"end":{"line":90,"column":5}},{"start":{},"end":{}}],"line":88},"7":{"loc":{"start":{"line":99,"column":2},"end":{"line":113,"column":3}},"type":"if","locations":[{"start":{"line":99,"column":2},"end":{"line":113,"column":3}},{"start":{},"end":{}}],"line":99},"8":{"loc":{"start":{"line":99,"column":6},"end":{"line":99,"column":24}},"type":"binary-expr","locations":[{"start":{"line":99,"column":6},"end":{"line":99,"column":11}},{"start":{"line":99,"column":15},"end":{"line":99,"column":24}}],"line":99},"9":{"loc":{"start":{"line":101,"column":4},"end":{"line":103,"column":5}},"type":"if","locations":[{"start":{"line":101,"column":4},"end":{"line":103,"column":5}},{"start":{},"end":{}}],"line":101},"10":{"loc":{"start":{"line":119,"column":8},"end":{"line":123,"column":9}},"type":"if","locations":[{"start":{"line":119,"column":8},"end":{"line":123,"column":9}},{"start":{},"end":{}}],"line":119}},"s":{"0":0,"1":0,"2":0,"3":0,"4":0,"5":0,"6":0,"7":0,"8":0,"9":0,"10":0,"11":0,"12":0,"13":0,"14":0,"15":0,"16":0,"17":0,"18":0,"19":0,"20":0,"21":0,"22":0,"23":0,"24":0,"25":0,"26":0,"27":0,"28":0,"29":0,"30":0,"31":0,"32":0,"33":0},"f":{"0":0,"1":0,"2":0,"3":0,"4":0,"5":0,"6":0,"7":0,"8":0},"b":{"0":[0,0],"1":[0,0],"2":[0,0],"3":[0,0,0],"4":[0,0],"5":[0,0],"6":[0,0],"7":[0,0],"8":[0,0],"9":[0,0],"10":[0,0]}}
,"/Users/selezmassozi/CascadeProjects/Groundschool AI/src/components/ThemedButton.js": {"path":"/Users/selezmassozi/CascadeProjects/Groundschool AI/src/components/ThemedButton.js","statementMap":{"0":{"start":{"line":5,"column":21},"end":{"line":20,"column":1}},"1":{"start":{"line":6,"column":17},"end":{"line":6,"column":27}},"2":{"start":{"line":7,"column":2},"end":{"line":19,"column":4}},"3":{"start":{"line":22,"column":15},"end":{"line":29,"column":2}}},"fnMap":{"0":{"name":"(anonymous_0)","decl":{"start":{"line":5,"column":21},"end":{"line":5,"column":22}},"loc":{"start":{"line":5,"column":62},"end":{"line":20,"column":1}},"line":5}},"branchMap":{"0":{"loc":{"start":{"line":13,"column":27},"end":{"line":13,"column":68}},"type":"cond-expr","locations":[{"start":{"line":13,"column":38},"end":{"line":13,"column":51}},{"start":{"line":13,"column":54},"end":{"line":13,"column":68}}],"line":13}},"s":{"0":1,"1":3,"2":3,"3":1},"f":{"0":3},"b":{"0":[1,2]},"_coverageSchema":"1a1c01bbd47fc00a2c39e90264f33305004495a9","hash":"c08cb21cda60745c0327ec4342c91c8be954c4a0"}
,"/Users/selezmassozi/CascadeProjects/Groundschool AI/src/contexts/AuthContext.js": {"path":"/Users/selezmassozi/CascadeProjects/Groundschool AI/src/contexts/AuthContext.js","statementMap":{"0":{"start":{"line":9,"column":27},"end":{"line":16,"column":2}},"1":{"start":{"line":18,"column":28},"end":{"line":223,"column":1}},"2":{"start":{"line":19,"column":26},"end":{"line":19,"column":40}},"3":{"start":{"line":20,"column":32},"end":{"line":20,"column":46}},"4":{"start":{"line":21,"column":28},"end":{"line":21,"column":42}},"5":{"start":{"line":24,"column":21},"end":{"line":38,"column":3}},"6":{"start":{"line":25,"column":4},"end":{"line":25,"column":21}},"7":{"start":{"line":28,"column":4},"end":{"line":37,"column":5}},"8":{"start":{"line":29,"column":6},"end":{"line":29,"column":29}},"9":{"start":{"line":30,"column":6},"end":{"line":33,"column":9}},"10":{"start":{"line":35,"column":6},"end":{"line":35,"column":26}},"11":{"start":{"line":36,"column":6},"end":{"line":36,"column":37}},"12":{"start":{"line":41,"column":2},"end":{"line":65,"column":9}},"13":{"start":{"line":42,"column":4},"end":{"line":64,"column":5}},"14":{"start":{"line":43,"column":6},"end":{"line":43,"column":23}},"15":{"start":{"line":46,"column":22},"end":{"line":46,"column":45}},"16":{"start":{"line":47,"column":6},"end":{"line":47,"column":40}},"17":{"start":{"line":50,"column":41},"end":{"line":53,"column":8}},"18":{"start":{"line":51,"column":8},"end":{"line":51,"column":53}},"19":{"start":{"line":52,"column":8},"end":{"line":52,"column":42}},"20":{"start":{"line":55,"column":6},"end":{"line":55,"column":24}},"21":{"start":{"line":58,"column":6},"end":{"line":58,"column":46}},"22":{"start":{"line":58,"column":19},"end":{"line":58,"column":45}},"23":{"start":{"line":60,"column":6},"end":{"line":60,"column":56}},"24":{"start":{"line":61,"column":6},"end":{"line":61,"column":72}},"25":{"start":{"line":62,"column":6},"end":{"line":62,"column":28}},"26":{"start":{"line":63,"column":6},"end":{"line":63,"column":24}},"27":{"start":{"line":68,"column":19},"end":{"line":92,"column":38}},"28":{"start":{"line":69,"column":4},"end":{"line":91,"column":5}},"29":{"start":{"line":70,"column":6},"end":{"line":70,"column":53}},"30":{"start":{"line":72,"column":49},"end":{"line":75,"column":8}},"31":{"start":{"line":77,"column":6},"end":{"line":83,"column":7}},"32":{"start":{"line":78,"column":8},"end":{"line":81,"column":11}},"33":{"start":{"line":82,"column":8},"end":{"line":82,"column":35}},"34":{"start":{"line":85,"column":6},"end":{"line":85,"column":69}},"35":{"start":{"line":86,"column":6},"end":{"line":86,"column":26}},"36":{"start":{"line":87,"column":6},"end":{"line":87,"column":31}},"37":{"start":{"line":89,"column":6},"end":{"line":89,"column":72}},"38":{"start":{"line":90,"column":6},"end":{"line":90,"column":16}},"39":{"start":{"line":94,"column":16},"end":{"line":152,"column":31}},"40":{"start":{"line":95,"column":4},"end":{"line":151,"column":5}},"41":{"start":{"line":96,"column":6},"end":{"line":96,"column":46}},"42":{"start":{"line":99,"column":18},"end":{"line":99,"column":39}},"43":{"start":{"line":100,"column":18},"end":{"line":100,"column":28}},"44":{"start":{"line":101,"column":23},"end":{"line":101,"column":37}},"45":{"start":{"line":103,"column":6},"end":{"line":115,"column":7}},"46":{"start":{"line":104,"column":21},"end":{"line":104,"column":52}},"47":{"start":{"line":105,"column":25},"end":{"line":105,"column":53}},"48":{"start":{"line":106,"column":23},"end":{"line":106,"column":65}},"49":{"start":{"line":106,"column":45},"end":{"line":106,"column":64}},"50":{"start":{"line":108,"column":8},"end":{"line":111,"column":9}},"51":{"start":{"line":109,"column":10},"end":{"line":109,"column":86}},"52":{"start":{"line":110,"column":10},"end":{"line":110,"column":92}},"53":{"start":{"line":114,"column":8},"end":{"line":114,"column":87}},"54":{"start":{"line":118,"column":51},"end":{"line":121,"column":8}},"55":{"start":{"line":123,"column":6},"end":{"line":136,"column":7}},"56":{"start":{"line":125,"column":8},"end":{"line":132,"column":9}},"57":{"start":{"line":126,"column":23},"end":{"line":126,"column":54}},"58":{"start":{"line":127,"column":27},"end":{"line":127,"column":55}},"59":{"start":{"line":128,"column":10},"end":{"line":128,"column":29}},"60":{"start":{"line":129,"column":10},"end":{"line":129,"column":68}},"61":{"start":{"line":131,"column":10},"end":{"line":131,"column":94}},"62":{"start":{"line":134,"column":8},"end":{"line":134,"column":74}},"63":{"start":{"line":135,"column":8},"end":{"line":135,"column":37}},"64":{"start":{"line":139,"column":6},"end":{"line":143,"column":7}},"65":{"start":{"line":140,"column":8},"end":{"line":140,"column":43}},"66":{"start":{"line":142,"column":8},"end":{"line":142,"column":85}},"67":{"start":{"line":145,"column":6},"end":{"line":145,"column":62}},"68":{"start":{"line":146,"column":6},"end":{"line":146,"column":26}},"69":{"start":{"line":147,"column":6},"end":{"line":147,"column":31}},"70":{"start":{"line":149,"column":6},"end":{"line":149,"column":65}},"71":{"start":{"line":150,"column":6},"end":{"line":150,"column":16}},"72":{"start":{"line":154,"column":23},"end":{"line":168,"column":32}},"73":{"start":{"line":155,"column":4},"end":{"line":167,"column":5}},"74":{"start":{"line":156,"column":6},"end":{"line":156,"column":33}},"75":{"start":{"line":157,"column":24},"end":{"line":161,"column":7}},"76":{"start":{"line":162,"column":6},"end":{"line":162,"column":28}},"77":{"start":{"line":163,"column":6},"end":{"line":163,"column":33}},"78":{"start":{"line":165,"column":6},"end":{"line":165,"column":64}},"79":{"start":{"line":166,"column":6},"end":{"line":166,"column":16}},"80":{"start":{"line":170,"column":17},"end":{"line":187,"column":32}},"81":{"start":{"line":171,"column":4},"end":{"line":186,"column":5}},"82":{"start":{"line":172,"column":6},"end":{"line":172,"column":36}},"83":{"start":{"line":173,"column":37},"end":{"line":173,"column":66}},"84":{"start":{"line":175,"column":6},"end":{"line":178,"column":7}},"85":{"start":{"line":176,"column":8},"end":{"line":176,"column":69}},"86":{"start":{"line":177,"column":8},"end":{"line":177,"column":38}},"87":{"start":{"line":180,"column":6},"end":{"line":180,"column":39}},"88":{"start":{"line":181,"column":6},"end":{"line":181,"column":23}},"89":{"start":{"line":182,"column":6},"end":{"line":182,"column":31}},"90":{"start":{"line":184,"column":6},"end":{"line":184,"column":59}},"91":{"start":{"line":185,"column":6},"end":{"line":185,"column":16}},"92":{"start":{"line":189,"column":24},"end":{"line":205,"column":35}},"93":{"start":{"line":190,"column":4},"end":{"line":204,"column":5}},"94":{"start":{"line":191,"column":6},"end":{"line":191,"column":55}},"95":{"start":{"line":192,"column":42},"end":{"line":192,"column":94}},"96":{"start":{"line":194,"column":6},"end":{"line":197,"column":7}},"97":{"start":{"line":195,"column":8},"end":{"line":195,"column":83}},"98":{"start":{"line":196,"column":8},"end":{"line":196,"column":37}},"99":{"start":{"line":199,"column":6},"end":{"line":199,"column":58}},"100":{"start":{"line":200,"column":6},"end":{"line":200,"column":22}},"101":{"start":{"line":202,"column":6},"end":{"line":202,"column":74}},"102":{"start":{"line":203,"column":6},"end":{"line":203,"column":16}},"103":{"start":{"line":207,"column":2},"end":{"line":222,"column":4}}},"fnMap":{"0":{"name":"(anonymous_0)","decl":{"start":{"line":11,"column":12},"end":{"line":11,"column":13}},"loc":{"start":{"line":11,"column":24},"end":{"line":11,"column":26}},"line":11},"1":{"name":"(anonymous_1)","decl":{"start":{"line":12,"column":9},"end":{"line":12,"column":10}},"loc":{"start":{"line":12,"column":21},"end":{"line":12,"column":23}},"line":12},"2":{"name":"(anonymous_2)","decl":{"start":{"line":13,"column":10},"end":{"line":13,"column":11}},"loc":{"start":{"line":13,"column":22},"end":{"line":13,"column":24}},"line":13},"3":{"name":"(anonymous_3)","decl":{"start":{"line":14,"column":17},"end":{"line":14,"column":18}},"loc":{"start":{"line":14,"column":29},"end":{"line":14,"column":31}},"line":14},"4":{"name":"(anonymous_4)","decl":{"start":{"line":15,"column":16},"end":{"line":15,"column":17}},"loc":{"start":{"line":15,"column":22},"end":{"line":15,"column":24}},"line":15},"5":{"name":"(anonymous_5)","decl":{"start":{"line":18,"column":28},"end":{"line":18,"column":29}},"loc":{"start":{"line":18,"column":46},"end":{"line":223,"column":1}},"line":18},"6":{"name":"(anonymous_6)","decl":{"start":{"line":24,"column":21},"end":{"line":24,"column":22}},"loc":{"start":{"line":24,"column":34},"end":{"line":38,"column":3}},"line":24},"7":{"name":"(anonymous_7)","decl":{"start":{"line":41,"column":12},"end":{"line":41,"column":13}},"loc":{"start":{"line":41,"column":18},"end":{"line":65,"column":3}},"line":41},"8":{"name":"(anonymous_8)","decl":{"start":{"line":50,"column":73},"end":{"line":50,"column":74}},"loc":{"start":{"line":50,"column":93},"end":{"line":53,"column":7}},"line":50},"9":{"name":"(anonymous_9)","decl":{"start":{"line":58,"column":13},"end":{"line":58,"column":14}},"loc":{"start":{"line":58,"column":19},"end":{"line":58,"column":45}},"line":58},"10":{"name":"(anonymous_10)","decl":{"start":{"line":68,"column":37},"end":{"line":68,"column":38}},"loc":{"start":{"line":68,"column":64},"end":{"line":92,"column":3}},"line":68},"11":{"name":"(anonymous_11)","decl":{"start":{"line":94,"column":34},"end":{"line":94,"column":35}},"loc":{"start":{"line":94,"column":61},"end":{"line":152,"column":3}},"line":94},"12":{"name":"(anonymous_12)","decl":{"start":{"line":106,"column":39},"end":{"line":106,"column":40}},"loc":{"start":{"line":106,"column":45},"end":{"line":106,"column":64}},"line":106},"13":{"name":"(anonymous_13)","decl":{"start":{"line":154,"column":41},"end":{"line":154,"column":42}},"loc":{"start":{"line":154,"column":47},"end":{"line":168,"column":3}},"line":154},"14":{"name":"(anonymous_14)","decl":{"start":{"line":170,"column":35},"end":{"line":170,"column":36}},"loc":{"start":{"line":170,"column":47},"end":{"line":187,"column":3}},"line":170},"15":{"name":"(anonymous_15)","decl":{"start":{"line":189,"column":42},"end":{"line":189,"column":43}},"loc":{"start":{"line":189,"column":59},"end":{"line":205,"column":3}},"line":189}},"branchMap":{"0":{"loc":{"start":{"line":28,"column":4},"end":{"line":37,"column":5}},"type":"if","locations":[{"start":{"line":28,"column":4},"end":{"line":37,"column":5}},{"start":{"line":34,"column":11},"end":{"line":37,"column":5}}],"line":28},"1":{"loc":{"start":{"line":32,"column":17},"end":{"line":32,"column":41}},"type":"binary-expr","locations":[{"start":{"line":32,"column":17},"end":{"line":32,"column":32}},{"start":{"line":32,"column":36},"end":{"line":32,"column":41}}],"line":32},"2":{"loc":{"start":{"line":47,"column":17},"end":{"line":47,"column":38}},"type":"binary-expr","locations":[{"start":{"line":47,"column":17},"end":{"line":47,"column":30}},{"start":{"line":47,"column":34},"end":{"line":47,"column":38}}],"line":47},"3":{"loc":{"start":{"line":52,"column":19},"end":{"line":52,"column":40}},"type":"binary-expr","locations":[{"start":{"line":52,"column":19},"end":{"line":52,"column":32}},{"start":{"line":52,"column":36},"end":{"line":52,"column":40}}],"line":52},"4":{"loc":{"start":{"line":77,"column":6},"end":{"line":83,"column":7}},"type":"if","locations":[{"start":{"line":77,"column":6},"end":{"line":83,"column":7}},{"start":{},"end":{}}],"line":77},"5":{"loc":{"start":{"line":105,"column":25},"end":{"line":105,"column":53}},"type":"cond-expr","locations":[{"start":{"line":105,"column":32},"end":{"line":105,"column":48}},{"start":{"line":105,"column":51},"end":{"line":105,"column":53}}],"line":105},"6":{"loc":{"start":{"line":108,"column":8},"end":{"line":111,"column":9}},"type":"if","locations":[{"start":{"line":108,"column":8},"end":{"line":111,"column":9}},{"start":{},"end":{}}],"line":108},"7":{"loc":{"start":{"line":123,"column":6},"end":{"line":136,"column":7}},"type":"if","locations":[{"start":{"line":123,"column":6},"end":{"line":136,"column":7}},{"start":{},"end":{}}],"line":123},"8":{"loc":{"start":{"line":127,"column":27},"end":{"line":127,"column":55}},"type":"cond-expr","locations":[{"start":{"line":127,"column":34},"end":{"line":127,"column":50}},{"start":{"line":127,"column":53},"end":{"line":127,"column":55}}],"line":127},"9":{"loc":{"start":{"line":175,"column":6},"end":{"line":178,"column":7}},"type":"if","locations":[{"start":{"line":175,"column":6},"end":{"line":178,"column":7}},{"start":{},"end":{}}],"line":175},"10":{"loc":{"start":{"line":194,"column":6},"end":{"line":197,"column":7}},"type":"if","locations":[{"start":{"line":194,"column":6},"end":{"line":197,"column":7}},{"start":{},"end":{}}],"line":194}},"s":{"0":1,"1":1,"2":3,"3":3,"4":3,"5":3,"6":2,"7":2,"8":1,"9":1,"10":1,"11":1,"12":3,"13":1,"14":1,"15":1,"16":1,"17":1,"18":0,"19":0,"20":1,"21":1,"22":1,"23":0,"24":0,"25":0,"26":0,"27":3,"28":0,"29":0,"30":0,"31":0,"32":0,"33":0,"34":0,"35":0,"36":0,"37":0,"38":0,"39":3,"40":0,"41":0,"42":0,"43":0,"44":0,"45":0,"46":0,"47":0,"48":0,"49":0,"50":0,"51":0,"52":0,"53":0,"54":0,"55":0,"56":0,"57":0,"58":0,"59":0,"60":0,"61":0,"62":0,"63":0,"64":0,"65":0,"66":0,"67":0,"68":0,"69":0,"70":0,"71":0,"72":3,"73":1,"74":1,"75":1,"76":1,"77":1,"78":0,"79":0,"80":3,"81":0,"82":0,"83":0,"84":0,"85":0,"86":0,"87":0,"88":0,"89":0,"90":0,"91":0,"92":3,"93":0,"94":0,"95":0,"96":0,"97":0,"98":0,"99":0,"100":0,"101":0,"102":0,"103":3},"f":{"0":0,"1":0,"2":0,"3":0,"4":0,"5":3,"6":2,"7":1,"8":0,"9":1,"10":0,"11":0,"12":0,"13":1,"14":0,"15":0},"b":{"0":[1,1],"1":[1,0],"2":[1,1],"3":[0,0],"4":[0,0],"5":[0,0],"6":[0,0],"7":[0,0],"8":[0,0],"9":[0,0],"10":[0,0]},"_coverageSchema":"1a1c01bbd47fc00a2c39e90264f33305004495a9","hash":"a5703ee653e67e6dfb0ccb4f2eef6cca65764df2"}
,"/Users/selezmassozi/CascadeProjects/Groundschool AI/src/contexts/ThemeContext.js": {"path":"/Users/selezmassozi/CascadeProjects/Groundschool AI/src/contexts/ThemeContext.js","statementMap":{"0":{"start":{"line":4,"column":21},"end":{"line":39,"column":1}},"1":{"start":{"line":42,"column":21},"end":{"line":42,"column":48}},"2":{"start":{"line":45,"column":29},"end":{"line":60,"column":1}},"3":{"start":{"line":46,"column":28},"end":{"line":46,"column":50}},"4":{"start":{"line":48,"column":22},"end":{"line":53,"column":3}},"5":{"start":{"line":49,"column":4},"end":{"line":52,"column":8}},"6":{"start":{"line":49,"column":29},"end":{"line":52,"column":5}},"7":{"start":{"line":55,"column":2},"end":{"line":59,"column":4}},"8":{"start":{"line":63,"column":24},"end":{"line":69,"column":1}},"9":{"start":{"line":64,"column":18},"end":{"line":64,"column":42}},"10":{"start":{"line":65,"column":2},"end":{"line":67,"column":3}},"11":{"start":{"line":66,"column":4},"end":{"line":66,"column":68}},"12":{"start":{"line":68,"column":2},"end":{"line":68,"column":17}}},"fnMap":{"0":{"name":"(anonymous_0)","decl":{"start":{"line":45,"column":29},"end":{"line":45,"column":30}},"loc":{"start":{"line":45,"column":76},"end":{"line":60,"column":1}},"line":45},"1":{"name":"(anonymous_1)","decl":{"start":{"line":48,"column":22},"end":{"line":48,"column":23}},"loc":{"start":{"line":48,"column":36},"end":{"line":53,"column":3}},"line":48},"2":{"name":"(anonymous_2)","decl":{"start":{"line":49,"column":13},"end":{"line":49,"column":14}},"loc":{"start":{"line":49,"column":29},"end":{"line":52,"column":5}},"line":49},"3":{"name":"(anonymous_3)","decl":{"start":{"line":63,"column":24},"end":{"line":63,"column":25}},"loc":{"start":{"line":63,"column":30},"end":{"line":69,"column":1}},"line":63}},"branchMap":{"0":{"loc":{"start":{"line":45,"column":42},"end":{"line":45,"column":69}},"type":"default-arg","locations":[{"start":{"line":45,"column":57},"end":{"line":45,"column":69}}],"line":45},"1":{"loc":{"start":{"line":65,"column":2},"end":{"line":67,"column":3}},"type":"if","locations":[{"start":{"line":65,"column":2},"end":{"line":67,"column":3}},{"start":{},"end":{}}],"line":65}},"s":{"0":0,"1":0,"2":0,"3":0,"4":0,"5":0,"6":0,"7":0,"8":0,"9":0,"10":0,"11":0,"12":0},"f":{"0":0,"1":0,"2":0,"3":0},"b":{"0":[0],"1":[0,0]}}
,"/Users/selezmassozi/CascadeProjects/Groundschool AI/src/lib/supabaseClient.js": {"path":"/Users/selezmassozi/CascadeProjects/Groundschool AI/src/lib/supabaseClient.js","statementMap":{"0":{"start":{"line":3,"column":20},"end":{"line":3,"column":44}},"1":{"start":{"line":4,"column":24},"end":{"line":4,"column":53}},"2":{"start":{"line":6,"column":24},"end":{"line":8,"column":2}}},"fnMap":{},"branchMap":{},"s":{"0":0,"1":0,"2":0},"f":{},"b":{}}
,"/Users/selezmassozi/CascadeProjects/Groundschool AI/src/navigation/index.js": {"path":"/Users/selezmassozi/CascadeProjects/Groundschool AI/src/navigation/index.js","statementMap":{"0":{"start":{"line":23,"column":14},"end":{"line":23,"column":36}},"1":{"start":{"line":26,"column":28},"end":{"line":34,"column":1}},"2":{"start":{"line":26,"column":55},"end":{"line":34,"column":1}},"3":{"start":{"line":27,"column":2},"end":{"line":33,"column":4}},"4":{"start":{"line":37,"column":35},"end":{"line":37,"column":58}},"5":{"start":{"line":38,"column":24},"end":{"line":38,"column":36}},"6":{"start":{"line":39,"column":23},"end":{"line":39,"column":35}},"7":{"start":{"line":42,"column":2},"end":{"line":48,"column":9}},"8":{"start":{"line":43,"column":4},"end":{"line":47,"column":5}},"9":{"start":{"line":45,"column":37},"end":{"line":45,"column":87}},"10":{"start":{"line":46,"column":6},"end":{"line":46,"column":80}},"11":{"start":{"line":51,"column":34},"end":{"line":65,"column":3}},"12":{"start":{"line":52,"column":30},"end":{"line":52,"column":50}},"13":{"start":{"line":53,"column":29},"end":{"line":53,"column":74}},"14":{"start":{"line":55,"column":4},"end":{"line":61,"column":5}},"15":{"start":{"line":57,"column":6},"end":{"line":60,"column":9}},"16":{"start":{"line":64,"column":4},"end":{"line":64,"column":44}},"17":{"start":{"line":68,"column":2},"end":{"line":70,"column":3}},"18":{"start":{"line":69,"column":4},"end":{"line":69,"column":16}},"19":{"start":{"line":72,"column":2},"end":{"line":111,"column":4}},"20":{"start":{"line":77,"column":8},"end":{"line":77,"column":77}}},"fnMap":{"0":{"name":"(anonymous_0)","decl":{"start":{"line":26,"column":28},"end":{"line":26,"column":29}},"loc":{"start":{"line":26,"column":55},"end":{"line":34,"column":1}},"line":26},"1":{"name":"(anonymous_1)","decl":{"start":{"line":26,"column":55},"end":{"line":26,"column":56}},"loc":{"start":{"line":26,"column":66},"end":{"line":34,"column":1}},"line":26},"2":{"name":"Navigation","decl":{"start":{"line":36,"column":24},"end":{"line":36,"column":34}},"loc":{"start":{"line":36,"column":37},"end":{"line":112,"column":1}},"line":36},"3":{"name":"(anonymous_3)","decl":{"start":{"line":42,"column":12},"end":{"line":42,"column":13}},"loc":{"start":{"line":42,"column":18},"end":{"line":48,"column":3}},"line":42},"4":{"name":"(anonymous_4)","decl":{"start":{"line":51,"column":34},"end":{"line":51,"column":35}},"loc":{"start":{"line":51,"column":45},"end":{"line":65,"column":3}},"line":51},"5":{"name":"(anonymous_5)","decl":{"start":{"line":76,"column":15},"end":{"line":76,"column":16}},"loc":{"start":{"line":76,"column":21},"end":{"line":78,"column":7}},"line":76}},"branchMap":{"0":{"loc":{"start":{"line":43,"column":4},"end":{"line":47,"column":5}},"type":"if","locations":[{"start":{"line":43,"column":4},"end":{"line":47,"column":5}},{"start":{},"end":{}}],"line":43},"1":{"loc":{"start":{"line":55,"column":4},"end":{"line":61,"column":5}},"type":"if","locations":[{"start":{"line":55,"column":4},"end":{"line":61,"column":5}},{"start":{},"end":{}}],"line":55},"2":{"loc":{"start":{"line":58,"column":14},"end":{"line":58,"column":44}},"type":"binary-expr","locations":[{"start":{"line":58,"column":14},"end":{"line":58,"column":31}},{"start":{"line":58,"column":35},"end":{"line":58,"column":44}}],"line":58},"3":{"loc":{"start":{"line":59,"column":12},"end":{"line":59,"column":41}},"type":"binary-expr","locations":[{"start":{"line":59,"column":12},"end":{"line":59,"column":28}},{"start":{"line":59,"column":32},"end":{"line":59,"column":41}}],"line":59},"4":{"loc":{"start":{"line":68,"column":2},"end":{"line":70,"column":3}},"type":"if","locations":[{"start":{"line":68,"column":2},"end":{"line":70,"column":3}},{"start":{},"end":{}}],"line":68},"5":{"loc":{"start":{"line":89,"column":9},"end":{"line":108,"column":9}},"type":"cond-expr","locations":[{"start":{"line":90,"column":10},"end":{"line":101,"column":13}},{"start":{"line":103,"column":10},"end":{"line":107,"column":13}}],"line":89}},"s":{"0":0,"1":0,"2":0,"3":0,"4":0,"5":0,"6":0,"7":0,"8":0,"9":0,"10":0,"11":0,"12":0,"13":0,"14":0,"15":0,"16":0,"17":0,"18":0,"19":0,"20":0},"f":{"0":0,"1":0,"2":0,"3":0,"4":0,"5":0},"b":{"0":[0,0],"1":[0,0],"2":[0,0],"3":[0,0],"4":[0,0],"5":[0,0]}}
,"/Users/selezmassozi/CascadeProjects/Groundschool AI/src/screens/AnalyticsScreen.js": {"path":"/Users/selezmassozi/CascadeProjects/Groundschool AI/src/screens/AnalyticsScreen.js","statementMap":{"0":{"start":{"line":10,"column":24},"end":{"line":80,"column":1}},"1":{"start":{"line":11,"column":19},"end":{"line":11,"column":42}},"2":{"start":{"line":12,"column":17},"end":{"line":12,"column":27}},"3":{"start":{"line":13,"column":28},"end":{"line":13,"column":40}},"4":{"start":{"line":15,"column":2},"end":{"line":38,"column":13}},"5":{"start":{"line":16,"column":27},"end":{"line":36,"column":5}},"6":{"start":{"line":18,"column":30},"end":{"line":21,"column":31}},"7":{"start":{"line":22,"column":6},"end":{"line":22,"column":33}},"8":{"start":{"line":22,"column":26},"end":{"line":22,"column":33}},"9":{"start":{"line":24,"column":18},"end":{"line":24,"column":20}},"10":{"start":{"line":25,"column":6},"end":{"line":30,"column":9}},"11":{"start":{"line":26,"column":22},"end":{"line":26,"column":51}},"12":{"start":{"line":27,"column":8},"end":{"line":27,"column":63}},"13":{"start":{"line":27,"column":25},"end":{"line":27,"column":63}},"14":{"start":{"line":28,"column":8},"end":{"line":28,"column":30}},"15":{"start":{"line":29,"column":8},"end":{"line":29,"column":47}},"16":{"start":{"line":29,"column":23},"end":{"line":29,"column":47}},"17":{"start":{"line":31,"column":18},"end":{"line":34,"column":9}},"18":{"start":{"line":31,"column":59},"end":{"line":34,"column":7}},"19":{"start":{"line":35,"column":6},"end":{"line":35,"column":20}},"20":{"start":{"line":37,"column":4},"end":{"line":37,"column":21}},"21":{"start":{"line":41,"column":23},"end":{"line":60,"column":3}},"22":{"start":{"line":42,"column":4},"end":{"line":45,"column":5}},"23":{"start":{"line":43,"column":6},"end":{"line":43,"column":70}},"24":{"start":{"line":44,"column":6},"end":{"line":44,"column":13}},"25":{"start":{"line":46,"column":19},"end":{"line":46,"column":36}},"26":{"start":{"line":47,"column":17},"end":{"line":47,"column":69}},"27":{"start":{"line":47,"column":32},"end":{"line":47,"column":57}},"28":{"start":{"line":48,"column":16},"end":{"line":48,"column":29}},"29":{"start":{"line":49,"column":17},"end":{"line":49,"column":60}},"30":{"start":{"line":50,"column":4},"end":{"line":59,"column":5}},"31":{"start":{"line":51,"column":6},"end":{"line":51,"column":97}},"32":{"start":{"line":52,"column":6},"end":{"line":56,"column":7}},"33":{"start":{"line":53,"column":8},"end":{"line":53,"column":65}},"34":{"start":{"line":55,"column":8},"end":{"line":55,"column":81}},"35":{"start":{"line":58,"column":6},"end":{"line":58,"column":40}},"36":{"start":{"line":62,"column":21},"end":{"line":67,"column":3}},"37":{"start":{"line":63,"column":4},"end":{"line":66,"column":11}},"38":{"start":{"line":69,"column":2},"end":{"line":79,"column":4}},"39":{"start":{"line":73,"column":32},"end":{"line":73,"column":42}},"40":{"start":{"line":82,"column":15},"end":{"line":85,"column":2}}},"fnMap":{"0":{"name":"(anonymous_0)","decl":{"start":{"line":10,"column":24},"end":{"line":10,"column":25}},"loc":{"start":{"line":10,"column":30},"end":{"line":80,"column":1}},"line":10},"1":{"name":"(anonymous_1)","decl":{"start":{"line":15,"column":12},"end":{"line":15,"column":13}},"loc":{"start":{"line":15,"column":18},"end":{"line":38,"column":3}},"line":15},"2":{"name":"(anonymous_2)","decl":{"start":{"line":16,"column":27},"end":{"line":16,"column":28}},"loc":{"start":{"line":16,"column":39},"end":{"line":36,"column":5}},"line":16},"3":{"name":"(anonymous_3)","decl":{"start":{"line":25,"column":19},"end":{"line":25,"column":20}},"loc":{"start":{"line":25,"column":24},"end":{"line":30,"column":7}},"line":25},"4":{"name":"(anonymous_4)","decl":{"start":{"line":31,"column":42},"end":{"line":31,"column":43}},"loc":{"start":{"line":31,"column":59},"end":{"line":34,"column":7}},"line":31},"5":{"name":"(anonymous_5)","decl":{"start":{"line":41,"column":23},"end":{"line":41,"column":24}},"loc":{"start":{"line":41,"column":35},"end":{"line":60,"column":3}},"line":41},"6":{"name":"(anonymous_6)","decl":{"start":{"line":47,"column":27},"end":{"line":47,"column":28}},"loc":{"start":{"line":47,"column":32},"end":{"line":47,"column":57}},"line":47},"7":{"name":"(anonymous_7)","decl":{"start":{"line":62,"column":21},"end":{"line":62,"column":22}},"loc":{"start":{"line":63,"column":4},"end":{"line":66,"column":11}},"line":63},"8":{"name":"(anonymous_8)","decl":{"start":{"line":73,"column":22},"end":{"line":73,"column":23}},"loc":{"start":{"line":73,"column":32},"end":{"line":73,"column":42}},"line":73}},"branchMap":{"0":{"loc":{"start":{"line":22,"column":6},"end":{"line":22,"column":33}},"type":"if","locations":[{"start":{"line":22,"column":6},"end":{"line":22,"column":33}},{"start":{},"end":{}}],"line":22},"1":{"loc":{"start":{"line":22,"column":10},"end":{"line":22,"column":24}},"type":"binary-expr","locations":[{"start":{"line":22,"column":10},"end":{"line":22,"column":15}},{"start":{"line":22,"column":19},"end":{"line":22,"column":24}}],"line":22},"2":{"loc":{"start":{"line":26,"column":22},"end":{"line":26,"column":51}},"type":"binary-expr","locations":[{"start":{"line":26,"column":22},"end":{"line":26,"column":38}},{"start":{"line":26,"column":42},"end":{"line":26,"column":51}}],"line":26},"3":{"loc":{"start":{"line":27,"column":8},"end":{"line":27,"column":63}},"type":"if","locations":[{"start":{"line":27,"column":8},"end":{"line":27,"column":63}},{"start":{},"end":{}}],"line":27},"4":{"loc":{"start":{"line":29,"column":8},"end":{"line":29,"column":47}},"type":"if","locations":[{"start":{"line":29,"column":8},"end":{"line":29,"column":47}},{"start":{},"end":{}}],"line":29},"5":{"loc":{"start":{"line":42,"column":4},"end":{"line":45,"column":5}},"type":"if","locations":[{"start":{"line":42,"column":4},"end":{"line":45,"column":5}},{"start":{},"end":{}}],"line":42},"6":{"loc":{"start":{"line":52,"column":6},"end":{"line":56,"column":7}},"type":"if","locations":[{"start":{"line":52,"column":6},"end":{"line":56,"column":7}},{"start":{"line":54,"column":13},"end":{"line":56,"column":7}}],"line":52}},"s":{"0":0,"1":0,"2":0,"3":0,"4":0,"5":0,"6":0,"7":0,"8":0,"9":0,"10":0,"11":0,"12":0,"13":0,"14":0,"15":0,"16":0,"17":0,"18":0,"19":0,"20":0,"21":0,"22":0,"23":0,"24":0,"25":0,"26":0,"27":0,"28":0,"29":0,"30":0,"31":0,"32":0,"33":0,"34":0,"35":0,"36":0,"37":0,"38":0,"39":0,"40":0},"f":{"0":0,"1":0,"2":0,"3":0,"4":0,"5":0,"6":0,"7":0,"8":0},"b":{"0":[0,0],"1":[0,0],"2":[0,0],"3":[0,0],"4":[0,0],"5":[0,0],"6":[0,0]}}
,"/Users/selezmassozi/CascadeProjects/Groundschool AI/src/screens/HomeScreen.js": {"path":"/Users/selezmassozi/CascadeProjects/Groundschool AI/src/screens/HomeScreen.js","statementMap":{"0":{"start":{"line":7,"column":19},"end":{"line":17,"column":1}},"1":{"start":{"line":8,"column":27},"end":{"line":8,"column":50}},"2":{"start":{"line":9,"column":17},"end":{"line":9,"column":27}},"3":{"start":{"line":11,"column":2},"end":{"line":16,"column":4}},"4":{"start":{"line":19,"column":15},"end":{"line":21,"column":2}}},"fnMap":{"0":{"name":"(anonymous_0)","decl":{"start":{"line":7,"column":19},"end":{"line":7,"column":20}},"loc":{"start":{"line":7,"column":25},"end":{"line":17,"column":1}},"line":7}},"branchMap":{"0":{"loc":{"start":{"line":13,"column":99},"end":{"line":13,"column":121}},"type":"binary-expr","locations":[{"start":{"line":13,"column":99},"end":{"line":13,"column":110}},{"start":{"line":13,"column":114},"end":{"line":13,"column":121}}],"line":13}},"s":{"0":0,"1":0,"2":0,"3":0,"4":0},"f":{"0":0},"b":{"0":[0,0]}}
,"/Users/selezmassozi/CascadeProjects/Groundschool AI/src/screens/ProfileScreen.js": {"path":"/Users/selezmassozi/CascadeProjects/Groundschool AI/src/screens/ProfileScreen.js","statementMap":{"0":{"start":{"line":7,"column":22},"end":{"line":34,"column":1}},"1":{"start":{"line":8,"column":34},"end":{"line":8,"column":57}},"2":{"start":{"line":9,"column":32},"end":{"line":9,"column":46}},"3":{"start":{"line":10,"column":28},"end":{"line":10,"column":42}},"4":{"start":{"line":11,"column":17},"end":{"line":11,"column":27}},"5":{"start":{"line":13,"column":30},"end":{"line":23,"column":3}},"6":{"start":{"line":14,"column":4},"end":{"line":14,"column":19}},"7":{"start":{"line":15,"column":4},"end":{"line":15,"column":21}},"8":{"start":{"line":16,"column":4},"end":{"line":22,"column":5}},"9":{"start":{"line":17,"column":29},"end":{"line":17,"column":60}},"10":{"start":{"line":18,"column":6},"end":{"line":19,"column":51}},"11":{"start":{"line":18,"column":15},"end":{"line":18,"column":37}},"12":{"start":{"line":19,"column":11},"end":{"line":19,"column":51}},"13":{"start":{"line":21,"column":6},"end":{"line":21,"column":26}},"14":{"start":{"line":25,"column":2},"end":{"line":33,"column":4}},"15":{"start":{"line":36,"column":15},"end":{"line":38,"column":2}}},"fnMap":{"0":{"name":"(anonymous_0)","decl":{"start":{"line":7,"column":22},"end":{"line":7,"column":23}},"loc":{"start":{"line":7,"column":28},"end":{"line":34,"column":1}},"line":7},"1":{"name":"(anonymous_1)","decl":{"start":{"line":13,"column":30},"end":{"line":13,"column":31}},"loc":{"start":{"line":13,"column":42},"end":{"line":23,"column":3}},"line":13}},"branchMap":{"0":{"loc":{"start":{"line":18,"column":6},"end":{"line":19,"column":51}},"type":"if","locations":[{"start":{"line":18,"column":6},"end":{"line":19,"column":51}},{"start":{"line":19,"column":11},"end":{"line":19,"column":51}}],"line":18},"1":{"loc":{"start":{"line":29,"column":7},"end":{"line":29,"column":110}},"type":"binary-expr","locations":[{"start":{"line":29,"column":7},"end":{"line":29,"column":12}},{"start":{"line":29,"column":16},"end":{"line":29,"column":110}}],"line":29},"2":{"loc":{"start":{"line":30,"column":7},"end":{"line":30,"column":116}},"type":"binary-expr","locations":[{"start":{"line":30,"column":7},"end":{"line":30,"column":14}},{"start":{"line":30,"column":18},"end":{"line":30,"column":116}}],"line":30}},"s":{"0":0,"1":0,"2":0,"3":0,"4":0,"5":0,"6":0,"7":0,"8":0,"9":0,"10":0,"11":0,"12":0,"13":0,"14":0,"15":0},"f":{"0":0,"1":0},"b":{"0":[0,0],"1":[0,0],"2":[0,0]}}
,"/Users/selezmassozi/CascadeProjects/Groundschool AI/src/screens/QuizCreationScreen.js": {"path":"/Users/selezmassozi/CascadeProjects/Groundschool AI/src/screens/QuizCreationScreen.js","statementMap":{"0":{"start":{"line":12,"column":27},"end":{"line":426,"column":1}},"1":{"start":{"line":13,"column":19},"end":{"line":13,"column":42}},"2":{"start":{"line":14,"column":26},"end":{"line":14,"column":38}},"3":{"start":{"line":15,"column":44},"end":{"line":15,"column":56}},"4":{"start":{"line":16,"column":36},"end":{"line":16,"column":48}},"5":{"start":{"line":17,"column":38},"end":{"line":17,"column":54}},"6":{"start":{"line":18,"column":32},"end":{"line":18,"column":46}},"7":{"start":{"line":19,"column":42},"end":{"line":19,"column":57}},"8":{"start":{"line":20,"column":28},"end":{"line":20,"column":42}},"9":{"start":{"line":21,"column":32},"end":{"line":21,"column":46}},"10":{"start":{"line":22,"column":36},"end":{"line":22,"column":51}},"11":{"start":{"line":23,"column":44},"end":{"line":23,"column":56}},"12":{"start":{"line":24,"column":19},"end":{"line":24,"column":32}},"13":{"start":{"line":25,"column":34},"end":{"line":25,"column":45}},"14":{"start":{"line":26,"column":23},"end":{"line":26,"column":35}},"15":{"start":{"line":27,"column":19},"end":{"line":27,"column":31}},"16":{"start":{"line":28,"column":17},"end":{"line":28,"column":27}},"17":{"start":{"line":31,"column":28},"end":{"line":35,"column":8}},"18":{"start":{"line":32,"column":25},"end":{"line":32,"column":46}},"19":{"start":{"line":33,"column":4},"end":{"line":33,"column":44}},"20":{"start":{"line":34,"column":4},"end":{"line":34,"column":36}},"21":{"start":{"line":38,"column":2},"end":{"line":84,"column":39}},"22":{"start":{"line":39,"column":30},"end":{"line":74,"column":5}},"23":{"start":{"line":40,"column":6},"end":{"line":73,"column":7}},"24":{"start":{"line":42,"column":8},"end":{"line":42,"column":34}},"25":{"start":{"line":45,"column":32},"end":{"line":48,"column":32}},"26":{"start":{"line":50,"column":8},"end":{"line":70,"column":9}},"27":{"start":{"line":52,"column":24},"end":{"line":52,"column":76}},"28":{"start":{"line":52,"column":48},"end":{"line":52,"column":72}},"29":{"start":{"line":53,"column":23},"end":{"line":53,"column":55}},"30":{"start":{"line":54,"column":10},"end":{"line":54,"column":27}},"31":{"start":{"line":57,"column":21},"end":{"line":57,"column":42}},"32":{"start":{"line":58,"column":28},"end":{"line":58,"column":75}},"33":{"start":{"line":59,"column":10},"end":{"line":59,"column":38}},"34":{"start":{"line":62,"column":10},"end":{"line":62,"column":54}},"35":{"start":{"line":62,"column":43},"end":{"line":62,"column":51}},"36":{"start":{"line":65,"column":10},"end":{"line":69,"column":11}},"37":{"start":{"line":66,"column":12},"end":{"line":66,"column":66}},"38":{"start":{"line":68,"column":12},"end":{"line":68,"column":61}},"39":{"start":{"line":72,"column":8},"end":{"line":72,"column":60}},"40":{"start":{"line":76,"column":4},"end":{"line":76,"column":24}},"41":{"start":{"line":79,"column":24},"end":{"line":81,"column":6}},"42":{"start":{"line":80,"column":6},"end":{"line":80,"column":39}},"43":{"start":{"line":83,"column":4},"end":{"line":83,"column":31}},"44":{"start":{"line":83,"column":17},"end":{"line":83,"column":30}},"45":{"start":{"line":87,"column":25},"end":{"line":222,"column":3}},"46":{"start":{"line":89,"column":4},"end":{"line":92,"column":5}},"47":{"start":{"line":90,"column":6},"end":{"line":90,"column":53}},"48":{"start":{"line":91,"column":6},"end":{"line":91,"column":13}},"49":{"start":{"line":94,"column":4},"end":{"line":97,"column":5}},"50":{"start":{"line":95,"column":6},"end":{"line":95,"column":59}},"51":{"start":{"line":96,"column":6},"end":{"line":96,"column":13}},"52":{"start":{"line":100,"column":4},"end":{"line":100,"column":29}},"53":{"start":{"line":101,"column":4},"end":{"line":101,"column":19}},"54":{"start":{"line":102,"column":4},"end":{"line":102,"column":21}},"55":{"start":{"line":103,"column":4},"end":{"line":103,"column":26}},"56":{"start":{"line":106,"column":4},"end":{"line":106,"column":38}},"57":{"start":{"line":107,"column":4},"end":{"line":107,"column":19}},"58":{"start":{"line":108,"column":4},"end":{"line":108,"column":58}},"59":{"start":{"line":108,"column":26},"end":{"line":108,"column":58}},"60":{"start":{"line":109,"column":4},"end":{"line":113,"column":12}},"61":{"start":{"line":110,"column":22},"end":{"line":110,"column":64}},"62":{"start":{"line":111,"column":18},"end":{"line":111,"column":71}},"63":{"start":{"line":112,"column":6},"end":{"line":112,"column":35}},"64":{"start":{"line":115,"column":4},"end":{"line":221,"column":5}},"65":{"start":{"line":117,"column":23},"end":{"line":117,"column":44}},"66":{"start":{"line":120,"column":6},"end":{"line":161,"column":7}},"67":{"start":{"line":122,"column":30},"end":{"line":122,"column":58}},"68":{"start":{"line":125,"column":8},"end":{"line":135,"column":11}},"69":{"start":{"line":138,"column":32},"end":{"line":147,"column":9}},"70":{"start":{"line":150,"column":8},"end":{"line":150,"column":45}},"71":{"start":{"line":152,"column":8},"end":{"line":152,"column":85}},"72":{"start":{"line":153,"column":8},"end":{"line":153,"column":31}},"73":{"start":{"line":156,"column":8},"end":{"line":158,"column":17}},"74":{"start":{"line":157,"column":10},"end":{"line":157,"column":30}},"75":{"start":{"line":160,"column":8},"end":{"line":160,"column":15}},"76":{"start":{"line":164,"column":6},"end":{"line":213,"column":7}},"77":{"start":{"line":166,"column":26},"end":{"line":166,"column":77}},"78":{"start":{"line":168,"column":8},"end":{"line":170,"column":9}},"79":{"start":{"line":169,"column":10},"end":{"line":169,"column":77}},"80":{"start":{"line":173,"column":53},"end":{"line":182,"column":46}},"81":{"start":{"line":184,"column":8},"end":{"line":186,"column":9}},"82":{"start":{"line":185,"column":10},"end":{"line":185,"column":64}},"83":{"start":{"line":188,"column":23},"end":{"line":188,"column":37}},"84":{"start":{"line":191,"column":8},"end":{"line":201,"column":9}},"85":{"start":{"line":192,"column":10},"end":{"line":200,"column":13}},"86":{"start":{"line":204,"column":8},"end":{"line":204,"column":48}},"87":{"start":{"line":206,"column":8},"end":{"line":209,"column":9}},"88":{"start":{"line":208,"column":10},"end":{"line":208,"column":72}},"89":{"start":{"line":211,"column":8},"end":{"line":211,"column":53}},"90":{"start":{"line":212,"column":8},"end":{"line":212,"column":60}},"91":{"start":{"line":215,"column":6},"end":{"line":215,"column":43}},"92":{"start":{"line":216,"column":6},"end":{"line":216,"column":52}},"93":{"start":{"line":218,"column":6},"end":{"line":218,"column":29}},"94":{"start":{"line":219,"column":6},"end":{"line":219,"column":60}},"95":{"start":{"line":219,"column":28},"end":{"line":219,"column":60}},"96":{"start":{"line":220,"column":6},"end":{"line":220,"column":23}},"97":{"start":{"line":225,"column":23},"end":{"line":231,"column":3}},"98":{"start":{"line":226,"column":4},"end":{"line":226,"column":28}},"99":{"start":{"line":227,"column":4},"end":{"line":227,"column":27}},"100":{"start":{"line":228,"column":4},"end":{"line":228,"column":58}},"101":{"start":{"line":228,"column":26},"end":{"line":228,"column":58}},"102":{"start":{"line":229,"column":4},"end":{"line":229,"column":19}},"103":{"start":{"line":230,"column":4},"end":{"line":230,"column":68}},"104":{"start":{"line":234,"column":35},"end":{"line":277,"column":3}},"105":{"start":{"line":235,"column":20},"end":{"line":240,"column":5}},"106":{"start":{"line":242,"column":4},"end":{"line":276,"column":6}},"107":{"start":{"line":245,"column":10},"end":{"line":273,"column":29}},"108":{"start":{"line":255,"column":27},"end":{"line":255,"column":54}},"109":{"start":{"line":279,"column":2},"end":{"line":425,"column":4}},"110":{"start":{"line":300,"column":14},"end":{"line":309,"column":21}},"111":{"start":{"line":428,"column":15},"end":{"line":524,"column":2}}},"fnMap":{"0":{"name":"(anonymous_0)","decl":{"start":{"line":12,"column":27},"end":{"line":12,"column":28}},"loc":{"start":{"line":12,"column":54},"end":{"line":426,"column":1}},"line":12},"1":{"name":"(anonymous_1)","decl":{"start":{"line":31,"column":40},"end":{"line":31,"column":41}},"loc":{"start":{"line":31,"column":52},"end":{"line":35,"column":3}},"line":31},"2":{"name":"(anonymous_2)","decl":{"start":{"line":38,"column":12},"end":{"line":38,"column":13}},"loc":{"start":{"line":38,"column":18},"end":{"line":84,"column":3}},"line":38},"3":{"name":"(anonymous_3)","decl":{"start":{"line":39,"column":30},"end":{"line":39,"column":31}},"loc":{"start":{"line":39,"column":42},"end":{"line":74,"column":5}},"line":39},"4":{"name":"(anonymous_4)","decl":{"start":{"line":52,"column":36},"end":{"line":52,"column":37}},"loc":{"start":{"line":52,"column":48},"end":{"line":52,"column":72}},"line":52},"5":{"name":"(anonymous_5)","decl":{"start":{"line":62,"column":36},"end":{"line":62,"column":37}},"loc":{"start":{"line":62,"column":43},"end":{"line":62,"column":51}},"line":62},"6":{"name":"(anonymous_6)","decl":{"start":{"line":79,"column":49},"end":{"line":79,"column":50}},"loc":{"start":{"line":79,"column":58},"end":{"line":81,"column":5}},"line":79},"7":{"name":"(anonymous_7)","decl":{"start":{"line":83,"column":11},"end":{"line":83,"column":12}},"loc":{"start":{"line":83,"column":17},"end":{"line":83,"column":30}},"line":83},"8":{"name":"(anonymous_8)","decl":{"start":{"line":87,"column":25},"end":{"line":87,"column":26}},"loc":{"start":{"line":87,"column":37},"end":{"line":222,"column":3}},"line":87},"9":{"name":"(anonymous_9)","decl":{"start":{"line":109,"column":35},"end":{"line":109,"column":36}},"loc":{"start":{"line":109,"column":41},"end":{"line":113,"column":5}},"line":109},"10":{"name":"(anonymous_10)","decl":{"start":{"line":156,"column":19},"end":{"line":156,"column":20}},"loc":{"start":{"line":156,"column":25},"end":{"line":158,"column":9}},"line":156},"11":{"name":"(anonymous_11)","decl":{"start":{"line":225,"column":23},"end":{"line":225,"column":24}},"loc":{"start":{"line":225,"column":29},"end":{"line":231,"column":3}},"line":225},"12":{"name":"(anonymous_12)","decl":{"start":{"line":234,"column":35},"end":{"line":234,"column":36}},"loc":{"start":{"line":234,"column":41},"end":{"line":277,"column":3}},"line":234},"13":{"name":"(anonymous_13)","decl":{"start":{"line":244,"column":21},"end":{"line":244,"column":22}},"loc":{"start":{"line":245,"column":10},"end":{"line":273,"column":29}},"line":245},"14":{"name":"(anonymous_14)","decl":{"start":{"line":255,"column":21},"end":{"line":255,"column":22}},"loc":{"start":{"line":255,"column":27},"end":{"line":255,"column":54}},"line":255},"15":{"name":"(anonymous_15)","decl":{"start":{"line":299,"column":30},"end":{"line":299,"column":31}},"loc":{"start":{"line":300,"column":14},"end":{"line":309,"column":21}},"line":300}},"branchMap":{"0":{"loc":{"start":{"line":50,"column":8},"end":{"line":70,"column":9}},"type":"if","locations":[{"start":{"line":50,"column":8},"end":{"line":70,"column":9}},{"start":{},"end":{}}],"line":50},"1":{"loc":{"start":{"line":50,"column":12},"end":{"line":50,"column":26}},"type":"binary-expr","locations":[{"start":{"line":50,"column":12},"end":{"line":50,"column":18}},{"start":{"line":50,"column":22},"end":{"line":50,"column":26}}],"line":50},"2":{"loc":{"start":{"line":52,"column":55},"end":{"line":52,"column":71}},"type":"binary-expr","locations":[{"start":{"line":52,"column":55},"end":{"line":52,"column":66}},{"start":{"line":52,"column":70},"end":{"line":52,"column":71}}],"line":52},"3":{"loc":{"start":{"line":65,"column":10},"end":{"line":69,"column":11}},"type":"if","locations":[{"start":{"line":65,"column":10},"end":{"line":69,"column":11}},{"start":{"line":67,"column":17},"end":{"line":69,"column":11}}],"line":65},"4":{"loc":{"start":{"line":89,"column":4},"end":{"line":92,"column":5}},"type":"if","locations":[{"start":{"line":89,"column":4},"end":{"line":92,"column":5}},{"start":{},"end":{}}],"line":89},"5":{"loc":{"start":{"line":94,"column":4},"end":{"line":97,"column":5}},"type":"if","locations":[{"start":{"line":94,"column":4},"end":{"line":97,"column":5}},{"start":{},"end":{}}],"line":94},"6":{"loc":{"start":{"line":108,"column":4},"end":{"line":108,"column":58}},"type":"if","locations":[{"start":{"line":108,"column":4},"end":{"line":108,"column":58}},{"start":{},"end":{}}],"line":108},"7":{"loc":{"start":{"line":111,"column":18},"end":{"line":111,"column":71}},"type":"cond-expr","locations":[{"start":{"line":111,"column":28},"end":{"line":111,"column":67}},{"start":{"line":111,"column":70},"end":{"line":111,"column":71}}],"line":111},"8":{"loc":{"start":{"line":120,"column":6},"end":{"line":161,"column":7}},"type":"if","locations":[{"start":{"line":120,"column":6},"end":{"line":161,"column":7}},{"start":{},"end":{}}],"line":120},"9":{"loc":{"start":{"line":168,"column":8},"end":{"line":170,"column":9}},"type":"if","locations":[{"start":{"line":168,"column":8},"end":{"line":170,"column":9}},{"start":{},"end":{}}],"line":168},"10":{"loc":{"start":{"line":168,"column":12},"end":{"line":168,"column":48}},"type":"binary-expr","locations":[{"start":{"line":168,"column":12},"end":{"line":168,"column":22}},{"start":{"line":168,"column":26},"end":{"line":168,"column":48}}],"line":168},"11":{"loc":{"start":{"line":184,"column":8},"end":{"line":186,"column":9}},"type":"if","locations":[{"start":{"line":184,"column":8},"end":{"line":186,"column":9}},{"start":{},"end":{}}],"line":184},"12":{"loc":{"start":{"line":184,"column":12},"end":{"line":184,"column":41}},"type":"binary-expr","locations":[{"start":{"line":184,"column":12},"end":{"line":184,"column":21}},{"start":{"line":184,"column":25},"end":{"line":184,"column":41}}],"line":184},"13":{"loc":{"start":{"line":185,"column":16},"end":{"line":185,"column":63}},"type":"binary-expr","locations":[{"start":{"line":185,"column":16},"end":{"line":185,"column":25}},{"start":{"line":185,"column":29},"end":{"line":185,"column":63}}],"line":185},"14":{"loc":{"start":{"line":197,"column":25},"end":{"line":197,"column":44}},"type":"binary-expr","locations":[{"start":{"line":197,"column":25},"end":{"line":197,"column":38}},{"start":{"line":197,"column":42},"end":{"line":197,"column":44}}],"line":197},"15":{"loc":{"start":{"line":198,"column":23},"end":{"line":198,"column":42}},"type":"binary-expr","locations":[{"start":{"line":198,"column":23},"end":{"line":198,"column":34}},{"start":{"line":198,"column":38},"end":{"line":198,"column":42}}],"line":198},"16":{"loc":{"start":{"line":199,"column":19},"end":{"line":199,"column":39}},"type":"binary-expr","locations":[{"start":{"line":199,"column":19},"end":{"line":199,"column":26}},{"start":{"line":199,"column":30},"end":{"line":199,"column":39}}],"line":199},"17":{"loc":{"start":{"line":206,"column":8},"end":{"line":209,"column":9}},"type":"if","locations":[{"start":{"line":206,"column":8},"end":{"line":209,"column":9}},{"start":{},"end":{}}],"line":206},"18":{"loc":{"start":{"line":219,"column":6},"end":{"line":219,"column":60}},"type":"if","locations":[{"start":{"line":219,"column":6},"end":{"line":219,"column":60}},{"start":{},"end":{}}],"line":219},"19":{"loc":{"start":{"line":228,"column":4},"end":{"line":228,"column":58}},"type":"if","locations":[{"start":{"line":228,"column":4},"end":{"line":228,"column":58}},{"start":{},"end":{}}],"line":228},"20":{"loc":{"start":{"line":249,"column":14},"end":{"line":252,"column":15}},"type":"binary-expr","locations":[{"start":{"line":249,"column":14},"end":{"line":249,"column":41}},{"start":{"line":249,"column":45},"end":{"line":252,"column":15}}],"line":249},"21":{"loc":{"start":{"line":260,"column":21},"end":{"line":260,"column":81}},"type":"cond-expr","locations":[{"start":{"line":260,"column":51},"end":{"line":260,"column":67}},{"start":{"line":260,"column":70},"end":{"line":260,"column":81}}],"line":260},"22":{"loc":{"start":{"line":266,"column":25},"end":{"line":266,"column":85}},"type":"cond-expr","locations":[{"start":{"line":266,"column":55},"end":{"line":266,"column":71}},{"start":{"line":266,"column":74},"end":{"line":266,"column":85}}],"line":266},"23":{"loc":{"start":{"line":285,"column":7},"end":{"line":292,"column":7}},"type":"binary-expr","locations":[{"start":{"line":285,"column":7},"end":{"line":285,"column":16}},{"start":{"line":286,"column":8},"end":{"line":291,"column":15}}],"line":285},"24":{"loc":{"start":{"line":298,"column":11},"end":{"line":315,"column":11}},"type":"cond-expr","locations":[{"start":{"line":299,"column":12},"end":{"line":310,"column":14}},{"start":{"line":312,"column":12},"end":{"line":314,"column":19}}],"line":298},"25":{"loc":{"start":{"line":361,"column":7},"end":{"line":371,"column":7}},"type":"binary-expr","locations":[{"start":{"line":361,"column":7},"end":{"line":361,"column":23}},{"start":{"line":362,"column":8},"end":{"line":370,"column":15}}],"line":361},"26":{"loc":{"start":{"line":367,"column":29},"end":{"line":367,"column":103}},"type":"cond-expr","locations":[{"start":{"line":367,"column":44},"end":{"line":367,"column":64}},{"start":{"line":367,"column":67},"end":{"line":367,"column":103}}],"line":367},"27":{"loc":{"start":{"line":374,"column":7},"end":{"line":379,"column":7}},"type":"binary-expr","locations":[{"start":{"line":374,"column":7},"end":{"line":374,"column":12}},{"start":{"line":375,"column":8},"end":{"line":378,"column":15}}],"line":374},"28":{"loc":{"start":{"line":381,"column":7},"end":{"line":386,"column":7}},"type":"binary-expr","locations":[{"start":{"line":381,"column":7},"end":{"line":381,"column":14}},{"start":{"line":382,"column":8},"end":{"line":385,"column":15}}],"line":381},"29":{"loc":{"start":{"line":389,"column":7},"end":{"line":413,"column":7}},"type":"binary-expr","locations":[{"start":{"line":389,"column":7},"end":{"line":389,"column":19}},{"start":{"line":390,"column":8},"end":{"line":412,"column":15}}],"line":389},"30":{"loc":{"start":{"line":416,"column":7},"end":{"line":423,"column":7}},"type":"binary-expr","locations":[{"start":{"line":416,"column":7},"end":{"line":416,"column":20}},{"start":{"line":417,"column":8},"end":{"line":422,"column":10}}],"line":416}},"s":{"0":0,"1":0,"2":0,"3":0,"4":0,"5":0,"6":0,"7":0,"8":0,"9":0,"10":0,"11":0,"12":0,"13":0,"14":0,"15":0,"16":0,"17":0,"18":0,"19":0,"20":0,"21":0,"22":0,"23":0,"24":0,"25":0,"26":0,"27":0,"28":0,"29":0,"30":0,"31":0,"32":0,"33":0,"34":0,"35":0,"36":0,"37":0,"38":0,"39":0,"40":0,"41":0,"42":0,"43":0,"44":0,"45":0,"46":0,"47":0,"48":0,"49":0,"50":0,"51":0,"52":0,"53":0,"54":0,"55":0,"56":0,"57":0,"58":0,"59":0,"60":0,"61":0,"62":0,"63":0,"64":0,"65":0,"66":0,"67":0,"68":0,"69":0,"70":0,"71":0,"72":0,"73":0,"74":0,"75":0,"76":0,"77":0,"78":0,"79":0,"80":0,"81":0,"82":0,"83":0,"84":0,"85":0,"86":0,"87":0,"88":0,"89":0,"90":0,"91":0,"92":0,"93":0,"94":0,"95":0,"96":0,"97":0,"98":0,"99":0,"100":0,"101":0,"102":0,"103":0,"104":0,"105":0,"106":0,"107":0,"108":0,"109":0,"110":0,"111":0},"f":{"0":0,"1":0,"2":0,"3":0,"4":0,"5":0,"6":0,"7":0,"8":0,"9":0,"10":0,"11":0,"12":0,"13":0,"14":0,"15":0},"b":{"0":[0,0],"1":[0,0],"2":[0,0],"3":[0,0],"4":[0,0],"5":[0,0],"6":[0,0],"7":[0,0],"8":[0,0],"9":[0,0],"10":[0,0],"11":[0,0],"12":[0,0],"13":[0,0],"14":[0,0],"15":[0,0],"16":[0,0],"17":[0,0],"18":[0,0],"19":[0,0],"20":[0,0],"21":[0,0],"22":[0,0],"23":[0,0],"24":[0,0],"25":[0,0],"26":[0,0],"27":[0,0],"28":[0,0],"29":[0,0],"30":[0,0]}}
,"/Users/selezmassozi/CascadeProjects/Groundschool AI/src/screens/QuizHistoryScreen.js": {"path":"/Users/selezmassozi/CascadeProjects/Groundschool AI/src/screens/QuizHistoryScreen.js","statementMap":{"0":{"start":{"line":11,"column":26},"end":{"line":380,"column":1}},"1":{"start":{"line":12,"column":19},"end":{"line":12,"column":42}},"2":{"start":{"line":13,"column":32},"end":{"line":13,"column":44}},"3":{"start":{"line":14,"column":32},"end":{"line":14,"column":46}},"4":{"start":{"line":15,"column":38},"end":{"line":15,"column":53}},"5":{"start":{"line":16,"column":36},"end":{"line":16,"column":51}},"6":{"start":{"line":17,"column":46},"end":{"line":17,"column":58}},"7":{"start":{"line":18,"column":28},"end":{"line":18,"column":42}},"8":{"start":{"line":19,"column":17},"end":{"line":19,"column":27}},"9":{"start":{"line":22,"column":28},"end":{"line":26,"column":8}},"10":{"start":{"line":23,"column":25},"end":{"line":23,"column":46}},"11":{"start":{"line":24,"column":4},"end":{"line":24,"column":44}},"12":{"start":{"line":25,"column":4},"end":{"line":25,"column":36}},"13":{"start":{"line":29,"column":23},"end":{"line":83,"column":31}},"14":{"start":{"line":30,"column":4},"end":{"line":82,"column":5}},"15":{"start":{"line":31,"column":6},"end":{"line":31,"column":21}},"16":{"start":{"line":32,"column":6},"end":{"line":32,"column":23}},"17":{"start":{"line":35,"column":26},"end":{"line":35,"column":51}},"18":{"start":{"line":38,"column":25},"end":{"line":38,"column":49}},"19":{"start":{"line":41,"column":22},"end":{"line":41,"column":61}},"20":{"start":{"line":41,"column":48},"end":{"line":41,"column":60}},"21":{"start":{"line":42,"column":6},"end":{"line":42,"column":33}},"22":{"start":{"line":44,"column":6},"end":{"line":75,"column":7}},"23":{"start":{"line":46,"column":32},"end":{"line":50,"column":52}},"24":{"start":{"line":52,"column":8},"end":{"line":52,"column":31}},"25":{"start":{"line":52,"column":19},"end":{"line":52,"column":31}},"26":{"start":{"line":56,"column":24},"end":{"line":56,"column":33}},"27":{"start":{"line":59,"column":8},"end":{"line":59,"column":57}},"28":{"start":{"line":59,"column":29},"end":{"line":59,"column":55}},"29":{"start":{"line":62,"column":8},"end":{"line":64,"column":55}},"30":{"start":{"line":63,"column":26},"end":{"line":63,"column":64}},"31":{"start":{"line":64,"column":27},"end":{"line":64,"column":53}},"32":{"start":{"line":67,"column":25},"end":{"line":68,"column":74}},"33":{"start":{"line":68,"column":26},"end":{"line":68,"column":73}},"34":{"start":{"line":70,"column":8},"end":{"line":70,"column":29}},"35":{"start":{"line":73,"column":23},"end":{"line":73,"column":63}},"36":{"start":{"line":73,"column":49},"end":{"line":73,"column":62}},"37":{"start":{"line":74,"column":8},"end":{"line":74,"column":27}},"38":{"start":{"line":77,"column":6},"end":{"line":77,"column":57}},"39":{"start":{"line":78,"column":6},"end":{"line":78,"column":65}},"40":{"start":{"line":80,"column":6},"end":{"line":80,"column":24}},"41":{"start":{"line":81,"column":6},"end":{"line":81,"column":27}},"42":{"start":{"line":86,"column":2},"end":{"line":99,"column":21}},"43":{"start":{"line":87,"column":4},"end":{"line":87,"column":19}},"44":{"start":{"line":90,"column":24},"end":{"line":96,"column":6}},"45":{"start":{"line":91,"column":6},"end":{"line":91,"column":39}},"46":{"start":{"line":92,"column":6},"end":{"line":95,"column":7}},"47":{"start":{"line":94,"column":8},"end":{"line":94,"column":23}},"48":{"start":{"line":98,"column":4},"end":{"line":98,"column":31}},"49":{"start":{"line":98,"column":17},"end":{"line":98,"column":30}},"50":{"start":{"line":102,"column":24},"end":{"line":105,"column":3}},"51":{"start":{"line":103,"column":4},"end":{"line":103,"column":24}},"52":{"start":{"line":104,"column":4},"end":{"line":104,"column":25}},"53":{"start":{"line":108,"column":21},"end":{"line":120,"column":3}},"54":{"start":{"line":109,"column":4},"end":{"line":119,"column":5}},"55":{"start":{"line":110,"column":6},"end":{"line":110,"column":23}},"56":{"start":{"line":111,"column":6},"end":{"line":111,"column":33}},"57":{"start":{"line":112,"column":6},"end":{"line":112,"column":27}},"58":{"start":{"line":113,"column":6},"end":{"line":113,"column":67}},"59":{"start":{"line":115,"column":6},"end":{"line":115,"column":51}},"60":{"start":{"line":116,"column":6},"end":{"line":116,"column":79}},"61":{"start":{"line":118,"column":6},"end":{"line":118,"column":24}},"62":{"start":{"line":123,"column":23},"end":{"line":166,"column":3}},"63":{"start":{"line":124,"column":4},"end":{"line":165,"column":6}},"64":{"start":{"line":133,"column":12},"end":{"line":161,"column":13}},"65":{"start":{"line":134,"column":14},"end":{"line":134,"column":31}},"66":{"start":{"line":137,"column":14},"end":{"line":145,"column":15}},"67":{"start":{"line":139,"column":34},"end":{"line":142,"column":31}},"68":{"start":{"line":144,"column":16},"end":{"line":144,"column":39}},"69":{"start":{"line":144,"column":27},"end":{"line":144,"column":39}},"70":{"start":{"line":148,"column":14},"end":{"line":148,"column":41}},"71":{"start":{"line":151,"column":14},"end":{"line":155,"column":15}},"72":{"start":{"line":152,"column":16},"end":{"line":152,"column":73}},"73":{"start":{"line":152,"column":42},"end":{"line":152,"column":71}},"74":{"start":{"line":152,"column":59},"end":{"line":152,"column":70}},"75":{"start":{"line":154,"column":16},"end":{"line":154,"column":66}},"76":{"start":{"line":154,"column":35},"end":{"line":154,"column":64}},"77":{"start":{"line":154,"column":52},"end":{"line":154,"column":63}},"78":{"start":{"line":157,"column":14},"end":{"line":157,"column":57}},"79":{"start":{"line":158,"column":14},"end":{"line":158,"column":79}},"80":{"start":{"line":160,"column":14},"end":{"line":160,"column":32}},"81":{"start":{"line":169,"column":25},"end":{"line":279,"column":3}},"82":{"start":{"line":170,"column":22},"end":{"line":170,"column":43}},"83":{"start":{"line":171,"column":17},"end":{"line":171,"column":42}},"84":{"start":{"line":172,"column":26},"end":{"line":172,"column":51}},"85":{"start":{"line":173,"column":26},"end":{"line":173,"column":93}},"86":{"start":{"line":175,"column":4},"end":{"line":278,"column":6}},"87":{"start":{"line":179,"column":10},"end":{"line":191,"column":11}},"88":{"start":{"line":180,"column":12},"end":{"line":184,"column":14}},"89":{"start":{"line":186,"column":12},"end":{"line":190,"column":15}},"90":{"start":{"line":249,"column":14},"end":{"line":261,"column":15}},"91":{"start":{"line":250,"column":16},"end":{"line":254,"column":18}},"92":{"start":{"line":256,"column":16},"end":{"line":260,"column":19}},"93":{"start":{"line":270,"column":27},"end":{"line":270,"column":59}},"94":{"start":{"line":282,"column":31},"end":{"line":308,"column":3}},"95":{"start":{"line":283,"column":4},"end":{"line":283,"column":49}},"96":{"start":{"line":283,"column":37},"end":{"line":283,"column":49}},"97":{"start":{"line":285,"column":4},"end":{"line":307,"column":6}},"98":{"start":{"line":305,"column":36},"end":{"line":305,"column":66}},"99":{"start":{"line":311,"column":2},"end":{"line":318,"column":3}},"100":{"start":{"line":312,"column":4},"end":{"line":317,"column":6}},"101":{"start":{"line":320,"column":2},"end":{"line":379,"column":4}},"102":{"start":{"line":348,"column":32},"end":{"line":348,"column":39}},"103":{"start":{"line":370,"column":29},"end":{"line":370,"column":67}},"104":{"start":{"line":382,"column":15},"end":{"line":469,"column":2}}},"fnMap":{"0":{"name":"(anonymous_0)","decl":{"start":{"line":11,"column":26},"end":{"line":11,"column":27}},"loc":{"start":{"line":11,"column":46},"end":{"line":380,"column":1}},"line":11},"1":{"name":"(anonymous_1)","decl":{"start":{"line":22,"column":40},"end":{"line":22,"column":41}},"loc":{"start":{"line":22,"column":52},"end":{"line":26,"column":3}},"line":22},"2":{"name":"(anonymous_2)","decl":{"start":{"line":29,"column":35},"end":{"line":29,"column":36}},"loc":{"start":{"line":29,"column":47},"end":{"line":83,"column":3}},"line":29},"3":{"name":"(anonymous_3)","decl":{"start":{"line":41,"column":40},"end":{"line":41,"column":41}},"loc":{"start":{"line":41,"column":48},"end":{"line":41,"column":60}},"line":41},"4":{"name":"(anonymous_4)","decl":{"start":{"line":59,"column":21},"end":{"line":59,"column":22}},"loc":{"start":{"line":59,"column":29},"end":{"line":59,"column":55}},"line":59},"5":{"name":"(anonymous_5)","decl":{"start":{"line":63,"column":18},"end":{"line":63,"column":19}},"loc":{"start":{"line":63,"column":26},"end":{"line":63,"column":64}},"line":63},"6":{"name":"(anonymous_6)","decl":{"start":{"line":64,"column":19},"end":{"line":64,"column":20}},"loc":{"start":{"line":64,"column":27},"end":{"line":64,"column":53}},"line":64},"7":{"name":"(anonymous_7)","decl":{"start":{"line":68,"column":16},"end":{"line":68,"column":17}},"loc":{"start":{"line":68,"column":26},"end":{"line":68,"column":73}},"line":68},"8":{"name":"(anonymous_8)","decl":{"start":{"line":73,"column":41},"end":{"line":73,"column":42}},"loc":{"start":{"line":73,"column":49},"end":{"line":73,"column":62}},"line":73},"9":{"name":"(anonymous_9)","decl":{"start":{"line":86,"column":12},"end":{"line":86,"column":13}},"loc":{"start":{"line":86,"column":18},"end":{"line":99,"column":3}},"line":86},"10":{"name":"(anonymous_10)","decl":{"start":{"line":90,"column":49},"end":{"line":90,"column":50}},"loc":{"start":{"line":90,"column":58},"end":{"line":96,"column":5}},"line":90},"11":{"name":"(anonymous_11)","decl":{"start":{"line":98,"column":11},"end":{"line":98,"column":12}},"loc":{"start":{"line":98,"column":17},"end":{"line":98,"column":30}},"line":98},"12":{"name":"(anonymous_12)","decl":{"start":{"line":102,"column":24},"end":{"line":102,"column":25}},"loc":{"start":{"line":102,"column":36},"end":{"line":105,"column":3}},"line":102},"13":{"name":"(anonymous_13)","decl":{"start":{"line":108,"column":21},"end":{"line":108,"column":22}},"loc":{"start":{"line":108,"column":33},"end":{"line":120,"column":3}},"line":108},"14":{"name":"(anonymous_14)","decl":{"start":{"line":123,"column":23},"end":{"line":123,"column":24}},"loc":{"start":{"line":123,"column":56},"end":{"line":166,"column":3}},"line":123},"15":{"name":"(anonymous_15)","decl":{"start":{"line":132,"column":19},"end":{"line":132,"column":20}},"loc":{"start":{"line":132,"column":31},"end":{"line":162,"column":11}},"line":132},"16":{"name":"(anonymous_16)","decl":{"start":{"line":152,"column":34},"end":{"line":152,"column":35}},"loc":{"start":{"line":152,"column":42},"end":{"line":152,"column":71}},"line":152},"17":{"name":"(anonymous_17)","decl":{"start":{"line":152,"column":54},"end":{"line":152,"column":55}},"loc":{"start":{"line":152,"column":59},"end":{"line":152,"column":70}},"line":152},"18":{"name":"(anonymous_18)","decl":{"start":{"line":154,"column":27},"end":{"line":154,"column":28}},"loc":{"start":{"line":154,"column":35},"end":{"line":154,"column":64}},"line":154},"19":{"name":"(anonymous_19)","decl":{"start":{"line":154,"column":47},"end":{"line":154,"column":48}},"loc":{"start":{"line":154,"column":52},"end":{"line":154,"column":63}},"line":154},"20":{"name":"(anonymous_20)","decl":{"start":{"line":169,"column":25},"end":{"line":169,"column":26}},"loc":{"start":{"line":169,"column":39},"end":{"line":279,"column":3}},"line":169},"21":{"name":"(anonymous_21)","decl":{"start":{"line":178,"column":17},"end":{"line":178,"column":18}},"loc":{"start":{"line":178,"column":23},"end":{"line":192,"column":9}},"line":178},"22":{"name":"(anonymous_22)","decl":{"start":{"line":248,"column":21},"end":{"line":248,"column":22}},"loc":{"start":{"line":248,"column":27},"end":{"line":262,"column":13}},"line":248},"23":{"name":"(anonymous_23)","decl":{"start":{"line":270,"column":21},"end":{"line":270,"column":22}},"loc":{"start":{"line":270,"column":27},"end":{"line":270,"column":59}},"line":270},"24":{"name":"(anonymous_24)","decl":{"start":{"line":282,"column":31},"end":{"line":282,"column":32}},"loc":{"start":{"line":282,"column":37},"end":{"line":308,"column":3}},"line":282},"25":{"name":"(anonymous_25)","decl":{"start":{"line":305,"column":28},"end":{"line":305,"column":29}},"loc":{"start":{"line":305,"column":36},"end":{"line":305,"column":66}},"line":305},"26":{"name":"(anonymous_26)","decl":{"start":{"line":348,"column":22},"end":{"line":348,"column":23}},"loc":{"start":{"line":348,"column":32},"end":{"line":348,"column":39}},"line":348},"27":{"name":"(anonymous_27)","decl":{"start":{"line":370,"column":23},"end":{"line":370,"column":24}},"loc":{"start":{"line":370,"column":29},"end":{"line":370,"column":67}},"line":370}},"branchMap":{"0":{"loc":{"start":{"line":44,"column":6},"end":{"line":75,"column":7}},"type":"if","locations":[{"start":{"line":44,"column":6},"end":{"line":75,"column":7}},{"start":{"line":71,"column":13},"end":{"line":75,"column":7}}],"line":44},"1":{"loc":{"start":{"line":52,"column":8},"end":{"line":52,"column":31}},"type":"if","locations":[{"start":{"line":52,"column":8},"end":{"line":52,"column":31}},{"start":{},"end":{}}],"line":52},"2":{"loc":{"start":{"line":63,"column":26},"end":{"line":63,"column":64}},"type":"binary-expr","locations":[{"start":{"line":63,"column":26},"end":{"line":63,"column":39}},{"start":{"line":63,"column":43},"end":{"line":63,"column":64}}],"line":63},"3":{"loc":{"start":{"line":92,"column":6},"end":{"line":95,"column":7}},"type":"if","locations":[{"start":{"line":92,"column":6},"end":{"line":95,"column":7}},{"start":{},"end":{}}],"line":92},"4":{"loc":{"start":{"line":123,"column":34},"end":{"line":123,"column":51}},"type":"default-arg","locations":[{"start":{"line":123,"column":46},"end":{"line":123,"column":51}}],"line":123},"5":{"loc":{"start":{"line":137,"column":14},"end":{"line":145,"column":15}},"type":"if","locations":[{"start":{"line":137,"column":14},"end":{"line":145,"column":15}},{"start":{},"end":{}}],"line":137},"6":{"loc":{"start":{"line":137,"column":18},"end":{"line":137,"column":42}},"type":"binary-expr","locations":[{"start":{"line":137,"column":18},"end":{"line":137,"column":28}},{"start":{"line":137,"column":32},"end":{"line":137,"column":42}}],"line":137},"7":{"loc":{"start":{"line":144,"column":16},"end":{"line":144,"column":39}},"type":"if","locations":[{"start":{"line":144,"column":16},"end":{"line":144,"column":39}},{"start":{},"end":{}}],"line":144},"8":{"loc":{"start":{"line":151,"column":14},"end":{"line":155,"column":15}},"type":"if","locations":[{"start":{"line":151,"column":14},"end":{"line":155,"column":15}},{"start":{"line":153,"column":21},"end":{"line":155,"column":15}}],"line":151},"9":{"loc":{"start":{"line":179,"column":10},"end":{"line":191,"column":11}},"type":"if","locations":[{"start":{"line":179,"column":10},"end":{"line":191,"column":11}},{"start":{"line":185,"column":17},"end":{"line":191,"column":11}}],"line":179},"10":{"loc":{"start":{"line":216,"column":11},"end":{"line":220,"column":11}},"type":"binary-expr","locations":[{"start":{"line":216,"column":11},"end":{"line":216,"column":20}},{"start":{"line":217,"column":12},"end":{"line":219,"column":19}}],"line":216},"11":{"loc":{"start":{"line":233,"column":20},"end":{"line":235,"column":92}},"type":"cond-expr","locations":[{"start":{"line":233,"column":49},"end":{"line":233,"column":64}},{"start":{"line":234,"column":20},"end":{"line":235,"column":92}}],"line":233},"12":{"loc":{"start":{"line":234,"column":20},"end":{"line":235,"column":92}},"type":"cond-expr","locations":[{"start":{"line":234,"column":51},"end":{"line":234,"column":73}},{"start":{"line":235,"column":20},"end":{"line":235,"column":92}}],"line":234},"13":{"loc":{"start":{"line":235,"column":20},"end":{"line":235,"column":92}},"type":"cond-expr","locations":[{"start":{"line":235,"column":49},"end":{"line":235,"column":71}},{"start":{"line":235,"column":74},"end":{"line":235,"column":92}}],"line":235},"14":{"loc":{"start":{"line":249,"column":14},"end":{"line":261,"column":15}},"type":"if","locations":[{"start":{"line":249,"column":14},"end":{"line":261,"column":15}},{"start":{"line":255,"column":21},"end":{"line":261,"column":15}}],"line":249},"15":{"loc":{"start":{"line":283,"column":4},"end":{"line":283,"column":49}},"type":"if","locations":[{"start":{"line":283,"column":4},"end":{"line":283,"column":49}},{"start":{},"end":{}}],"line":283},"16":{"loc":{"start":{"line":298,"column":22},"end":{"line":298,"column":42}},"type":"binary-expr","locations":[{"start":{"line":298,"column":22},"end":{"line":298,"column":31}},{"start":{"line":298,"column":35},"end":{"line":298,"column":42}}],"line":298},"17":{"loc":{"start":{"line":311,"column":2},"end":{"line":318,"column":3}},"type":"if","locations":[{"start":{"line":311,"column":2},"end":{"line":318,"column":3}},{"start":{},"end":{}}],"line":311},"18":{"loc":{"start":{"line":311,"column":6},"end":{"line":311,"column":28}},"type":"binary-expr","locations":[{"start":{"line":311,"column":6},"end":{"line":311,"column":13}},{"start":{"line":311,"column":17},"end":{"line":311,"column":28}}],"line":311},"19":{"loc":{"start":{"line":323,"column":7},"end":{"line":330,"column":7}},"type":"binary-expr","locations":[{"start":{"line":323,"column":7},"end":{"line":323,"column":16}},{"start":{"line":324,"column":8},"end":{"line":329,"column":15}}],"line":323},"20":{"loc":{"start":{"line":333,"column":7},"end":{"line":340,"column":7}},"type":"binary-expr","locations":[{"start":{"line":333,"column":7},"end":{"line":333,"column":12}},{"start":{"line":334,"column":8},"end":{"line":339,"column":15}}],"line":333}},"s":{"0":0,"1":0,"2":0,"3":0,"4":0,"5":0,"6":0,"7":0,"8":0,"9":0,"10":0,"11":0,"12":0,"13":0,"14":0,"15":0,"16":0,"17":0,"18":0,"19":0,"20":0,"21":0,"22":0,"23":0,"24":0,"25":0,"26":0,"27":0,"28":0,"29":0,"30":0,"31":0,"32":0,"33":0,"34":0,"35":0,"36":0,"37":0,"38":0,"39":0,"40":0,"41":0,"42":0,"43":0,"44":0,"45":0,"46":0,"47":0,"48":0,"49":0,"50":0,"51":0,"52":0,"53":0,"54":0,"55":0,"56":0,"57":0,"58":0,"59":0,"60":0,"61":0,"62":0,"63":0,"64":0,"65":0,"66":0,"67":0,"68":0,"69":0,"70":0,"71":0,"72":0,"73":0,"74":0,"75":0,"76":0,"77":0,"78":0,"79":0,"80":0,"81":0,"82":0,"83":0,"84":0,"85":0,"86":0,"87":0,"88":0,"89":0,"90":0,"91":0,"92":0,"93":0,"94":0,"95":0,"96":0,"97":0,"98":0,"99":0,"100":0,"101":0,"102":0,"103":0,"104":0},"f":{"0":0,"1":0,"2":0,"3":0,"4":0,"5":0,"6":0,"7":0,"8":0,"9":0,"10":0,"11":0,"12":0,"13":0,"14
[...]
115},"17":{"name":"(anonymous_17)","decl":{"start":{"line":116,"column":24},"end":{"line":116,"column":25}},"loc":{"start":{"line":116,"column":35},"end":{"line":116,"column":61}},"line":116},"18":{"name":"(anonymous_18)","decl":{"start":{"line":124,"column":20},"end":{"line":124,"column":21}},"loc":{"start":{"line":124,"column":41},"end":{"line":136,"column":1}},"line":124},"19":{"name":"(anonymous_19)","decl":{"start":{"line":125,"column":21},"end":{"line":125,"column":22}},"loc":{"start":{"line":125,"column":48},"end":{"line":135,"column":3}},"line":125},"20":{"name":"(anonymous_20)","decl":{"start":{"line":130,"column":26},"end":{"line":130,"column":27}},"loc":{"start":{"line":130,"column":32},"end":{"line":130,"column":55}},"line":130},"21":{"name":"(anonymous_21)","decl":{"start":{"line":131,"column":24},"end":{"line":131,"column":25}},"loc":{"start":{"line":131,"column":35},"end":{"line":131,"column":61}},"line":131},"22":{"name":"(anonymous_22)","decl":{"start":{"line":139,"column":19},"end":{"line":139,"column":20}},"loc":{"start":{"line":139,"column":45},"end":{"line":151,"column":1}},"line":139},"23":{"name":"(anonymous_23)","decl":{"start":{"line":140,"column":21},"end":{"line":140,"column":22}},"loc":{"start":{"line":140,"column":48},"end":{"line":150,"column":3}},"line":140},"24":{"name":"(anonymous_24)","decl":{"start":{"line":145,"column":26},"end":{"line":145,"column":27}},"loc":{"start":{"line":145,"column":32},"end":{"line":145,"column":41}},"line":145},"25":{"name":"(anonymous_25)","decl":{"start":{"line":146,"column":24},"end":{"line":146,"column":25}},"loc":{"start":{"line":146,"column":35},"end":{"line":146,"column":61}},"line":146},"26":{"name":"(anonymous_26)","decl":{"start":{"line":154,"column":19},"end":{"line":154,"column":20}},"loc":{"start":{"line":154,"column":58},"end":{"line":167,"column":1}},"line":154},"27":{"name":"(anonymous_27)","decl":{"start":{"line":155,"column":21},"end":{"line":155,"column":22}},"loc":{"start":{"line":155,"column":48},"end":{"line":166,"column":3}},"line":155},"28":{"name":"(anonymous_28)","decl":{"start":{"line":161,"column":26},"end":{"line":161,"column":27}},"loc":{"start":{"line":161,"column":32},"end":{"line":161,"column":55}},"line":161},"29":{"name":"(anonymous_29)","decl":{"start":{"line":162,"column":24},"end":{"line":162,"column":25}},"loc":{"start":{"line":162,"column":35},"end":{"line":162,"column":61}},"line":162},"30":{"name":"(anonymous_30)","decl":{"start":{"line":170,"column":19},"end":{"line":170,"column":20}},"loc":{"start":{"line":170,"column":40},"end":{"line":182,"column":1}},"line":170},"31":{"name":"(anonymous_31)","decl":{"start":{"line":171,"column":21},"end":{"line":171,"column":22}},"loc":{"start":{"line":171,"column":48},"end":{"line":181,"column":3}},"line":171},"32":{"name":"(anonymous_32)","decl":{"start":{"line":176,"column":26},"end":{"line":176,"column":27}},"loc":{"start":{"line":176,"column":32},"end":{"line":176,"column":41}},"line":176},"33":{"name":"(anonymous_33)","decl":{"start":{"line":177,"column":24},"end":{"line":177,"column":25}},"loc":{"start":{"line":177,"column":35},"end":{"line":177,"column":61}},"line":177},"34":{"name":"(anonymous_34)","decl":{"start":{"line":185,"column":26},"end":{"line":185,"column":27}},"loc":{"start":{"line":185,"column":47},"end":{"line":193,"column":1}},"line":185},"35":{"name":"(anonymous_35)","decl":{"start":{"line":196,"column":28},"end":{"line":196,"column":29}},"loc":{"start":{"line":196,"column":40},"end":{"line":240,"column":1}},"line":196},"36":{"name":"(anonymous_36)","decl":{"start":{"line":199,"column":38},"end":{"line":199,"column":39}},"loc":{"start":{"line":199,"column":46},"end":{"line":199,"column":71}},"line":199},"37":{"name":"(anonymous_37)","decl":{"start":{"line":228,"column":6},"end":{"line":228,"column":7}},"loc":{"start":{"line":228,"column":14},"end":{"line":228,"column":72}},"line":228},"38":{"name":"(anonymous_38)","decl":{"start":{"line":243,"column":21},"end":{"line":243,"column":22}},"loc":{"start":{"line":243,"column":41},"end":{"line":245,"column":1}},"line":243},"39":{"name":"(anonymous_39)","decl":{"start":{"line":247,"column":20},"end":{"line":247,"column":21}},"loc":{"start":{"line":247,"column":34},"end":{"line":249,"column":1}},"line":247},"40":{"name":"(anonymous_40)","decl":{"start":{"line":251,"column":24},"end":{"line":251,"column":25}},"loc":{"start":{"line":251,"column":36},"end":{"line":253,"column":1}},"line":251},"41":{"name":"(anonymous_41)","decl":{"start":{"line":255,"column":23},"end":{"line":255,"column":24}},"loc":{"start":{"line":255,"column":37},"end":{"line":257,"column":1}},"line":255},"42":{"name":"(anonymous_42)","decl":{"start":{"line":260,"column":17},"end":{"line":260,"column":18}},"loc":{"start":{"line":260,"column":33},"end":{"line":262,"column":1}},"line":260},"43":{"name":"(anonymous_43)","decl":{"start":{"line":264,"column":16},"end":{"line":264,"column":17}},"loc":{"start":{"line":264,"column":30},"end":{"line":266,"column":1}},"line":264},"44":{"name":"(anonymous_44)","decl":{"start":{"line":268,"column":23},"end":{"line":268,"column":24}},"loc":{"start":{"line":268,"column":41},"end":{"line":270,"column":1}},"line":268},"45":{"name":"(anonymous_45)","decl":{"start":{"line":272,"column":26},"end":{"line":272,"column":27}},"loc":{"start":{"line":272,"column":38},"end":{"line":274,"column":1}},"line":272},"46":{"name":"(anonymous_46)","decl":{"start":{"line":276,"column":19},"end":{"line":276,"column":20}},"loc":{"start":{"line":276,"column":33},"end":{"line":278,"column":1}},"line":276},"47":{"name":"(anonymous_47)","decl":{"start":{"line":281,"column":21},"end":{"line":281,"column":22}},"loc":{"start":{"line":281,"column":43},"end":{"line":283,"column":1}},"line":281},"48":{"name":"(anonymous_48)","decl":{"start":{"line":285,"column":20},"end":{"line":285,"column":21}},"loc":{"start":{"line":285,"column":35},"end":{"line":288,"column":1}},"line":285}},"branchMap":{"0":{"loc":{"start":{"line":23,"column":4},"end":{"line":27,"column":5}},"type":"if","locations":[{"start":{"line":23,"column":4},"end":{"line":27,"column":5}},{"start":{},"end":{}}],"line":23},"1":{"loc":{"start":{"line":45,"column":6},"end":{"line":47,"column":7}},"type":"if","locations":[{"start":{"line":45,"column":6},"end":{"line":47,"column":7}},{"start":{},"end":{}}],"line":45},"2":{"loc":{"start":{"line":49,"column":6},"end":{"line":53,"column":7}},"type":"if","locations":[{"start":{"line":49,"column":6},"end":{"line":53,"column":7}},{"start":{},"end":{}}],"line":49},"3":{"loc":{"start":{"line":55,"column":6},"end":{"line":57,"column":7}},"type":"if","locations":[{"start":{"line":55,"column":6},"end":{"line":57,"column":7}},{"start":{},"end":{}}],"line":55},"4":{"loc":{"start":{"line":59,"column":6},"end":{"line":66,"column":7}},"type":"if","locations":[{"start":{"line":59,"column":6},"end":{"line":66,"column":7}},{"start":{},"end":{}}],"line":59},"5":{"loc":{"start":{"line":72,"column":35},"end":{"line":72,"column":52}},"type":"default-arg","locations":[{"start":{"line":72,"column":42},"end":{"line":72,"column":52}}],"line":72},"6":{"loc":{"start":{"line":228,"column":14},"end":{"line":228,"column":72}},"type":"binary-expr","locations":[{"start":{"line":228,"column":14},"end":{"line":228,"column":41}},{"start":{"line":228,"column":45},"end":{"line":228,"column":72}}],"line":228},"7":{"loc":{"start":{"line":287,"column":9},"end":{"line":287,"column":33}},"type":"cond-expr","locations":[{"start":{"line":287,"column":16},"end":{"line":287,"column":26}},{"start":{"line":287,"column":29},"end":{"line":287,"column":33}}],"line":287}},"s":{"0":0,"1":0,"2":0,"3":0,"4":0,"5":0,"6":0,"7":0,"8":0,"9":0,"10":0,"11":0,"12":0,"13":0,"14":0,"15":0,"16":0,"17":0,"18":0,"19":0,"20":0,"21":0,"22":0,"23":0,"24":0,"25":0,"26":0,"27":0,"28":0,"29":0,"30":0,"31":0,"32":0,"33":0,"34":0,"35":0,"36":0,"37":0,"38":0,"39":0,"40":0,"41":0,"42":0,"43":0,"44":0,"45":0,"46":0,"47":0,"48":0,"49":0,"50":0,"51":0,"52":0,"53":0,"54":0,"55":0,"56":0,"57":0,"58":0,"59":0,"60":0,"61":0,"62":0,"63":0,"64":0,"65":0,"66":0,"67":0,"68":0,"69":0,"70":0,"71":0,"72":0,"73":0,"74":0,"75":0,"76":0,"77":0,"78":0,"79":0,"80":0,"81":0,"82":0,"83":0,"84":0,"85":0,"86":0,"87":0,"88":0,"89":0,"90":0,"91":0,"92":0,"93":0,"94":0,"95":0,"96":0,"97":0,"98":0,"99":0,"100":0,"101":0,"102":0,"103":0,"104":0,"105":0,"106":0,"107":0,"108":0,"109":0,"110":0,"111":0,"112":0,"113":0,"114":0,"115":0,"116":0,"117":0,"118":0,"119":0,"120":0,"121":0,"122":0,"123":0,"124":0,"125":0,"126":0,"127":0,"128":0,"129":0,"130":0,"131":0,"132":0,"133":0,"134":0,"135":0,"136":0,"137":0,"138":0,"139":0,"140":0,"141":0,"142":0,"143":0,"144":0,"145":0,"146":0,"147":0,"148":0,"149":0,"150":0},"f":{"0":0,"1":0,"2":0,"3":0,"4":0,"5":0,"6":0,"7":0,"8":0,"9":0,"10":0,"11":0,"12":0,"13":0,"14":0,"15":0,"16":0,"17":0,"18":0,"19":0,"20":0,"21":0,"22":0,"23":0,"24":0,"25":0,"26":0,"27":0,"28":0,"29":0,"30":0,"31":0,"32":0,"33":0,"34":0,"35":0,"36":0,"37":0,"38":0,"39":0,"40":0,"41":0,"42":0,"43":0,"44":0,"45":0,"46":0,"47":0,"48":0},"b":{"0":[0,0],"1":[0,0],"2":[0,0],"3":[0,0],"4":[0,0],"5":[0],"6":[0,0],"7":[0,0]}}
,"/Users/selezmassozi/CascadeProjects/Groundschool AI/src/web/serviceWorkerRegistration.js": {"path":"/Users/selezmassozi/CascadeProjects/Groundschool AI/src/web/serviceWorkerRegistration.js","statementMap":{"0":{"start":{"line":11,"column":20},"end":{"line":23,"column":1}},"1":{"start":{"line":12,"column":2},"end":{"line":14,"column":3}},"2":{"start":{"line":13,"column":4},"end":{"line":13,"column":17}},"3":{"start":{"line":16,"column":2},"end":{"line":22,"column":4}},"4":{"start":{"line":26,"column":2},"end":{"line":56,"column":3}},"5":{"start":{"line":28,"column":22},"end":{"line":28,"column":75}},"6":{"start":{"line":29,"column":4},"end":{"line":34,"column":5}},"7":{"start":{"line":33,"column":6},"end":{"line":33,"column":13}},"8":{"start":{"line":36,"column":4},"end":{"line":55,"column":7}},"9":{"start":{"line":37,"column":20},"end":{"line":37,"column":65}},"10":{"start":{"line":39,"column":6},"end":{"line":54,"column":7}},"11":{"start":{"line":41,"column":8},"end":{"line":41,"column":47}},"12":{"start":{"line":45,"column":8},"end":{"line":50,"column":11}},"13":{"start":{"line":46,"column":10},"end":{"line":49,"column":12}},"14":{"start":{"line":53,"column":8},"end":{"line":53,"column":39}},"15":{"start":{"line":60,"column":2},"end":{"line":100,"column":7}},"16":{"start":{"line":63,"column":6},"end":{"line":96,"column":8}},"17":{"start":{"line":64,"column":33},"end":{"line":64,"column":56}},"18":{"start":{"line":65,"column":8},"end":{"line":67,"column":9}},"19":{"start":{"line":66,"column":10},"end":{"line":66,"column":17}},"20":{"start":{"line":68,"column":8},"end":{"line":95,"column":10}},"21":{"start":{"line":69,"column":10},"end":{"line":94,"column":11}},"22":{"start":{"line":70,"column":12},"end":{"line":93,"column":13}},"23":{"start":{"line":74,"column":14},"end":{"line":77,"column":16}},"24":{"start":{"line":80,"column":14},"end":{"line":82,"column":15}},"25":{"start":{"line":81,"column":16},"end":{"line":81,"column":46}},"26":{"start":{"line":87,"column":14},"end":{"line":87,"column":64}},"27":{"start":{"line":90,"column":14},"end":{"line":92,"column":15}},"28":{"start":{"line":91,"column":16},"end":{"line":91,"column":47}},"29":{"start":{"line":99,"column":6},"end":{"line":99,"column":72}},"30":{"start":{"line":105,"column":2},"end":{"line":128,"column":7}},"31":{"start":{"line":110,"column":26},"end":{"line":110,"column":62}},"32":{"start":{"line":111,"column":6},"end":{"line":124,"column":7}},"33":{"start":{"line":116,"column":8},"end":{"line":120,"column":11}},"34":{"start":{"line":117,"column":10},"end":{"line":119,"column":13}},"35":{"start":{"line":118,"column":12},"end":{"line":118,"column":37}},"36":{"start":{"line":123,"column":8},"end":{"line":123,"column":39}},"37":{"start":{"line":127,"column":6},"end":{"line":127,"column":83}},"38":{"start":{"line":132,"column":2},"end":{"line":140,"column":3}},"39":{"start":{"line":133,"column":4},"end":{"line":139,"column":9}},"40":{"start":{"line":135,"column":8},"end":{"line":135,"column":34}},"41":{"start":{"line":138,"column":8},"end":{"line":138,"column":37}}},"fnMap":{"0":{"name":"(anonymous_0)","decl":{"start":{"line":11,"column":20},"end":{"line":11,"column":21}},"loc":{"start":{"line":11,"column":26},"end":{"line":23,"column":1}},"line":11},"1":{"name":"register","decl":{"start":{"line":25,"column":16},"end":{"line":25,"column":24}},"loc":{"start":{"line":25,"column":33},"end":{"line":57,"column":1}},"line":25},"2":{"name":"(anonymous_2)","decl":{"start":{"line":36,"column":36},"end":{"line":36,"column":37}},"loc":{"start":{"line":36,"column":42},"end":{"line":55,"column":5}},"line":36},"3":{"name":"(anonymous_3)","decl":{"start":{"line":45,"column":43},"end":{"line":45,"column":44}},"loc":{"start":{"line":45,"column":49},"end":{"line":50,"column":9}},"line":45},"4":{"name":"registerValidSW","decl":{"start":{"line":59,"column":9},"end":{"line":59,"column":24}},"loc":{"start":{"line":59,"column":40},"end":{"line":101,"column":1}},"line":59},"5":{"name":"(anonymous_5)","decl":{"start":{"line":62,"column":10},"end":{"line":62,"column":11}},"loc":{"start":{"line":62,"column":28},"end":{"line":97,"column":5}},"line":62},"6":{"name":"(anonymous_6)","decl":{"start":{"line":63,"column":35},"end":{"line":63,"column":36}},"loc":{"start":{"line":63,"column":41},"end":{"line":96,"column":7}},"line":63},"7":{"name":"(anonymous_7)","decl":{"start":{"line":68,"column":41},"end":{"line":68,"column":42}},"loc":{"start":{"line":68,"column":47},"end":{"line":95,"column":9}},"line":68},"8":{"name":"(anonymous_8)","decl":{"start":{"line":98,"column":11},"end":{"line":98,"column":12}},"loc":{"start":{"line":98,"column":22},"end":{"line":100,"column":5}},"line":98},"9":{"name":"checkValidServiceWorker","decl":{"start":{"line":103,"column":9},"end":{"line":103,"column":32}},"loc":{"start":{"line":103,"column":48},"end":{"line":129,"column":1}},"line":103},"10":{"name":"(anonymous_10)","decl":{"start":{"line":108,"column":10},"end":{"line":108,"column":11}},"loc":{"start":{"line":108,"column":24},"end":{"line":125,"column":5}},"line":108},"11":{"name":"(anonymous_11)","decl":{"start":{"line":116,"column":43},"end":{"line":116,"column":44}},"loc":{"start":{"line":116,"column":61},"end":{"line":120,"column":9}},"line":116},"12":{"name":"(anonymous_12)","decl":{"start":{"line":117,"column":41},"end":{"line":117,"column":42}},"loc":{"start":{"line":117,"column":47},"end":{"line":119,"column":11}},"line":117},"13":{"name":"(anonymous_13)","decl":{"start":{"line":126,"column":11},"end":{"line":126,"column":12}},"loc":{"start":{"line":126,"column":17},"end":{"line":128,"column":5}},"line":126},"14":{"name":"unregister","decl":{"start":{"line":131,"column":16},"end":{"line":131,"column":26}},"loc":{"start":{"line":131,"column":29},"end":{"line":141,"column":1}},"line":131},"15":{"name":"(anonymous_15)","decl":{"start":{"line":134,"column":12},"end":{"line":134,"column":13}},"loc":{"start":{"line":134,"column":30},"end":{"line":136,"column":7}},"line":134},"16":{"name":"(anonymous_16)","decl":{"start":{"line":137,"column":13},"end":{"line":137,"column":14}},"loc":{"start":{"line":137,"column":24},"end":{"line":139,"column":7}},"line":137}},"branchMap":{"0":{"loc":{"start":{"line":12,"column":2},"end":{"line":14,"column":3}},"type":"if","locations":[{"start":{"line":12,"column":2},"end":{"line":14,"column":3}},{"start":{},"end":{}}],"line":12},"1":{"loc":{"start":{"line":12,"column":6},"end":{"line":12,"column":55}},"type":"binary-expr","locations":[{"start":{"line":12,"column":6},"end":{"line":12,"column":35}},{"start":{"line":12,"column":39},"end":{"line":12,"column":55}}],"line":12},"2":{"loc":{"start":{"line":17,"column":4},"end":{"line":21,"column":94}},"type":"binary-expr","locations":[{"start":{"line":17,"column":4},"end":{"line":17,"column":44}},{"start":{"line":19,"column":6},"end":{"line":19,"column":42}},{"start":{"line":21,"column":6},"end":{"line":21,"column":94}}],"line":17},"3":{"loc":{"start":{"line":26,"column":2},"end":{"line":56,"column":3}},"type":"if","locations":[{"start":{"line":26,"column":2},"end":{"line":56,"column":3}},{"start":{},"end":{}}],"line":26},"4":{"loc":{"start":{"line":26,"column":6},"end":{"line":26,"column":75}},"type":"binary-expr","locations":[{"start":{"line":26,"column":6},"end":{"line":26,"column":43}},{"start":{"line":26,"column":47},"end":{"line":26,"column":75}}],"line":26},"5":{"loc":{"start":{"line":29,"column":4},"end":{"line":34,"column":5}},"type":"if","locations":[{"start":{"line":29,"column":4},"end":{"line":34,"column":5}},{"start":{},"end":{}}],"line":29},"6":{"loc":{"start":{"line":39,"column":6},"end":{"line":54,"column":7}},"type":"if","locations":[{"start":{"line":39,"column":6},"end":{"line":54,"column":7}},{"start":{"line":51,"column":13},"end":{"line":54,"column":7}}],"line":39},"7":{"loc":{"start":{"line":65,"column":8},"end":{"line":67,"column":9}},"type":"if","locations":[{"start":{"line":65,"column":8},"end":{"line":67,"column":9}},{"start":{},"end":{}}],"line":65},"8":{"loc":{"start":{"line":69,"column":10},"end":{"line":94,"column":11}},"type":"if","locations":[{"start":{"line":69,"column":10},"end":{"line":94,"column":11}},{"start":{},"end":{}}],"line":69},"9":{"loc":{"start":{"line":70,"column":12},"end":{"line":93,"column":13}},"type":"if","locations":[{"start":{"line":70,"column":12},"end":{"line":93,"column":13}},{"start":{"line":83,"column":19},"end":{"line":93,"column":13}}],"line":70},"10":{"loc":{"start":{"line":80,"column":14},"end":{"line":82,"column":15}},"type":"if","locations":[{"start":{"line":80,"column":14},"end":{"line":82,"column":15}},{"start":{},"end":{}}],"line":80},"11":{"loc":{"start":{"line":80,"column":18},"end":{"line":80,"column":43}},"type":"binary-expr","locations":[{"start":{"line":80,"column":18},"end":{"line":80,"column":24}},{"start":{"line":80,"column":28},"end":{"line":80,"column":43}}],"line":80},"12":{"loc":{"start":{"line":90,"column":14},"end":{"line":92,"column":15}},"type":"if","locations":[{"start":{"line":90,"column":14},"end":{"line":92,"column":15}},{"start":{},"end":{}}],"line":90},"13":{"loc":{"start":{"line":90,"column":18},"end":{"line":90,"column":44}},"type":"binary-expr","locations":[{"start":{"line":90,"column":18},"end":{"line":90,"column":24}},{"start":{"line":90,"column":28},"end":{"line":90,"column":44}}],"line":90},"14":{"loc":{"start":{"line":111,"column":6},"end":{"line":124,"column":7}},"type":"if","locations":[{"start":{"line":111,"column":6},"end":{"line":124,"column":7}},{"start":{"line":121,"column":13},"end":{"line":124,"column":7}}],"line":111},"15":{"loc":{"start":{"line":112,"column":8},"end":{"line":113,"column":73}},"type":"binary-expr","locations":[{"start":{"line":112,"column":8},"end":{"line":112,"column":31}},{"start":{"line":113,"column":9},"end":{"line":113,"column":28}},{"start":{"line":113,"column":32},"end":{"line":113,"column":72}}],"line":112},"16":{"loc":{"start":{"line":132,"column":2},"end":{"line":140,"column":3}},"type":"if","locations":[{"start":{"line":132,"column":2},"end":{"line":140,"column":3}},{"start":{},"end":{}}],"line":132}},"s":{"0":1,"1":0,"2":0,"3":0,"4":0,"5":0,"6":0,"7":0,"8":0,"9":0,"10":0,"11":0,"12":0,"13":0,"14":0,"15":0,"16":0,"17":0,"18":0,"19":0,"20":0,"21":0,"22":0,"23":0,"24":0,"25":0,"26":0,"27":0,"28":0,"29":0,"30":0,"31":0,"32":0,"33":0,"34":0,"35":0,"36":0,"37":0,"38":0,"39":0,"40":0,"41":0},"f":{"0":0,"1":0,"2":0,"3":0,"4":0,"5":0,"6":0,"7":0,"8":0,"9":0,"10":0,"11":0,"12":0,"13":0,"14":0,"15":0,"16":0},"b":{"0":[0,0],"1":[0,0],"2":[0,0,0],"3":[0,0],"4":[0,0],"5":[0,0],"6":[0,0],"7":[0,0],"8":[0,0],"9":[0,0],"10":[0,0],"11":[0,0],"12":[0,0],"13":[0,0],"14":[0,0],"15":[0,0,0],"16":[0,0]},"_coverageSchema":"1a1c01bbd47fc00a2c39e90264f33305004495a9","hash":"21ef7849edc4c6dd91375ad53c32731e53cfe82b"}
}
