TN:
SF:src/components/ErrorBoundary.js
FN:10,(anonymous_0)
FN:44,(anonymous_1)
FN:49,(anonymous_2)
FN:54,(anonymous_3)
FN:62,(anonymous_4)
FN:66,(anonymous_5)
FNF:6
FNH:6
FNDA:4,(anonymous_0)
FNDA:4,(anonymous_1)
FNDA:3,(anonymous_2)
FNDA:3,(anonymous_3)
FNDA:1,(anonymous_4)
FNDA:10,(anonymous_5)
DA:10,1
DA:11,4
DA:13,4
DA:45,4
DA:46,4
DA:51,3
DA:56,3
DA:62,4
DA:63,1
DA:67,10
DA:69,4
DA:78,6
DA:82,1
LF:13
LH:13
BRDA:22,0,0,4
BRDA:22,0,1,4
BRDA:67,1,0,4
BRDA:67,1,1,6
BRF:4
BRH:4
end_of_record
TN:
SF:src/components/NetworkErrorBoundary.js
FN:12,(anonymous_0)
FN:52,(anonymous_1)
FN:57,(anonymous_2)
FN:58,(anonymous_3)
FN:66,(anonymous_4)
FN:75,(anonymous_5)
FN:79,(anonymous_6)
FN:94,(anonymous_7)
FN:118,(anonymous_8)
FNF:9
FNH:0
FNDA:0,(anonymous_0)
FNDA:0,(anonymous_1)
FNDA:0,(anonymous_2)
FNDA:0,(anonymous_3)
FNDA:0,(anonymous_4)
FNDA:0,(anonymous_5)
FNDA:0,(anonymous_6)
FNDA:0,(anonymous_7)
FNDA:0,(anonymous_8)
DA:12,0
DA:13,0
DA:15,0
DA:52,0
DA:53,0
DA:54,0
DA:57,0
DA:58,0
DA:59,0
DA:60,0
DA:63,0
DA:66,0
DA:67,0
DA:70,0
DA:71,0
DA:75,0
DA:79,0
DA:81,0
DA:82,0
DA:85,0
DA:88,0
DA:89,0
DA:94,0
DA:95,0
DA:99,0
DA:101,0
DA:102,0
DA:106,0
DA:116,0
DA:119,0
DA:120,0
DA:124,0
DA:130,0
LF:33
LH:0
BRDA:18,0,0,0
BRDA:18,0,1,0
BRDA:23,1,0,0
BRDA:23,1,1,0
BRDA:26,2,0,0
BRDA:26,2,1,0
BRDA:30,3,0,0
BRDA:30,3,1,0
BRDA:30,3,2,0
BRDA:70,4,0,0
BRDA:70,4,1,0
BRDA:70,5,0,0
BRDA:70,5,1,0
BRDA:88,6,0,0
BRDA:88,6,1,0
BRDA:99,7,0,0
BRDA:99,7,1,0
BRDA:99,8,0,0
BRDA:99,8,1,0
BRDA:101,9,0,0
BRDA:101,9,1,0
BRDA:119,10,0,0
BRDA:119,10,1,0
BRF:23
BRH:0
end_of_record
TN:
SF:src/components/ThemedButton.js
FN:5,(anonymous_0)
FNF:1
FNH:1
FNDA:3,(anonymous_0)
DA:5,1
DA:6,3
DA:7,3
DA:22,1
LF:4
LH:4
BRDA:13,0,0,1
BRDA:13,0,1,2
BRF:2
BRH:2
end_of_record
TN:
SF:src/contexts/AuthContext.js
FN:11,(anonymous_0)
FN:12,(anonymous_1)
FN:13,(anonymous_2)
FN:14,(anonymous_3)
FN:15,(anonymous_4)
FN:18,(anonymous_5)
FN:24,(anonymous_6)
FN:41,(anonymous_7)
FN:50,(anonymous_8)
FN:58,(anonymous_9)
FN:68,(anonymous_10)
FN:94,(anonymous_11)
FN:106,(anonymous_12)
FN:154,(anonymous_13)
FN:170,(anonymous_14)
FN:189,(anonymous_15)
FNF:16
FNH:5
FNDA:0,(anonymous_0)
FNDA:0,(anonymous_1)
FNDA:0,(anonymous_2)
FNDA:0,(anonymous_3)
FNDA:0,(anonymous_4)
FNDA:3,(anonymous_5)
FNDA:2,(anonymous_6)
FNDA:1,(anonymous_7)
FNDA:0,(anonymous_8)
FNDA:1,(anonymous_9)
FNDA:0,(anonymous_10)
FNDA:0,(anonymous_11)
FNDA:0,(anonymous_12)
FNDA:1,(anonymous_13)
FNDA:0,(anonymous_14)
FNDA:0,(anonymous_15)
DA:9,1
DA:18,1
DA:19,3
DA:20,3
DA:21,3
DA:24,3
DA:25,2
DA:28,2
DA:29,1
DA:30,1
DA:35,1
DA:36,1
DA:41,3
DA:42,1
DA:43,1
DA:46,1
DA:47,1
DA:50,1
DA:51,0
DA:52,0
DA:55,1
DA:58,1
DA:60,0
DA:61,0
DA:62,0
DA:63,0
DA:68,3
DA:69,0
DA:70,0
DA:72,0
DA:77,0
DA:78,0
DA:82,0
DA:85,0
DA:86,0
DA:87,0
DA:89,0
DA:90,0
DA:94,3
DA:95,0
DA:96,0
DA:99,0
DA:100,0
DA:101,0
DA:103,0
DA:104,0
DA:105,0
DA:106,0
DA:108,0
DA:109,0
DA:110,0
DA:114,0
DA:118,0
DA:123,0
DA:125,0
DA:126,0
DA:127,0
DA:128,0
DA:129,0
DA:131,0
DA:134,0
DA:135,0
DA:139,0
DA:140,0
DA:142,0
DA:145,0
DA:146,0
DA:147,0
DA:149,0
DA:150,0
DA:154,3
DA:155,1
DA:156,1
DA:157,1
DA:162,1
DA:163,1
DA:165,0
DA:166,0
DA:170,3
DA:171,0
DA:172,0
DA:173,0
DA:175,0
DA:176,0
DA:177,0
DA:180,0
DA:181,0
DA:182,0
DA:184,0
DA:185,0
DA:189,3
DA:190,0
DA:191,0
DA:192,0
DA:194,0
DA:195,0
DA:196,0
DA:199,0
DA:200,0
DA:202,0
DA:203,0
DA:207,3
LF:102
LH:31
BRDA:28,0,0,1
BRDA:28,0,1,1
BRDA:32,1,0,1
BRDA:32,1,1,0
BRDA:47,2,0,1
BRDA:47,2,1,1
BRDA:52,3,0,0
BRDA:52,3,1,0
BRDA:77,4,0,0
BRDA:77,4,1,0
BRDA:105,5,0,0
BRDA:105,5,1,0
BRDA:108,6,0,0
BRDA:108,6,1,0
BRDA:123,7,0,0
BRDA:123,7,1,0
BRDA:127,8,0,0
BRDA:127,8,1,0
BRDA:175,9,0,0
BRDA:175,9,1,0
BRDA:194,10,0,0
BRDA:194,10,1,0
BRF:22
BRH:5
end_of_record
TN:
SF:src/contexts/ThemeContext.js
FN:45,(anonymous_0)
FN:48,(anonymous_1)
FN:49,(anonymous_2)
FN:63,(anonymous_3)
FNF:4
FNH:0
FNDA:0,(anonymous_0)
FNDA:0,(anonymous_1)
FNDA:0,(anonymous_2)
FNDA:0,(anonymous_3)
DA:4,0
DA:42,0
DA:45,0
DA:46,0
DA:48,0
DA:49,0
DA:55,0
DA:63,0
DA:64,0
DA:65,0
DA:66,0
DA:68,0
LF:12
LH:0
BRDA:45,0,0,0
BRDA:65,1,0,0
BRDA:65,1,1,0
BRF:3
BRH:0
end_of_record
TN:
SF:src/lib/supabaseClient.js
FNF:0
FNH:0
DA:3,0
DA:4,0
DA:6,0
LF:3
LH:0
BRF:0
BRH:0
end_of_record
TN:
SF:src/navigation/index.js
FN:26,(anonymous_0)
FN:26,(anonymous_1)
FN:36,Navigation
FN:42,(anonymous_3)
FN:51,(anonymous_4)
FN:76,(anonymous_5)
FNF:6
FNH:0
FNDA:0,(anonymous_0)
FNDA:0,(anonymous_1)
FNDA:0,Navigation
FNDA:0,(anonymous_3)
FNDA:0,(anonymous_4)
FNDA:0,(anonymous_5)
DA:23,0
DA:26,0
DA:27,0
DA:37,0
DA:38,0
DA:39,0
DA:42,0
DA:43,0
DA:45,0
DA:46,0
DA:51,0
DA:52,0
DA:53,0
DA:55,0
DA:57,0
DA:64,0
DA:68,0
DA:69,0
DA:72,0
DA:77,0
LF:20
LH:0
BRDA:43,0,0,0
BRDA:43,0,1,0
BRDA:55,1,0,0
BRDA:55,1,1,0
BRDA:58,2,0,0
BRDA:58,2,1,0
BRDA:59,3,0,0
BRDA:59,3,1,0
BRDA:68,4,0,0
BRDA:68,4,1,0
BRDA:89,5,0,0
BRDA:89,5,1,0
BRF:12
BRH:0
end_of_record
TN:
SF:src/screens/AnalyticsScreen.js
FN:10,(anonymous_0)
FN:15,(anonymous_1)
FN:16,(anonymous_2)
FN:25,(anonymous_3)
FN:31,(anonymous_4)
FN:41,(anonymous_5)
FN:47,(anonymous_6)
FN:62,(anonymous_7)
FN:73,(anonymous_8)
FNF:9
FNH:0
FNDA:0,(anonymous_0)
FNDA:0,(anonymous_1)
FNDA:0,(anonymous_2)
FNDA:0,(anonymous_3)
FNDA:0,(anonymous_4)
FNDA:0,(anonymous_5)
FNDA:0,(anonymous_6)
FNDA:0,(anonymous_7)
FNDA:0,(anonymous_8)
DA:10,0
DA:11,0
DA:12,0
DA:13,0
DA:15,0
DA:16,0
DA:18,0
DA:22,0
DA:24,0
DA:25,0
DA:26,0
DA:27,0
DA:28,0
DA:29,0
DA:31,0
DA:35,0
DA:37,0
DA:41,0
DA:42,0
DA:43,0
DA:44,0
DA:46,0
DA:47,0
DA:48,0
DA:49,0
DA:50,0
DA:51,0
DA:52,0
DA:53,0
DA:55,0
DA:58,0
DA:62,0
DA:63,0
DA:69,0
DA:73,0
DA:82,0
LF:36
LH:0
BRDA:22,0,0,0
BRDA:22,0,1,0
BRDA:22,1,0,0
BRDA:22,1,1,0
BRDA:26,2,0,0
BRDA:26,2,1,0
BRDA:27,3,0,0
BRDA:27,3,1,0
BRDA:29,4,0,0
BRDA:29,4,1,0
BRDA:42,5,0,0
BRDA:42,5,1,0
BRDA:52,6,0,0
BRDA:52,6,1,0
BRF:14
BRH:0
end_of_record
TN:
SF:src/screens/HomeScreen.js
FN:7,(anonymous_0)
FNF:1
FNH:0
FNDA:0,(anonymous_0)
DA:7,0
DA:8,0
DA:9,0
DA:11,0
DA:19,0
LF:5
LH:0
BRDA:13,0,0,0
BRDA:13,0,1,0
BRF:2
BRH:0
end_of_record
TN:
SF:src/screens/ProfileScreen.js
FN:7,(anonymous_0)
FN:13,(anonymous_1)
FNF:2
FNH:0
FNDA:0,(anonymous_0)
FNDA:0,(anonymous_1)
DA:7,0
DA:8,0
DA:9,0
DA:10,0
DA:11,0
DA:13,0
DA:14,0
DA:15,0
DA:16,0
DA:17,0
DA:18,0
DA:19,0
DA:21,0
DA:25,0
DA:36,0
LF:15
LH:0
BRDA:18,0,0,0
BRDA:18,0,1,0
BRDA:29,1,0,0
BRDA:29,1,1,0
BRDA:30,2,0,0
BRDA:30,2,1,0
BRF:6
BRH:0
end_of_record
TN:
SF:src/screens/QuizCreationScreen.js
FN:12,(anonymous_0)
FN:31,(anonymous_1)
FN:38,(anonymous_2)
FN:39,(anonymous_3)
FN:52,(anonymous_4)
FN:62,(anonymous_5)
FN:79,(anonymous_6)
FN:83,(anonymous_7)
FN:87,(anonymous_8)
FN:109,(anonymous_9)
FN:156,(anonymous_10)
FN:225,(anonymous_11)
FN:234,(anonymous_12)
FN:244,(anonymous_13)
FN:255,(anonymous_14)
FN:299,(anonymous_15)
FNF:16
FNH:0
FNDA:0,(anonymous_0)
FNDA:0,(anonymous_1)
FNDA:0,(anonymous_2)
FNDA:0,(anonymous_3)
FNDA:0,(anonymous_4)
FNDA:0,(anonymous_5)
FNDA:0,(anonymous_6)
FNDA:0,(anonymous_7)
FNDA:0,(anonymous_8)
FNDA:0,(anonymous_9)
FNDA:0,(anonymous_10)
FNDA:0,(anonymous_11)
FNDA:0,(anonymous_12)
FNDA:0,(anonymous_13)
FNDA:0,(anonymous_14)
FNDA:0,(anonymous_15)
DA:12,0
DA:13,0
DA:14,0
DA:15,0
DA:16,0
DA:17,0
DA:18,0
DA:19,0
DA:20,0
DA:21,0
DA:22,0
DA:23,0
DA:24,0
DA:25,0
DA:26,0
DA:27,0
DA:28,0
DA:31,0
DA:32,0
DA:33,0
DA:34,0
DA:38,0
DA:39,0
DA:40,0
DA:42,0
DA:45,0
DA:50,0
DA:52,0
DA:53,0
DA:54,0
DA:57,0
DA:58,0
DA:59,0
DA:62,0
DA:65,0
DA:66,0
DA:68,0
DA:72,0
DA:76,0
DA:79,0
DA:80,0
DA:83,0
DA:87,0
DA:89,0
DA:90,0
DA:91,0
DA:94,0
DA:95,0
DA:96,0
DA:100,0
DA:101,0
DA:102,0
DA:103,0
DA:106,0
DA:107,0
DA:108,0
DA:109,0
DA:110,0
DA:111,0
DA:112,0
DA:115,0
DA:117,0
DA:120,0
DA:122,0
DA:125,0
DA:138,0
DA:150,0
DA:152,0
DA:153,0
DA:156,0
DA:157,0
DA:160,0
DA:164,0
DA:166,0
DA:168,0
DA:169,0
DA:173,0
DA:184,0
DA:185,0
DA:188,0
DA:191,0
DA:192,0
DA:204,0
DA:206,0
DA:208,0
DA:211,0
DA:212,0
DA:215,0
DA:216,0
DA:218,0
DA:219,0
DA:220,0
DA:225,0
DA:226,0
DA:227,0
DA:228,0
DA:229,0
DA:230,0
DA:234,0
DA:235,0
DA:242,0
DA:245,0
DA:255,0
DA:279,0
DA:300,0
DA:428,0
LF:106
LH:0
BRDA:50,0,0,0
BRDA:50,0,1,0
BRDA:50,1,0,0
BRDA:50,1,1,0
BRDA:52,2,0,0
BRDA:52,2,1,0
BRDA:65,3,0,0
BRDA:65,3,1,0
BRDA:89,4,0,0
BRDA:89,4,1,0
BRDA:94,5,0,0
BRDA:94,5,1,0
BRDA:108,6,0,0
BRDA:108,6,1,0
BRDA:111,7,0,0
BRDA:111,7,1,0
BRDA:120,8,0,0
BRDA:120,8,1,0
BRDA:168,9,0,0
BRDA:168,9,1,0
BRDA:168,10,0,0
BRDA:168,10,1,0
BRDA:184,11,0,0
BRDA:184,11,1,0
BRDA:184,12,0,0
BRDA:184,12,1,0
BRDA:185,13,0,0
BRDA:185,13,1,0
BRDA:197,14,0,0
BRDA:197,14,1,0
BRDA:198,15,0,0
BRDA:198,15,1,0
BRDA:199,16,0,0
BRDA:199,16,1,0
BRDA:206,17,0,0
BRDA:206,17,1,0
BRDA:219,18,0,0
BRDA:219,18,1,0
BRDA:228,19,0,0
BRDA:228,19,1,0
BRDA:249,20,0,0
BRDA:249,20,1,0
BRDA:260,21,0,0
BRDA:260,21,1,0
BRDA:266,22,0,0
BRDA:266,22,1,0
BRDA:285,23,0,0
BRDA:285,23,1,0
BRDA:298,24,0,0
BRDA:298,24,1,0
BRDA:361,25,0,0
BRDA:361,25,1,0
BRDA:367,26,0,0
BRDA:367,26,1,0
BRDA:374,27,0,0
BRDA:374,27,1,0
BRDA:381,28,0,0
BRDA:381,28,1,0
BRDA:389,29,0,0
BRDA:389,29,1,0
BRDA:416,30,0,0
BRDA:416,30,1,0
BRF:62
BRH:0
end_of_record
TN:
SF:src/screens/QuizHistoryScreen.js
FN:11,(anonymous_0)
FN:22,(anonymous_1)
FN:29,(anonymous_2)
FN:41,(anonymous_3)
FN:59,(anonymous_4)
FN:63,(anonymous_5)
FN:64,(anonymous_6)
FN:68,(anonymous_7)
FN:73,(anonymous_8)
FN:86,(anonymous_9)
FN:90,(anonymous_10)
FN:98,(anonymous_11)
FN:102,(anonymous_12)
FN:108,(anonymous_13)
FN:123,(anonymous_14)
FN:132,(anonymous_15)
FN:152,(anonymous_16)
FN:152,(anonymous_17)
FN:154,(anonymous_18)
FN:154,(anonymous_19)
FN:169,(anonymous_20)
FN:178,(anonymous_21)
FN:248,(anonymous_22)
FN:270,(anonymous_23)
FN:282,(anonymous_24)
FN:305,(anonymous_25)
FN:348,(anonymous_26)
FN:370,(anonymous_27)
FNF:28
FNH:0
FNDA:0,(anonymous_0)
FNDA:0,(anonymous_1)
FNDA:0,(anonymous_2)
FNDA:0,(anonymous_3)
FNDA:0,(anonymous_4)
FNDA:0,(anonymous_5)
FNDA:0,(anonymous_6)
FNDA:0,(anonymous_7)
FNDA:0,(anonymous_8)
FNDA:0,(anonymous_9)
FNDA:0,(anonymous_10)
FNDA:0,(anonymous_11)
FNDA:0,(anonymous_12)
FNDA:0,(anonymous_13)
FNDA:0,(anonymous_14)
FNDA:0,(anonymous_15)
FNDA:0,(anonymous_16)
FNDA:0,(anonymous_17)
FNDA:0,(anonymous_18)
FNDA:0,(anonymous_19)
FNDA:0,(anonymous_20)
FNDA:0,(anonymous_21)
FNDA:0,(anonymous_22)
FNDA:0,(anonymous_23)
FNDA:0,(anonymous_24)
FNDA:0,(anonymous_25)
FNDA:0,(anonymous_26)
FNDA:0,(anonymous_27)
DA:11,0
DA:12,0
DA:13,0
DA:14,0
DA:15,0
DA:16,0
DA:17,0
DA:18,0
DA:19,0
DA:22,0
DA:23,0
DA:24,0
DA:25,0
DA:29,0
DA:30,0
DA:31,0
DA:32,0
DA:35,0
DA:38,0
DA:41,0
DA:42,0
DA:44,0
DA:46,0
DA:52,0
DA:56,0
DA:59,0
DA:62,0
DA:63,0
DA:64,0
DA:67,0
DA:68,0
DA:70,0
DA:73,0
DA:74,0
DA:77,0
DA:78,0
DA:80,0
DA:81,0
DA:86,0
DA:87,0
DA:90,0
DA:91,0
DA:92,0
DA:94,0
DA:98,0
DA:102,0
DA:103,0
DA:104,0
DA:108,0
DA:109,0
DA:110,0
DA:111,0
DA:112,0
DA:113,0
DA:115,0
DA:116,0
DA:118,0
DA:123,0
DA:124,0
DA:133,0
DA:134,0
DA:137,0
DA:139,0
DA:144,0
DA:148,0
DA:151,0
DA:152,0
DA:154,0
DA:157,0
DA:158,0
DA:160,0
DA:169,0
DA:170,0
DA:171,0
DA:172,0
DA:173,0
DA:175,0
DA:179,0
DA:180,0
DA:186,0
DA:249,0
DA:250,0
DA:256,0
DA:270,0
DA:282,0
DA:283,0
DA:285,0
DA:305,0
DA:311,0
DA:312,0
DA:320,0
DA:348,0
DA:370,0
DA:382,0
LF:94
LH:0
BRDA:44,0,0,0
BRDA:44,0,1,0
BRDA:52,1,0,0
BRDA:52,1,1,0
BRDA:63,2,0,0
BRDA:63,2,1,0
BRDA:92,3,0,0
BRDA:92,3,1,0
BRDA:123,4,0,0
BRDA:137,5,0,0
BRDA:137,5,1,0
BRDA:137,6,0,0
BRDA:137,6,1,0
BRDA:144,7,0,0
BRDA:144,7,1,0
BRDA:151,8,0,0
BRDA:151,8,1,0
BRDA:179,9,0,0
BRDA:179,9,1,0
BRDA:216,10,0,0
BRDA:216,10,1,0
BRDA:233,11,0,0
BRDA:233,11,1,0
BRDA:234,12,0,0
BRDA:234,12,1,0
BRDA:235,13,0,0
BRDA:235,13,1,0
BRDA:249,14,0,0
BRDA:249,14,1,0
BRDA:283,15,0,0
BRDA:283,15,1,0
BRDA:298,16,0,0
BRDA:298,16,1,0
BRDA:311,17,0,0
BRDA:311,17,1,0
BRDA:311,18,0,0
BRDA:311,18,1,0
BRDA:323,19,0,0
BRDA:323,19,1,0
BRDA:333,20,0,0
BRDA:333,20,1,0
BRF:41
BRH:0
end_of_record
TN:
SF:src/screens/QuizResultsScreen.js
FN:8,(anonymous_0)
FN:15,(anonymous_1)
FN:19,(anonymous_2)
FN:30,(anonymous_3)
FN:115,(anonymous_4)
FN:121,(anonymous_5)
FN:136,(anonymous_6)
FN:184,(anonymous_7)
FNF:8
FNH:0
FNDA:0,(anonymous_0)
FNDA:0,(anonymous_1)
FNDA:0,(anonymous_2)
FNDA:0,(anonymous_3)
FNDA:0,(anonymous_4)
FNDA:0,(anonymous_5)
FNDA:0,(anonymous_6)
FNDA:0,(anonymous_7)
DA:8,0
DA:9,0
DA:10,0
DA:11,0
DA:14,0
DA:15,0
DA:16,0
DA:19,0
DA:20,0
DA:21,0
DA:22,0
DA:24,0
DA:25,0
DA:26,0
DA:30,0
DA:31,0
DA:32,0
DA:36,0
DA:39,0
DA:66,0
DA:115,0
DA:121,0
DA:137,0
DA:184,0
DA:193,0
LF:25
LH:0
BRDA:9,0,0,0
BRDA:9,1,0,0
BRDA:16,2,0,0
BRDA:16,2,1,0
BRDA:20,3,0,0
BRDA:20,3,1,0
BRDA:21,4,0,0
BRDA:21,4,1,0
BRDA:25,5,0,0
BRDA:25,5,1,0
BRDA:32,6,0,0
BRDA:32,6,1,0
BRDA:33,7,0,0
BRDA:33,7,1,0
BRDA:36,8,0,0
BRDA:36,8,1,0
BRDA:37,9,0,0
BRDA:37,9,1,0
BRDA:72,10,0,0
BRDA:72,10,1,0
BRDA:94,11,0,0
BRDA:94,11,1,0
BRDA:94,12,0,0
BRDA:94,12,1,0
BRDA:96,13,0,0
BRDA:96,13,1,0
BRDA:96,14,0,0
BRDA:96,14,1,0
BRDA:102,15,0,0
BRDA:102,15,1,0
BRDA:102,16,0,0
BRDA:102,16,1,0
BRDA:107,17,0,0
BRDA:107,17,1,0
BRDA:107,18,0,0
BRDA:107,18,1,0
BRDA:124,19,0,0
BRDA:124,19,1,0
BRDA:127,20,0,0
BRDA:127,20,1,0
BRDA:134,21,0,0
BRDA:134,21,1,0
BRDA:140,22,0,0
BRDA:140,22,1,0
BRDA:141,23,0,0
BRDA:141,23,1,0
BRDA:147,24,0,0
BRDA:147,24,1,0
BRDA:149,25,0,0
BRDA:149,25,1,0
BRDA:160,26,0,0
BRDA:160,26,1,0
BRDA:167,27,0,0
BRDA:167,27,1,0
BRF:54
BRH:0
end_of_record
TN:
SF:src/screens/QuizTakingScreen.js
FN:11,(anonymous_0)
FN:25,(anonymous_1)
FN:32,(anonymous_2)
FN:33,(anonymous_3)
FN:95,(anonymous_4)
FN:99,(anonymous_5)
FN:103,(anonymous_6)
FN:125,(anonymous_7)
FN:135,(anonymous_8)
FN:165,(anonymous_9)
FN:193,(anonymous_10)
FN:211,(anonymous_11)
FN:237,(anonymous_12)
FN:243,(anonymous_13)
FN:277,(anonymous_14)
FN:293,(anonymous_15)
FNF:16
FNH:0
FNDA:0,(anonymous_0)
FNDA:0,(anonymous_1)
FNDA:0,(anonymous_2)
FNDA:0,(anonymous_3)
FNDA:0,(anonymous_4)
FNDA:0,(anonymous_5)
FNDA:0,(anonymous_6)
FNDA:0,(anonymous_7)
FNDA:0,(anonymous_8)
FNDA:0,(anonymous_9)
FNDA:0,(anonymous_10)
FNDA:0,(anonymous_11)
FNDA:0,(anonymous_12)
FNDA:0,(anonymous_13)
FNDA:0,(anonymous_14)
FNDA:0,(anonymous_15)
DA:11,0
DA:12,0
DA:13,0
DA:14,0
DA:15,0
DA:16,0
DA:17,0
DA:18,0
DA:19,0
DA:20,0
DA:21,0
DA:22,0
DA:25,0
DA:26,0
DA:27,0
DA:28,0
DA:32,0
DA:33,0
DA:34,0
DA:35,0
DA:36,0
DA:39,0
DA:41,0
DA:43,0
DA:45,0
DA:46,0
DA:47,0
DA:49,0
DA:52,0
DA:53,0
DA:58,0
DA:64,0
DA:65,0
DA:68,0
DA:74,0
DA:76,0
DA:77,0
DA:80,0
DA:82,0
DA:85,0
DA:86,0
DA:88,0
DA:92,0
DA:95,0
DA:96,0
DA:99,0
DA:103,0
DA:104,0
DA:105,0
DA:107,0
DA:108,0
DA:114,0
DA:125,0
DA:126,0
DA:128,0
DA:129,0
DA:130,0
DA:133,0
DA:135,0
DA:136,0
DA:139,0
DA:150,0
DA:153,0
DA:161,0
DA:162,0
DA:165,0
DA:171,0
DA:174,0
DA:175,0
DA:184,0
DA:185,0
DA:193,0
DA:202,0
DA:203,0
DA:211,0
DA:219,0
DA:221,0
DA:238,0
DA:243,0
DA:278,0
DA:279,0
DA:280,0
DA:281,0
DA:283,0
DA:293,0
DA:358,0
LF:86
LH:0
BRDA:12,0,0,0
BRDA:41,1,0,0
BRDA:41,1,1,0
BRDA:45,2,0,0
BRDA:45,2,1,0
BRDA:45,3,0,0
BRDA:45,3,1,0
BRDA:45,3,2,0
BRDA:45,3,3,0
BRDA:64,4,0,0
BRDA:64,4,1,0
BRDA:74,5,0,0
BRDA:74,5,1,0
BRDA:76,6,0,0
BRDA:76,6,1,0
BRDA:76,7,0,0
BRDA:76,7,1,0
BRDA:110,8,0,0
BRDA:110,8,1,0
BRDA:110,9,0,0
BRDA:110,9,1,0
BRDA:120,10,0,0
BRDA:120,10,1,0
BRDA:126,11,0,0
BRDA:126,11,1,0
BRDA:157,12,0,0
BRDA:157,12,1,0
BRDA:174,13,0,0
BRDA:174,13,1,0
BRDA:184,14,0,0
BRDA:184,14,1,0
BRDA:202,15,0,0
BRDA:202,15,1,0
BRDA:202,16,0,0
BRDA:202,16,1,0
BRDA:224,17,0,0
BRDA:224,17,1,0
BRDA:280,18,0,0
BRDA:280,18,1,0
BRDA:281,19,0,0
BRDA:281,19,1,0
BRDA:289,20,0,0
BRDA:289,20,1,0
BRDA:290,21,0,0
BRDA:290,21,1,0
BRDA:291,22,0,0
BRDA:291,22,1,0
BRDA:291,22,2,0
BRDA:291,22,3,0
BRDA:300,23,0,0
BRDA:300,23,1,0
BRDA:300,24,0,0
BRDA:300,24,1,0
BRDA:300,24,2,0
BRDA:306,25,0,0
BRDA:306,25,1,0
BRDA:306,26,0,0
BRDA:306,26,1,0
BRDA:306,26,2,0
BRDA:311,27,0,0
BRDA:311,27,1,0
BRDA:312,28,0,0
BRDA:312,28,1,0
BRDA:320,29,0,0
BRDA:320,29,1,0
BRDA:322,30,0,0
BRDA:322,30,1,0
BRDA:323,31,0,0
BRDA:323,31,1,0
BRDA:327,32,0,0
BRDA:327,32,1,0
BRDA:332,33,0,0
BRDA:332,33,1,0
BRDA:335,34,0,0
BRDA:335,34,1,0
BRDA:344,35,0,0
BRDA:344,35,1,0
BRDA:347,36,0,0
BRDA:347,36,1,0
BRDA:349,37,0,0
BRDA:349,37,1,0
BRDA:350,38,0,0
BRDA:350,38,1,0
BRF:83
BRH:0
end_of_record
TN:
SF:src/screens/auth/ForgotPasswordScreen.js
FN:7,(anonymous_0)
FN:14,(anonymous_1)
FN:39,(anonymous_2)
FNF:3
FNH:0
FNDA:0,(anonymous_0)
FNDA:0,(anonymous_1)
FNDA:0,(anonymous_2)
DA:7,0
DA:8,0
DA:9,0
DA:10,0
DA:11,0
DA:12,0
DA:14,0
DA:15,0
DA:16,0
DA:17,0
DA:18,0
DA:19,0
DA:21,0
DA:25,0
DA:39,0
DA:44,0
LF:16
LH:0
BRDA:18,0,0,0
BRDA:18,0,1,0
BRDA:28,1,0,0
BRDA:28,1,1,0
BRDA:29,2,0,0
BRDA:29,2,1,0
BRF:6
BRH:0
end_of_record
TN:
SF:src/screens/auth/LoginScreen.js
FN:7,(anonymous_0)
FN:14,(anonymous_1)
FN:39,(anonymous_2)
FN:41,(anonymous_3)
FN:42,(anonymous_4)
FNF:5
FNH:0
FNDA:0,(anonymous_0)
FNDA:0,(anonymous_1)
FNDA:0,(anonymous_2)
FNDA:0,(anonymous_3)
FNDA:0,(anonymous_4)
DA:7,0
DA:8,0
DA:9,0
DA:10,0
DA:11,0
DA:12,0
DA:14,0
DA:15,0
DA:16,0
DA:19,0
DA:39,0
DA:41,0
DA:42,0
DA:48,0
LF:14
LH:0
BRDA:16,0,0,0
BRDA:16,0,1,0
BRDA:22,1,0,0
BRDA:22,1,1,0
BRF:4
BRH:0
end_of_record
TN:
SF:src/screens/auth/SignupScreen.js
FN:7,(anonymous_0)
FN:15,(anonymous_1)
FN:47,(anonymous_2)
FNF:3
FNH:0
FNDA:0,(anonymous_0)
FNDA:0,(anonymous_1)
FNDA:0,(anonymous_2)
DA:7,0
DA:8,0
DA:9,0
DA:10,0
DA:11,0
DA:12,0
DA:13,0
DA:15,0
DA:16,0
DA:17,0
DA:18,0
DA:19,0
DA:20,0
DA:22,0
DA:26,0
DA:47,0
DA:52,0
LF:17
LH:0
BRDA:19,0,0,0
BRDA:19,0,1,0
BRDA:29,1,0,0
BRDA:29,1,1,0
BRDA:30,2,0,0
BRDA:30,2,1,0
BRF:6
BRH:0
end_of_record
TN:
SF:src/screens/documents/DocumentLibraryScreen.js
FN:11,(anonymous_0)
FN:24,(anonymous_1)
FN:32,(anonymous_2)
FN:75,(anonymous_3)
FN:79,(anonymous_4)
FN:87,(anonymous_5)
FN:91,(anonymous_6)
FN:96,(anonymous_7)
FN:101,(anonymous_8)
FN:112,(anonymous_9)
FN:116,(anonymous_10)
FN:117,(anonymous_11)
FN:118,(anonymous_12)
FN:123,(anonymous_13)
FN:129,(anonymous_14)
FN:153,(anonymous_15)
FN:164,(anonymous_16)
FN:165,(anonymous_17)
FN:259,(anonymous_18)
FN:277,(anonymous_19)
FN:290,(anonymous_20)
FN:295,(anonymous_21)
FNF:22
FNH:0
FNDA:0,(anonymous_0)
FNDA:0,(anonymous_1)
FNDA:0,(anonymous_2)
FNDA:0,(anonymous_3)
FNDA:0,(anonymous_4)
FNDA:0,(anonymous_5)
FNDA:0,(anonymous_6)
FNDA:0,(anonymous_7)
FNDA:0,(anonymous_8)
FNDA:0,(anonymous_9)
FNDA:0,(anonymous_10)
FNDA:0,(anonymous_11)
FNDA:0,(anonymous_12)
FNDA:0,(anonymous_13)
FNDA:0,(anonymous_14)
FNDA:0,(anonymous_15)
FNDA:0,(anonymous_16)
FNDA:0,(anonymous_17)
FNDA:0,(anonymous_18)
FNDA:0,(anonymous_19)
FNDA:0,(anonymous_20)
FNDA:0,(anonymous_21)
DA:11,0
DA:12,0
DA:13,0
DA:14,0
DA:15,0
DA:16,0
DA:17,0
DA:18,0
DA:19,0
DA:20,0
DA:21,0
DA:24,0
DA:25,0
DA:26,0
DA:27,0
DA:28,0
DA:32,0
DA:33,0
DA:34,0
DA:36,0
DA:39,0
DA:40,0
DA:43,0
DA:44,0
DA:45,0
DA:51,0
DA:52,0
DA:55,0
DA:56,0
DA:57,0
DA:59,0
DA:63,0
DA:67,0
DA:69,0
DA:70,0
DA:75,0
DA:76,0
DA:79,0
DA:80,0
DA:81,0
DA:83,0
DA:87,0
DA:91,0
DA:93,0
DA:96,0
DA:97,0
DA:101,0
DA:102,0
DA:103,0
DA:108,0
DA:112,0
DA:113,0
DA:116,0
DA:117,0
DA:118,0
DA:123,0
DA:124,0
DA:125,0
DA:129,0
DA:130,0
DA:131,0
DA:132,0
DA:135,0
DA:136,0
DA:137,0
DA:138,0
DA:139,0
DA:140,0
DA:141,0
DA:142,0
DA:144,0
DA:147,0
DA:149,0
DA:153,0
DA:154,0
DA:155,0
DA:157,0
DA:164,0
DA:166,0
DA:167,0
DA:169,0
DA:204,0
DA:259,0
DA:277,0
DA:290,0
DA:295,0
DA:304,0
LF:87
LH:0
BRDA:44,0,0,0
BRDA:44,0,1,0
BRDA:51,1,0,0
BRDA:51,1,1,0
BRDA:55,2,0,0
BRDA:55,2,1,0
BRDA:57,3,0,0
BRDA:57,3,1,0
BRDA:81,4,0,0
BRDA:81,4,1,0
BRDA:102,5,0,0
BRDA:102,5,1,0
BRDA:113,6,0,0
BRDA:113,6,1,0
BRDA:118,7,0,0
BRDA:118,7,1,0
BRDA:130,8,0,0
BRDA:130,8,1,0
BRDA:138,9,0,0
BRDA:138,9,1,0
BRDA:141,10,0,0
BRDA:141,10,1,0
BRDA:161,11,0,0
BRDA:161,11,1,0
BRDA:166,12,0,0
BRDA:166,12,1,0
BRDA:179,13,0,0
BRDA:179,13,1,0
BRDA:186,14,0,0
BRDA:186,14,1,0
BRDA:194,15,0,0
BRDA:194,15,1,0
BRDA:197,16,0,0
BRDA:197,16,1,0
BRDA:207,17,0,0
BRDA:207,17,1,0
BRDA:217,18,0,0
BRDA:217,18,1,0
BRDA:224,19,0,0
BRDA:224,19,1,0
BRDA:241,20,0,0
BRDA:241,20,1,0
BRDA:249,21,0,0
BRDA:249,21,1,0
BRDA:249,22,0,0
BRDA:249,22,1,0
BRDA:259,23,0,0
BRDA:259,23,1,0
BRDA:259,24,0,0
BRDA:259,24,1,0
BRDA:282,25,0,0
BRDA:282,25,1,0
BRF:52
BRH:0
end_of_record
TN:
SF:src/screens/documents/DocumentPreviewScreen.js
FN:10,(anonymous_0)
FN:20,(anonymous_1)
FN:27,(anonymous_2)
FN:28,(anonymous_3)
FN:83,(anonymous_4)
FN:87,(anonymous_5)
FN:91,(anonymous_6)
FN:106,(anonymous_7)
FN:188,(anonymous_8)
FNF:9
FNH:0
FNDA:0,(anonymous_0)
FNDA:0,(anonymous_1)
FNDA:0,(anonymous_2)
FNDA:0,(anonymous_3)
FNDA:0,(anonymous_4)
FNDA:0,(anonymous_5)
FNDA:0,(anonymous_6)
FNDA:0,(anonymous_7)
FNDA:0,(anonymous_8)
DA:10,0
DA:11,0
DA:12,0
DA:13,0
DA:14,0
DA:15,0
DA:16,0
DA:17,0
DA:20,0
DA:21,0
DA:22,0
DA:23,0
DA:27,0
DA:28,0
DA:29,0
DA:30,0
DA:32,0
DA:34,0
DA:37,0
DA:39,0
DA:40,0
DA:41,0
DA:42,0
DA:47,0
DA:48,0
DA:52,0
DA:53,0
DA:56,0
DA:57,0
DA:58,0
DA:60,0
DA:61,0
DA:63,0
DA:67,0
DA:70,0
DA:73,0
DA:74,0
DA:76,0
DA:80,0
DA:83,0
DA:84,0
DA:87,0
DA:91,0
DA:92,0
DA:93,0
DA:95,0
DA:96,0
DA:98,0
DA:101,0
DA:102,0
DA:103,0
DA:106,0
DA:107,0
DA:111,0
DA:112,0
DA:123,0
DA:124,0
DA:143,0
DA:144,0
DA:162,0
DA:189,0
DA:210,0
LF:62
LH:0
BRDA:37,0,0,0
BRDA:37,0,1,0
BRDA:37,1,0,0
BRDA:37,1,1,0
BRDA:39,2,0,0
BRDA:39,2,1,0
BRDA:39,3,0,0
BRDA:39,3,1,0
BRDA:47,4,0,0
BRDA:47,4,1,0
BRDA:52,5,0,0
BRDA:52,5,1,0
BRDA:92,6,0,0
BRDA:92,6,1,0
BRDA:95,7,0,0
BRDA:95,7,1,0
BRDA:111,8,0,0
BRDA:111,8,1,0
BRDA:123,9,0,0
BRDA:123,9,1,0
BRDA:143,10,0,0
BRDA:143,10,1,0
BRDA:143,11,0,0
BRDA:143,11,1,0
BRDA:165,12,0,0
BRDA:165,12,1,0
BRDA:183,13,0,0
BRDA:183,13,1,0
BRDA:185,14,0,0
BRDA:185,14,1,0
BRDA:192,15,0,0
BRDA:192,15,1,0
BRDA:194,16,0,0
BRDA:194,16,1,0
BRF:34
BRH:0
end_of_record
TN:
SF:src/screens/documents/DocumentUploadScreen.js
FN:13,(anonymous_0)
FN:26,(anonymous_1)
FN:32,(anonymous_2)
FN:36,(anonymous_3)
FN:40,(anonymous_4)
FN:43,(anonymous_5)
FN:107,(anonymous_6)
FN:157,(anonymous_7)
FN:167,(anonymous_8)
FN:168,(anonymous_9)
FN:221,(anonymous_10)
FN:238,(anonymous_11)
FN:248,(anonymous_12)
FNF:13
FNH:0
FNDA:0,(anonymous_0)
FNDA:0,(anonymous_1)
FNDA:0,(anonymous_2)
FNDA:0,(anonymous_3)
FNDA:0,(anonymous_4)
FNDA:0,(anonymous_5)
FNDA:0,(anonymous_6)
FNDA:0,(anonymous_7)
FNDA:0,(anonymous_8)
FNDA:0,(anonymous_9)
FNDA:0,(anonymous_10)
FNDA:0,(anonymous_11)
FNDA:0,(anonymous_12)
DA:13,0
DA:14,0
DA:15,0
DA:16,0
DA:17,0
DA:18,0
DA:19,0
DA:20,0
DA:21,0
DA:22,0
DA:23,0
DA:26,0
DA:27,0
DA:28,0
DA:32,0
DA:33,0
DA:36,0
DA:37,0
DA:40,0
DA:43,0
DA:44,0
DA:45,0
DA:46,0
DA:47,0
DA:49,0
DA:54,0
DA:56,0
DA:57,0
DA:58,0
DA:59,0
DA:60,0
DA:63,0
DA:64,0
DA:66,0
DA:67,0
DA:68,0
DA:72,0
DA:73,0
DA:74,0
DA:77,0
DA:78,0
DA:79,0
DA:83,0
DA:90,0
DA:91,0
DA:94,0
DA:95,0
DA:96,0
DA:98,0
DA:101,0
DA:102,0
DA:107,0
DA:108,0
DA:109,0
DA:110,0
DA:113,0
DA:114,0
DA:115,0
DA:116,0
DA:118,0
DA:120,0
DA:123,0
DA:125,0
DA:128,0
DA:139,0
DA:142,0
DA:148,0
DA:151,0
DA:152,0
DA:153,0
DA:154,0
DA:157,0
DA:158,0
DA:161,0
DA:165,0
DA:167,0
DA:168,0
DA:169,0
DA:170,0
DA:175,0
DA:176,0
DA:179,0
DA:182,0
DA:186,0
DA:188,0
DA:189,0
DA:190,0
DA:191,0
DA:194,0
DA:197,0
DA:209,0
DA:210,0
DA:212,0
DA:213,0
DA:216,0
DA:217,0
DA:218,0
DA:221,0
DA:222,0
DA:226,0
DA:227,0
DA:230,0
DA:231,0
DA:233,0
DA:238,0
DA:239,0
DA:240,0
DA:241,0
DA:242,0
DA:243,0
DA:244,0
DA:248,0
DA:249,0
DA:251,0
DA:269,0
DA:386,0
LF:116
LH:0
BRDA:54,0,0,0
BRDA:54,0,1,0
BRDA:54,1,0,0
BRDA:54,1,1,0
BRDA:54,1,2,0
BRDA:63,2,0,0
BRDA:63,2,1,0
BRDA:64,3,0,0
BRDA:64,3,1,0
BRDA:66,4,0,0
BRDA:66,4,1,0
BRDA:66,5,0,0
BRDA:66,5,1,0
BRDA:72,6,0,0
BRDA:72,6,1,0
BRDA:72,7,0,0
BRDA:72,7,1,0
BRDA:77,8,0,0
BRDA:77,8,1,0
BRDA:77,9,0,0
BRDA:77,9,1,0
BRDA:94,10,0,0
BRDA:94,10,1,0
BRDA:96,11,0,0
BRDA:96,11,1,0
BRDA:108,12,0,0
BRDA:108,12,1,0
BRDA:123,13,0,0
BRDA:123,13,1,0
BRDA:170,14,0,0
BRDA:170,14,1,0
BRDA:188,15,0,0
BRDA:188,15,1,0
BRDA:209,16,0,0
BRDA:209,16,1,0
BRDA:249,17,0,0
BRDA:249,17,1,0
BRDA:258,18,0,0
BRDA:258,18,1,0
BRDA:263,19,0,0
BRDA:263,19,1,0
BRDA:275,20,0,0
BRDA:275,20,1,0
BRDA:287,21,0,0
BRDA:287,21,1,0
BRDA:305,22,0,0
BRDA:305,22,1,0
BRDA:325,23,0,0
BRDA:325,23,1,0
BRDA:332,24,0,0
BRDA:332,24,1,0
BRDA:345,25,0,0
BRDA:345,25,1,0
BRDA:352,26,0,0
BRDA:352,26,1,0
BRDA:363,27,0,0
BRDA:363,27,1,0
BRDA:363,27,2,0
BRDA:365,28,0,0
BRDA:365,28,1,0
BRDA:373,29,0,0
BRDA:373,29,1,0
BRDA:377,30,0,0
BRDA:377,30,1,0
BRF:64
BRH:0
end_of_record
TN:
SF:src/services/deepSeekService.js
FN:15,generateQuestions
FN:30,(anonymous_1)
FN:76,(anonymous_2)
FNF:3
FNH:3
FNDA:7,generateQuestions
FNDA:7,(anonymous_1)
FNDA:2,(anonymous_2)
DA:5,1
DA:6,1
DA:16,7
DA:17,7
DA:19,7
DA:20,9
DA:22,9
DA:27,9
DA:28,8
DA:30,7
DA:31,7
DA:34,7
DA:38,7
DA:40,7
DA:41,1
DA:45,6
DA:54,6
DA:56,6
DA:57,3
DA:60,3
DA:61,1
DA:64,2
DA:66,7
DA:67,7
DA:68,7
DA:70,7
DA:71,5
DA:75,2
DA:76,2
DA:80,5
LF:30
LH:30
BRDA:5,0,0,1
BRDA:5,0,1,1
BRDA:6,1,0,1
BRDA:6,1,1,1
BRDA:15,2,0,1
BRDA:27,3,0,1
BRDA:27,3,1,8
BRDA:28,4,0,1
BRDA:28,4,1,7
BRDA:28,5,0,8
BRDA:28,5,1,8
BRDA:40,6,0,1
BRDA:40,6,1,6
BRDA:40,7,0,7
BRDA:40,7,1,7
BRDA:56,8,0,3
BRDA:56,8,1,3
BRDA:57,9,0,3
BRDA:57,9,1,0
BRDA:60,10,0,1
BRDA:60,10,1,2
BRDA:60,11,0,3
BRDA:60,11,1,3
BRDA:60,11,2,3
BRDA:70,12,0,5
BRDA:70,12,1,2
BRDA:80,13,0,5
BRDA:80,13,1,0
BRF:28
BRH:26
end_of_record
TN:
SF:src/services/documentProcessingService.js
FN:6,chunkText
FN:15,extractTextFromPdf
FN:67,ocrImage
FN:69,(anonymous_3)
FN:78,processDocuments
FNF:5
FNH:3
FNDA:1,chunkText
FNDA:3,extractTextFromPdf
FNDA:2,ocrImage
FNDA:0,(anonymous_3)
FNDA:0,processDocuments
DA:7,1
DA:8,1
DA:9,3
DA:11,1
DA:16,3
DA:18,3
DA:19,1
DA:59,1
DA:61,2
DA:62,2
DA:68,2
DA:69,2
DA:70,1
DA:72,1
DA:73,1
DA:80,0
DA:81,0
DA:82,0
DA:83,0
DA:84,0
DA:85,0
DA:86,0
DA:88,0
DA:90,0
DA:91,0
DA:93,0
LF:26
LH:15
BRDA:6,0,0,0
BRDA:85,1,0,0
BRDA:85,1,1,0
BRF:3
BRH:0
end_of_record
TN:
SF:src/services/errorHandlingService.js
FN:10,(anonymous_0)
FN:19,(anonymous_1)
FN:44,(anonymous_2)
FN:51,(anonymous_3)
FN:69,(anonymous_4)
FN:70,(anonymous_5)
FN:89,(anonymous_6)
FN:90,(anonymous_7)
FN:110,(anonymous_8)
FN:132,(anonymous_9)
FN:166,(anonymous_10)
FN:190,(anonymous_11)
FN:236,(anonymous_12)
FN:250,(anonymous_13)
FN:264,(anonymous_14)
FN:271,(anonymous_15)
FN:282,(anonymous_16)
FNF:17
FNH:9
FNDA:0,(anonymous_0)
FNDA:0,(anonymous_1)
FNDA:0,(anonymous_2)
FNDA:0,(anonymous_3)
FNDA:15,(anonymous_4)
FNDA:1,(anonymous_5)
FNDA:0,(anonymous_6)
FNDA:0,(anonymous_7)
FNDA:4,(anonymous_8)
FNDA:109,(anonymous_9)
FNDA:2,(anonymous_10)
FNDA:3,(anonymous_11)
FNDA:0,(anonymous_12)
FNDA:115,(anonymous_13)
FNDA:13,(anonymous_14)
FNDA:13,(anonymous_15)
FNDA:0,(anonymous_16)
DA:4,2
DA:5,2
DA:10,2
DA:11,0
DA:14,0
DA:16,0
DA:18,0
DA:19,0
DA:21,0
DA:24,0
DA:25,0
DA:33,0
DA:34,0
DA:41,0
DA:43,0
DA:44,0
DA:45,0
DA:50,0
DA:51,0
DA:52,0
DA:58,0
DA:60,0
DA:69,2
DA:70,15
DA:71,1
DA:72,1
DA:74,0
DA:78,0
DA:89,2
DA:90,0
DA:91,0
DA:92,0
DA:94,0
DA:99,0
DA:110,2
DA:111,4
DA:119,4
DA:122,4
DA:123,4
DA:132,2
DA:133,109
DA:139,109
DA:141,105
DA:142,105
DA:145,4
DA:146,4
DA:147,4
DA:148,4
DA:152,109
DA:155,109
DA:156,109
DA:157,109
DA:166,2
DA:167,2
DA:169,2
DA:177,2
DA:180,2
DA:181,2
DA:190,2
DA:191,3
DA:197,3
DA:199,2
DA:200,1
DA:207,1
DA:208,1
DA:215,0
DA:216,0
DA:217,0
DA:222,3
DA:227,3
DA:236,2
DA:237,0
DA:242,0
DA:250,2
DA:252,115
DA:255,115
DA:256,1
DA:264,2
DA:265,13
DA:271,2
DA:272,13
DA:282,2
DA:283,0
DA:284,0
DA:285,0
DA:286,0
LF:86
LH:51
BRDA:14,0,0,0
BRDA:14,0,1,0
BRDA:16,1,0,0
BRDA:16,1,1,0
BRDA:18,2,0,0
BRDA:18,2,1,0
BRDA:24,3,0,0
BRDA:24,3,1,0
BRDA:24,4,0,0
BRDA:24,4,1,0
BRDA:33,5,0,0
BRDA:33,5,1,0
BRDA:41,6,0,0
BRDA:41,6,1,0
BRDA:43,7,0,0
BRDA:43,7,1,0
BRDA:43,8,0,0
BRDA:43,8,1,0
BRDA:50,9,0,0
BRDA:50,9,1,0
BRDA:50,10,0,0
BRDA:50,10,1,0
BRDA:69,11,0,0
BRDA:89,12,0,0
BRDA:110,13,0,3
BRDA:110,14,0,4
BRDA:122,15,0,4
BRDA:122,15,1,0
BRDA:132,16,0,104
BRDA:139,17,0,105
BRDA:139,17,1,4
BRDA:155,18,0,109
BRDA:155,18,1,0
BRDA:157,19,0,3
BRDA:157,19,1,106
BRDA:166,20,0,1
BRDA:167,21,0,1
BRDA:167,22,0,1
BRDA:167,23,0,2
BRDA:180,24,0,2
BRDA:180,24,1,0
BRDA:197,25,0,2
BRDA:197,25,1,1
BRDA:199,26,0,1
BRDA:199,26,1,1
BRDA:199,27,0,2
BRDA:199,27,1,2
BRDA:207,28,0,1
BRDA:207,28,1,0
BRDA:209,29,0,1
BRDA:209,29,1,0
BRDA:210,30,0,1
BRDA:210,30,1,1
BRDA:215,31,0,0
BRDA:215,31,1,0
BRDA:217,32,0,0
BRDA:217,32,1,0
BRDA:222,33,0,3
BRDA:222,33,1,1
BRDA:236,34,0,0
BRDA:255,35,0,1
BRDA:255,35,1,114
BRDA:282,36,0,0
BRDA:282,37,0,0
BRF:64
BRH:28
end_of_record
TN:
SF:src/services/loggerService.js
FN:28,(anonymous_0)
FN:39,(anonymous_1)
FN:49,(anonymous_2)
FN:62,(anonymous_3)
FN:83,(anonymous_4)
FN:104,(anonymous_5)
FN:123,(anonymous_6)
FN:142,(anonymous_7)
FNF:8
FNH:8
FNDA:2,(anonymous_0)
FNDA:16,(anonymous_1)
FNDA:15,(anonymous_2)
FNDA:2,(anonymous_3)
FNDA:6,(anonymous_4)
FNDA:4,(anonymous_5)
FNDA:2,(anonymous_6)
FNDA:2,(anonymous_7)
DA:4,2
DA:13,2
DA:16,2
DA:28,2
DA:29,2
DA:30,2
DA:39,2
DA:40,16
DA:49,2
DA:50,15
DA:62,2
DA:63,2
DA:65,2
DA:67,2
DA:70,2
DA:71,0
DA:83,2
DA:84,6
DA:86,5
DA:88,5
DA:91,5
DA:104,2
DA:105,4
DA:107,4
DA:109,4
DA:112,4
DA:123,2
DA:124,2
DA:126,2
DA:128,2
DA:131,2
DA:142,2
DA:143,2
DA:145,2
DA:147,2
DA:150,2
LF:36
LH:35
BRDA:13,0,0,2
BRDA:13,0,1,0
BRDA:29,1,0,2
BRDA:29,1,1,0
BRDA:49,2,0,0
BRDA:62,3,0,1
BRDA:63,4,0,0
BRDA:63,4,1,2
BRDA:70,5,0,0
BRDA:70,5,1,2
BRDA:83,6,0,3
BRDA:84,7,0,1
BRDA:84,7,1,5
BRDA:104,8,0,2
BRDA:105,9,0,0
BRDA:105,9,1,4
BRDA:123,10,0,0
BRDA:124,11,0,0
BRDA:124,11,1,2
BRDA:142,12,0,0
BRDA:143,13,0,0
BRDA:143,13,1,2
BRF:22
BRH:12
end_of_record
TN:
SF:src/services/offlineService.js
FN:33,queueOperation
FN:73,processQueue
FN:92,(anonymous_2)
FN:292,getOfflineStatus
FN:308,updateOfflineStatus
FN:350,setupOfflineMode
FN:352,(anonymous_6)
FN:375,cacheDocument
FN:382,(anonymous_8)
FN:411,getCachedDocuments
FN:427,cacheQuiz
FN:434,(anonymous_11)
FN:462,getCachedQuizzes
FN:480,getCachedQuiz
FN:526,(anonymous_14)
FN:547,deleteCachedQuiz
FN:556,(anonymous_16)
FN:571,saveQuizResults
FN:624,syncQuizzes
FN:636,(anonymous_19)
FNF:20
FNH:11
FNDA:3,queueOperation
FNDA:6,processQueue
FNDA:0,(anonymous_2)
FNDA:8,getOfflineStatus
FNDA:6,updateOfflineStatus
FNDA:1,setupOfflineMode
FNDA:0,(anonymous_6)
FNDA:2,cacheDocument
FNDA:1,(anonymous_8)
FNDA:2,getCachedDocuments
FNDA:2,cacheQuiz
FNDA:1,(anonymous_11)
FNDA:2,getCachedQuizzes
FNDA:0,getCachedQuiz
FNDA:0,(anonymous_14)
FNDA:0,deleteCachedQuiz
FNDA:0,(anonymous_16)
FNDA:0,saveQuizResults
FNDA:0,syncQuizzes
FNDA:0,(anonymous_19)
DA:8,1
DA:9,1
DA:10,1
DA:11,1
DA:14,1
DA:17,1
DA:34,3
DA:36,3
DA:39,3
DA:49,3
DA:50,2
DA:53,2
DA:56,2
DA:59,2
DA:61,2
DA:63,1
DA:64,1
DA:74,6
DA:76,6
DA:77,6
DA:78,1
DA:79,1
DA:83,5
DA:84,5
DA:85,1
DA:89,4
DA:92,4
DA:93,0
DA:94,0
DA:98,4
DA:99,4
DA:100,4
DA:101,4
DA:104,4
DA:105,4
DA:107,4
DA:108,1
DA:109,1
DA:115,1
DA:121,1
DA:125,3
DA:126,3
DA:129,3
DA:131,1
DA:134,1
DA:135,1
DA:138,1
DA:141,1
DA:145,1
DA:148,1
DA:160,1
DA:162,1
DA:163,1
DA:167,1
DA:170,1
DA:173,1
DA:187,1
DA:189,1
DA:192,1
DA:193,2
DA:205,2
DA:208,1
DA:209,1
DA:213,1
DA:215,1
DA:225,1
DA:227,0
DA:228,0
DA:233,0
DA:237,1
DA:238,1
DA:239,1
DA:241,1
DA:242,1
DA:244,0
DA:245,0
DA:251,0
DA:259,1
DA:264,4
DA:265,1
DA:267,3
DA:271,4
DA:277,4
DA:283,0
DA:284,0
DA:293,8
DA:294,8
DA:295,8
DA:296,1
DA:298,0
DA:299,0
DA:309,6
DA:311,6
DA:314,6
DA:317,6
DA:324,6
DA:325,0
DA:329,6
DA:331,1
DA:332,1
DA:333,1
DA:337,6
DA:339,6
DA:341,0
DA:342,0
DA:352,1
DA:353,0
DA:355,0
DA:358,0
DA:359,0
DA:362,0
DA:367,1
DA:376,2
DA:378,2
DA:379,2
DA:382,2
DA:384,2
DA:386,1
DA:393,1
DA:400,2
DA:402,0
DA:403,0
DA:412,2
DA:413,2
DA:414,2
DA:416,0
DA:417,0
DA:428,2
DA:430,2
DA:431,2
DA:434,2
DA:436,2
DA:442,2
DA:444,1
DA:447,1
DA:451,2
DA:453,0
DA:454,0
DA:463,2
DA:464,2
DA:465,2
DA:467,0
DA:468,0
DA:481,0
DA:483,0
DA:484,0
DA:488,0
DA:489,0
DA:491,0
DA:492,0
DA:494,0
DA:500,0
DA:503,0
DA:508,0
DA:511,0
DA:514,0
DA:516,0
DA:523,0
DA:526,0
DA:528,0
DA:529,0
DA:533,0
DA:535,0
DA:537,0
DA:538,0
DA:548,0
DA:550,0
DA:551,0
DA:553,0
DA:556,0
DA:559,0
DA:561,0
DA:562,0
DA:572,0
DA:574,0
DA:576,0
DA:577,0
DA:579,0
DA:589,0
DA:590,0
DA:592,0
DA:598,0
DA:605,0
DA:606,0
DA:612,0
DA:614,0
DA:615,0
DA:625,0
DA:627,0
DA:628,0
DA:629,0
DA:633,0
DA:636,0
DA:638,0
DA:639,0
DA:642,0
DA:643,0
DA:646,0
DA:647,0
DA:649,0
DA:654,0
DA:655,0
DA:659,0
DA:670,0
DA:671,0
DA:674,0
DA:677,0
DA:678,0
DA:690,0
DA:693,0
DA:695,0
DA:697,0
DA:698,0
DA:702,0
DA:704,0
DA:705,0
LF:216
LH:115
BRDA:45,0,0,3
BRDA:45,0,1,1
BRDA:50,1,0,1
BRDA:50,1,1,1
BRDA:73,2,0,5
BRDA:77,3,0,1
BRDA:77,3,1,5
BRDA:77,4,0,6
BRDA:77,4,1,2
BRDA:84,5,0,1
BRDA:84,5,1,4
BRDA:93,6,0,0
BRDA:93,6,1,0
BRDA:107,7,0,1
BRDA:107,7,1,3
BRDA:129,8,0,1
BRDA:129,8,1,1
BRDA:129,8,2,1
BRDA:129,8,3,0
BRDA:145,9,0,0
BRDA:145,9,1,1
BRDA:160,10,0,0
BRDA:160,10,1,1
BRDA:178,11,0,1
BRDA:178,11,1,0
BRDA:187,12,0,0
BRDA:187,12,1,1
BRDA:200,13,0,2
BRDA:200,13,1,0
BRDA:201,14,0,2
BRDA:201,14,1,1
BRDA:202,15,0,2
BRDA:202,15,1,0
BRDA:205,16,0,0
BRDA:205,16,1,2
BRDA:225,17,0,1
BRDA:225,17,1,0
BRDA:237,18,0,1
BRDA:237,18,1,1
BRDA:241,19,0,1
BRDA:241,19,1,0
BRDA:264,20,0,1
BRDA:264,20,1,3
BRDA:295,21,0,7
BRDA:295,21,1,1
BRDA:308,22,0,2
BRDA:324,23,0,0
BRDA:324,23,1,6
BRDA:324,24,0,6
BRDA:324,24,1,0
BRDA:329,25,0,1
BRDA:329,25,1,5
BRDA:329,26,0,6
BRDA:329,26,1,6
BRDA:332,27,0,1
BRDA:332,27,1,0
BRDA:358,28,0,0
BRDA:358,28,1,0
BRDA:358,29,0,0
BRDA:358,29,1,0
BRDA:379,30,0,1
BRDA:379,30,1,1
BRDA:384,31,0,1
BRDA:384,31,1,1
BRDA:414,32,0,1
BRDA:414,32,1,1
BRDA:431,33,0,1
BRDA:431,33,1,1
BRDA:442,34,0,1
BRDA:442,34,1,1
BRDA:465,35,0,1
BRDA:465,35,1,1
BRDA:480,36,0,0
BRDA:480,37,0,0
BRDA:480,38,0,0
BRDA:483,39,0,0
BRDA:483,39,1,0
BRDA:483,40,0,0
BRDA:483,40,1,0
BRDA:488,41,0,0
BRDA:488,41,1,0
BRDA:491,42,0,0
BRDA:491,42,1,0
BRDA:500,43,0,0
BRDA:500,43,1,0
BRDA:508,44,0,0
BRDA:508,44,1,0
BRDA:528,45,0,0
BRDA:528,45,1,0
BRDA:535,46,0,0
BRDA:535,46,1,0
BRDA:551,47,0,0
BRDA:551,47,1,0
BRDA:576,48,0,0
BRDA:576,48,1,0
BRDA:589,49,0,0
BRDA:589,49,1,0
BRDA:628,50,0,0
BRDA:628,50,1,0
BRDA:636,51,0,0
BRDA:636,51,1,0
BRDA:638,52,0,0
BRDA:638,52,1,0
BRDA:654,53,0,0
BRDA:654,53,1,0
BRDA:654,54,0,0
BRDA:654,54,1,0
BRDA:670,55,0,0
BRDA:670,55,1,0
BRDA:670,56,0,0
BRDA:670,56,1,0
BRDA:671,57,0,0
BRDA:671,57,1,0
BRDA:683,58,0,0
BRDA:683,58,1,0
BRDA:684,59,0,0
BRDA:684,59,1,0
BRDA:685,60,0,0
BRDA:685,60,1,0
BRF:119
BRH:53
end_of_record
TN:
SF:src/services/sentryService.js
FN:8,(anonymous_0)
FN:26,(anonymous_1)
FN:50,(anonymous_2)
FN:65,(anonymous_3)
FN:82,(anonymous_4)
FN:91,(anonymous_5)
FN:99,(anonymous_6)
FNF:7
FNH:7
FNDA:1,(anonymous_0)
FNDA:5,(anonymous_1)
FNDA:2,(anonymous_2)
FNDA:4,(anonymous_3)
FNDA:2,(anonymous_4)
FNDA:1,(anonymous_5)
FNDA:2,(anonymous_6)
DA:8,4
DA:9,1
DA:26,4
DA:27,5
DA:28,5
DA:32,5
DA:35,5
DA:50,4
DA:51,2
DA:52,2
DA:55,2
DA:65,4
DA:66,4
DA:67,1
DA:68,1
DA:72,3
DA:82,4
DA:83,2
DA:91,4
DA:92,1
DA:99,4
DA:100,2
LF:22
LH:22
BRDA:14,0,0,1
BRDA:14,0,1,1
BRDA:15,1,0,0
BRDA:15,1,1,1
BRDA:26,2,0,0
BRDA:27,3,0,5
BRDA:27,3,1,0
BRDA:39,4,0,3
BRDA:39,4,1,2
BRDA:50,5,0,1
BRDA:50,6,0,1
BRDA:51,7,0,2
BRDA:51,7,1,0
BRDA:66,8,0,1
BRDA:66,8,1,3
BRDA:82,9,0,1
BRDA:99,10,0,1
BRDA:99,11,0,1
BRDA:99,12,0,1
BRF:19
BRH:15
end_of_record
TN:
SF:src/utils/apiErrorHandler.js
FN:24,(anonymous_0)
FN:43,(anonymous_1)
FN:121,(anonymous_2)
FN:139,(anonymous_3)
FN:178,(anonymous_4)
FN:179,(anonymous_5)
FN:180,(anonymous_6)
FN:192,(anonymous_7)
FN:217,(anonymous_8)
FN:221,(anonymous_9)
FN:223,(anonymous_10)
FN:226,(anonymous_11)
FNF:12
FNH:6
FNDA:0,(anonymous_0)
FNDA:0,(anonymous_1)
FNDA:8,(anonymous_2)
FNDA:4,(anonymous_3)
FNDA:2,(anonymous_4)
FNDA:2,(anonymous_5)
FNDA:1,(anonymous_6)
FNDA:2,(anonymous_7)
FNDA:0,(anonymous_8)
FNDA:0,(anonymous_9)
FNDA:0,(anonymous_10)
FNDA:0,(anonymous_11)
DA:8,1
DA:24,1
DA:25,0
DA:27,0
DA:28,0
DA:29,0
DA:30,0
DA:31,0
DA:33,0
DA:43,1
DA:45,0
DA:48,0
DA:53,0
DA:54,0
DA:62,0
DA:63,0
DA:64,0
DA:72,0
DA:73,0
DA:74,0
DA:82,0
DA:83,0
DA:84,0
DA:86,0
DA:88,0
DA:89,0
DA:90,0
DA:91,0
DA:92,0
DA:93,0
DA:94,0
DA:95,0
DA:96,0
DA:97,0
DA:100,0
DA:109,0
DA:110,0
DA:121,1
DA:122,8
DA:123,8
DA:124,7
DA:126,1
DA:127,1
DA:139,1
DA:141,4
DA:142,4
DA:143,1
DA:144,1
DA:148,3
DA:149,0
DA:153,3
DA:154,3
DA:157,1
DA:159,1
DA:162,2
DA:163,1
DA:169,1
DA:178,1
DA:179,2
DA:180,2
DA:181,1
DA:192,1
DA:193,2
DA:195,2
DA:196,2
DA:201,1
DA:202,1
DA:208,0
DA:217,1
DA:218,0
DA:221,0
DA:222,0
DA:223,0
DA:224,0
DA:225,0
DA:226,0
DA:233,0
DA:237,0
LF:78
LH:33
BRDA:25,0,0,0
BRDA:25,0,1,0
BRDA:27,1,0,0
BRDA:27,1,1,0
BRDA:27,2,0,0
BRDA:27,2,1,0
BRDA:28,3,0,0
BRDA:28,3,1,0
BRDA:29,4,0,0
BRDA:29,4,1,0
BRDA:30,5,0,0
BRDA:30,5,1,0
BRDA:31,6,0,0
BRDA:31,6,1,0
BRDA:43,7,0,0
BRDA:48,8,0,0
BRDA:48,8,1,0
BRDA:48,9,0,0
BRDA:48,9,1,0
BRDA:48,9,2,0
BRDA:48,9,3,0
BRDA:62,10,0,0
BRDA:62,10,1,0
BRDA:62,11,0,0
BRDA:62,11,1,0
BRDA:72,12,0,0
BRDA:72,12,1,0
BRDA:72,13,0,0
BRDA:72,13,1,0
BRDA:82,14,0,0
BRDA:82,14,1,0
BRDA:88,15,0,0
BRDA:88,15,1,0
BRDA:90,16,0,0
BRDA:90,16,1,0
BRDA:92,17,0,0
BRDA:92,17,1,0
BRDA:94,18,0,0
BRDA:94,18,1,0
BRDA:96,19,0,0
BRDA:96,19,1,0
BRDA:112,20,0,0
BRDA:112,20,1,0
BRDA:124,21,0,7
BRDA:124,21,1,5
BRDA:139,22,0,4
BRDA:139,23,0,4
BRDA:142,24,0,1
BRDA:142,24,1,3
BRDA:148,25,0,0
BRDA:148,25,1,3
BRDA:162,26,0,1
BRDA:162,26,1,1
BRDA:193,27,0,0
BRDA:193,27,1,2
BRDA:201,28,0,1
BRDA:201,28,1,0
BRDA:201,29,0,1
BRDA:201,29,1,1
BRDA:222,30,0,0
BRDA:222,30,1,0
BRDA:228,31,0,0
BRDA:228,31,1,0
BRF:63
BRH:13
end_of_record
TN:
SF:src/web/OfflineNotification.js
FN:7,(anonymous_0)
FN:12,(anonymous_1)
FN:13,(anonymous_2)
FN:18,(anonymous_3)
FNF:4
FNH:4
FNDA:3,(anonymous_0)
FNDA:2,(anonymous_1)
FNDA:2,(anonymous_2)
FNDA:2,(anonymous_3)
DA:7,1
DA:8,3
DA:9,3
DA:10,3
DA:12,3
DA:13,2
DA:14,2
DA:15,2
DA:18,2
DA:21,3
DA:38,3
DA:40,1
LF:12
LH:12
BRDA:38,0,0,2
BRDA:38,0,1,1
BRF:2
BRH:2
end_of_record
TN:
SF:src/web/ResponsiveLayout.js
FN:21,(anonymous_0)
FN:26,(anonymous_1)
FN:27,(anonymous_2)
FN:34,(anonymous_3)
FN:39,(anonymous_4)
FN:64,(anonymous_5)
FN:98,(anonymous_6)
FN:149,(anonymous_7)
FN:151,(anonymous_8)
FN:168,(anonymous_9)
FN:182,(anonymous_10)
FN:196,(anonymous_11)
FN:232,(anonymous_12)
FNF:13
FNH:9
FNDA:3,(anonymous_0)
FNDA:3,(anonymous_1)
FNDA:0,(anonymous_2)
FNDA:3,(anonymous_3)
FNDA:0,(anonymous_4)
FNDA:1,(anonymous_5)
FNDA:1,(anonymous_6)
FNDA:3,(anonymous_7)
FNDA:3,(anonymous_8)
FNDA:0,(anonymous_9)
FNDA:1,(anonymous_10)
FNDA:1,(anonymous_11)
FNDA:0,(anonymous_12)
DA:6,1
DA:14,1
DA:21,1
DA:22,3
DA:26,3
DA:27,3
DA:28,0
DA:32,3
DA:33,3
DA:34,3
DA:38,0
DA:39,0
DA:43,3
DA:44,3
DA:46,3
DA:47,0
DA:48,3
DA:49,0
DA:52,3
DA:64,1
DA:65,1
DA:66,1
DA:69,1
DA:70,1
DA:72,1
DA:73,0
DA:74,0
DA:75,1
DA:76,0
DA:77,0
DA:80,1
DA:90,1
DA:98,1
DA:110,1
DA:111,1
DA:114,1
DA:116,1
DA:117,0
DA:118,1
DA:119,0
DA:120,1
DA:121,0
DA:125,1
DA:126,1
DA:128,1
DA:129,3
DA:132,1
DA:147,1
DA:150,3
DA:152,3
DA:169,0
DA:182,1
DA:191,1
DA:192,1
DA:193,1
DA:196,1
DA:197,1
DA:198,1
DA:200,0
DA:204,1
DA:232,1
DA:233,0
DA:236,1
LF:63
LH:48
BRDA:32,0,0,3
BRDA:32,0,1,0
BRDA:46,1,0,0
BRDA:46,1,1,3
BRDA:48,2,0,0
BRDA:48,2,1,3
BRDA:72,3,0,0
BRDA:72,3,1,1
BRDA:75,4,0,0
BRDA:75,4,1,1
BRDA:100,5,0,0
BRDA:106,6,0,0
BRDA:116,7,0,0
BRDA:116,7,1,1
BRDA:118,8,0,0
BRDA:118,8,1,1
BRDA:120,9,0,0
BRDA:120,9,1,1
BRDA:157,10,0,0
BRDA:157,10,1,3
BRDA:157,11,0,3
BRDA:157,11,1,0
BRDA:167,12,0,3
BRDA:167,12,1,1
BRDA:167,12,2,0
BRDA:185,13,0,1
BRDA:186,14,0,1
BRDA:187,15,0,1
BRDA:197,16,0,1
BRDA:197,16,1,0
BRDA:207,17,0,1
BRDA:207,17,1,0
BRDA:212,18,0,1
BRDA:212,18,1,0
BRDA:214,19,0,0
BRDA:214,19,1,1
BRDA:214,20,0,1
BRDA:214,20,1,1
BRDA:215,21,0,0
BRDA:215,21,1,1
BRDA:215,22,0,1
BRDA:215,22,1,0
BRDA:217,23,0,0
BRDA:217,23,1,1
BRDA:238,24,0,1
BRDA:238,24,1,1
BRDA:245,25,0,1
BRDA:245,25,1,1
BRDA:245,25,2,1
BRDA:253,26,0,1
BRDA:253,26,1,0
BRF:51
BRH:30
end_of_record
TN:
SF:src/web/fileHandlingService.js
FN:23,(anonymous_0)
FN:28,(anonymous_1)
FN:40,(anonymous_2)
FN:48,(anonymous_3)
FN:56,(anonymous_4)
FN:94,(anonymous_5)
FN:130,(anonymous_6)
FN:162,(anonymous_7)
FN:236,(anonymous_8)
FN:255,(anonymous_9)
FN:263,(anonymous_10)
FN:270,(anonymous_11)
FN:271,(anonymous_12)
FN:286,(anonymous_13)
FN:307,(anonymous_14)
FN:309,(anonymous_15)
FN:335,(anonymous_16)
FN:357,(anonymous_17)
FN:395,(anonymous_18)
FNF:19
FNH:0
FNDA:0,(anonymous_0)
FNDA:0,(anonymous_1)
FNDA:0,(anonymous_2)
FNDA:0,(anonymous_3)
FNDA:0,(anonymous_4)
FNDA:0,(anonymous_5)
FNDA:0,(anonymous_6)
FNDA:0,(anonymous_7)
FNDA:0,(anonymous_8)
FNDA:0,(anonymous_9)
FNDA:0,(anonymous_10)
FNDA:0,(anonymous_11)
FNDA:0,(anonymous_12)
FNDA:0,(anonymous_13)
FNDA:0,(anonymous_14)
FNDA:0,(anonymous_15)
FNDA:0,(anonymous_16)
FNDA:0,(anonymous_17)
FNDA:0,(anonymous_18)
DA:14,0
DA:17,0
DA:23,0
DA:24,0
DA:28,0
DA:29,0
DA:30,0
DA:31,0
DA:32,0
DA:34,0
DA:35,0
DA:40,0
DA:41,0
DA:42,0
DA:44,0
DA:48,0
DA:49,0
DA:50,0
DA:52,0
DA:56,0
DA:57,0
DA:58,0
DA:60,0
DA:63,0
DA:64,0
DA:65,0
DA:66,0
DA:67,0
DA:69,0
DA:73,0
DA:74,0
DA:75,0
DA:76,0
DA:77,0
DA:79,0
DA:82,0
DA:84,0
DA:85,0
DA:90,0
DA:94,0
DA:95,0
DA:96,0
DA:98,0
DA:101,0
DA:102,0
DA:103,0
DA:108,0
DA:112,0
DA:113,0
DA:114,0
DA:115,0
DA:118,0
DA:120,0
DA:121,0
DA:126,0
DA:130,0
DA:131,0
DA:132,0
DA:134,0
DA:137,0
DA:138,0
DA:139,0
DA:140,0
DA:144,0
DA:145,0
DA:146,0
DA:147,0
DA:150,0
DA:152,0
DA:153,0
DA:158,0
DA:162,0
DA:163,0
DA:164,0
DA:166,0
DA:169,0
DA:170,0
DA:171,0
DA:173,0
DA:174,0
DA:183,0
DA:191,0
DA:192,0
DA:193,0
DA:195,0
DA:196,0
DA:204,0
DA:212,0
DA:213,0
DA:220,0
DA:226,0
DA:227,0
DA:232,0
DA:236,0
DA:237,0
DA:239,0
DA:241,0
DA:243,0
DA:247,0
DA:251,0
DA:255,0
DA:256,0
DA:257,0
DA:258,0
DA:261,0
DA:262,0
DA:263,0
DA:267,0
DA:268,0
DA:269,0
DA:270,0
DA:271,0
DA:274,0
DA:276,0
DA:277,0
DA:282,0
DA:286,0
DA:287,0
DA:288,0
DA:290,0
DA:292,0
DA:293,0
DA:297,0
DA:300,0
DA:301,0
DA:302,0
DA:303,0
DA:306,0
DA:307,0
DA:308,0
DA:309,0
DA:310,0
DA:315,0
DA:317,0
DA:325,0
DA:326,0
DA:331,0
DA:335,0
DA:336,0
DA:337,0
DA:339,0
DA:342,0
DA:345,0
DA:346,0
DA:347,0
DA:348,0
DA:351,0
DA:352,0
DA:356,0
DA:357,0
DA:358,0
DA:363,0
DA:369,0
DA:370,0
DA:373,0
DA:375,0
DA:376,0
DA:381,0
DA:382,0
DA:386,0
DA:387,0
DA:394,0
DA:395,0
DA:396,0
DA:400,0
DA:406,0
DA:407,0
DA:410,0
DA:412,0
DA:413,0
LF:170
LH:0
BRDA:41,0,0,0
BRDA:41,0,1,0
BRDA:49,1,0,0
BRDA:49,1,1,0
BRDA:57,2,0,0
BRDA:57,2,1,0
BRDA:63,3,0,0
BRDA:63,3,1,0
BRDA:66,4,0,0
BRDA:66,4,1,0
BRDA:66,5,0,0
BRDA:66,5,1,0
BRDA:73,6,0,0
BRDA:73,6,1,0
BRDA:76,7,0,0
BRDA:76,7,1,0
BRDA:95,8,0,0
BRDA:95,8,1,0
BRDA:101,9,0,0
BRDA:101,9,1,0
BRDA:112,10,0,0
BRDA:112,10,1,0
BRDA:130,11,0,0
BRDA:131,12,0,0
BRDA:131,12,1,0
BRDA:137,13,0,0
BRDA:137,13,1,0
BRDA:144,14,0,0
BRDA:144,14,1,0
BRDA:162,15,0,0
BRDA:163,16,0,0
BRDA:163,16,1,0
BRDA:169,17,0,0
BRDA:169,17,1,0
BRDA:173,18,0,0
BRDA:173,18,1,0
BRDA:178,19,0,0
BRDA:178,19,1,0
BRDA:191,20,0,0
BRDA:191,20,1,0
BRDA:195,21,0,0
BRDA:195,21,1,0
BRDA:200,22,0,0
BRDA:200,22,1,0
BRDA:212,23,0,0
BRDA:212,23,1,0
BRDA:212,24,0,0
BRDA:212,24,1,0
BRDA:236,25,0,0
BRDA:237,26,0,0
BRDA:237,26,1,0
BRDA:241,27,0,0
BRDA:241,27,1,0
BRDA:241,28,0,0
BRDA:241,28,1,0
BRDA:256,29,0,0
BRDA:256,29,1,0
BRDA:261,30,0,0
BRDA:261,30,1,0
BRDA:267,31,0,0
BRDA:267,31,1,0
BRDA:286,32,0,0
BRDA:287,33,0,0
BRDA:287,33,1,0
BRDA:292,34,0,0
BRDA:292,34,1,0
BRDA:300,35,0,0
BRDA:300,35,1,0
BRDA:300,36,0,0
BRDA:300,36,1,0
BRDA:302,37,0,0
BRDA:302,37,1,0
BRDA:302,38,0,0
BRDA:302,38,1,0
BRDA:335,39,0,0
BRDA:336,40,0,0
BRDA:336,40,1,0
BRDA:345,41,0,0
BRDA:345,41,1,0
BRDA:356,42,0,0
BRDA:356,42,1,0
BRDA:366,43,0,0
BRDA:366,43,1,0
BRDA:369,44,0,0
BRDA:369,44,1,0
BRDA:394,45,0,0
BRDA:394,45,1,0
BRDA:403,46,0,0
BRDA:403,46,1,0
BRDA:406,47,0,0
BRDA:406,47,1,0
BRF:91
BRH:0
end_of_record
TN:
SF:src/web/index.js
FN:15,(anonymous_0)
FN:32,(anonymous_1)
FN:35,(anonymous_2)
FN:44,(anonymous_3)
FN:56,(anonymous_4)
FN:63,(anonymous_5)
FN:67,(anonymous_6)
FN:70,(anonymous_7)
FN:75,(anonymous_8)
FN:83,(anonymous_9)
FN:86,(anonymous_10)
FN:87,(anonymous_11)
FN:91,(anonymous_12)
FN:92,(anonymous_13)
FN:99,(anonymous_14)
FN:106,(anonymous_15)
FN:123,(anonymous_16)
FN:153,(anonymous_17)
FNF:18
FNH:3
FNDA:2,(anonymous_0)
FNDA:0,(anonymous_1)
FNDA:0,(anonymous_2)
FNDA:0,(anonymous_3)
FNDA:0,(anonymous_4)
FNDA:0,(anonymous_5)
FNDA:0,(anonymous_6)
FNDA:0,(anonymous_7)
FNDA:0,(anonymous_8)
FNDA:0,(anonymous_9)
FNDA:0,(anonymous_10)
FNDA:0,(anonymous_11)
FNDA:0,(anonymous_12)
FNDA:0,(anonymous_13)
FNDA:0,(anonymous_14)
FNDA:0,(anonymous_15)
FNDA:2,(anonymous_16)
FNDA:2,(anonymous_17)
DA:15,1
DA:16,2
DA:17,0
DA:20,2
DA:21,2
DA:24,2
DA:27,1
DA:30,1
DA:31,0
DA:33,0
DA:36,0
DA:43,1
DA:44,1
DA:46,0
DA:48,0
DA:50,0
DA:55,1
DA:56,1
DA:57,0
DA:62,1
DA:63,1
DA:64,0
DA:66,0
DA:68,0
DA:71,0
DA:75,1
DA:76,0
DA:81,1
DA:83,0
DA:85,0
DA:86,0
DA:87,0
DA:90,0
DA:91,0
DA:92,0
DA:97,1
DA:99,0
DA:101,0
DA:106,1
DA:108,0
DA:109,0
DA:110,0
DA:115,0
DA:117,2
DA:118,2
DA:123,1
DA:124,2
DA:125,1
DA:126,1
DA:129,1
DA:131,1
DA:134,1
DA:137,1
DA:139,1
DA:140,1
DA:141,1
DA:143,0
DA:144,0
DA:147,0
DA:148,0
DA:153,1
DA:154,2
DA:155,0
DA:158,2
LF:64
LH:33
BRDA:16,0,0,0
BRDA:16,0,1,2
BRDA:30,1,0,0
BRDA:30,1,1,1
BRDA:30,2,0,1
BRDA:30,2,1,0
BRDA:43,3,0,1
BRDA:43,3,1,0
BRDA:55,4,0,1
BRDA:55,4,1,0
BRDA:62,5,0,1
BRDA:62,5,1,0
BRDA:81,6,0,0
BRDA:81,6,1,1
BRDA:81,7,0,1
BRDA:81,7,1,0
BRDA:81,7,2,0
BRDA:81,7,3,0
BRDA:97,8,0,0
BRDA:97,8,1,1
BRDA:97,9,0,1
BRDA:97,9,1,0
BRDA:97,9,2,0
BRDA:97,9,3,0
BRDA:108,10,0,0
BRDA:108,10,1,0
BRDA:108,11,0,0
BRDA:108,11,1,0
BRDA:108,11,2,0
BRDA:124,12,0,1
BRDA:124,12,1,1
BRDA:124,13,0,2
BRDA:124,13,1,2
BRDA:139,14,0,1
BRDA:139,14,1,0
BRDA:154,15,0,0
BRDA:154,15,1,2
BRDA:159,16,0,2
BRDA:159,16,1,1
BRDA:159,16,2,1
BRDA:159,16,3,1
BRDA:159,16,4,0
BRDA:159,16,5,0
BRF:43
BRH:20
end_of_record
TN:
SF:src/web/indexedDBService.js
FN:20,(anonymous_0)
FN:21,(anonymous_1)
FN:31,(anonymous_2)
FN:36,(anonymous_3)
FN:41,(anonymous_4)
FN:72,(anonymous_5)
FN:79,(anonymous_6)
FN:80,(anonymous_7)
FN:85,(anonymous_8)
FN:86,(anonymous_9)
FN:94,(anonymous_10)
FN:95,(anonymous_11)
FN:100,(anonymous_12)
FN:101,(anonymous_13)
FN:109,(anonymous_14)
FN:110,(anonymous_15)
FN:115,(anonymous_16)
FN:116,(anonymous_17)
FN:124,(anonymous_18)
FN:125,(anonymous_19)
FN:130,(anonymous_20)
FN:131,(anonymous_21)
FN:139,(anonymous_22)
FN:140,(anonymous_23)
FN:145,(anonymous_24)
FN:146,(anonymous_25)
FN:154,(anonymous_26)
FN:155,(anonymous_27)
FN:161,(anonymous_28)
FN:162,(anonymous_29)
FN:170,(anonymous_30)
FN:171,(anonymous_31)
FN:176,(anonymous_32)
FN:177,(anonymous_33)
FN:185,(anonymous_34)
FN:196,(anonymous_35)
FN:199,(anonymous_36)
FN:228,(anonymous_37)
FN:243,(anonymous_38)
FN:247,(anonymous_39)
FN:251,(anonymous_40)
FN:255,(anonymous_41)
FN:260,(anonymous_42)
FN:264,(anonymous_43)
FN:268,(anonymous_44)
FN:272,(anonymous_45)
FN:276,(anonymous_46)
FN:281,(anonymous_47)
FN:285,(anonymous_48)
FNF:49
FNH:0
FNDA:0,(anonymous_0)
FNDA:0,(anonymous_1)
FNDA:0,(anonymous_2)
FNDA:0,(anonymous_3)
FNDA:0,(anonymous_4)
FNDA:0,(anonymous_5)
FNDA:0,(anonymous_6)
FNDA:0,(anonymous_7)
FNDA:0,(anonymous_8)
FNDA:0,(anonymous_9)
FNDA:0,(anonymous_10)
FNDA:0,(anonymous_11)
FNDA:0,(anonymous_12)
FNDA:0,(anonymous_13)
FNDA:0,(anonymous_14)
FNDA:0,(anonymous_15)
FNDA:0,(anonymous_16)
FNDA:0,(anonymous_17)
FNDA:0,(anonymous_18)
FNDA:0,(anonymous_19)
FNDA:0,(anonymous_20)
FNDA:0,(anonymous_21)
FNDA:0,(anonymous_22)
FNDA:0,(anonymous_23)
FNDA:0,(anonymous_24)
FNDA:0,(anonymous_25)
FNDA:0,(anonymous_26)
FNDA:0,(anonymous_27)
FNDA:0,(anonymous_28)
FNDA:0,(anonymous_29)
FNDA:0,(anonymous_30)
FNDA:0,(anonymous_31)
FNDA:0,(anonymous_32)
FNDA:0,(anonymous_33)
FNDA:0,(anonymous_34)
FNDA:0,(anonymous_35)
FNDA:0,(anonymous_36)
FNDA:0,(anonymous_37)
FNDA:0,(anonymous_38)
FNDA:0,(anonymous_39)
FNDA:0,(anonymous_40)
FNDA:0,(anonymous_41)
FNDA:0,(anonymous_42)
FNDA:0,(anonymous_43)
FNDA:0,(anonymous_44)
FNDA:0,(anonymous_45)
FNDA:0,(anonymous_46)
FNDA:0,(anonymous_47)
FNDA:0,(anonymous_48)
DA:8,0
DA:9,0
DA:12,0
DA:20,0
DA:21,0
DA:23,0
DA:24,0
DA:25,0
DA:26,0
DA:29,0
DA:31,0
DA:32,0
DA:33,0
DA:36,0
DA:37,0
DA:38,0
DA:41,0
DA:42,0
DA:45,0
DA:46,0
DA:49,0
DA:50,0
DA:51,0
DA:52,0
DA:55,0
DA:56,0
DA:59,0
DA:60,0
DA:64,0
DA:65,0
DA:72,0
DA:73,0
DA:74,0
DA:75,0
DA:79,0
DA:80,0
DA:81,0
DA:82,0
DA:83,0
DA:85,0
DA:86,0
DA:88,0
DA:94,0
DA:95,0
DA:96,0
DA:97,0
DA:98,0
DA:100,0
DA:101,0
DA:103,0
DA:109,0
DA:110,0
DA:111,0
DA:112,0
DA:113,0
DA:115,0
DA:116,0
DA:118,0
DA:124,0
DA:125,0
DA:126,0
DA:127,0
DA:128,0
DA:130,0
DA:131,0
DA:133,0
DA:139,0
DA:140,0
DA:141,0
DA:142,0
DA:143,0
DA:145,0
DA:146,0
DA:148,0
DA:154,0
DA:155,0
DA:156,0
DA:157,0
DA:158,0
DA:159,0
DA:161,0
DA:162,0
DA:164,0
DA:170,0
DA:171,0
DA:172,0
DA:173,0
DA:174,0
DA:176,0
DA:177,0
DA:179,0
DA:185,0
DA:186,0
DA:192,0
DA:196,0
DA:197,0
DA:198,0
DA:199,0
DA:201,0
DA:204,0
DA:205,0
DA:207,0
DA:213,0
DA:215,0
DA:217,0
DA:226,0
DA:227,0
DA:228,0
DA:231,0
DA:232,0
DA:235,0
DA:237,0
DA:238,0
DA:243,0
DA:244,0
DA:247,0
DA:248,0
DA:251,0
DA:252,0
DA:255,0
DA:256,0
DA:260,0
DA:261,0
DA:264,0
DA:265,0
DA:268,0
DA:269,0
DA:272,0
DA:273,0
DA:276,0
DA:277,0
DA:281,0
DA:282,0
DA:285,0
DA:286,0
DA:287,0
LF:136
LH:0
BRDA:23,0,0,0
BRDA:23,0,1,0
BRDA:45,1,0,0
BRDA:45,1,1,0
BRDA:49,2,0,0
BRDA:49,2,1,0
BRDA:55,3,0,0
BRDA:55,3,1,0
BRDA:59,4,0,0
BRDA:59,4,1,0
BRDA:72,5,0,0
BRDA:228,6,0,0
BRDA:228,6,1,0
BRDA:287,7,0,0
BRDA:287,7,1,0
BRF:15
BRH:0
end_of_record
TN:
SF:src/web/serviceWorkerRegistration.js
FN:11,(anonymous_0)
FN:25,register
FN:36,(anonymous_2)
FN:45,(anonymous_3)
FN:59,registerValidSW
FN:62,(anonymous_5)
FN:63,(anonymous_6)
FN:68,(anonymous_7)
FN:98,(anonymous_8)
FN:103,checkValidServiceWorker
FN:108,(anonymous_10)
FN:116,(anonymous_11)
FN:117,(anonymous_12)
FN:126,(anonymous_13)
FN:131,unregister
FN:134,(anonymous_15)
FN:137,(anonymous_16)
FNF:17
FNH:0
FNDA:0,(anonymous_0)
FNDA:0,register
FNDA:0,(anonymous_2)
FNDA:0,(anonymous_3)
FNDA:0,registerValidSW
FNDA:0,(anonymous_5)
FNDA:0,(anonymous_6)
FNDA:0,(anonymous_7)
FNDA:0,(anonymous_8)
FNDA:0,checkValidServiceWorker
FNDA:0,(anonymous_10)
FNDA:0,(anonymous_11)
FNDA:0,(anonymous_12)
FNDA:0,(anonymous_13)
FNDA:0,unregister
FNDA:0,(anonymous_15)
FNDA:0,(anonymous_16)
DA:11,1
DA:12,0
DA:13,0
DA:16,0
DA:26,0
DA:28,0
DA:29,0
DA:33,0
DA:36,0
DA:37,0
DA:39,0
DA:41,0
DA:45,0
DA:46,0
DA:53,0
DA:60,0
DA:63,0
DA:64,0
DA:65,0
DA:66,0
DA:68,0
DA:69,0
DA:70,0
DA:74,0
DA:80,0
DA:81,0
DA:87,0
DA:90,0
DA:91,0
DA:99,0
DA:105,0
DA:110,0
DA:111,0
DA:116,0
DA:117,0
DA:118,0
DA:123,0
DA:127,0
DA:132,0
DA:133,0
DA:135,0
DA:138,0
LF:42
LH:1
BRDA:12,0,0,0
BRDA:12,0,1,0
BRDA:12,1,0,0
BRDA:12,1,1,0
BRDA:17,2,0,0
BRDA:17,2,1,0
BRDA:17,2,2,0
BRDA:26,3,0,0
BRDA:26,3,1,0
BRDA:26,4,0,0
BRDA:26,4,1,0
BRDA:29,5,0,0
BRDA:29,5,1,0
BRDA:39,6,0,0
BRDA:39,6,1,0
BRDA:65,7,0,0
BRDA:65,7,1,0
BRDA:69,8,0,0
BRDA:69,8,1,0
BRDA:70,9,0,0
BRDA:70,9,1,0
BRDA:80,10,0,0
BRDA:80,10,1,0
BRDA:80,11,0,0
BRDA:80,11,1,0
BRDA:90,12,0,0
BRDA:90,12,1,0
BRDA:90,13,0,0
BRDA:90,13,1,0
BRDA:111,14,0,0
BRDA:111,14,1,0
BRDA:112,15,0,0
BRDA:112,15,1,0
BRDA:112,15,2,0
BRDA:132,16,0,0
BRDA:132,16,1,0
BRF:36
BRH:0
end_of_record
