TN:
SF:.eslintrc.js
FNF:0
FNH:0
DA:2,0
LF:1
LH:0
BRF:0
BRH:0
end_of_record
TN:
SF:App.js
FN:32,(anonymous_0)
FN:72,SentryApp
FN:76,App
FN:81,(anonymous_3)
FN:82,(anonymous_4)
FN:113,(anonymous_5)
FN:123,(anonymous_6)
FNF:7
FNH:0
FNDA:0,(anonymous_0)
FNDA:0,SentryApp
FNDA:0,App
FNDA:0,(anonymous_3)
FNDA:0,(anonymous_4)
FNDA:0,(anonymous_5)
FNDA:0,(anonymous_6)
DA:13,0
DA:16,0
DA:18,0
DA:21,0
DA:31,0
DA:32,0
DA:34,0
DA:43,0
DA:46,0
DA:50,0
DA:53,0
DA:56,0
DA:57,0
DA:58,0
DA:62,0
DA:65,0
DA:70,0
DA:73,0
DA:77,0
DA:78,0
DA:81,0
DA:82,0
DA:83,0
DA:85,0
DA:86,0
DA:87,0
DA:88,0
DA:90,0
DA:94,0
DA:95,0
DA:96,0
DA:97,0
DA:100,0
DA:103,0
DA:104,0
DA:106,0
DA:110,0
DA:113,0
DA:114,0
DA:115,0
DA:119,0
DA:120,0
DA:123,0
DA:125,0
DA:126,0
DA:131,0
DA:133,0
DA:136,0
LF:48
LH:0
BRDA:36,0,0,0
BRDA:36,0,1,0
BRDA:39,1,0,0
BRDA:39,1,1,0
BRDA:86,2,0,0
BRDA:86,2,1,0
BRDA:95,3,0,0
BRDA:95,3,1,0
BRDA:119,4,0,0
BRDA:119,4,1,0
BRDA:125,5,0,0
BRDA:125,5,1,0
BRDA:131,6,0,0
BRDA:131,6,1,0
BRF:14
BRH:0
end_of_record
TN:
SF:app.config.js
FN:5,(anonymous_0)
FNF:1
FNH:0
FNDA:0,(anonymous_0)
DA:7,0
DA:8,0
DA:11,0
LF:3
LH:0
BRDA:7,0,0,0
BRDA:7,0,1,0
BRDA:31,1,0,0
BRDA:31,1,1,0
BRDA:37,2,0,0
BRDA:37,2,1,0
BRDA:38,3,0,0
BRDA:38,3,1,0
BRDA:39,4,0,0
BRDA:39,4,1,0
BRF:10
BRH:0
end_of_record
TN:
SF:check-supabase.js
FN:11,checkSupabaseSetup
FN:56,(anonymous_1)
FN:57,(anonymous_2)
FN:75,(anonymous_3)
FN:80,(anonymous_4)
FN:163,(anonymous_5)
FNF:6
FNH:0
FNDA:0,checkSupabaseSetup
FNDA:0,(anonymous_1)
FNDA:0,(anonymous_2)
FNDA:0,(anonymous_3)
FNDA:0,(anonymous_4)
FNDA:0,(anonymous_5)
DA:1,0
DA:2,0
DA:5,0
DA:6,0
DA:9,0
DA:12,0
DA:15,0
DA:16,0
DA:25,0
DA:27,0
DA:28,0
DA:29,0
DA:33,0
DA:34,0
DA:35,0
DA:37,0
DA:40,0
DA:43,0
DA:48,0
DA:49,0
DA:50,0
DA:51,0
DA:55,0
DA:56,0
DA:57,0
DA:59,0
DA:60,0
DA:61,0
DA:65,0
DA:66,0
DA:67,0
DA:71,0
DA:72,0
DA:74,0
DA:75,0
DA:76,0
DA:80,0
DA:81,0
DA:82,0
DA:83,0
DA:87,0
DA:91,0
DA:92,0
DA:95,0
DA:98,0
DA:100,0
DA:101,0
DA:102,0
DA:105,0
DA:108,0
DA:111,0
DA:116,0
DA:117,0
DA:118,0
DA:119,0
DA:120,0
DA:122,0
DA:125,0
DA:128,0
DA:131,0
DA:136,0
DA:137,0
DA:139,0
DA:141,0
DA:142,0
DA:143,0
DA:146,0
DA:147,0
DA:151,0
DA:152,0
DA:154,0
DA:157,0
DA:163,0
DA:164,0
LF:74
LH:0
BRDA:33,0,0,0
BRDA:33,0,1,0
BRDA:34,1,0,0
BRDA:34,1,1,0
BRDA:50,2,0,0
BRDA:50,2,1,0
BRDA:50,3,0,0
BRDA:50,3,1,0
BRDA:59,4,0,0
BRDA:59,4,1,0
BRDA:71,5,0,0
BRDA:71,5,1,0
BRDA:76,6,0,0
BRDA:76,6,1,0
BRDA:81,7,0,0
BRDA:81,7,1,0
BRDA:100,8,0,0
BRDA:100,8,1,0
BRDA:116,9,0,0
BRDA:116,9,1,0
BRDA:117,10,0,0
BRDA:117,10,1,0
BRDA:119,11,0,0
BRDA:119,11,1,0
BRDA:119,12,0,0
BRDA:119,12,1,0
BRDA:141,13,0,0
BRDA:141,13,1,0
BRDA:151,14,0,0
BRDA:151,14,1,0
BRDA:154,15,0,0
BRDA:154,15,1,0
BRF:32
BRH:0
end_of_record
TN:
SF:index.js
FNF:0
FNH:0
DA:5,0
LF:1
LH:0
BRF:0
BRH:0
end_of_record
TN:
SF:metro.config.js
FNF:0
FNH:0
DA:2,0
DA:5,0
DA:8,0
LF:3
LH:0
BRF:0
BRH:0
end_of_record
TN:
SF:metro.reset.config.js
FN:4,(anonymous_0)
FNF:1
FNH:0
FNDA:0,(anonymous_0)
DA:1,0
DA:4,0
LF:2
LH:0
BRF:0
BRH:0
end_of_record
TN:
SF:setup-supabase.js
FN:27,(anonymous_0)
FN:28,(anonymous_1)
FN:31,setupDatabase
FNF:3
FNH:0
FNDA:0,(anonymous_0)
FNDA:0,(anonymous_1)
FNDA:0,setupDatabase
DA:2,0
DA:3,0
DA:4,0
DA:5,0
DA:8,0
DA:9,0
DA:12,0
DA:13,0
DA:14,0
DA:18,0
DA:21,0
DA:22,0
DA:25,0
DA:27,0
DA:28,0
DA:32,0
DA:34,0
DA:35,0
DA:36,0
DA:37,0
DA:39,0
DA:44,0
DA:45,0
DA:46,0
DA:50,0
DA:52,0
DA:59,0
DA:60,0
DA:62,0
DA:65,0
DA:68,0
DA:76,0
DA:77,0
DA:81,0
DA:89,0
DA:90,0
DA:94,0
DA:96,0
DA:100,0
LF:39
LH:0
BRDA:12,0,0,0
BRDA:12,0,1,0
BRDA:12,1,0,0
BRDA:12,1,1,0
BRDA:44,2,0,0
BRDA:44,2,1,0
BRDA:59,3,0,0
BRDA:59,3,1,0
BRDA:76,4,0,0
BRDA:76,4,1,0
BRDA:89,5,0,0
BRDA:89,5,1,0
BRF:12
BRH:0
end_of_record
TN:
SF:store.js
FN:4,(anonymous_0)
FN:6,(anonymous_1)
FN:10,(anonymous_2)
FNF:3
FNH:0
FNDA:0,(anonymous_0)
FNDA:0,(anonymous_1)
FNDA:0,(anonymous_2)
DA:4,0
DA:7,0
DA:8,0
DA:11,0
DA:12,0
LF:5
LH:0
BRF:0
BRH:0
end_of_record
TN:
SF:app/_drawer.js
FN:13,CustomDrawerContent
FN:14,(anonymous_1)
FN:22,(anonymous_2)
FN:47,(anonymous_3)
FN:95,(anonymous_4)
FN:120,(anonymous_5)
FN:145,(anonymous_6)
FN:203,MenuItem
FN:206,(anonymous_8)
FN:226,HeaderLeft
FN:228,(anonymous_10)
FN:260,DrawerLayout
FN:265,(anonymous_12)
FN:273,(anonymous_13)
FN:292,(anonymous_14)
FN:329,(anonymous_15)
FN:352,(anonymous_16)
FNF:17
FNH:0
FNDA:0,CustomDrawerContent
FNDA:0,(anonymous_1)
FNDA:0,(anonymous_2)
FNDA:0,(anonymous_3)
FNDA:0,(anonymous_4)
FNDA:0,(anonymous_5)
FNDA:0,(anonymous_6)
FNDA:0,MenuItem
FNDA:0,(anonymous_8)
FNDA:0,HeaderLeft
FNDA:0,(anonymous_10)
FNDA:0,DrawerLayout
FNDA:0,(anonymous_12)
FNDA:0,(anonymous_13)
FNDA:0,(anonymous_14)
FNDA:0,(anonymous_15)
FNDA:0,(anonymous_16)
DA:10,0
DA:14,0
DA:15,0
DA:23,0
DA:24,0
DA:25,0
DA:26,0
DA:29,0
DA:30,0
DA:33,0
DA:34,0
DA:37,0
DA:38,0
DA:47,0
DA:48,0
DA:49,0
DA:51,0
DA:54,0
DA:57,0
DA:95,0
DA:120,0
DA:145,0
DA:204,0
DA:206,0
DA:228,0
DA:229,0
DA:230,0
DA:231,0
DA:234,0
DA:235,0
DA:236,0
DA:238,0
DA:242,0
DA:246,0
DA:262,0
DA:265,0
DA:266,0
DA:267,0
DA:268,0
DA:273,0
DA:274,0
DA:275,0
DA:276,0
DA:279,0
DA:280,0
DA:281,0
DA:285,0
DA:289,0
DA:292,0
DA:330,0
DA:352,0
DA:358,0
LF:52
LH:0
BRDA:29,0,0,0
BRDA:29,0,1,0
BRDA:48,1,0,0
BRDA:48,1,1,0
BRDA:48,2,0,0
BRDA:48,2,1,0
BRDA:48,2,2,0
BRDA:89,3,0,0
BRDA:89,3,1,0
BRDA:92,4,0,0
BRDA:92,4,1,0
BRDA:100,5,0,0
BRDA:100,5,1,0
BRDA:103,6,0,0
BRDA:103,6,1,0
BRDA:104,7,0,0
BRDA:104,7,1,0
BRDA:114,8,0,0
BRDA:114,8,1,0
BRDA:117,9,0,0
BRDA:117,9,1,0
BRDA:125,10,0,0
BRDA:125,10,1,0
BRDA:128,11,0,0
BRDA:128,11,1,0
BRDA:129,12,0,0
BRDA:129,12,1,0
BRDA:139,13,0,0
BRDA:139,13,1,0
BRDA:142,14,0,0
BRDA:142,14,1,0
BRDA:150,15,0,0
BRDA:150,15,1,0
BRDA:153,16,0,0
BRDA:153,16,1,0
BRDA:154,17,0,0
BRDA:154,17,1,0
BRDA:203,18,0,0
BRDA:208,19,0,0
BRDA:208,19,1,0
BRDA:209,20,0,0
BRDA:209,20,1,0
BRDA:216,21,0,0
BRDA:216,21,1,0
BRDA:218,22,0,0
BRDA:218,22,1,0
BRDA:230,23,0,0
BRDA:230,23,1,0
BRDA:235,24,0,0
BRDA:235,24,1,0
BRDA:266,25,0,0
BRDA:266,25,1,0
BRDA:266,26,0,0
BRDA:266,26,1,0
BRDA:275,27,0,0
BRDA:275,27,1,0
BRDA:280,28,0,0
BRDA:280,28,1,0
BRF:58
BRH:0
end_of_record
TN:
SF:app/_layout.js
FN:34,(anonymous_0)
FN:54,(anonymous_1)
FN:60,(anonymous_2)
FN:71,(anonymous_3)
FN:86,(anonymous_4)
FN:109,(anonymous_5)
FN:112,(anonymous_6)
FN:127,WebAuth
FN:138,(anonymous_8)
FN:139,(anonymous_9)
FN:181,(anonymous_10)
FN:193,(anonymous_11)
FN:196,(anonymous_12)
FN:219,(anonymous_13)
FN:237,(anonymous_14)
FN:272,Auth
FN:283,(anonymous_16)
FN:284,(anonymous_17)
FN:351,(anonymous_18)
FN:353,(anonymous_19)
FN:373,(anonymous_20)
FN:381,(anonymous_21)
FN:401,(anonymous_22)
FN:402,(anonymous_23)
FN:407,(anonymous_24)
FN:411,(anonymous_25)
FN:415,(anonymous_26)
FN:421,(anonymous_27)
FN:422,(anonymous_28)
FN:429,(anonymous_29)
FN:437,(anonymous_30)
FN:438,(anonymous_31)
FN:443,(anonymous_32)
FN:444,(anonymous_33)
FN:449,(anonymous_34)
FN:450,(anonymous_35)
FN:454,(anonymous_36)
FN:458,(anonymous_37)
FN:465,(anonymous_38)
FN:466,(anonymous_39)
FN:474,(anonymous_40)
FN:477,(anonymous_41)
FN:500,(anonymous_42)
FN:504,(anonymous_43)
FN:512,(anonymous_44)
FN:539,(anonymous_45)
FN:543,(anonymous_46)
FN:587,RootLayout
FN:594,(anonymous_48)
FN:595,prepare
FN:610,(anonymous_50)
FN:626,(anonymous_51)
FN:651,(anonymous_52)
FN:655,(anonymous_53)
FN:656,(anonymous_54)
FN:664,(anonymous_55)
FN:667,(anonymous_56)
FN:679,(anonymous_57)
FN:680,(anonymous_58)
FN:688,(anonymous_59)
FN:703,(anonymous_60)
FN:713,(anonymous_61)
FN:728,(anonymous_62)
FN:768,(anonymous_63)
FNF:64
FNH:0
FNDA:0,(anonymous_0)
FNDA:0,(anonymous_1)
FNDA:0,(anonymous_2)
FNDA:0,(anonymous_3)
FNDA:0,(anonymous_4)
FNDA:0,(anonymous_5)
FNDA:0,(anonymous_6)
FNDA:0,WebAuth
FNDA:0,(anonymous_8)
FNDA:0,(anonymous_9)
FNDA:0,(anonymous_10)
FNDA:0,(anonymous_11)
FNDA:0,(anonymous_12)
FNDA:0,(anonymous_13)
FNDA:0,(anonymous_14)
FNDA:0,Auth
FNDA:0,(anonymous_16)
FNDA:0,(anonymous_17)
FNDA:0,(anonymous_18)
FNDA:0,(anonymous_19)
FNDA:0,(anonymous_20)
FNDA:0,(anonymous_21)
FNDA:0,(anonymous_22)
FNDA:0,(anonymous_23)
FNDA:0,(anonymous_24)
FNDA:0,(anonymous_25)
FNDA:0,(anonymous_26)
FNDA:0,(anonymous_27)
FNDA:0,(anonymous_28)
FNDA:0,(anonymous_29)
FNDA:0,(anonymous_30)
FNDA:0,(anonymous_31)
FNDA:0,(anonymous_32)
FNDA:0,(anonymous_33)
FNDA:0,(anonymous_34)
FNDA:0,(anonymous_35)
FNDA:0,(anonymous_36)
FNDA:0,(anonymous_37)
FNDA:0,(anonymous_38)
FNDA:0,(anonymous_39)
FNDA:0,(anonymous_40)
FNDA:0,(anonymous_41)
FNDA:0,(anonymous_42)
FNDA:0,(anonymous_43)
FNDA:0,(anonymous_44)
FNDA:0,(anonymous_45)
FNDA:0,(anonymous_46)
FNDA:0,RootLayout
FNDA:0,(anonymous_48)
FNDA:0,prepare
FNDA:0,(anonymous_50)
FNDA:0,(anonymous_51)
FNDA:0,(anonymous_52)
FNDA:0,(anonymous_53)
FNDA:0,(anonymous_54)
FNDA:0,(anonymous_55)
FNDA:0,(anonymous_56)
FNDA:0,(anonymous_57)
FNDA:0,(anonymous_58)
FNDA:0,(anonymous_59)
FNDA:0,(anonymous_60)
FNDA:0,(anonymous_61)
FNDA:0,(anonymous_62)
FNDA:0,(anonymous_63)
DA:30,0
DA:34,0
DA:35,0
DA:39,0
DA:53,0
DA:54,0
DA:57,0
DA:60,0
DA:61,0
DA:62,0
DA:65,0
DA:71,0
DA:72,0
DA:86,0
DA:87,0
DA:110,0
DA:112,0
DA:113,0
DA:116,0
DA:128,0
DA:129,0
DA:130,0
DA:131,0
DA:132,0
DA:133,0
DA:134,0
DA:135,0
DA:138,0
DA:139,0
DA:140,0
DA:141,0
DA:144,0
DA:145,0
DA:146,0
DA:147,0
DA:149,0
DA:154,0
DA:155,0
DA:158,0
DA:159,0
DA:160,0
DA:161,0
DA:163,0
DA:164,0
DA:166,0
DA:170,0
DA:171,0
DA:172,0
DA:173,0
DA:177,0
DA:181,0
DA:182,0
DA:184,0
DA:185,0
DA:188,0
DA:189,0
DA:191,0
DA:192,0
DA:193,0
DA:194,0
DA:195,0
DA:196,0
DA:198,0
DA:201,0
DA:202,0
DA:207,0
DA:208,0
DA:219,0
DA:228,0
DA:229,0
DA:237,0
DA:246,0
DA:247,0
DA:258,0
DA:273,0
DA:274,0
DA:275,0
DA:276,0
DA:277,0
DA:278,0
DA:279,0
DA:280,0
DA:283,0
DA:284,0
DA:285,0
DA:286,0
DA:289,0
DA:290,0
DA:291,0
DA:292,0
DA:294,0
DA:300,0
DA:301,0
DA:303,0
DA:305,0
DA:306,0
DA:308,0
DA:312,0
DA:315,0
DA:316,0
DA:318,0
DA:319,0
DA:320,0
DA:322,0
DA:325,0
DA:329,0
DA:334,0
DA:337,0
DA:339,0
DA:340,0
DA:342,0
DA:347,0
DA:352,0
DA:354,0
DA:358,0
DA:359,0
DA:362,0
DA:363,0
DA:365,0
DA:369,0
DA:373,0
DA:375,0
DA:377,0
DA:378,0
DA:381,0
DA:382,0
DA:384,0
DA:386,0
DA:388,0
DA:389,0
DA:390,0
DA:391,0
DA:393,0
DA:394,0
DA:397,0
DA:398,0
DA:400,0
DA:401,0
DA:402,0
DA:406,0
DA:408,0
DA:409,0
DA:412,0
DA:413,0
DA:417,0
DA:418,0
DA:420,0
DA:421,0
DA:422,0
DA:426,0
DA:427,0
DA:428,0
DA:429,0
DA:433,0
DA:434,0
DA:435,0
DA:436,0
DA:437,0
DA:438,0
DA:443,0
DA:444,0
DA:445,0
DA:446,0
DA:447,0
DA:448,0
DA:449,0
DA:450,0
DA:454,0
DA:458,0
DA:459,0
DA:461,0
DA:462,0
DA:464,0
DA:465,0
DA:466,0
DA:469,0
DA:470,0
DA:472,0
DA:473,0
DA:474,0
DA:475,0
DA:476,0
DA:477,0
DA:479,0
DA:482,0
DA:483,0
DA:488,0
DA:489,0
DA:501,0
DA:502,0
DA:504,0
DA:513,0
DA:515,0
DA:516,0
DA:517,0
DA:519,0
DA:530,0
DA:531,0
DA:540,0
DA:541,0
DA:543,0
DA:553,0
DA:554,0
DA:572,0
DA:589,0
DA:590,0
DA:591,0
DA:594,0
DA:596,0
DA:597,0
DA:600,0
DA:607,0
DA:611,0
DA:612,0
DA:615,0
DA:616,0
DA:619,0
DA:626,0
DA:629,0
DA:630,0
DA:633,0
DA:639,0
DA:640,0
DA:641,0
DA:643,0
DA:647,0
DA:651,0
DA:652,0
DA:653,0
DA:655,0
DA:656,0
DA:657,0
DA:664,0
DA:665,0
DA:667,0
DA:668,0
DA:671,0
DA:678,0
DA:679,0
DA:681,0
DA:682,0
DA:687,0
DA:688,0
DA:689,0
DA:692,0
DA:698,0
DA:699,0
DA:703,0
DA:704,0
DA:711,0
DA:713,0
DA:714,0
DA:715,0
DA:716,0
DA:721,0
DA:723,0
DA:730,0
DA:745,0
DA:762,0
DA:770,0
DA:785,0
DA:803,0
LF:262
LH:0
BRDA:100,0,0,0
BRDA:100,0,1,0
BRDA:144,1,0,0
BRDA:144,1,1,0
BRDA:160,2,0,0
BRDA:160,2,1,0
BRDA:182,3,0,0
BRDA:182,3,1,0
BRDA:191,4,0,0
BRDA:191,4,1,0
BRDA:191,5,0,0
BRDA:191,5,1,0
BRDA:194,6,0,0
BRDA:194,6,1,0
BRDA:194,7,0,0
BRDA:194,7,1,0
BRDA:207,8,0,0
BRDA:207,8,1,0
BRDA:215,9,0,0
BRDA:215,9,1,0
BRDA:228,10,0,0
BRDA:228,10,1,0
BRDA:246,11,0,0
BRDA:246,11,1,0
BRDA:246,12,0,0
BRDA:246,12,1,0
BRDA:251,13,0,0
BRDA:251,13,1,0
BRDA:289,14,0,0
BRDA:289,14,1,0
BRDA:303,15,0,0
BRDA:303,15,1,0
BRDA:315,16,0,0
BRDA:315,16,1,0
BRDA:318,17,0,0
BRDA:318,17,1,0
BRDA:375,18,0,0
BRDA:375,18,1,0
BRDA:386,19,0,0
BRDA:386,19,1,0
BRDA:390,20,0,0
BRDA:390,20,1,0
BRDA:408,21,0,0
BRDA:408,21,1,0
BRDA:445,22,0,0
BRDA:445,22,1,0
BRDA:459,23,0,0
BRDA:459,23,1,0
BRDA:472,24,0,0
BRDA:472,24,1,0
BRDA:472,25,0,0
BRDA:472,25,1,0
BRDA:475,26,0,0
BRDA:475,26,1,0
BRDA:475,27,0,0
BRDA:475,27,1,0
BRDA:488,28,0,0
BRDA:488,28,1,0
BRDA:496,29,0,0
BRDA:496,29,1,0
BRDA:530,30,0,0
BRDA:530,30,1,0
BRDA:553,31,0,0
BRDA:553,31,1,0
BRDA:553,32,0,0
BRDA:553,32,1,0
BRDA:558,33,0,0
BRDA:558,33,1,0
BRDA:564,34,0,0
BRDA:564,34,1,0
BRDA:564,35,0,0
BRDA:564,35,1,0
BRDA:652,36,0,0
BRDA:652,36,1,0
BRDA:721,37,0,0
BRDA:721,37,1,0
BRDA:734,38,0,0
BRDA:734,38,1,0
BRDA:735,39,0,0
BRDA:735,39,1,0
BRDA:736,40,0,0
BRDA:736,40,1,0
BRDA:737,41,0,0
BRDA:737,41,1,0
BRDA:741,42,0,0
BRDA:741,42,1,0
BRDA:774,43,0,0
BRDA:774,43,1,0
BRDA:775,44,0,0
BRDA:775,44,1,0
BRDA:776,45,0,0
BRDA:776,45,1,0
BRDA:777,46,0,0
BRDA:777,46,1,0
BRDA:781,47,0,0
BRDA:781,47,1,0
BRF:96
BRH:0
end_of_record
TN:
SF:app/debug.js
FN:8,DebugScreen
FN:13,(anonymous_1)
FN:19,loadLogs
FN:28,loadDeviceInfo
FN:43,loadStorageInfo
FN:65,clearAllLogs
FN:74,shareLogs
FN:90,(anonymous_7)
FN:114,resetApp
FN:148,(anonymous_9)
FN:158,(anonymous_10)
FN:168,(anonymous_11)
FN:182,getLogLevelStyle
FNF:13
FNH:0
FNDA:0,DebugScreen
FNDA:0,(anonymous_1)
FNDA:0,loadLogs
FNDA:0,loadDeviceInfo
FNDA:0,loadStorageInfo
FNDA:0,clearAllLogs
FNDA:0,shareLogs
FNDA:0,(anonymous_7)
FNDA:0,resetApp
FNDA:0,(anonymous_9)
FNDA:0,(anonymous_10)
FNDA:0,(anonymous_11)
FNDA:0,getLogLevelStyle
DA:9,0
DA:10,0
DA:11,0
DA:13,0
DA:14,0
DA:15,0
DA:16,0
DA:20,0
DA:21,0
DA:22,0
DA:24,0
DA:29,0
DA:31,0
DA:37,0
DA:39,0
DA:44,0
DA:46,0
DA:47,0
DA:49,0
DA:50,0
DA:51,0
DA:53,0
DA:55,0
DA:59,0
DA:61,0
DA:66,0
DA:67,0
DA:68,0
DA:70,0
DA:75,0
DA:76,0
DA:77,0
DA:79,0
DA:80,0
DA:87,0
DA:88,0
DA:90,0
DA:91,0
DA:92,0
DA:93,0
DA:95,0
DA:96,0
DA:98,0
DA:101,0
DA:103,0
DA:110,0
DA:115,0
DA:117,0
DA:119,0
DA:121,0
DA:123,0
DA:127,0
DA:149,0
DA:159,0
DA:169,0
DA:183,0
DA:185,0
DA:187,0
DA:189,0
DA:191,0
DA:193,0
DA:197,0
LF:62
LH:0
BRDA:53,0,0,0
BRDA:53,0,1,0
BRDA:53,1,0,0
BRDA:53,1,1,0
BRDA:79,2,0,0
BRDA:79,2,1,0
BRDA:92,3,0,0
BRDA:92,3,1,0
BRDA:95,4,0,0
BRDA:95,4,1,0
BRDA:173,5,0,0
BRDA:173,5,1,0
BRDA:174,6,0,0
BRDA:174,6,1,0
BRDA:183,7,0,0
BRDA:183,7,1,0
BRDA:183,7,2,0
BRDA:183,7,3,0
BRDA:183,7,4,0
BRF:19
BRH:0
end_of_record
TN:
SF:app/edit-profile.js
FN:21,EditProfileScreen
FN:92,(anonymous_1)
FN:93,(anonymous_2)
FN:113,(anonymous_3)
FN:128,(anonymous_4)
FN:148,(anonymous_5)
FN:173,(anonymous_6)
FN:190,(anonymous_7)
FN:202,(anonymous_8)
FN:207,(anonymous_9)
FN:228,(anonymous_10)
FNF:11
FNH:0
FNDA:0,EditProfileScreen
FNDA:0,(anonymous_1)
FNDA:0,(anonymous_2)
FNDA:0,(anonymous_3)
FNDA:0,(anonymous_4)
FNDA:0,(anonymous_5)
FNDA:0,(anonymous_6)
FNDA:0,(anonymous_7)
FNDA:0,(anonymous_8)
FNDA:0,(anonymous_9)
FNDA:0,(anonymous_10)
DA:22,0
DA:23,0
DA:24,0
DA:25,0
DA:26,0
DA:27,0
DA:28,0
DA:29,0
DA:30,0
DA:33,0
DA:92,0
DA:93,0
DA:94,0
DA:95,0
DA:96,0
DA:97,0
DA:98,0
DA:99,0
DA:100,0
DA:102,0
DA:104,0
DA:105,0
DA:109,0
DA:113,0
DA:114,0
DA:115,0
DA:116,0
DA:119,0
DA:120,0
DA:121,0
DA:124,0
DA:125,0
DA:128,0
DA:130,0
DA:136,0
DA:138,0
DA:139,0
DA:141,0
DA:142,0
DA:143,0
DA:148,0
DA:149,0
DA:150,0
DA:151,0
DA:154,0
DA:155,0
DA:156,0
DA:159,0
DA:160,0
DA:161,0
DA:164,0
DA:165,0
DA:166,0
DA:169,0
DA:170,0
DA:173,0
DA:177,0
DA:178,0
DA:179,0
DA:180,0
DA:181,0
DA:183,0
DA:184,0
DA:185,0
DA:190,0
DA:191,0
DA:203,0
DA:204,0
DA:207,0
DA:210,0
DA:212,0
DA:215,0
DA:217,0
DA:218,0
DA:219,0
DA:228,0
DA:229,0
DA:230,0
DA:233,0
DA:234,0
DA:246,0
LF:81
LH:0
BRDA:68,0,0,0
BRDA:68,0,1,0
BRDA:96,1,0,0
BRDA:96,1,1,0
BRDA:99,2,0,0
BRDA:99,2,1,0
BRDA:100,3,0,0
BRDA:100,3,1,0
BRDA:114,4,0,0
BRDA:114,4,1,0
BRDA:114,5,0,0
BRDA:114,5,1,0
BRDA:119,6,0,0
BRDA:119,6,1,0
BRDA:149,7,0,0
BRDA:149,7,1,0
BRDA:154,8,0,0
BRDA:154,8,1,0
BRDA:159,9,0,0
BRDA:159,9,1,0
BRDA:164,10,0,0
BRDA:164,10,1,0
BRDA:233,11,0,0
BRDA:233,11,1,0
BRDA:251,12,0,0
BRDA:251,12,1,0
BRDA:264,13,0,0
BRDA:264,13,1,0
BRDA:276,14,0,0
BRDA:276,14,1,0
BRDA:287,15,0,0
BRDA:287,15,1,0
BRDA:306,16,0,0
BRDA:306,16,1,0
BRDA:319,17,0,0
BRDA:319,17,1,0
BRDA:332,18,0,0
BRDA:332,18,1,0
BRDA:342,19,0,0
BRDA:342,19,1,0
BRF:40
BRH:0
end_of_record
TN:
SF:app/index.js
FN:13,HomeScreen
FN:109,(anonymous_1)
FN:111,(anonymous_2)
FN:117,(anonymous_3)
FN:134,(anonymous_4)
FN:136,(anonymous_5)
FN:142,(anonymous_6)
FN:161,(anonymous_7)
FN:162,(anonymous_8)
FN:167,(anonymous_9)
FNF:10
FNH:0
FNDA:0,HomeScreen
FNDA:0,(anonymous_1)
FNDA:0,(anonymous_2)
FNDA:0,(anonymous_3)
FNDA:0,(anonymous_4)
FNDA:0,(anonymous_5)
FNDA:0,(anonymous_6)
FNDA:0,(anonymous_7)
FNDA:0,(anonymous_8)
FNDA:0,(anonymous_9)
DA:14,0
DA:17,0
DA:93,0
DA:111,0
DA:112,0
DA:113,0
DA:115,0
DA:117,0
DA:136,0
DA:137,0
DA:138,0
DA:140,0
DA:142,0
DA:162,0
DA:163,0
DA:164,0
DA:166,0
DA:167,0
LF:18
LH:0
BRDA:153,0,0,0
BRDA:153,0,1,0
BRF:2
BRH:0
end_of_record
TN:
SF:app/nav.js
FN:10,CustomTabBar
FN:30,(anonymous_1)
FN:33,(anonymous_2)
FN:63,TabsLayout
FN:74,(anonymous_4)
FNF:5
FNH:0
FNDA:0,CustomTabBar
FNDA:0,(anonymous_1)
FNDA:0,(anonymous_2)
FNDA:0,TabsLayout
FNDA:0,(anonymous_4)
DA:11,0
DA:12,0
DA:13,0
DA:18,0
DA:25,0
DA:31,0
DA:33,0
DA:35,0
DA:36,0
DA:37,0
DA:38,0
DA:42,0
DA:65,0
DA:70,0
DA:74,0
DA:85,0
LF:16
LH:0
BRDA:35,0,0,0
BRDA:35,0,1,0
BRDA:37,1,0,0
BRDA:37,1,1,0
BRDA:46,2,0,0
BRDA:46,2,1,0
BRDA:52,3,0,0
BRDA:52,3,1,0
BRDA:54,4,0,0
BRDA:54,4,1,0
BRF:10
BRH:0
end_of_record
TN:
SF:app/privacy-policy.js
FN:12,PrivacyPolicyScreen
FNF:1
FNH:0
FNDA:0,PrivacyPolicyScreen
DA:13,0
DA:15,0
DA:69,0
LF:3
LH:0
BRF:0
BRH:0
end_of_record
TN:
SF:app/profile.js
FN:22,ProfileScreen
FN:145,(anonymous_1)
FN:146,(anonymous_2)
FN:167,(anonymous_3)
FN:178,(anonymous_4)
FN:233,(anonymous_5)
FN:268,(anonymous_6)
FN:277,(anonymous_7)
FN:291,(anonymous_8)
FN:293,(anonymous_9)
FNF:10
FNH:0
FNDA:0,ProfileScreen
FNDA:0,(anonymous_1)
FNDA:0,(anonymous_2)
FNDA:0,(anonymous_3)
FNDA:0,(anonymous_4)
FNDA:0,(anonymous_5)
FNDA:0,(anonymous_6)
FNDA:0,(anonymous_7)
FNDA:0,(anonymous_8)
FNDA:0,(anonymous_9)
DA:23,0
DA:24,0
DA:25,0
DA:26,0
DA:29,0
DA:145,0
DA:146,0
DA:147,0
DA:148,0
DA:149,0
DA:150,0
DA:154,0
DA:156,0
DA:157,0
DA:161,0
DA:167,0
DA:168,0
DA:179,0
DA:181,0
DA:182,0
DA:185,0
DA:188,0
DA:189,0
DA:197,0
DA:198,0
DA:209,0
DA:233,0
DA:268,0
DA:277,0
DA:292,0
DA:294,0
LF:31
LH:0
BRDA:149,0,0,0
BRDA:149,0,1,0
BRDA:197,1,0,0
BRDA:197,1,1,0
BRDA:219,2,0,0
BRDA:219,2,1,0
BRDA:225,3,0,0
BRDA:225,3,1,0
BRDA:228,4,0,0
BRDA:228,4,1,0
BRDA:252,5,0,0
BRDA:252,5,1,0
BRF:12
BRH:0
end_of_record
TN:
SF:app/quiz-results.js
FN:20,QuizResultsScreen
FN:37,(anonymous_1)
FN:38,(anonymous_2)
FN:85,(anonymous_3)
FN:171,(anonymous_4)
FN:204,(anonymous_5)
FN:209,(anonymous_6)
FN:224,(anonymous_7)
FN:368,(anonymous_8)
FN:439,(anonymous_9)
FN:452,(anonymous_10)
FN:461,(anonymous_11)
FNF:12
FNH:0
FNDA:0,QuizResultsScreen
FNDA:0,(anonymous_1)
FNDA:0,(anonymous_2)
FNDA:0,(anonymous_3)
FNDA:0,(anonymous_4)
FNDA:0,(anonymous_5)
FNDA:0,(anonymous_6)
FNDA:0,(anonymous_7)
FNDA:0,(anonymous_8)
FNDA:0,(anonymous_9)
FNDA:0,(anonymous_10)
FNDA:0,(anonymous_11)
DA:22,0
DA:23,0
DA:25,0
DA:26,0
DA:27,0
DA:28,0
DA:30,0
DA:31,0
DA:32,0
DA:33,0
DA:34,0
DA:37,0
DA:38,0
DA:39,0
DA:41,0
DA:42,0
DA:43,0
DA:44,0
DA:47,0
DA:48,0
DA:52,0
DA:54,0
DA:55,0
DA:56,0
DA:59,0
DA:60,0
DA:62,0
DA:66,0
DA:68,0
DA:72,0
DA:73,0
DA:75,0
DA:77,0
DA:81,0
DA:85,0
DA:86,0
DA:171,0
DA:172,0
DA:173,0
DA:176,0
DA:177,0
DA:180,0
DA:181,0
DA:182,0
DA:200,0
DA:204,0
DA:205,0
DA:209,0
DA:210,0
DA:211,0
DA:212,0
DA:214,0
DA:251,0
DA:368,0
DA:369,0
DA:370,0
DA:371,0
DA:372,0
DA:373,0
DA:374,0
DA:376,0
DA:381,0
DA:382,0
DA:383,0
DA:385,0
DA:440,0
DA:452,0
DA:461,0
LF:68
LH:0
BRDA:25,0,0,0
BRDA:25,0,1,0
BRDA:26,1,0,0
BRDA:26,1,1,0
BRDA:27,2,0,0
BRDA:27,2,1,0
BRDA:39,3,0,0
BRDA:39,3,1,0
BRDA:47,4,0,0
BRDA:47,4,1,0
BRDA:47,5,0,0
BRDA:47,5,1,0
BRDA:55,6,0,0
BRDA:55,6,1,0
BRDA:55,7,0,0
BRDA:55,7,1,0
BRDA:60,8,0,0
BRDA:60,8,1,0
BRDA:101,9,0,0
BRDA:101,9,1,0
BRDA:117,10,0,0
BRDA:117,10,1,0
BRDA:133,11,0,0
BRDA:133,11,1,0
BRDA:149,12,0,0
BRDA:149,12,1,0
BRDA:165,13,0,0
BRDA:165,13,1,0
BRDA:196,14,0,0
BRDA:196,14,1,0
BRDA:210,15,0,0
BRDA:210,15,1,0
BRDA:211,16,0,0
BRDA:211,16,1,0
BRDA:217,17,0,0
BRDA:217,17,1,0
BRDA:218,18,0,0
BRDA:218,18,1,0
BRDA:219,19,0,0
BRDA:219,19,1,0
BRDA:220,20,0,0
BRDA:220,20,1,0
BRDA:221,21,0,0
BRDA:221,21,1,0
BRDA:228,22,0,0
BRDA:228,22,1,0
BRDA:230,23,0,0
BRDA:230,23,1,0
BRDA:234,24,0,0
BRDA:234,24,1,0
BRDA:234,24,2,0
BRDA:240,25,0,0
BRDA:240,25,1,0
BRDA:369,26,0,0
BRDA:369,26,1,0
BRDA:371,27,0,0
BRDA:371,27,1,0
BRDA:373,28,0,0
BRDA:373,28,1,0
BRDA:383,29,0,0
BRDA:383,29,1,0
BRDA:425,30,0,0
BRDA:425,30,1,0
BRDA:431,31,0,0
BRDA:431,31,1,0
BRDA:435,32,0,0
BRDA:435,32,1,0
BRDA:438,33,0,0
BRDA:438,33,1,0
BRF:69
BRH:0
end_of_record
TN:
SF:app/quiz.js
FN:13,QuizScreen
FN:39,(anonymous_1)
FN:42,(anonymous_2)
FN:82,(anonymous_3)
FN:99,(anonymous_4)
FN:131,(anonymous_5)
FN:132,(anonymous_6)
FN:183,(anonymous_7)
FN:203,(anonymous_8)
FN:213,(anonymous_9)
FN:300,(anonymous_10)
FN:327,(anonymous_11)
FN:329,(anonymous_12)
FN:355,(anonymous_13)
FN:356,(anonymous_14)
FN:372,(anonymous_15)
FN:393,(anonymous_16)
FN:505,(anonymous_17)
FN:512,(anonymous_18)
FN:518,(anonymous_19)
FN:524,(anonymous_20)
FN:546,(anonymous_21)
FN:577,(anonymous_22)
FN:633,(anonymous_23)
FN:649,(anonymous_24)
FN:679,(anonymous_25)
FNF:26
FNH:0
FNDA:0,QuizScreen
FNDA:0,(anonymous_1)
FNDA:0,(anonymous_2)
FNDA:0,(anonymous_3)
FNDA:0,(anonymous_4)
FNDA:0,(anonymous_5)
FNDA:0,(anonymous_6)
FNDA:0,(anonymous_7)
FNDA:0,(anonymous_8)
FNDA:0,(anonymous_9)
FNDA:0,(anonymous_10)
FNDA:0,(anonymous_11)
FNDA:0,(anonymous_12)
FNDA:0,(anonymous_13)
FNDA:0,(anonymous_14)
FNDA:0,(anonymous_15)
FNDA:0,(anonymous_16)
FNDA:0,(anonymous_17)
FNDA:0,(anonymous_18)
FNDA:0,(anonymous_19)
FNDA:0,(anonymous_20)
FNDA:0,(anonymous_21)
FNDA:0,(anonymous_22)
FNDA:0,(anonymous_23)
FNDA:0,(anonymous_24)
FNDA:0,(anonymous_25)
DA:15,0
DA:16,0
DA:17,0
DA:18,0
DA:19,0
DA:20,0
DA:21,0
DA:24,0
DA:25,0
DA:26,0
DA:29,0
DA:30,0
DA:33,0
DA:36,0
DA:39,0
DA:42,0
DA:43,0
DA:46,0
DA:49,0
DA:53,0
DA:54,0
DA:55,0
DA:56,0
DA:57,0
DA:58,0
DA:62,0
DA:63,0
DA:65,0
DA:71,0
DA:74,0
DA:75,0
DA:76,0
DA:77,0
DA:79,0
DA:82,0
DA:83,0
DA:84,0
DA:85,0
DA:87,0
DA:88,0
DA:89,0
DA:94,0
DA:95,0
DA:99,0
DA:101,0
DA:103,0
DA:105,0
DA:106,0
DA:107,0
DA:110,0
DA:111,0
DA:114,0
DA:118,0
DA:119,0
DA:123,0
DA:124,0
DA:125,0
DA:126,0
DA:131,0
DA:132,0
DA:133,0
DA:134,0
DA:135,0
DA:138,0
DA:139,0
DA:140,0
DA:141,0
DA:142,0
DA:143,0
DA:147,0
DA:148,0
DA:149,0
DA:150,0
DA:152,0
DA:153,0
DA:154,0
DA:156,0
DA:157,0
DA:160,0
DA:161,0
DA:164,0
DA:165,0
DA:168,0
DA:169,0
DA:171,0
DA:175,0
DA:178,0
DA:179,0
DA:180,0
DA:183,0
DA:184,0
DA:187,0
DA:190,0
DA:202,0
DA:203,0
DA:204,0
DA:209,0
DA:213,0
DA:214,0
DA:217,0
DA:220,0
DA:300,0
DA:301,0
DA:302,0
DA:303,0
DA:304,0
DA:321,0
DA:327,0
DA:328,0
DA:329,0
DA:330,0
DA:331,0
DA:332,0
DA:335,0
DA:336,0
DA:337,0
DA:338,0
DA:339,0
DA:340,0
DA:344,0
DA:345,0
DA:346,0
DA:347,0
DA:348,0
DA:352,0
DA:353,0
DA:354,0
DA:355,0
DA:356,0
DA:358,0
DA:360,0
DA:361,0
DA:362,0
DA:363,0
DA:367,0
DA:370,0
DA:371,0
DA:372,0
DA:390,0
DA:392,0
DA:393,0
DA:411,0
DA:412,0
DA:413,0
DA:414,0
DA:418,0
DA:419,0
DA:423,0
DA:424,0
DA:425,0
DA:428,0
DA:430,0
DA:431,0
DA:433,0
DA:441,0
DA:505,0
DA:506,0
DA:512,0
DA:513,0
DA:514,0
DA:518,0
DA:519,0
DA:520,0
DA:524,0
DA:526,0
DA:527,0
DA:542,0
DA:546,0
DA:547,0
DA:548,0
DA:549,0
DA:552,0
DA:555,0
DA:556,0
DA:559,0
DA:561,0
DA:562,0
DA:563,0
DA:564,0
DA:567,0
DA:568,0
DA:569,0
DA:574,0
DA:575,0
DA:577,0
DA:578,0
DA:579,0
DA:581,0
DA:582,0
DA:586,0
DA:589,0
DA:590,0
DA:591,0
DA:593,0
DA:596,0
DA:597,0
DA:602,0
DA:603,0
DA:604,0
DA:606,0
DA:607,0
DA:609,0
DA:613,0
DA:614,0
DA:625,0
DA:626,0
DA:633,0
DA:641,0
DA:642,0
DA:649,0
DA:657,0
DA:680,0
LF:212
LH:0
BRDA:25,0,0,0
BRDA:25,0,1,0
BRDA:43,1,0,0
BRDA:43,1,1,0
BRDA:49,2,0,0
BRDA:49,2,1,0
BRDA:54,3,0,0
BRDA:54,3,1,0
BRDA:54,4,0,0
BRDA:54,4,1,0
BRDA:54,4,2,0
BRDA:63,5,0,0
BRDA:63,5,1,0
BRDA:65,6,0,0
BRDA:65,6,1,0
BRDA:74,7,0,0
BRDA:74,7,1,0
BRDA:84,8,0,0
BRDA:84,8,1,0
BRDA:103,9,0,0
BRDA:103,9,1,0
BRDA:105,10,0,0
BRDA:105,10,1,0
BRDA:110,11,0,0
BRDA:110,11,1,0
BRDA:118,12,0,0
BRDA:118,12,1,0
BRDA:123,13,0,0
BRDA:123,13,1,0
BRDA:123,14,0,0
BRDA:123,14,1,0
BRDA:123,14,2,0
BRDA:138,15,0,0
BRDA:138,15,1,0
BRDA:147,16,0,0
BRDA:147,16,1,0
BRDA:152,17,0,0
BRDA:152,17,1,0
BRDA:152,18,0,0
BRDA:152,18,1,0
BRDA:184,19,0,0
BRDA:184,19,1,0
BRDA:203,20,0,0
BRDA:203,20,1,0
BRDA:213,21,0,0
BRDA:217,22,0,0
BRDA:217,22,1,0
BRDA:223,23,0,0
BRDA:223,23,1,0
BRDA:300,24,0,0
BRDA:300,25,0,0
BRDA:306,26,0,0
BRDA:306,26,1,0
BRDA:307,27,0,0
BRDA:307,27,1,0
BRDA:335,28,0,0
BRDA:335,28,1,0
BRDA:344,29,0,0
BRDA:344,29,1,0
BRDA:370,30,0,0
BRDA:370,30,1,0
BRDA:370,31,0,0
BRDA:370,31,1,0
BRDA:370,31,2,0
BRDA:370,31,3,0
BRDA:373,32,0,0
BRDA:373,32,1,0
BRDA:374,33,0,0
BRDA:374,33,1,0
BRDA:374,33,2,0
BRDA:375,34,0,0
BRDA:375,34,1,0
BRDA:375,34,2,0
BRDA:377,35,0,0
BRDA:377,35,1,0
BRDA:378,36,0,0
BRDA:378,36,1,0
BRDA:379,37,0,0
BRDA:379,37,1,0
BRDA:379,38,0,0
BRDA:379,38,1,0
BRDA:385,39,0,0
BRDA:385,39,1,0
BRDA:386,40,0,0
BRDA:386,40,1,0
BRDA:390,41,0,0
BRDA:390,41,1,0
BRDA:390,42,0,0
BRDA:390,42,1,0
BRDA:390,42,2,0
BRDA:390,42,3,0
BRDA:390,42,4,0
BRDA:394,43,0,0
BRDA:394,43,1,0
BRDA:395,44,0,0
BRDA:395,44,1,0
BRDA:395,44,2,0
BRDA:396,45,0,0
BRDA:396,45,1,0
BRDA:396,45,2,0
BRDA:398,46,0,0
BRDA:398,46,1,0
BRDA:399,47,0,0
BRDA:399,47,1,0
BRDA:400,48,0,0
BRDA:400,48,1,0
BRDA:400,49,0,0
BRDA:400,49,1,0
BRDA:406,50,0,0
BRDA:406,50,1,0
BRDA:407,51,0,0
BRDA:407,51,1,0
BRDA:411,52,0,0
BRDA:411,52,1,0
BRDA:413,53,0,0
BRDA:413,53,1,0
BRDA:413,53,2,0
BRDA:413,53,3,0
BRDA:423,54,0,0
BRDA:423,54,1,0
BRDA:431,55,0,0
BRDA:431,55,1,0
BRDA:498,56,0,0
BRDA:498,56,1,0
BRDA:513,57,0,0
BRDA:513,57,1,0
BRDA:519,58,0,0
BRDA:519,58,1,0
BRDA:526,59,0,0
BRDA:526,59,1,0
BRDA:555,60,0,0
BRDA:555,60,1,0
BRDA:555,61,0,0
BRDA:555,61,1,0
BRDA:559,62,0,0
BRDA:559,62,1,0
BRDA:581,63,0,0
BRDA:581,63,1,0
BRDA:596,64,0,0
BRDA:596,64,1,0
BRDA:613,65,0,0
BRDA:613,65,1,0
BRDA:625,66,0,0
BRDA:625,66,1,0
BRDA:641,67,0,0
BRDA:641,67,1,0
BRDA:671,68,0,0
BRDA:671,68,1,0
BRDA:689,69,0,0
BRDA:689,69,1,0
BRDA:696,70,0,0
BRDA:696,70,1,0
BRDA:708,71,0,0
BRDA:708,71,1,0
BRF:154
BRH:0
end_of_record
TN:
SF:app/recent-activity.js
FN:50,RecentActivityScreen
FN:165,(anonymous_1)
FN:175,(anonymous_2)
FN:244,(anonymous_3)
FN:256,(anonymous_4)
FNF:5
FNH:0
FNDA:0,RecentActivityScreen
FNDA:0,(anonymous_1)
FNDA:0,(anonymous_2)
FNDA:0,(anonymous_3)
FNDA:0,(anonymous_4)
DA:15,0
DA:51,0
DA:54,0
DA:165,0
DA:167,0
DA:168,0
DA:175,0
DA:176,0
DA:178,0
DA:190,0
DA:194,0
DA:236,0
DA:244,0
DA:256,0
DA:267,0
LF:15
LH:0
BRDA:176,0,0,0
BRDA:176,0,1,0
BRDA:208,1,0,0
BRDA:208,1,1,0
BRDA:214,2,0,0
BRDA:214,2,1,0
BRDA:240,3,0,0
BRDA:240,3,1,0
BRF:8
BRH:0
end_of_record
TN:
SF:app/sentry-test.js
FN:9,(anonymous_0)
FN:13,(anonymous_1)
FN:14,(anonymous_2)
FN:17,(anonymous_3)
FN:21,(anonymous_4)
FN:67,(anonymous_5)
FN:108,(anonymous_6)
FN:119,(anonymous_7)
FN:149,(anonymous_8)
FN:157,(anonymous_9)
FN:157,(anonymous_10)
FN:165,(anonymous_11)
FN:165,(anonymous_12)
FN:173,(anonymous_13)
FN:181,(anonymous_14)
FN:189,(anonymous_15)
FN:225,(anonymous_16)
FNF:17
FNH:0
FNDA:0,(anonymous_0)
FNDA:0,(anonymous_1)
FNDA:0,(anonymous_2)
FNDA:0,(anonymous_3)
FNDA:0,(anonymous_4)
FNDA:0,(anonymous_5)
FNDA:0,(anonymous_6)
FNDA:0,(anonymous_7)
FNDA:0,(anonymous_8)
FNDA:0,(anonymous_9)
FNDA:0,(anonymous_10)
FNDA:0,(anonymous_11)
FNDA:0,(anonymous_12)
FNDA:0,(anonymous_13)
FNDA:0,(anonymous_14)
FNDA:0,(anonymous_15)
FNDA:0,(anonymous_16)
DA:9,0
DA:10,0
DA:11,0
DA:13,0
DA:14,0
DA:17,0
DA:18,0
DA:21,0
DA:22,0
DA:23,0
DA:24,0
DA:25,0
DA:33,0
DA:36,0
DA:44,0
DA:52,0
DA:55,0
DA:63,0
DA:67,0
DA:68,0
DA:69,0
DA:70,0
DA:72,0
DA:80,0
DA:86,0
DA:88,0
DA:96,0
DA:104,0
DA:108,0
DA:109,0
DA:121,0
DA:129,0
DA:149,0
DA:157,0
DA:165,0
DA:173,0
DA:181,0
DA:189,0
DA:226,0
DA:242,0
LF:40
LH:0
BRDA:28,0,0,0
BRDA:28,0,1,0
BRDA:47,1,0,0
BRDA:47,1,1,0
BRDA:222,2,0,0
BRDA:222,2,1,0
BRDA:228,3,0,0
BRDA:228,3,1,0
BRF:8
BRH:0
end_of_record
TN:
SF:app/terms-of-service.js
FN:12,TermsOfServiceScreen
FNF:1
FNH:0
FNDA:0,TermsOfServiceScreen
DA:13,0
DA:15,0
DA:69,0
LF:3
LH:0
BRF:0
BRH:0
end_of_record
TN:
SF:app/upload.js
FN:27,(anonymous_0)
FN:28,(anonymous_1)
FN:31,(anonymous_2)
FN:37,(anonymous_3)
FN:46,(anonymous_4)
FN:118,(anonymous_5)
FN:145,(anonymous_6)
FN:154,(anonymous_7)
FN:158,(anonymous_8)
FN:161,(anonymous_9)
FN:176,(anonymous_10)
FN:196,(anonymous_11)
FN:236,(anonymous_12)
FN:237,(anonymous_13)
FN:248,(anonymous_14)
FN:268,(anonymous_15)
FN:324,(anonymous_16)
FN:336,(anonymous_17)
FN:345,(anonymous_18)
FN:346,(anonymous_19)
FN:443,(anonymous_20)
FN:467,(anonymous_21)
FN:475,UploadScreen
FN:631,(anonymous_23)
FN:636,(anonymous_24)
FN:648,(anonymous_25)
FN:671,(anonymous_26)
FN:709,(anonymous_27)
FN:714,(anonymous_28)
FN:719,(anonymous_29)
FN:753,(anonymous_30)
FN:758,(anonymous_31)
FN:796,(anonymous_32)
FN:817,(anonymous_33)
FN:892,(anonymous_34)
FN:897,(anonymous_35)
FN:900,(anonymous_36)
FN:901,(anonymous_37)
FN:918,(anonymous_38)
FN:925,(anonymous_39)
FN:939,(anonymous_40)
FN:966,(anonymous_41)
FN:1020,(anonymous_42)
FN:1028,(anonymous_43)
FN:1046,(anonymous_44)
FN:1068,(anonymous_45)
FN:1078,(anonymous_46)
FN:1135,(anonymous_47)
FN:1142,(anonymous_48)
FN:1154,(anonymous_49)
FN:1255,(anonymous_50)
FN:1313,(anonymous_51)
FN:1314,(anonymous_52)
FN:1375,(anonymous_53)
FN:1402,(anonymous_54)
FN:1426,(anonymous_55)
FN:1451,(anonymous_56)
FN:1457,(anonymous_57)
FN:1458,(anonymous_58)
FN:1539,(anonymous_59)
FN:1560,(anonymous_60)
FN:1570,(anonymous_61)
FN:1609,(anonymous_62)
FN:1714,(anonymous_63)
FN:1719,(anonymous_64)
FN:1742,(anonymous_65)
FNF:66
FNH:0
FNDA:0,(anonymous_0)
FNDA:0,(anonymous_1)
FNDA:0,(anonymous_2)
FNDA:0,(anonymous_3)
FNDA:0,(anonymous_4)
FNDA:0,(anonymous_5)
FNDA:0,(anonymous_6)
FNDA:0,(anonymous_7)
FNDA:0,(anonymous_8)
FNDA:0,(anonymous_9)
FNDA:0,(anonymous_10)
FNDA:0,(anonymous_11)
FNDA:0,(anonymous_12)
FNDA:0,(anonymous_13)
FNDA:0,(anonymous_14)
FNDA:0,(anonymous_15)
FNDA:0,(anonymous_16)
FNDA:0,(anonymous_17)
FNDA:0,(anonymous_18)
FNDA:0,(anonymous_19)
FNDA:0,(anonymous_20)
FNDA:0,(anonymous_21)
FNDA:0,UploadScreen
FNDA:0,(anonymous_23)
FNDA:0,(anonymous_24)
FNDA:0,(anonymous_25)
FNDA:0,(anonymous_26)
FNDA:0,(anonymous_27)
FNDA:0,(anonymous_28)
FNDA:0,(anonymous_29)
FNDA:0,(anonymous_30)
FNDA:0,(anonymous_31)
FNDA:0,(anonymous_32)
FNDA:0,(anonymous_33)
FNDA:0,(anonymous_34)
FNDA:0,(anonymous_35)
FNDA:0,(anonymous_36)
FNDA:0,(anonymous_37)
FNDA:0,(anonymous_38)
FNDA:0,(anonymous_39)
FNDA:0,(anonymous_40)
FNDA:0,(anonymous_41)
FNDA:0,(anonymous_42)
FNDA:0,(anonymous_43)
FNDA:0,(anonymous_44)
FNDA:0,(anonymous_45)
FNDA:0,(anonymous_46)
FNDA:0,(anonymous_47)
FNDA:0,(anonymous_48)
FNDA:0,(anonymous_49)
FNDA:0,(anonymous_50)
FNDA:0,(anonymous_51)
FNDA:0,(anonymous_52)
FNDA:0,(anonymous_53)
FNDA:0,(anonymous_54)
FNDA:0,(anonymous_55)
FNDA:0,(anonymous_56)
FNDA:0,(anonymous_57)
FNDA:0,(anonymous_58)
FNDA:0,(anonymous_59)
FNDA:0,(anonymous_60)
FNDA:0,(anonymous_61)
FNDA:0,(anonymous_62)
FNDA:0,(anonymous_63)
FNDA:0,(anonymous_64)
FNDA:0,(anonymous_65)
DA:27,0
DA:28,0
DA:29,0
DA:32,0
DA:33,0
DA:34,0
DA:35,0
DA:38,0
DA:39,0
DA:46,0
DA:47,0
DA:48,0
DA:51,0
DA:54,0
DA:55,0
DA:58,0
DA:59,0
DA:61,0
DA:62,0
DA:63,0
DA:67,0
DA:77,0
DA:78,0
DA:81,0
DA:90,0
DA:91,0
DA:94,0
DA:95,0
DA:97,0
DA:99,0
DA:100,0
DA:102,0
DA:107,0
DA:108,0
DA:110,0
DA:111,0
DA:112,0
DA:118,0
DA:119,0
DA:120,0
DA:121,0
DA:124,0
DA:125,0
DA:126,0
DA:129,0
DA:130,0
DA:131,0
DA:132,0
DA:134,0
DA:135,0
DA:136,0
DA:137,0
DA:141,0
DA:145,0
DA:146,0
DA:154,0
DA:155,0
DA:157,0
DA:158,0
DA:159,0
DA:163,0
DA:164,0
DA:165,0
DA:166,0
DA:168,0
DA:169,0
DA:176,0
DA:182,0
DA:184,0
DA:185,0
DA:190,0
DA:196,0
DA:198,0
DA:200,0
DA:201,0
DA:204,0
DA:205,0
DA:208,0
DA:215,0
DA:218,0
DA:219,0
DA:224,0
DA:232,0
DA:236,0
DA:237,0
DA:238,0
DA:239,0
DA:248,0
DA:249,0
DA:250,0
DA:251,0
DA:256,0
DA:257,0
DA:258,0
DA:261,0
DA:262,0
DA:265,0
DA:266,0
DA:267,0
DA:268,0
DA:271,0
DA:273,0
DA:274,0
DA:276,0
DA:277,0
DA:281,0
DA:282,0
DA:285,0
DA:286,0
DA:289,0
DA:290,0
DA:293,0
DA:294,0
DA:297,0
DA:306,0
DA:309,0
DA:310,0
DA:313,0
DA:314,0
DA:316,0
DA:317,0
DA:321,0
DA:324,0
DA:325,0
DA:335,0
DA:336,0
DA:337,0
DA:340,0
DA:345,0
DA:346,0
DA:347,0
DA:352,0
DA:355,0
DA:357,0
DA:360,0
DA:361,0
DA:362,0
DA:365,0
DA:371,0
DA:373,0
DA:376,0
DA:377,0
DA:378,0
DA:386,0
DA:390,0
DA:393,0
DA:394,0
DA:395,0
DA:398,0
DA:401,0
DA:402,0
DA:406,0
DA:414,0
DA:415,0
DA:418,0
DA:419,0
DA:423,0
DA:425,0
DA:428,0
DA:431,0
DA:436,0
DA:437,0
DA:440,0
DA:441,0
DA:442,0
DA:443,0
DA:447,0
DA:448,0
DA:458,0
DA:459,0
DA:463,0
DA:464,0
DA:466,0
DA:467,0
DA:472,0
DA:476,0
DA:477,0
DA:478,0
DA:479,0
DA:480,0
DA:481,0
DA:484,0
DA:631,0
DA:633,0
DA:636,0
DA:637,0
DA:638,0
DA:641,0
DA:644,0
DA:645,0
DA:648,0
DA:652,0
DA:659,0
DA:660,0
DA:663,0
DA:665,0
DA:666,0
DA:667,0
DA:671,0
DA:674,0
DA:677,0
DA:678,0
DA:679,0
DA:680,0
DA:684,0
DA:692,0
DA:693,0
DA:694,0
DA:698,0
DA:701,0
DA:702,0
DA:709,0
DA:715,0
DA:716,0
DA:719,0
DA:725,0
DA:729,0
DA:732,0
DA:735,0
DA:736,0
DA:738,0
DA:741,0
DA:743,0
DA:753,0
DA:755,0
DA:758,0
DA:759,0
DA:760,0
DA:763,0
DA:764,0
DA:766,0
DA:767,0
DA:768,0
DA:772,0
DA:775,0
DA:778,0
DA:788,0
DA:790,0
DA:791,0
DA:792,0
DA:796,0
DA:799,0
DA:802,0
DA:803,0
DA:804,0
DA:805,0
DA:809,0
DA:810,0
DA:812,0
DA:813,0
DA:814,0
DA:817,0
DA:819,0
DA:820,0
DA:823,0
DA:831,0
DA:832,0
DA:833,0
DA:834,0
DA:835,0
DA:838,0
DA:842,0
DA:843,0
DA:844,0
DA:845,0
DA:846,0
DA:847,0
DA:848,0
DA:849,0
DA:852,0
DA:856,0
DA:860,0
DA:869,0
DA:870,0
DA:871,0
DA:874,0
DA:875,0
DA:878,0
DA:881,0
DA:883,0
DA:892,0
DA:893,0
DA:897,0
DA:899,0
DA:900,0
DA:901,0
DA:903,0
DA:904,0
DA:908,0
DA:909,0
DA:910,0
DA:911,0
DA:913,0
DA:918,0
DA:922,0
DA:925,0
DA:928,0
DA:939,0
DA:940,0
DA:941,0
DA:942,0
DA:943,0
DA:944,0
DA:945,0
DA:946,0
DA:947,0
DA:949,0
DA:952,0
DA:953,0
DA:955,0
DA:958,0
DA:961,0
DA:963,0
DA:966,0
DA:967,0
DA:968,0
DA:971,0
DA:972,0
DA:973,0
DA:977,0
DA:978,0
DA:979,0
DA:980,0
DA:984,0
DA:985,0
DA:986,0
DA:990,0
DA:994,0
DA:995,0
DA:998,0
DA:1000,0
DA:1001,0
DA:1006,0
DA:1008,0
DA:1010,0
DA:1012,0
DA:1021,0
DA:1022,0
DA:1029,0
DA:1035,0
DA:1039,0
DA:1042,0
DA:1043,0
DA:1044,0
DA:1046,0
DA:1047,0
DA:1050,0
DA:1051,0
DA:1052,0
DA:1053,0
DA:1056,0
DA:1057,0
DA:1060,0
DA:1061,0
DA:1064,0
DA:1065,0
DA:1068,0
DA:1071,0
DA:1073,0
DA:1076,0
DA:1077,0
DA:1078,0
DA:1082,0
DA:1083,0
DA:1086,0
DA:1090,0
DA:1092,0
DA:1093,0
DA:1096,0
DA:1101,0
DA:1105,0
DA:1108,0
DA:1109,0
DA:1110,0
DA:1111,0
DA:1112,0
DA:1120,0
DA:1128,0
DA:1129,0
DA:1132,0
DA:1133,0
DA:1135,0
DA:1138,0
DA:1139,0
DA:1140,0
DA:1142,0
DA:1146,0
DA:1149,0
DA:1150,0
DA:1152,0
DA:1153,0
DA:1154,0
DA:1158,0
DA:1162,0
DA:1165,0
DA:1168,0
DA:1170,0
DA:1175,0
DA:1177,0
DA:1178,0
DA:1181,0
DA:1185,0
DA:1186,0
DA:1192,0
DA:1193,0
DA:1196,0
DA:1197,0
DA:1212,0
DA:1223,0
DA:1224,0
DA:1229,0
DA:1230,0
DA:1232,0
DA:1233,0
DA:1236,0
DA:1238,0
DA:1243,0
DA:1244,0
DA:1248,0
DA:1249,0
DA:1252,0
DA:1254,0
DA:1255,0
DA:1262,0
DA:1263,0
DA:1264,0
DA:1267,0
DA:1293,0
DA:1295,0
DA:1296,0
DA:1301,0
DA:1310,0
DA:1313,0
DA:1314,0
DA:1318,0
DA:1326,0
DA:1330,0
DA:1331,0
DA:1332,0
DA:1333,0
DA:1335,0
DA:1337,0
DA:1339,0
DA:1340,0
DA:1342,0
DA:1353,0
DA:1356,0
DA:1359,0
DA:1360,0
DA:1364,0
DA:1365,0
DA:1368,0
DA:1371,0
DA:1372,0
DA:1375,0
DA:1378,0
DA:1379,0
DA:1380,0
DA:1384,0
DA:1386,0
DA:1392,0
DA:1395,0
DA:1399,0
DA:1402,0
DA:1405,0
DA:1406,0
DA:1407,0
DA:1413,0
DA:1414,0
DA:1417,0
DA:1418,0
DA:1420,0
DA:1423,0
DA:1426,0
DA:1428,0
DA:1434,0
DA:1437,0
DA:1439,0
DA:1442,0
DA:1445,0
DA:1448,0
DA:1451,0
DA:1452,0
DA:1453,0
DA:1457,0
DA:1458,0
DA:1459,0
DA:1460,0
DA:1461,0
DA:1466,0
DA:1467,0
DA:1468,0
DA:1471,0
DA:1474,0
DA:1477,0
DA:1478,0
DA:1481,0
DA:1483,0
DA:1485,0
DA:1486,0
DA:1487,0
DA:1489,0
DA:1491,0
DA:1493,0
DA:1494,0
DA:1496,0
DA:1497,0
DA:1498,0
DA:1501,0
DA:1502,0
DA:1506,0
DA:1507,0
DA:1511,0
DA:1512,0
DA:1516,0
DA:1517,0
DA:1518,0
DA:1520,0
DA:1525,0
DA:1526,0
DA:1528,0
DA:1529,0
DA:1534,0
DA:1537,0
DA:1539,0
DA:1540,0
DA:1543,0
DA:1544,0
DA:1545,0
DA:1549,0
DA:1552,0
DA:1553,0
DA:1557,0
DA:1560,0
DA:1564,0
DA:1567,0
DA:1570,0
DA:1575,0
DA:1578,0
DA:1580,0
DA:1581,0
DA:1582,0
DA:1583,0
DA:1584,0
DA:1585,0
DA:1586,0
DA:1587,0
DA:1590,0
DA:1596,0
DA:1597,0
DA:1601,0
DA:1602,0
DA:1603,0
DA:1604,0
DA:1609,0
DA:1610,0
DA:1611,0
DA:1612,0
DA:1616,0
DA:1617,0
DA:1618,0
DA:1622,0
DA:1623,0
DA:1625,0
DA:1626,0
DA:1627,0
DA:1630,0
DA:1632,0
DA:1633,0
DA:1636,0
DA:1637,0
DA:1641,0
DA:1651,0
DA:1656,0
DA:1657,0
DA:1658,0
DA:1661,0
DA:1662,0
DA:1666,0
DA:1677,0
DA:1679,0
DA:1683,0
DA:1714,0
DA:1719,0
DA:1742,0
DA:1796,0
LF:586
LH:0
BRDA:54,0,0,0
BRDA:54,0,1,0
BRDA:61,1,0,0
BRDA:61,1,1,0
BRDA:77,2,0,0
BRDA:77,2,1,0
BRDA:119,3,0,0
BRDA:119,3,1,0
BRDA:119,4,0,0
BRDA:119,4,1,0
BRDA:124,5,0,0
BRDA:124,5,1,0
BRDA:126,6,0,0
BRDA:126,6,1,0
BRDA:129,7,0,0
BRDA:129,7,1,0
BRDA:132,8,0,0
BRDA:132,8,1,0
BRDA:132,8,2,0
BRDA:132,8,3,0
BRDA:132,8,4,0
BRDA:147,9,0,0
BRDA:147,9,1,0
BRDA:147,9,2,0
BRDA:157,10,0,0
BRDA:157,10,1,0
BRDA:164,11,0,0
BRDA:164,11,1,0
BRDA:196,12,0,0
BRDA:196,13,0,0
BRDA:200,14,0,0
BRDA:200,14,1,0
BRDA:218,15,0,0
BRDA:218,15,1,0
BRDA:232,16,0,0
BRDA:232,16,1,0
BRDA:240,17,0,0
BRDA:240,17,1,0
BRDA:249,18,0,0
BRDA:249,18,1,0
BRDA:261,19,0,0
BRDA:261,19,1,0
BRDA:265,20,0,0
BRDA:265,20,1,0
BRDA:276,21,0,0
BRDA:276,21,1,0
BRDA:289,22,0,0
BRDA:289,22,1,0
BRDA:293,23,0,0
BRDA:293,23,1,0
BRDA:313,24,0,0
BRDA:313,24,1,0
BRDA:314,25,0,0
BRDA:314,25,1,0
BRDA:316,26,0,0
BRDA:316,26,1,0
BRDA:316,27,0,0
BRDA:316,27,1,0
BRDA:335,28,0,0
BRDA:335,28,1,0
BRDA:355,29,0,0
BRDA:355,29,1,0
BRDA:360,30,0,0
BRDA:360,30,1,0
BRDA:376,31,0,0
BRDA:376,31,1,0
BRDA:394,32,0,0
BRDA:394,32,1,0
BRDA:401,33,0,0
BRDA:401,33,1,0
BRDA:401,34,0,0
BRDA:401,34,1,0
BRDA:409,35,0,0
BRDA:409,35,1,0
BRDA:414,36,0,0
BRDA:414,36,1,0
BRDA:428,37,0,0
BRDA:428,37,1,0
BRDA:431,38,0,0
BRDA:431,38,1,0
BRDA:431,38,2,0
BRDA:431,38,3,0
BRDA:436,39,0,0
BRDA:436,39,1,0
BRDA:440,40,0,0
BRDA:440,40,1,0
BRDA:447,41,0,0
BRDA:447,41,1,0
BRDA:458,42,0,0
BRDA:458,42,1,0
BRDA:463,43,0,0
BRDA:463,43,1,0
BRDA:641,44,0,0
BRDA:641,44,1,0
BRDA:665,45,0,0
BRDA:665,45,1,0
BRDA:665,46,0,0
BRDA:665,46,1,0
BRDA:674,47,0,0
BRDA:674,47,1,0
BRDA:677,48,0,0
BRDA:677,48,1,0
BRDA:685,49,0,0
BRDA:685,49,1,0
BRDA:687,50,0,0
BRDA:687,50,1,0
BRDA:688,51,0,0
BRDA:688,51,1,0
BRDA:688,51,2,0
BRDA:692,52,0,0
BRDA:692,52,1,0
BRDA:701,53,0,0
BRDA:701,53,1,0
BRDA:741,54,0,0
BRDA:741,54,1,0
BRDA:766,55,0,0
BRDA:766,55,1,0
BRDA:772,56,0,0
BRDA:772,56,1,0
BRDA:790,57,0,0
BRDA:790,57,1,0
BRDA:790,58,0,0
BRDA:790,58,1,0
BRDA:799,59,0,0
BRDA:799,59,1,0
BRDA:802,60,0,0
BRDA:802,60,1,0
BRDA:834,61,0,0
BRDA:834,61,1,0
BRDA:835,62,0,0
BRDA:835,62,1,0
BRDA:845,63,0,0
BRDA:845,63,1,0
BRDA:846,64,0,0
BRDA:846,64,1,0
BRDA:846,64,2,0
BRDA:846,64,3,0
BRDA:846,64,4,0
BRDA:846,64,5,0
BRDA:863,65,0,0
BRDA:863,65,1,0
BRDA:863,65,2,0
BRDA:864,66,0,0
BRDA:864,66,1,0
BRDA:864,66,2,0
BRDA:869,67,0,0
BRDA:869,67,1,0
BRDA:881,68,0,0
BRDA:881,68,1,0
BRDA:899,69,0,0
BRDA:899,69,1,0
BRDA:899,70,0,0
BRDA:899,70,1,0
BRDA:904,71,0,0
BRDA:904,71,1,0
BRDA:908,72,0,0
BRDA:908,72,1,0
BRDA:910,73,0,0
BRDA:910,73,1,0
BRDA:930,74,0,0
BRDA:930,74,1,0
BRDA:930,74,2,0
BRDA:942,75,0,0
BRDA:942,75,1,0
BRDA:952,76,0,0
BRDA:952,76,1,0
BRDA:955,77,0,0
BRDA:955,77,1,0
BRDA:971,78,0,0
BRDA:971,78,1,0
BRDA:977,79,0,0
BRDA:977,79,1,0
BRDA:984,80,0,0
BRDA:984,80,1,0
BRDA:994,81,0,0
BRDA:994,81,1,0
BRDA:998,82,0,0
BRDA:998,82,1,0
BRDA:1001,83,0,0
BRDA:1001,83,1,0
BRDA:1001,83,2,0
BRDA:1006,84,0,0
BRDA:1006,84,1,0
BRDA:1006,85,0,0
BRDA:1006,85,1,0
BRDA:1008,86,0,0
BRDA:1008,86,1,0
BRDA:1010,87,0,0
BRDA:1010,87,1,0
BRDA:1010,88,0,0
BRDA:1010,88,1,0
BRDA:1042,89,0,0
BRDA:1042,89,1,0
BRDA:1057,90,0,0
BRDA:1057,90,1,0
BRDA:1071,91,0,0
BRDA:1071,91,1,0
BRDA:1073,92,0,0
BRDA:1073,92,1,0
BRDA:1076,93,0,0
BRDA:1076,93,1,0
BRDA:1096,94,0,0
BRDA:1096,94,1,0
BRDA:1097,95,0,0
BRDA:1097,95,1,0
BRDA:1101,96,0,0
BRDA:1101,96,1,0
BRDA:1102,97,0,0
BRDA:1102,97,1,0
BRDA:1103,98,0,0
BRDA:1103,98,1,0
BRDA:1108,99,0,0
BRDA:1108,99,1,0
BRDA:1108,100,0,0
BRDA:1108,100,1,0
BRDA:1111,101,0,0
BRDA:1111,101,1,0
BRDA:1123,102,0,0
BRDA:1123,102,1,0
BRDA:1132,103,0,0
BRDA:1132,103,1,0
BRDA:1138,104,0,0
BRDA:1138,104,1,0
BRDA:1149,105,0,0
BRDA:1149,105,1,0
BRDA:1152,106,0,0
BRDA:1152,106,1,0
BRDA:1165,107,0,0
BRDA:1165,107,1,0
BRDA:1165,108,0,0
BRDA:1165,108,1,0
BRDA:1165,108,2,0
BRDA:1165,108,3,0
BRDA:1175,109,0,0
BRDA:1175,109,1,0
BRDA:1192,110,0,0
BRDA:1192,110,1,0
BRDA:1201,111,0,0
BRDA:1201,111,1,0
BRDA:1202,112,0,0
BRDA:1202,112,1,0
BRDA:1215,113,0,0
BRDA:1215,113,1,0
BRDA:1216,114,0,0
BRDA:1216,114,1,0
BRDA:1229,115,0,0
BRDA:1229,115,1,0
BRDA:1232,116,0,0
BRDA:1232,116,1,0
BRDA:1232,117,0,0
BRDA:1232,117,1,0
BRDA:1252,118,0,0
BRDA:1252,118,1,0
BRDA:1254,119,0,0
BRDA:1254,119,1,0
BRDA:1262,120,0,0
BRDA:1262,120,1,0
BRDA:1262,121,0,0
BRDA:1262,121,1,0
BRDA:1295,122,0,0
BRDA:1295,122,1,0
BRDA:1304,123,0,0
BRDA:1304,123,1,0
BRDA:1306,124,0,0
BRDA:1306,124,1,0
BRDA:1310,125,0,0
BRDA:1310,125,1,0
BRDA:1319,126,0,0
BRDA:1319,126,1,0
BRDA:1330,127,0,0
BRDA:1330,127,1,0
BRDA:1345,128,0,0
BRDA:1345,128,1,0
BRDA:1359,129,0,0
BRDA:1359,129,1,0
BRDA:1360,130,0,0
BRDA:1360,130,1,0
BRDA:1364,131,0,0
BRDA:1364,131,1,0
BRDA:1371,132,0,0
BRDA:1371,132,1,0
BRDA:1371,133,0,0
BRDA:1371,133,1,0
BRDA:1371,133,2,0
BRDA:1389,134,0,0
BRDA:1389,134,1,0
BRDA:1395,135,0,0
BRDA:1395,135,1,0
BRDA:1417,136,0,0
BRDA:1417,136,1,0
BRDA:1423,137,0,0
BRDA:1423,137,1,0
BRDA:1452,138,0,0
BRDA:1452,138,1,0
BRDA:1452,139,0,0
BRDA:1452,139,1,0
BRDA:1460,140,0,0
BRDA:1460,140,1,0
BRDA:1466,141,0,0
BRDA:1466,141,1,0
BRDA:1466,142,0,0
BRDA:1466,142,1,0
BRDA:1466,142,2,0
BRDA:1477,143,0,0
BRDA:1477,143,1,0
BRDA:1483,144,0,0
BRDA:1483,144,1,0
BRDA:1483,145,0,0
BRDA:1483,145,1,0
BRDA:1487,146,0,0
BRDA:1487,146,1,0
BRDA:1491,147,0,0
BRDA:1491,147,1,0
BRDA:1496,148,0,0
BRDA:1496,148,1,0
BRDA:1517,149,0,0
BRDA:1517,149,1,0
BRDA:1525,150,0,0
BRDA:1525,150,1,0
BRDA:1534,151,0,0
BRDA:1534,151,1,0
BRDA:1537,152,0,0
BRDA:1537,152,1,0
BRDA:1543,153,0,0
BRDA:1543,153,1,0
BRDA:1552,154,0,0
BRDA:1552,154,1,0
BRDA:1580,155,0,0
BRDA:1580,155,1,0
BRDA:1582,156,0,0
BRDA:1582,156,1,0
BRDA:1584,157,0,0
BRDA:1584,157,1,0
BRDA:1586,158,0,0
BRDA:1586,158,1,0
BRDA:1592,159,0,0
BRDA:1592,159,1,0
BRDA:1592,160,0,0
BRDA:1592,160,1,0
BRDA:1596,161,0,0
BRDA:1596,161,1,0
BRDA:1611,162,0,0
BRDA:1611,162,1,0
BRDA:1616,163,0,0
BRDA:1616,163,1,0
BRDA:1617,164,0,0
BRDA:1617,164,1,0
BRDA:1617,165,0,0
BRDA:1617,165,1,0
BRDA:1618,166,0,0
BRDA:1618,166,1,0
BRDA:1625,167,0,0
BRDA:1625,167,1,0
BRDA:1632,168,0,0
BRDA:1632,168,1,0
BRDA:1656,169,0,0
BRDA:1656,169,1,0
BRDA:1661,170,0,0
BRDA:1661,170,1,0
BRDA:1661,171,0,0
BRDA:1661,171,1,0
BRDA:1751,172,0,0
BRDA:1751,172,1,0
BRDA:1766,173,0,0
BRDA:1766,173,1,0
BRDA:1768,174,0,0
BRDA:1768,174,1,0
BRDA:1775,175,0,0
BRDA:1775,175,1,0
BRF:369
BRH:0
end_of_record
TN:
SF:app/auth/_layout.js
FN:3,AuthLayout
FNF:1
FNH:0
FNDA:0,AuthLayout
DA:4,0
LF:1
LH:0
BRF:0
BRH:0
end_of_record
TN:
SF:app/auth/login.js
FN:25,LoginScreen
FN:31,(anonymous_1)
FN:42,(anonymous_2)
FN:75,(anonymous_3)
FN:89,(anonymous_4)
FN:204,(anonymous_5)
FN:213,(anonymous_6)
FN:225,(anonymous_7)
FNF:8
FNH:0
FNDA:0,LoginScreen
FNDA:0,(anonymous_1)
FNDA:0,(anonymous_2)
FNDA:0,(anonymous_3)
FNDA:0,(anonymous_4)
FNDA:0,(anonymous_5)
FNDA:0,(anonymous_6)
FNDA:0,(anonymous_7)
DA:26,0
DA:27,0
DA:28,0
DA:31,0
DA:32,0
DA:33,0
DA:34,0
DA:37,0
DA:38,0
DA:42,0
DA:45,0
DA:52,0
DA:53,0
DA:56,0
DA:61,0
DA:64,0
DA:67,0
DA:68,0
DA:70,0
DA:75,0
DA:76,0
DA:77,0
DA:78,0
DA:81,0
DA:89,0
DA:90,0
DA:91,0
DA:94,0
DA:102,0
DA:103,0
DA:106,0
DA:111,0
DA:114,0
DA:117,0
DA:118,0
DA:120,0
DA:124,0
DA:204,0
DA:213,0
DA:225,0
DA:238,0
LF:41
LH:0
BRDA:32,0,0,0
BRDA:32,0,1,0
BRDA:32,1,0,0
BRDA:32,1,1,0
BRDA:76,2,0,0
BRDA:76,2,1,0
BRDA:127,3,0,0
BRDA:127,3,1,0
BRDA:180,4,0,0
BRDA:180,4,1,0
BRF:10
BRH:0
end_of_record
TN:
SF:app/auth/signup.js
FN:25,SignupScreen
FN:33,(anonymous_1)
FN:61,(anonymous_2)
FN:71,(anonymous_3)
FN:187,(anonymous_4)
FNF:5
FNH:0
FNDA:0,SignupScreen
FNDA:0,(anonymous_1)
FNDA:0,(anonymous_2)
FNDA:0,(anonymous_3)
FNDA:0,(anonymous_4)
DA:26,0
DA:27,0
DA:28,0
DA:29,0
DA:30,0
DA:33,0
DA:34,0
DA:35,0
DA:36,0
DA:39,0
DA:40,0
DA:41,0
DA:45,0
DA:46,0
DA:47,0
DA:48,0
DA:52,0
DA:53,0
DA:54,0
DA:57,0
DA:61,0
DA:62,0
DA:63,0
DA:66,0
DA:67,0
DA:71,0
DA:74,0
DA:81,0
DA:82,0
DA:85,0
DA:88,0
DA:89,0
DA:91,0
DA:95,0
DA:187,0
DA:200,0
LF:36
LH:0
BRDA:34,0,0,0
BRDA:34,0,1,0
BRDA:34,1,0,0
BRDA:34,1,1,0
BRDA:34,1,2,0
BRDA:34,1,3,0
BRDA:39,2,0,0
BRDA:39,2,1,0
BRDA:46,3,0,0
BRDA:46,3,1,0
BRDA:52,4,0,0
BRDA:52,4,1,0
BRDA:62,5,0,0
BRDA:62,5,1,0
BRDA:98,6,0,0
BRDA:98,6,1,0
BRDA:174,7,0,0
BRDA:174,7,1,0
BRF:18
BRH:0
end_of_record
TN:
SF:lib/aiProcessing.js
FN:15,extractTextFromDocument
FN:73,generateQuestionsWithDeepSeek
FN:101,parseQuestionsFromAIResponse
FN:115,(anonymous_3)
FN:120,(anonymous_4)
FN:125,(anonymous_5)
FN:130,(anonymous_6)
FN:139,(anonymous_7)
FN:263,emergencyParseResponse
FN:278,(anonymous_9)
FN:291,(anonymous_10)
FN:342,generateFallbackQuestions
FN:386,(anonymous_12)
FN:395,(anonymous_13)
FN:436,(anonymous_14)
FN:438,(anonymous_15)
FNF:16
FNH:0
FNDA:0,extractTextFromDocument
FNDA:0,generateQuestionsWithDeepSeek
FNDA:0,parseQuestionsFromAIResponse
FNDA:0,(anonymous_3)
FNDA:0,(anonymous_4)
FNDA:0,(anonymous_5)
FNDA:0,(anonymous_6)
FNDA:0,(anonymous_7)
FNDA:0,emergencyParseResponse
FNDA:0,(anonymous_9)
FNDA:0,(anonymous_10)
FNDA:0,generateFallbackQuestions
FNDA:0,(anonymous_12)
FNDA:0,(anonymous_13)
FNDA:0,(anonymous_14)
FNDA:0,(anonymous_15)
DA:7,0
DA:8,0
DA:16,0
DA:17,0
DA:18,0
DA:20,0
DA:21,0
DA:22,0
DA:26,0
DA:29,0
DA:33,0
DA:34,0
DA:35,0
DA:36,0
DA:39,0
DA:40,0
DA:41,0
DA:44,0
DA:45,0
DA:48,0
DA:51,0
DA:52,0
DA:53,0
DA:55,0
DA:56,0
DA:59,0
DA:61,0
DA:62,0
DA:63,0
DA:74,0
DA:75,0
DA:78,0
DA:81,0
DA:85,0
DA:88,0
DA:90,0
DA:91,0
DA:102,0
DA:103,0
DA:106,0
DA:113,0
DA:114,0
DA:115,0
DA:118,0
DA:119,0
DA:120,0
DA:123,0
DA:124,0
DA:125,0
DA:129,0
DA:130,0
DA:131,0
DA:135,0
DA:137,0
DA:139,0
DA:140,0
DA:143,0
DA:146,0
DA:149,0
DA:150,0
DA:151,0
DA:153,0
DA:154,0
DA:155,0
DA:160,0
DA:163,0
DA:164,0
DA:167,0
DA:168,0
DA:175,0
DA:179,0
DA:182,0
DA:185,0
DA:187,0
DA:195,0
DA:196,0
DA:204,0
DA:211,0
DA:216,0
DA:219,0
DA:220,0
DA:223,0
DA:224,0
DA:227,0
DA:228,0
DA:229,0
DA:233,0
DA:235,0
DA:238,0
DA:239,0
DA:240,0
DA:242,0
DA:243,0
DA:244,0
DA:247,0
DA:251,0
DA:252,0
DA:264,0
DA:265,0
DA:266,0
DA:269,0
DA:277,0
DA:278,0
DA:279,0
DA:280,0
DA:281,0
DA:285,0
DA:288,0
DA:291,0
DA:293,0
DA:294,0
DA:297,0
DA:300,0
DA:302,0
DA:304,0
DA:305,0
DA:312,0
DA:314,0
DA:316,0
DA:319,0
DA:329,0
DA:330,0
DA:332,0
DA:333,0
DA:343,0
DA:345,0
DA:386,0
DA:395,0
DA:396,0
DA:397,0
DA:398,0
DA:399,0
DA:400,0
DA:402,0
DA:404,0
DA:406,0
DA:407,0
DA:408,0
DA:409,0
DA:410,0
DA:412,0
DA:414,0
DA:415,0
DA:419,0
DA:424,0
DA:427,0
DA:428,0
DA:429,0
DA:434,0
DA:436,0
DA:437,0
DA:438,0
DA:439,0
DA:441,0
DA:444,0
DA:446,0
DA:447,0
DA:450,0
DA:451,0
DA:452,0
DA:453,0
DA:454,0
DA:457,0
DA:458,0
DA:459,0
LF:165
LH:0
BRDA:20,0,0,0
BRDA:20,0,1,0
BRDA:33,1,0,0
BRDA:33,1,1,0
BRDA:39,2,0,0
BRDA:39,2,1,0
BRDA:55,3,0,0
BRDA:55,3,1,0
BRDA:73,4,0,0
BRDA:113,5,0,0
BRDA:113,5,1,0
BRDA:118,6,0,0
BRDA:118,6,1,0
BRDA:123,7,0,0
BRDA:123,7,1,0
BRDA:131,8,0,0
BRDA:131,8,1,0
BRDA:131,8,2,0
BRDA:146,9,0,0
BRDA:146,9,1,0
BRDA:149,10,0,0
BRDA:149,10,1,0
BRDA:151,11,0,0
BRDA:151,11,1,0
BRDA:154,12,0,0
BRDA:154,12,1,0
BRDA:175,13,0,0
BRDA:175,13,1,0
BRDA:175,13,2,0
BRDA:179,14,0,0
BRDA:179,14,1,0
BRDA:182,15,0,0
BRDA:182,15,1,0
BRDA:185,16,0,0
BRDA:185,16,1,0
BRDA:195,17,0,0
BRDA:195,17,1,0
BRDA:195,18,0,0
BRDA:195,18,1,0
BRDA:195,18,2,0
BRDA:205,19,0,0
BRDA:205,19,1,0
BRDA:219,20,0,0
BRDA:219,20,1,0
BRDA:223,21,0,0
BRDA:223,21,1,0
BRDA:242,22,0,0
BRDA:242,22,1,0
BRDA:280,23,0,0
BRDA:280,23,1,0
BRDA:294,24,0,0
BRDA:294,24,1,0
BRDA:312,25,0,0
BRDA:312,25,1,0
BRDA:314,26,0,0
BRDA:314,26,1,0
BRDA:316,27,0,0
BRDA:316,27,1,0
BRDA:395,28,0,0
BRDA:408,29,0,0
BRDA:408,29,1,0
BRDA:408,30,0,0
BRDA:408,30,1,0
BRDA:409,31,0,0
BRDA:409,31,1,0
BRDA:436,32,0,0
BRDA:436,32,1,0
BRDA:438,33,0,0
BRDA:438,33,1,0
BRDA:457,34,0,0
BRDA:457,34,1,0
BRF:71
BRH:0
end_of_record
TN:
SF:lib/supabase.js
FNF:0
FNH:0
DA:3,0
DA:4,0
DA:6,0
LF:3
LH:0
BRF:0
BRH:0
end_of_record
TN:
SF:screens/HomeScreen.js
FN:4,(anonymous_0)
FN:9,(anonymous_1)
FN:13,(anonymous_2)
FNF:3
FNH:0
FNDA:0,(anonymous_0)
FNDA:0,(anonymous_1)
FNDA:0,(anonymous_2)
DA:4,0
DA:5,0
DA:9,0
DA:13,0
LF:4
LH:0
BRF:0
BRH:0
end_of_record
TN:
SF:screens/LoginScreen.js
FN:5,(anonymous_0)
FN:9,(anonymous_1)
FN:42,(anonymous_2)
FNF:3
FNH:0
FNDA:0,(anonymous_0)
FNDA:0,(anonymous_1)
FNDA:0,(anonymous_2)
DA:5,0
DA:6,0
DA:7,0
DA:9,0
DA:10,0
DA:15,0
DA:16,0
DA:18,0
DA:22,0
DA:42,0
LF:10
LH:0
BRDA:15,0,0,0
BRDA:15,0,1,0
BRF:2
BRH:0
end_of_record
TN:
SF:screens/ProfileScreen.js
FN:5,(anonymous_0)
FN:8,(anonymous_1)
FNF:2
FNH:0
FNDA:0,(anonymous_0)
FNDA:0,(anonymous_1)
DA:5,0
DA:6,0
DA:8,0
DA:9,0
DA:10,0
DA:11,0
DA:13,0
DA:17,0
LF:8
LH:0
BRDA:10,0,0,0
BRDA:10,0,1,0
BRF:2
BRH:0
end_of_record
TN:
SF:screens/QuestionBankScreen.js
FN:4,(anonymous_0)
FN:12,(anonymous_1)
FN:13,(anonymous_2)
FN:16,(anonymous_3)
FNF:4
FNH:0
FNDA:0,(anonymous_0)
FNDA:0,(anonymous_1)
FNDA:0,(anonymous_2)
FNDA:0,(anonymous_3)
DA:4,0
DA:5,0
DA:7,0
DA:12,0
DA:14,0
DA:17,0
LF:6
LH:0
BRF:0
BRH:0
end_of_record
TN:
SF:screens/RecentActivityScreen.js
FN:5,(anonymous_0)
FN:8,(anonymous_1)
FN:9,(anonymous_2)
FN:29,(anonymous_3)
FN:30,(anonymous_4)
FNF:5
FNH:0
FNDA:0,(anonymous_0)
FNDA:0,(anonymous_1)
FNDA:0,(anonymous_2)
FNDA:0,(anonymous_3)
FNDA:0,(anonymous_4)
DA:5,0
DA:6,0
DA:8,0
DA:9,0
DA:10,0
DA:16,0
DA:17,0
DA:21,0
DA:24,0
DA:29,0
DA:31,0
LF:11
LH:0
BRDA:16,0,0,0
BRDA:16,0,1,0
BRF:2
BRH:0
end_of_record
TN:
SF:screens/SignupScreen.js
FN:5,(anonymous_0)
FN:9,(anonymous_1)
FN:43,(anonymous_2)
FNF:3
FNH:0
FNDA:0,(anonymous_0)
FNDA:0,(anonymous_1)
FNDA:0,(anonymous_2)
DA:5,0
DA:6,0
DA:7,0
DA:9,0
DA:10,0
DA:15,0
DA:16,0
DA:18,0
DA:19,0
DA:23,0
DA:43,0
LF:11
LH:0
BRDA:15,0,0,0
BRDA:15,0,1,0
BRF:2
BRH:0
end_of_record
TN:
SF:screens/UploadScreen.js
FN:7,(anonymous_0)
FN:11,(anonymous_1)
FN:18,(anonymous_2)
FNF:3
FNH:0
FNDA:0,(anonymous_0)
FNDA:0,(anonymous_1)
FNDA:0,(anonymous_2)
DA:7,0
DA:8,0
DA:9,0
DA:11,0
DA:12,0
DA:13,0
DA:14,0
DA:18,0
DA:19,0
DA:20,0
DA:21,0
DA:24,0
DA:25,0
DA:26,0
DA:28,0
DA:32,0
DA:33,0
DA:35,0
DA:36,0
DA:37,0
DA:38,0
DA:40,0
DA:42,0
DA:46,0
LF:24
LH:0
BRDA:13,0,0,0
BRDA:13,0,1,0
BRDA:19,1,0,0
BRDA:19,1,1,0
BRDA:32,2,0,0
BRDA:32,2,1,0
BRF:6
BRH:0
end_of_record
TN:
SF:scripts/check-deepseek-api.js
FN:11,getDeepSeekApiKey
FN:29,testDeepSeekApi
FN:30,(anonymous_2)
FN:53,(anonymous_3)
FN:56,(anonymous_4)
FN:60,(anonymous_5)
FN:85,(anonymous_6)
FN:94,main
FN:134,(anonymous_8)
FNF:9
FNH:0
FNDA:0,getDeepSeekApiKey
FNDA:0,testDeepSeekApi
FNDA:0,(anonymous_2)
FNDA:0,(anonymous_3)
FNDA:0,(anonymous_4)
FNDA:0,(anonymous_5)
FNDA:0,(anonymous_6)
FNDA:0,main
FNDA:0,(anonymous_8)
DA:6,0
DA:7,0
DA:8,0
DA:12,0
DA:13,0
DA:14,0
DA:18,0
DA:21,0
DA:23,0
DA:24,0
DA:30,0
DA:31,0
DA:42,0
DA:53,0
DA:54,0
DA:56,0
DA:57,0
DA:60,0
DA:61,0
DA:62,0
DA:63,0
DA:64,0
DA:70,0
DA:73,0
DA:74,0
DA:75,0
DA:76,0
DA:80,0
DA:85,0
DA:86,0
DA:89,0
DA:90,0
DA:95,0
DA:98,0
DA:100,0
DA:101,0
DA:102,0
DA:103,0
DA:104,0
DA:105,0
DA:106,0
DA:109,0
DA:110,0
DA:113,0
DA:115,0
DA:116,0
DA:117,0
DA:118,0
DA:119,0
DA:121,0
DA:122,0
DA:123,0
DA:124,0
DA:125,0
DA:126,0
DA:129,0
DA:130,0
DA:134,0
DA:135,0
LF:59
LH:0
BRDA:18,0,0,0
BRDA:18,0,1,0
BRDA:61,1,0,0
BRDA:61,1,1,0
BRDA:66,2,0,0
BRDA:66,2,1,0
BRDA:76,3,0,0
BRDA:76,3,1,0
BRDA:100,4,0,0
BRDA:100,4,1,0
BRF:10
BRH:0
end_of_record
TN:
SF:scripts/check-deepseek-direct.js
FN:12,getApiKey
FN:24,testDeepSeekApi
FN:25,(anonymous_2)
FN:55,(anonymous_3)
FN:59,(anonymous_4)
FN:64,(anonymous_5)
FN:98,(anonymous_6)
FN:110,main
FN:134,(anonymous_8)
FNF:9
FNH:0
FNDA:0,getApiKey
FNDA:0,testDeepSeekApi
FNDA:0,(anonymous_2)
FNDA:0,(anonymous_3)
FNDA:0,(anonymous_4)
FNDA:0,(anonymous_5)
FNDA:0,(anonymous_6)
FNDA:0,main
FNDA:0,(anonymous_8)
DA:7,0
DA:8,0
DA:9,0
DA:13,0
DA:14,0
DA:15,0
DA:16,0
DA:18,0
DA:19,0
DA:25,0
DA:27,0
DA:30,0
DA:42,0
DA:54,0
DA:55,0
DA:56,0
DA:59,0
DA:60,0
DA:64,0
DA:65,0
DA:66,0
DA:67,0
DA:68,0
DA:69,0
DA:71,0
DA:72,0
DA:73,0
DA:74,0
DA:75,0
DA:76,0
DA:79,0
DA:81,0
DA:82,0
DA:85,0
DA:86,0
DA:87,0
DA:88,0
DA:90,0
DA:92,0
DA:98,0
DA:99,0
DA:100,0
DA:104,0
DA:105,0
DA:111,0
DA:112,0
DA:115,0
DA:116,0
DA:117,0
DA:118,0
DA:121,0
DA:123,0
DA:125,0
DA:126,0
DA:128,0
DA:129,0
DA:134,0
DA:135,0
DA:136,0
LF:59
LH:0
BRDA:65,0,0,0
BRDA:65,0,1,0
BRDA:65,1,0,0
BRDA:65,1,1,0
BRDA:69,2,0,0
BRDA:69,2,1,0
BRDA:71,3,0,0
BRDA:71,3,1,0
BRDA:71,4,0,0
BRDA:71,4,1,0
BRDA:88,5,0,0
BRDA:88,5,1,0
BRDA:116,6,0,0
BRDA:116,6,1,0
BRF:14
BRH:0
end_of_record
TN:
SF:scripts/check-dependency-conflicts.js
FN:47,findPackageInstances
FN:57,(anonymous_1)
FN:80,getParentPackage
FN:94,(anonymous_3)
FN:113,(anonymous_4)
FN:121,(anonymous_5)
FN:123,(anonymous_6)
FN:149,(anonymous_7)
FN:168,(anonymous_8)
FNF:9
FNH:0
FNDA:0,findPackageInstances
FNDA:0,(anonymous_1)
FNDA:0,getParentPackage
FNDA:0,(anonymous_3)
FNDA:0,(anonymous_4)
FNDA:0,(anonymous_5)
FNDA:0,(anonymous_6)
FNDA:0,(anonymous_7)
FNDA:0,(anonymous_8)
DA:8,0
DA:9,0
DA:10,0
DA:13,0
DA:27,0
DA:36,0
DA:37,0
DA:40,0
DA:41,0
DA:42,0
DA:43,0
DA:48,0
DA:50,0
DA:51,0
DA:54,0
DA:57,0
DA:58,0
DA:59,0
DA:60,0
DA:66,0
DA:75,0
DA:82,0
DA:83,0
DA:84,0
DA:88,0
DA:89,0
DA:93,0
DA:94,0
DA:95,0
DA:97,0
DA:98,0
DA:99,0
DA:102,0
DA:103,0
DA:104,0
DA:108,0
DA:109,0
DA:112,0
DA:113,0
DA:114,0
DA:115,0
DA:117,0
DA:121,0
DA:122,0
DA:123,0
DA:124,0
DA:128,0
DA:131,0
DA:132,0
DA:134,0
DA:135,0
DA:136,0
DA:137,0
DA:138,0
DA:142,0
DA:143,0
DA:144,0
DA:145,0
DA:147,0
DA:148,0
DA:149,0
DA:150,0
DA:153,0
DA:156,0
DA:160,0
DA:161,0
DA:168,0
DA:169,0
DA:170,0
DA:171,0
DA:172,0
DA:176,0
DA:177,0
DA:179,0
DA:180,0
DA:182,0
DA:186,0
LF:77
LH:0
BRDA:41,0,0,0
BRDA:41,0,1,0
BRDA:83,1,0,0
BRDA:83,1,1,0
BRDA:97,2,0,0
BRDA:97,2,1,0
BRDA:102,3,0,0
BRDA:102,3,1,0
BRDA:114,4,0,0
BRDA:114,4,1,0
BRDA:131,5,0,0
BRDA:131,5,1,0
BRDA:147,6,0,0
BRDA:147,6,1,0
BRDA:147,7,0,0
BRDA:147,7,1,0
BRDA:170,8,0,0
BRDA:170,8,1,0
BRDA:179,9,0,0
BRDA:179,9,1,0
BRDA:179,10,0,0
BRDA:179,10,1,0
BRF:22
BRH:0
end_of_record
TN:
SF:scripts/check-dependency-versions.js
FN:18,(anonymous_0)
FN:19,(anonymous_1)
FN:20,(anonymous_2)
FN:21,(anonymous_3)
FN:76,(anonymous_4)
FNF:5
FNH:0
FNDA:0,(anonymous_0)
FNDA:0,(anonymous_1)
FNDA:0,(anonymous_2)
FNDA:0,(anonymous_3)
FNDA:0,(anonymous_4)
DA:8,0
DA:9,0
DA:13,0
DA:14,0
DA:17,0
DA:18,0
DA:19,0
DA:20,0
DA:21,0
DA:27,0
DA:55,0
DA:57,0
DA:58,0
DA:60,0
DA:61,0
DA:62,0
DA:65,0
DA:66,0
DA:71,0
DA:73,0
DA:76,0
DA:77,0
DA:79,0
DA:80,0
DA:81,0
DA:86,0
DA:93,0
DA:94,0
DA:95,0
DA:97,0
DA:102,0
DA:103,0
DA:104,0
DA:105,0
DA:107,0
DA:111,0
DA:112,0
LF:37
LH:0
BRDA:60,0,0,0
BRDA:60,0,1,0
BRDA:79,1,0,0
BRDA:79,1,1,0
BRDA:86,2,0,0
BRDA:86,2,1,0
BRDA:86,2,2,0
BRDA:86,2,3,0
BRDA:86,2,4,0
BRDA:86,2,5,0
BRDA:86,2,6,0
BRDA:86,2,7,0
BRDA:93,3,0,0
BRDA:93,3,1,0
BRDA:103,4,0,0
BRDA:103,4,1,0
BRF:16
BRH:0
end_of_record
TN:
SF:scripts/check-node-version.js
FN:18,(anonymous_0)
FN:19,(anonymous_1)
FN:20,(anonymous_2)
FN:21,(anonymous_3)
FNF:4
FNH:0
FNDA:0,(anonymous_0)
FNDA:0,(anonymous_1)
FNDA:0,(anonymous_2)
FNDA:0,(anonymous_3)
DA:8,0
DA:9,0
DA:13,0
DA:14,0
DA:17,0
DA:18,0
DA:19,0
DA:20,0
DA:21,0
DA:26,0
DA:36,0
DA:37,0
DA:39,0
DA:40,0
DA:41,0
DA:44,0
DA:45,0
DA:48,0
DA:49,0
DA:50,0
DA:51,0
DA:54,0
DA:55,0
DA:57,0
DA:58,0
DA:59,0
DA:62,0
DA:63,0
DA:66,0
DA:67,0
DA:68,0
DA:69,0
DA:73,0
DA:76,0
DA:78,0
DA:79,0
DA:81,0
DA:82,0
DA:85,0
DA:86,0
DA:87,0
DA:88,0
DA:89,0
DA:93,0
DA:95,0
DA:96,0
DA:97,0
DA:99,0
DA:102,0
DA:104,0
DA:105,0
DA:107,0
DA:110,0
LF:53
LH:0
BRDA:39,0,0,0
BRDA:39,0,1,0
BRDA:49,1,0,0
BRDA:49,1,1,0
BRDA:57,2,0,0
BRDA:57,2,1,0
BRDA:67,3,0,0
BRDA:67,3,1,0
BRDA:73,4,0,0
BRDA:73,4,1,0
BRDA:73,4,2,0
BRDA:78,5,0,0
BRDA:78,5,1,0
BRDA:102,6,0,0
BRDA:102,6,1,0
BRDA:104,7,0,0
BRDA:104,7,1,0
BRF:17
BRH:0
end_of_record
TN:
SF:scripts/create-test-data.js
FN:12,createTestData
FNF:1
FNH:0
FNDA:0,createTestData
DA:4,0
DA:5,0
DA:8,0
DA:9,0
DA:10,0
DA:13,0
DA:15,0
DA:17,0
DA:18,0
DA:20,0
DA:21,0
DA:27,0
DA:28,0
DA:33,0
DA:34,0
DA:36,0
DA:42,0
DA:43,0
DA:44,0
DA:47,0
DA:48,0
DA:51,0
DA:60,0
DA:61,0
DA:65,0
DA:66,0
DA:67,0
DA:80,0
DA:81,0
DA:86,0
DA:87,0
DA:88,0
DA:99,0
DA:100,0
DA:104,0
DA:105,0
DA:106,0
DA:107,0
DA:108,0
DA:111,0
DA:115,0
LF:41
LH:0
BRDA:27,0,0,0
BRDA:27,0,1,0
BRDA:33,1,0,0
BRDA:33,1,1,0
BRDA:42,2,0,0
BRDA:42,2,1,0
BRDA:76,3,0,0
BRDA:76,3,1,0
BRDA:80,4,0,0
BRDA:80,4,1,0
BRDA:99,5,0,0
BRDA:99,5,1,0
BRF:12
BRH:0
end_of_record
TN:
SF:scripts/debug-app-flow.js
FN:9,(anonymous_0)
FN:10,(anonymous_1)
FN:18,(anonymous_2)
FN:29,(anonymous_3)
FN:35,(anonymous_4)
FN:41,createSampleDocument
FN:129,simulateApiClient
FN:248,simulateQuestionParsing
FN:264,(anonymous_8)
FN:270,(anonymous_9)
FN:276,(anonymous_10)
FN:282,(anonymous_11)
FN:337,simulateFullFlow
FN:376,(anonymous_13)
FNF:14
FNH:0
FNDA:0,(anonymous_0)
FNDA:0,(anonymous_1)
FNDA:0,(anonymous_2)
FNDA:0,(anonymous_3)
FNDA:0,(anonymous_4)
FNDA:0,createSampleDocument
FNDA:0,simulateApiClient
FNDA:0,simulateQuestionParsing
FNDA:0,(anonymous_8)
FNDA:0,(anonymous_9)
FNDA:0,(anonymous_10)
FNDA:0,(anonymous_11)
FNDA:0,simulateFullFlow
FNDA:0,(anonymous_13)
DA:2,0
DA:3,0
DA:4,0
DA:7,0
DA:9,0
DA:11,0
DA:14,0
DA:16,0
DA:18,0
DA:28,0
DA:30,0
DA:31,0
DA:33,0
DA:36,0
DA:42,0
DA:43,0
DA:44,0
DA:123,0
DA:124,0
DA:130,0
DA:131,0
DA:134,0
DA:135,0
DA:136,0
DA:137,0
DA:140,0
DA:143,0
DA:144,0
DA:146,0
DA:147,0
DA:148,0
DA:150,0
DA:154,0
DA:158,0
DA:159,0
DA:180,0
DA:183,0
DA:184,0
DA:186,0
DA:204,0
DA:205,0
DA:206,0
DA:207,0
DA:208,0
DA:211,0
DA:212,0
DA:215,0
DA:218,0
DA:219,0
DA:222,0
DA:223,0
DA:226,0
DA:227,0
DA:228,0
DA:231,0
DA:233,0
DA:239,0
DA:240,0
DA:249,0
DA:251,0
DA:252,0
DA:255,0
DA:259,0
DA:262,0
DA:263,0
DA:264,0
DA:265,0
DA:268,0
DA:269,0
DA:270,0
DA:271,0
DA:274,0
DA:275,0
DA:276,0
DA:277,0
DA:281,0
DA:282,0
DA:283,0
DA:286,0
DA:289,0
DA:290,0
DA:292,0
DA:293,0
DA:294,0
DA:295,0
DA:299,0
DA:300,0
DA:301,0
DA:305,0
DA:314,0
DA:315,0
DA:317,0
DA:318,0
DA:322,0
DA:323,0
DA:325,0
DA:326,0
DA:329,0
DA:331,0
DA:332,0
DA:338,0
DA:339,0
DA:340,0
DA:343,0
DA:345,0
DA:347,0
DA:348,0
DA:349,0
DA:352,0
DA:354,0
DA:355,0
DA:356,0
DA:357,0
DA:359,0
DA:360,0
DA:363,0
DA:364,0
DA:365,0
DA:366,0
DA:367,0
DA:368,0
DA:369,0
DA:371,0
DA:376,0
DA:377,0
LF:125
LH:0
BRDA:30,0,0,0
BRDA:30,0,1,0
BRDA:43,1,0,0
BRDA:43,1,1,0
BRDA:135,2,0,0
BRDA:135,2,1,0
BRDA:146,3,0,0
BRDA:146,3,1,0
BRDA:204,4,0,0
BRDA:204,4,1,0
BRDA:222,5,0,0
BRDA:222,5,1,0
BRDA:262,6,0,0
BRDA:262,6,1,0
BRDA:268,7,0,0
BRDA:268,7,1,0
BRDA:274,8,0,0
BRDA:274,8,1,0
BRDA:283,9,0,0
BRDA:283,9,1,0
BRDA:283,9,2,0
BRDA:292,10,0,0
BRDA:292,10,1,0
BRDA:299,11,0,0
BRDA:299,11,1,0
BRDA:306,12,0,0
BRDA:306,12,1,0
BRDA:307,13,0,0
BRDA:307,13,1,0
BRDA:308,14,0,0
BRDA:308,14,1,0
BRDA:309,15,0,0
BRDA:309,15,1,0
BRDA:310,16,0,0
BRDA:310,16,1,0
BRDA:311,17,0,0
BRDA:311,17,1,0
BRDA:318,18,0,0
BRDA:318,18,1,0
BRDA:318,19,0,0
BRDA:318,19,1,0
BRDA:318,19,2,0
BRDA:318,19,3,0
BRDA:354,20,0,0
BRDA:354,20,1,0
BRF:45
BRH:0
end_of_record
TN:
SF:scripts/diagnose-api.js
FN:41,createDeepSeekPrompt
FN:65,checkApiKey
FN:82,testDirectApiCall
FN:136,testDocumentSpecificPrompt
FN:211,runDiagnostics
FN:250,(anonymous_5)
FNF:6
FNH:0
FNDA:0,createDeepSeekPrompt
FNDA:0,checkApiKey
FNDA:0,testDirectApiCall
FNDA:0,testDocumentSpecificPrompt
FNDA:0,runDiagnostics
FNDA:0,(anonymous_5)
DA:2,0
DA:3,0
DA:4,0
DA:7,0
DA:42,0
DA:66,0
DA:69,0
DA:71,0
DA:72,0
DA:73,0
DA:76,0
DA:79,0
DA:83,0
DA:85,0
DA:87,0
DA:88,0
DA:89,0
DA:92,0
DA:93,0
DA:95,0
DA:113,0
DA:115,0
DA:116,0
DA:117,0
DA:118,0
DA:121,0
DA:122,0
DA:125,0
DA:126,0
DA:127,0
DA:129,0
DA:131,0
DA:132,0
DA:137,0
DA:139,0
DA:141,0
DA:142,0
DA:143,0
DA:146,0
DA:147,0
DA:148,0
DA:151,0
DA:154,0
DA:155,0
DA:156,0
DA:159,0
DA:177,0
DA:179,0
DA:180,0
DA:181,0
DA:182,0
DA:186,0
DA:187,0
DA:188,0
DA:189,0
DA:192,0
DA:193,0
DA:195,0
DA:196,0
DA:197,0
DA:198,0
DA:200,0
DA:201,0
DA:204,0
DA:205,0
DA:206,0
DA:212,0
DA:213,0
DA:214,0
DA:216,0
DA:217,0
DA:219,0
DA:220,0
DA:221,0
DA:222,0
DA:223,0
DA:226,0
DA:227,0
DA:228,0
DA:229,0
DA:230,0
DA:233,0
DA:234,0
DA:235,0
DA:236,0
DA:238,0
DA:241,0
DA:242,0
DA:243,0
DA:244,0
DA:245,0
DA:246,0
DA:250,0
DA:251,0
LF:94
LH:0
BRDA:41,0,0,0
BRDA:71,1,0,0
BRDA:71,1,1,0
BRDA:77,2,0,0
BRDA:77,2,1,0
BRDA:87,3,0,0
BRDA:87,3,1,0
BRDA:115,4,0,0
BRDA:115,4,1,0
BRDA:141,5,0,0
BRDA:141,5,1,0
BRDA:179,6,0,0
BRDA:179,6,1,0
BRDA:186,7,0,0
BRDA:186,7,1,0
BRDA:192,8,0,0
BRDA:192,8,1,0
BRDA:195,9,0,0
BRDA:195,9,1,0
BRDA:220,10,0,0
BRDA:220,10,1,0
BRDA:227,11,0,0
BRDA:227,11,1,0
BRDA:234,12,0,0
BRDA:234,12,1,0
BRDA:243,13,0,0
BRDA:243,13,1,0
BRDA:244,14,0,0
BRDA:244,14,1,0
BRDA:245,15,0,0
BRDA:245,15,1,0
BRF:31
BRH:0
end_of_record
TN:
SF:scripts/diagnose-deepseek.js
FN:43,checkApiKey
FN:65,testDirectApiCall
FN:119,testApiClientIntegration
FN:162,runDiagnostics
FN:198,(anonymous_4)
FNF:5
FNH:0
FNDA:0,checkApiKey
FNDA:0,testDirectApiCall
FNDA:0,testApiClientIntegration
FNDA:0,runDiagnostics
FNDA:0,(anonymous_4)
DA:2,0
DA:3,0
DA:4,0
DA:5,0
DA:6,0
DA:9,0
DA:44,0
DA:47,0
DA:49,0
DA:50,0
DA:51,0
DA:54,0
DA:58,0
DA:59,0
DA:60,0
DA:62,0
DA:66,0
DA:68,0
DA:70,0
DA:71,0
DA:72,0
DA:75,0
DA:76,0
DA:78,0
DA:96,0
DA:98,0
DA:99,0
DA:100,0
DA:101,0
DA:104,0
DA:105,0
DA:108,0
DA:109,0
DA:110,0
DA:112,0
DA:114,0
DA:115,0
DA:120,0
DA:122,0
DA:123,0
DA:124,0
DA:127,0
DA:133,0
DA:137,0
DA:140,0
DA:141,0
DA:142,0
DA:143,0
DA:146,0
DA:147,0
DA:149,0
DA:151,0
DA:152,0
DA:155,0
DA:156,0
DA:157,0
DA:163,0
DA:164,0
DA:165,0
DA:167,0
DA:168,0
DA:169,0
DA:170,0
DA:171,0
DA:174,0
DA:175,0
DA:176,0
DA:177,0
DA:178,0
DA:181,0
DA:182,0
DA:183,0
DA:184,0
DA:186,0
DA:189,0
DA:190,0
DA:191,0
DA:192,0
DA:193,0
DA:194,0
DA:198,0
DA:199,0
LF:82
LH:0
BRDA:47,0,0,0
BRDA:47,0,1,0
BRDA:49,1,0,0
BRDA:49,1,1,0
BRDA:55,2,0,0
BRDA:55,2,1,0
BRDA:59,3,0,0
BRDA:59,3,1,0
BRDA:59,4,0,0
BRDA:59,4,1,0
BRDA:68,5,0,0
BRDA:68,5,1,0
BRDA:70,6,0,0
BRDA:70,6,1,0
BRDA:98,7,0,0
BRDA:98,7,1,0
BRDA:129,8,0,0
BRDA:129,8,1,0
BRDA:140,9,0,0
BRDA:140,9,1,0
BRDA:140,10,0,0
BRDA:140,10,1,0
BRDA:146,11,0,0
BRDA:146,11,1,0
BRDA:168,12,0,0
BRDA:168,12,1,0
BRDA:175,13,0,0
BRDA:175,13,1,0
BRDA:182,14,0,0
BRDA:182,14,1,0
BRDA:191,15,0,0
BRDA:191,15,1,0
BRDA:192,16,0,0
BRDA:192,16,1,0
BRDA:193,17,0,0
BRDA:193,17,1,0
BRF:36
BRH:0
end_of_record
TN:
SF:scripts/ensure-node-version.js
FNF:0
FNH:0
DA:8,0
DA:9,0
DA:10,0
DA:11,0
DA:14,0
DA:15,0
DA:18,0
DA:20,0
DA:21,0
DA:24,0
DA:25,0
DA:27,0
DA:29,0
DA:32,0
DA:34,0
DA:35,0
DA:37,0
DA:42,0
DA:43,0
DA:44,0
DA:46,0
DA:47,0
DA:48,0
DA:51,0
DA:52,0
DA:55,0
DA:56,0
DA:59,0
LF:28
LH:0
BRDA:24,0,0,0
BRDA:24,0,1,0
BRDA:32,1,0,0
BRDA:32,1,1,0
BRDA:34,2,0,0
BRDA:34,2,1,0
BRF:6
BRH:0
end_of_record
TN:
SF:scripts/fetch-google-icon.js
FN:10,downloadFile
FN:11,(anonymous_1)
FN:16,(anonymous_2)
FN:24,(anonymous_3)
FN:29,(anonymous_4)
FN:30,(anonymous_5)
FN:38,(anonymous_6)
FNF:7
FNH:0
FNDA:0,downloadFile
FNDA:0,(anonymous_1)
FNDA:0,(anonymous_2)
FNDA:0,(anonymous_3)
FNDA:0,(anonymous_4)
FNDA:0,(anonymous_5)
FNDA:0,(anonymous_6)
DA:1,0
DA:2,0
DA:3,0
DA:6,0
DA:7,0
DA:11,0
DA:12,0
DA:14,0
DA:16,0
DA:17,0
DA:18,0
DA:19,0
DA:22,0
DA:24,0
DA:25,0
DA:26,0
DA:27,0
DA:30,0
DA:31,0
DA:37,0
DA:39,0
DA:40,0
LF:22
LH:0
BRDA:17,0,0,0
BRDA:17,0,1,0
BRF:2
BRH:0
end_of_record
TN:
SF:scripts/populate-supabase.js
FN:15,createTestData
FNF:1
FNH:0
FNDA:0,createTestData
DA:2,0
DA:3,0
DA:6,0
DA:12,0
DA:13,0
DA:16,0
DA:17,0
DA:20,0
DA:25,0
DA:26,0
DA:30,0
DA:31,0
DA:34,0
DA:65,0
DA:66,0
DA:68,0
DA:69,0
DA:71,0
DA:76,0
DA:96,0
DA:97,0
DA:99,0
DA:100,0
DA:102,0
DA:106,0
DA:107,0
DA:110,0
DA:114,0
LF:28
LH:0
BRDA:25,0,0,0
BRDA:25,0,1,0
BRDA:30,1,0,0
BRDA:30,1,1,0
BRDA:68,2,0,0
BRDA:68,2,1,0
BRDA:99,3,0,0
BRDA:99,3,1,0
BRF:8
BRH:0
end_of_record
TN:
SF:scripts/pre-build-checks.js
FN:26,(anonymous_0)
FN:27,(anonymous_1)
FN:28,(anonymous_2)
FN:29,(anonymous_3)
FN:33,fileExists
FN:42,checkRequiredFiles
FN:67,validateAppJson
FN:114,checkNativeModules
FN:145,checkExpoSdkVersion
FN:168,runAllChecks
FNF:10
FNH:0
FNDA:0,(anonymous_0)
FNDA:0,(anonymous_1)
FNDA:0,(anonymous_2)
FNDA:0,(anonymous_3)
FNDA:0,fileExists
FNDA:0,checkRequiredFiles
FNDA:0,validateAppJson
FNDA:0,checkNativeModules
FNDA:0,checkExpoSdkVersion
FNDA:0,runAllChecks
DA:8,0
DA:9,0
DA:10,0
DA:13,0
DA:25,0
DA:26,0
DA:27,0
DA:28,0
DA:29,0
DA:34,0
DA:35,0
DA:37,0
DA:43,0
DA:45,0
DA:51,0
DA:53,0
DA:54,0
DA:55,0
DA:56,0
DA:58,0
DA:59,0
DA:63,0
DA:68,0
DA:70,0
DA:71,0
DA:72,0
DA:75,0
DA:83,0
DA:85,0
DA:86,0
DA:87,0
DA:89,0
DA:90,0
DA:91,0
DA:93,0
DA:94,0
DA:98,0
DA:99,0
DA:101,0
DA:102,0
DA:106,0
DA:108,0
DA:109,0
DA:115,0
DA:117,0
DA:118,0
DA:119,0
DA:121,0
DA:128,0
DA:130,0
DA:131,0
DA:132,0
DA:133,0
DA:137,0
DA:139,0
DA:140,0
DA:146,0
DA:148,0
DA:149,0
DA:150,0
DA:152,0
DA:154,0
DA:155,0
DA:156,0
DA:158,0
DA:159,0
DA:162,0
DA:163,0
DA:169,0
DA:170,0
DA:172,0
DA:179,0
DA:181,0
DA:182,0
DA:183,0
DA:184,0
DA:185,0
DA:188,0
DA:189,0
DA:191,0
DA:192,0
DA:197,0
LF:82
LH:0
BRDA:55,0,0,0
BRDA:55,0,1,0
BRDA:90,1,0,0
BRDA:90,1,1,0
BRDA:90,2,0,0
BRDA:90,2,1,0
BRDA:98,3,0,0
BRDA:98,3,1,0
BRDA:131,4,0,0
BRDA:131,4,1,0
BRDA:154,5,0,0
BRDA:154,5,1,0
BRDA:154,6,0,0
BRDA:154,6,1,0
BRDA:184,7,0,0
BRDA:184,7,1,0
BRDA:188,8,0,0
BRDA:188,8,1,0
BRF:18
BRH:0
end_of_record
TN:
SF:scripts/test-deepseek-app-integration.js
FN:32,testDeepSeekIntegration
FN:55,testEnvironmentConfig
FN:85,getDeepSeekApiKey
FN:116,testQuestionGeneration
FN:149,(anonymous_4)
FNF:5
FNH:0
FNDA:0,testDeepSeekIntegration
FNDA:0,testEnvironmentConfig
FNDA:0,getDeepSeekApiKey
FNDA:0,testQuestionGeneration
FNDA:0,(anonymous_4)
DA:15,0
DA:33,0
DA:36,0
DA:37,0
DA:40,0
DA:41,0
DA:42,0
DA:43,0
DA:44,0
DA:48,0
DA:49,0
DA:56,0
DA:57,0
DA:58,0
DA:59,0
DA:62,0
DA:63,0
DA:64,0
DA:65,0
DA:68,0
DA:69,0
DA:70,0
DA:71,0
DA:73,0
DA:77,0
DA:78,0
DA:79,0
DA:87,0
DA:90,0
DA:91,0
DA:92,0
DA:94,0
DA:99,0
DA:100,0
DA:103,0
DA:104,0
DA:105,0
DA:107,0
DA:110,0
DA:117,0
DA:118,0
DA:119,0
DA:121,0
DA:125,0
DA:126,0
DA:127,0
DA:130,0
DA:131,0
DA:132,0
DA:135,0
DA:136,0
DA:137,0
DA:139,0
DA:141,0
DA:142,0
DA:143,0
DA:148,0
DA:149,0
DA:150,0
LF:59
LH:0
BRDA:42,0,0,0
BRDA:42,0,1,0
BRDA:57,1,0,0
BRDA:57,1,1,0
BRDA:58,2,0,0
BRDA:58,2,1,0
BRDA:59,3,0,0
BRDA:59,3,1,0
BRDA:63,4,0,0
BRDA:63,4,1,0
BRDA:64,5,0,0
BRDA:64,5,1,0
BRDA:65,6,0,0
BRDA:65,6,1,0
BRDA:71,7,0,0
BRDA:71,7,1,0
BRDA:79,8,0,0
BRDA:79,8,1,0
BRDA:90,9,0,0
BRDA:90,9,1,0
BRDA:99,10,0,0
BRDA:99,10,1,0
BRDA:103,11,0,0
BRDA:103,11,1,0
BRDA:125,12,0,0
BRDA:125,12,1,0
BRDA:125,13,0,0
BRDA:125,13,1,0
BRDA:148,14,0,0
BRDA:148,14,1,0
BRF:30
BRH:0
end_of_record
TN:
SF:scripts/test-deepseek-direct.js
FN:11,(anonymous_0)
FN:21,testDeepSeekQuestionGeneration
FNF:2
FNH:0
FNDA:0,(anonymous_0)
FNDA:0,testDeepSeekQuestionGeneration
DA:5,0
DA:6,0
DA:7,0
DA:8,0
DA:11,0
DA:12,0
DA:13,0
DA:15,0
DA:16,0
DA:22,0
DA:23,0
DA:24,0
DA:25,0
DA:28,0
DA:30,0
DA:31,0
DA:32,0
DA:33,0
DA:36,0
DA:39,0
DA:41,0
DA:42,0
DA:43,0
DA:44,0
DA:47,0
DA:48,0
DA:51,0
DA:53,0
DA:54,0
DA:55,0
DA:58,0
DA:61,0
DA:73,0
DA:74,0
DA:77,0
DA:96,0
DA:97,0
DA:98,0
DA:99,0
DA:100,0
DA:104,0
DA:105,0
DA:108,0
DA:109,0
DA:110,0
DA:111,0
DA:112,0
DA:115,0
DA:116,0
DA:119,0
DA:120,0
DA:121,0
DA:122,0
DA:124,0
DA:126,0
DA:131,0
LF:56
LH:0
BRDA:30,0,0,0
BRDA:30,0,1,0
BRDA:41,1,0,0
BRDA:41,1,1,0
BRDA:53,2,0,0
BRDA:53,2,1,0
BRDA:96,3,0,0
BRDA:96,3,1,0
BRF:8
BRH:0
end_of_record
TN:
SF:scripts/test-deepseek-integration.js
FN:20,testDeepSeekIntegration
FN:52,testEnvironmentVariables
FN:93,getClaudeApiKey
FN:117,generateSampleQuestions
FN:208,(anonymous_4)
FNF:5
FNH:0
FNDA:0,testDeepSeekIntegration
FNDA:0,testEnvironmentVariables
FNDA:0,getClaudeApiKey
FNDA:0,generateSampleQuestions
FNDA:0,(anonymous_4)
DA:21,0
DA:24,0
DA:25,0
DA:28,0
DA:29,0
DA:30,0
DA:31,0
DA:32,0
DA:35,0
DA:38,0
DA:39,0
DA:40,0
DA:41,0
DA:42,0
DA:43,0
DA:45,0
DA:48,0
DA:53,0
DA:54,0
DA:55,0
DA:56,0
DA:57,0
DA:60,0
DA:61,0
DA:62,0
DA:64,0
DA:67,0
DA:68,0
DA:70,0
DA:74,0
DA:75,0
DA:77,0
DA:78,0
DA:79,0
DA:81,0
DA:84,0
DA:85,0
DA:88,0
DA:89,0
DA:95,0
DA:98,0
DA:99,0
DA:100,0
DA:102,0
DA:107,0
DA:108,0
DA:113,0
DA:119,0
DA:140,0
DA:142,0
DA:144,0
DA:156,0
DA:175,0
DA:176,0
DA:178,0
DA:179,0
DA:180,0
DA:185,0
DA:188,0
DA:191,0
DA:194,0
DA:195,0
DA:198,0
DA:200,0
DA:208,0
DA:209,0
LF:66
LH:0
BRDA:30,0,0,0
BRDA:30,0,1,0
BRDA:61,1,0,0
BRDA:61,1,1,0
BRDA:67,2,0,0
BRDA:67,2,1,0
BRDA:75,3,0,0
BRDA:75,3,1,0
BRDA:79,4,0,0
BRDA:79,4,1,0
BRDA:85,5,0,0
BRDA:85,5,1,0
BRDA:89,6,0,0
BRDA:89,6,1,0
BRDA:98,7,0,0
BRDA:98,7,1,0
BRDA:107,8,0,0
BRDA:107,8,1,0
BRDA:108,9,0,0
BRDA:108,9,1,0
BRDA:108,9,2,0
BRDA:175,10,0,0
BRDA:175,10,1,0
BRDA:180,11,0,0
BRDA:180,11,1,0
BRDA:195,12,0,0
BRDA:195,12,1,0
BRDA:198,13,0,0
BRDA:198,13,1,0
BRF:29
BRH:0
end_of_record
TN:
SF:scripts/test-deepseek-node.js
FN:45,generateQuestionsWithDeepSeek
FN:126,parseQuestionsFromAIResponse
FN:138,(anonymous_2)
FN:143,(anonymous_3)
FN:148,(anonymous_4)
FN:153,(anonymous_5)
FN:162,(anonymous_6)
FN:254,testDeepSeekIntegration
FN:282,(anonymous_8)
FN:284,(anonymous_9)
FN:311,(anonymous_10)
FNF:11
FNH:0
FNDA:0,generateQuestionsWithDeepSeek
FNDA:0,parseQuestionsFromAIResponse
FNDA:0,(anonymous_2)
FNDA:0,(anonymous_3)
FNDA:0,(anonymous_4)
FNDA:0,(anonymous_5)
FNDA:0,(anonymous_6)
FNDA:0,testDeepSeekIntegration
FNDA:0,(anonymous_8)
FNDA:0,(anonymous_9)
FNDA:0,(anonymous_10)
DA:6,0
DA:7,0
DA:8,0
DA:9,0
DA:12,0
DA:46,0
DA:47,0
DA:48,0
DA:51,0
DA:52,0
DA:53,0
DA:57,0
DA:78,0
DA:81,0
DA:100,0
DA:101,0
DA:102,0
DA:103,0
DA:104,0
DA:108,0
DA:112,0
DA:113,0
DA:116,0
DA:118,0
DA:119,0
DA:127,0
DA:128,0
DA:129,0
DA:136,0
DA:137,0
DA:138,0
DA:141,0
DA:142,0
DA:143,0
DA:146,0
DA:147,0
DA:148,0
DA:152,0
DA:153,0
DA:154,0
DA:158,0
DA:160,0
DA:162,0
DA:163,0
DA:166,0
DA:169,0
DA:172,0
DA:173,0
DA:174,0
DA:176,0
DA:177,0
DA:178,0
DA:183,0
DA:186,0
DA:187,0
DA:190,0
DA:191,0
DA:198,0
DA:202,0
DA:205,0
DA:208,0
DA:210,0
DA:218,0
DA:219,0
DA:227,0
DA:234,0
DA:239,0
DA:242,0
DA:243,0
DA:246,0
DA:248,0
DA:249,0
DA:255,0
DA:256,0
DA:257,0
DA:258,0
DA:261,0
DA:262,0
DA:265,0
DA:266,0
DA:269,0
DA:270,0
DA:273,0
DA:275,0
DA:278,0
DA:279,0
DA:282,0
DA:283,0
DA:284,0
DA:285,0
DA:286,0
DA:288,0
DA:292,0
DA:293,0
DA:294,0
DA:296,0
DA:297,0
DA:298,0
DA:299,0
DA:301,0
DA:302,0
DA:306,0
DA:311,0
DA:312,0
DA:313,0
LF:105
LH:0
BRDA:45,0,0,0
BRDA:52,1,0,0
BRDA:52,1,1,0
BRDA:100,2,0,0
BRDA:100,2,1,0
BRDA:104,3,0,0
BRDA:104,3,1,0
BRDA:136,4,0,0
BRDA:136,4,1,0
BRDA:141,5,0,0
BRDA:141,5,1,0
BRDA:146,6,0,0
BRDA:146,6,1,0
BRDA:154,7,0,0
BRDA:154,7,1,0
BRDA:154,7,2,0
BRDA:169,8,0,0
BRDA:169,8,1,0
BRDA:172,9,0,0
BRDA:172,9,1,0
BRDA:174,10,0,0
BRDA:174,10,1,0
BRDA:177,11,0,0
BRDA:177,11,1,0
BRDA:198,12,0,0
BRDA:198,12,1,0
BRDA:198,12,2,0
BRDA:202,13,0,0
BRDA:202,13,1,0
BRDA:205,14,0,0
BRDA:205,14,1,0
BRDA:208,15,0,0
BRDA:208,15,1,0
BRDA:218,16,0,0
BRDA:218,16,1,0
BRDA:218,17,0,0
BRDA:218,17,1,0
BRDA:218,17,2,0
BRDA:228,18,0,0
BRDA:228,18,1,0
BRDA:242,19,0,0
BRDA:242,19,1,0
BRDA:285,20,0,0
BRDA:285,20,1,0
BRDA:296,21,0,0
BRDA:296,21,1,0
BRF:46
BRH:0
end_of_record
TN:
SF:scripts/test-deepseek-simple.js
FN:24,getApiKey
FN:36,generateQuestionsWithDeepSeek
FN:37,(anonymous_2)
FN:94,(anonymous_3)
FN:98,(anonymous_4)
FN:103,(anonymous_5)
FN:133,(anonymous_6)
FN:145,runTest
FN:172,(anonymous_8)
FNF:9
FNH:0
FNDA:0,getApiKey
FNDA:0,generateQuestionsWithDeepSeek
FNDA:0,(anonymous_2)
FNDA:0,(anonymous_3)
FNDA:0,(anonymous_4)
FNDA:0,(anonymous_5)
FNDA:0,(anonymous_6)
FNDA:0,runTest
FNDA:0,(anonymous_8)
DA:6,0
DA:7,0
DA:8,0
DA:11,0
DA:25,0
DA:26,0
DA:27,0
DA:28,0
DA:30,0
DA:31,0
DA:37,0
DA:38,0
DA:39,0
DA:40,0
DA:41,0
DA:45,0
DA:46,0
DA:48,0
DA:54,0
DA:67,0
DA:79,0
DA:91,0
DA:92,0
DA:94,0
DA:95,0
DA:98,0
DA:99,0
DA:103,0
DA:104,0
DA:105,0
DA:106,0
DA:108,0
DA:114,0
DA:116,0
DA:117,0
DA:120,0
DA:121,0
DA:122,0
DA:123,0
DA:125,0
DA:127,0
DA:133,0
DA:134,0
DA:135,0
DA:139,0
DA:140,0
DA:146,0
DA:147,0
DA:149,0
DA:150,0
DA:151,0
DA:156,0
DA:157,0
DA:158,0
DA:160,0
DA:161,0
DA:162,0
DA:164,0
DA:166,0
DA:167,0
DA:172,0
DA:173,0
DA:174,0
LF:63
LH:0
BRDA:36,0,0,0
BRDA:39,1,0,0
BRDA:39,1,1,0
BRDA:45,2,0,0
BRDA:45,2,1,0
BRDA:46,3,0,0
BRDA:46,3,1,0
BRDA:104,4,0,0
BRDA:104,4,1,0
BRDA:104,5,0,0
BRDA:104,5,1,0
BRDA:123,6,0,0
BRDA:123,6,1,0
BRF:13
BRH:0
end_of_record
TN:
SF:scripts/test-integration.js
FN:52,testIntegration
FN:95,(anonymous_1)
FN:117,(anonymous_2)
FN:119,(anonymous_3)
FN:153,(anonymous_4)
FNF:5
FNH:0
FNDA:0,testIntegration
FNDA:0,(anonymous_1)
FNDA:0,(anonymous_2)
FNDA:0,(anonymous_3)
FNDA:0,(anonymous_4)
DA:6,0
DA:7,0
DA:8,0
DA:11,0
DA:12,0
DA:15,0
DA:53,0
DA:54,0
DA:55,0
DA:56,0
DA:59,0
DA:61,0
DA:62,0
DA:63,0
DA:64,0
DA:65,0
DA:67,0
DA:70,0
DA:71,0
DA:73,0
DA:74,0
DA:79,0
DA:80,0
DA:83,0
DA:84,0
DA:87,0
DA:89,0
DA:91,0
DA:93,0
DA:94,0
DA:95,0
DA:96,0
DA:100,0
DA:101,0
DA:104,0
DA:107,0
DA:108,0
DA:110,0
DA:113,0
DA:115,0
DA:116,0
DA:117,0
DA:118,0
DA:119,0
DA:120,0
DA:124,0
DA:125,0
DA:127,0
DA:130,0
DA:133,0
DA:134,0
DA:135,0
DA:138,0
DA:139,0
DA:140,0
DA:141,0
DA:143,0
DA:144,0
DA:148,0
DA:153,0
DA:154,0
DA:155,0
LF:62
LH:0
BRDA:62,0,0,0
BRDA:62,0,1,0
BRDA:139,1,0,0
BRDA:139,1,1,0
BRF:4
BRH:0
end_of_record
TN:
SF:scripts/test-routes.js
FN:15,(anonymous_0)
FN:15,(anonymous_1)
FN:15,(anonymous_2)
FN:24,findRoutes
FN:27,(anonymous_4)
FN:52,(anonymous_5)
FN:77,checkRouteFile
FN:109,main
FN:123,(anonymous_8)
FN:130,(anonymous_9)
FNF:10
FNH:0
FNDA:0,(anonymous_0)
FNDA:0,(anonymous_1)
FNDA:0,(anonymous_2)
FNDA:0,findRoutes
FNDA:0,(anonymous_4)
FNDA:0,(anonymous_5)
FNDA:0,checkRouteFile
FNDA:0,main
FNDA:0,(anonymous_8)
FNDA:0,(anonymous_9)
DA:13,0
DA:14,0
DA:15,0
DA:18,0
DA:25,0
DA:27,0
DA:28,0
DA:30,0
DA:32,0
DA:33,0
DA:35,0
DA:36,0
DA:37,0
DA:42,0
DA:46,0
DA:49,0
DA:52,0
DA:53,0
DA:54,0
DA:59,0
DA:65,0
DA:67,0
DA:68,0
DA:78,0
DA:79,0
DA:80,0
DA:83,0
DA:85,0
DA:89,0
DA:91,0
DA:95,0
DA:97,0
DA:100,0
DA:102,0
DA:110,0
DA:112,0
DA:114,0
DA:115,0
DA:116,0
DA:119,0
DA:121,0
DA:123,0
DA:124,0
DA:126,0
DA:127,0
DA:128,0
DA:129,0
DA:130,0
DA:131,0
DA:134,0
DA:138,0
DA:140,0
DA:141,0
DA:142,0
DA:144,0
DA:147,0
DA:151,0
LF:57
LH:0
BRDA:15,0,0,0
BRDA:15,0,1,0
BRDA:35,1,0,0
BRDA:35,1,1,0
BRDA:37,2,0,0
BRDA:37,2,1,0
BRDA:38,3,0,0
BRDA:38,3,1,0
BRDA:38,3,2,0
BRDA:38,3,3,0
BRDA:38,3,4,0
BRDA:83,4,0,0
BRDA:83,4,1,0
BRDA:83,5,0,0
BRDA:83,5,1,0
BRDA:89,6,0,0
BRDA:89,6,1,0
BRDA:89,7,0,0
BRDA:89,7,1,0
BRDA:95,8,0,0
BRDA:95,8,1,0
BRDA:95,9,0,0
BRDA:95,9,1,0
BRDA:95,9,2,0
BRDA:114,10,0,0
BRDA:114,10,1,0
BRDA:126,11,0,0
BRDA:126,11,1,0
BRDA:140,12,0,0
BRDA:140,12,1,0
BRF:30
BRH:0
end_of_record
TN:
SF:scripts/test-sentry-cli.js
FN:65,(anonymous_0)
FNF:1
FNH:0
FNDA:0,(anonymous_0)
DA:12,0
DA:14,0
DA:17,0
DA:18,0
DA:20,0
DA:21,0
DA:23,0
DA:31,0
DA:39,0
DA:46,0
DA:47,0
DA:53,0
DA:54,0
DA:55,0
DA:57,0
DA:64,0
DA:65,0
DA:66,0
DA:67,0
LF:19
LH:0
BRDA:17,0,0,0
BRDA:17,0,1,0
BRDA:18,1,0,0
BRDA:18,1,1,0
BRF:4
BRH:0
end_of_record
TN:
SF:scripts/test-sentry.js
FN:15,(anonymous_0)
FN:33,(anonymous_1)
FN:35,(anonymous_2)
FN:36,(anonymous_3)
FN:52,(anonymous_4)
FN:60,(anonymous_5)
FN:79,(anonymous_6)
FN:87,(anonymous_7)
FN:95,(anonymous_8)
FN:116,(anonymous_9)
FNF:10
FNH:0
FNDA:0,(anonymous_0)
FNDA:0,(anonymous_1)
FNDA:0,(anonymous_2)
FNDA:0,(anonymous_3)
FNDA:0,(anonymous_4)
FNDA:0,(anonymous_5)
FNDA:0,(anonymous_6)
FNDA:0,(anonymous_7)
FNDA:0,(anonymous_8)
FNDA:0,(anonymous_9)
DA:15,0
DA:16,0
DA:18,0
DA:19,0
DA:21,0
DA:22,0
DA:26,0
DA:33,0
DA:35,0
DA:36,0
DA:37,0
DA:41,0
DA:46,0
DA:52,0
DA:54,0
DA:60,0
DA:61,0
DA:62,0
DA:64,0
DA:70,0
DA:79,0
DA:81,0
DA:87,0
DA:88,0
DA:95,0
DA:96,0
DA:107,0
DA:116,0
DA:117,0
DA:120,0
DA:123,0
DA:124,0
DA:125,0
DA:128,0
DA:131,0
DA:133,0
LF:36
LH:0
BRDA:60,0,0,0
BRDA:62,1,0,0
BRDA:62,1,1,0
BRF:3
BRH:0
end_of_record
TN:
SF:scripts/update-dependencies.js
FN:6,(anonymous_0)
FN:6,(anonymous_1)
FN:6,(anonymous_2)
FN:31,updatePackageJson
FN:68,main
FNF:5
FNH:0
FNDA:0,(anonymous_0)
FNDA:0,(anonymous_1)
FNDA:0,(anonymous_2)
FNDA:0,updatePackageJson
FNDA:0,main
DA:3,0
DA:4,0
DA:5,0
DA:6,0
DA:9,0
DA:28,0
DA:32,0
DA:34,0
DA:37,0
DA:38,0
DA:41,0
DA:42,0
DA:43,0
DA:44,0
DA:45,0
DA:46,0
DA:47,0
DA:48,0
DA:49,0
DA:50,0
DA:52,0
DA:57,0
DA:58,0
DA:60,0
DA:62,0
DA:63,0
DA:69,0
DA:71,0
DA:72,0
DA:73,0
DA:75,0
DA:80,0
LF:32
LH:0
BRDA:6,0,0,0
BRDA:6,0,1,0
BRDA:43,1,0,0
BRDA:43,1,1,0
BRDA:43,2,0,0
BRDA:43,2,1,0
BRDA:47,3,0,0
BRDA:47,3,1,0
BRDA:47,4,0,0
BRDA:47,4,1,0
BRDA:71,5,0,0
BRDA:71,5,1,0
BRF:12
BRH:0
end_of_record
TN:
SF:scripts/verify-deepseek-integration.js
FN:27,testDeepSeekIntegration
FN:77,(anonymous_1)
FN:84,(anonymous_2)
FNF:3
FNH:0
FNDA:0,testDeepSeekIntegration
FNDA:0,(anonymous_1)
FNDA:0,(anonymous_2)
DA:6,0
DA:7,0
DA:10,0
DA:28,0
DA:29,0
DA:31,0
DA:33,0
DA:34,0
DA:35,0
DA:36,0
DA:37,0
DA:40,0
DA:43,0
DA:44,0
DA:46,0
DA:50,0
DA:51,0
DA:52,0
DA:55,0
DA:56,0
DA:57,0
DA:60,0
DA:61,0
DA:62,0
DA:63,0
DA:65,0
DA:66,0
DA:68,0
DA:69,0
DA:70,0
DA:75,0
DA:76,0
DA:78,0
DA:79,0
DA:81,0
DA:85,0
DA:86,0
DA:90,0
LF:38
LH:0
BRDA:34,0,0,0
BRDA:34,0,1,0
BRDA:50,1,0,0
BRDA:50,1,1,0
BRDA:50,2,0,0
BRDA:50,2,1,0
BRDA:75,3,0,0
BRDA:75,3,1,0
BRDA:78,4,0,0
BRDA:78,4,1,0
BRF:10
BRH:0
end_of_record
TN:
SF:scripts/verify-migration.js
FN:16,(anonymous_0)
FN:28,(anonymous_1)
FN:40,(anonymous_2)
FN:52,(anonymous_3)
FN:65,(anonymous_4)
FN:90,(anonymous_5)
FNF:6
FNH:0
FNDA:0,(anonymous_0)
FNDA:0,(anonymous_1)
FNDA:0,(anonymous_2)
FNDA:0,(anonymous_3)
FNDA:0,(anonymous_4)
FNDA:0,(anonymous_5)
DA:16,0
DA:17,0
DA:18,0
DA:19,0
DA:20,0
DA:22,0
DA:23,0
DA:28,0
DA:29,0
DA:31,0
DA:32,0
DA:34,0
DA:35,0
DA:40,0
DA:41,0
DA:42,0
DA:43,0
DA:44,0
DA:46,0
DA:47,0
DA:52,0
DA:53,0
DA:55,0
DA:56,0
DA:57,0
DA:59,0
DA:60,0
DA:65,0
DA:66,0
DA:67,0
DA:69,0
DA:70,0
DA:73,0
DA:74,0
DA:75,0
DA:76,0
DA:78,0
DA:79,0
DA:81,0
DA:82,0
DA:84,0
DA:86,0
DA:90,0
DA:91,0
LF:44
LH:0
BRDA:18,0,0,0
BRDA:18,0,1,0
BRDA:73,1,0,0
BRDA:73,1,1,0
BRDA:74,2,0,0
BRDA:74,2,1,0
BRDA:75,3,0,0
BRDA:75,3,1,0
BRDA:76,4,0,0
BRDA:76,4,1,0
BRDA:81,5,0,0
BRDA:81,5,1,0
BRF:12
BRH:0
end_of_record
TN:
SF:scripts/verify-sdk51.js
FN:60,(anonymous_0)
FNF:1
FNH:0
FNDA:0,(anonymous_0)
DA:8,0
DA:9,0
DA:10,0
DA:13,0
DA:23,0
DA:24,0
DA:26,0
DA:27,0
DA:30,0
DA:31,0
DA:32,0
DA:36,0
DA:37,0
DA:38,0
DA:42,0
DA:43,0
DA:46,0
DA:47,0
DA:49,0
DA:50,0
DA:51,0
DA:53,0
DA:56,0
DA:59,0
DA:60,0
DA:61,0
DA:63,0
DA:64,0
DA:65,0
DA:66,0
DA:69,0
DA:70,0
DA:72,0
DA:77,0
DA:78,0
DA:79,0
DA:81,0
DA:82,0
DA:84,0
DA:87,0
DA:88,0
DA:90,0
DA:93,0
DA:97,0
DA:98,0
DA:99,0
DA:101,0
DA:105,0
DA:106,0
LF:49
LH:0
BRDA:30,0,0,0
BRDA:30,0,1,0
BRDA:36,1,0,0
BRDA:36,1,1,0
BRDA:50,2,0,0
BRDA:50,2,1,0
BRDA:63,3,0,0
BRDA:63,3,1,0
BRDA:66,4,0,0
BRDA:66,4,1,0
BRDA:66,5,0,0
BRDA:66,5,1,0
BRDA:66,5,2,0
BRDA:81,6,0,0
BRDA:81,6,1,0
BRDA:81,7,0,0
BRDA:81,7,1,0
BRDA:87,8,0,0
BRDA:87,8,1,0
BRDA:98,9,0,0
BRDA:98,9,1,0
BRDA:98,10,0,0
BRDA:98,10,1,0
BRF:23
BRH:0
end_of_record
TN:
SF:scripts/verify-sdk52.js
FN:60,(anonymous_0)
FNF:1
FNH:0
FNDA:0,(anonymous_0)
DA:8,0
DA:9,0
DA:10,0
DA:13,0
DA:23,0
DA:24,0
DA:26,0
DA:27,0
DA:30,0
DA:31,0
DA:32,0
DA:36,0
DA:37,0
DA:38,0
DA:42,0
DA:43,0
DA:46,0
DA:47,0
DA:49,0
DA:50,0
DA:51,0
DA:53,0
DA:56,0
DA:59,0
DA:60,0
DA:61,0
DA:63,0
DA:64,0
DA:65,0
DA:66,0
DA:68,0
DA:69,0
DA:71,0
DA:76,0
DA:77,0
DA:78,0
DA:80,0
DA:81,0
DA:83,0
DA:86,0
DA:87,0
DA:88,0
DA:89,0
DA:91,0
DA:94,0
DA:98,0
DA:99,0
DA:100,0
DA:102,0
DA:105,0
DA:109,0
DA:110,0
DA:111,0
DA:113,0
DA:117,0
DA:118,0
LF:56
LH:0
BRDA:30,0,0,0
BRDA:30,0,1,0
BRDA:36,1,0,0
BRDA:36,1,1,0
BRDA:50,2,0,0
BRDA:50,2,1,0
BRDA:63,3,0,0
BRDA:63,3,1,0
BRDA:66,4,0,0
BRDA:66,4,1,0
BRDA:66,5,0,0
BRDA:66,5,1,0
BRDA:80,6,0,0
BRDA:80,6,1,0
BRDA:80,7,0,0
BRDA:80,7,1,0
BRDA:86,8,0,0
BRDA:86,8,1,0
BRDA:88,9,0,0
BRDA:88,9,1,0
BRDA:99,10,0,0
BRDA:99,10,1,0
BRDA:110,11,0,0
BRDA:110,11,1,0
BRDA:110,12,0,0
BRDA:110,12,1,0
BRF:26
BRH:0
end_of_record
TN:
SF:scripts/verify-sentry-build.js
FN:17,(anonymous_0)
FN:115,(anonymous_1)
FNF:2
FNH:0
FNDA:0,(anonymous_0)
FNDA:0,(anonymous_1)
DA:17,0
DA:18,0
DA:19,0
DA:22,0
DA:60,0
DA:74,0
DA:88,0
DA:90,0
DA:91,0
DA:93,0
DA:96,0
DA:97,0
DA:105,0
DA:107,0
DA:110,0
DA:115,0
DA:116,0
DA:118,0
DA:119,0
DA:122,0
DA:130,0
DA:133,0
LF:22
LH:0
BRDA:53,0,0,0
BRDA:53,0,1,0
BRDA:80,1,0,0
BRDA:80,1,1,0
BRF:4
BRH:0
end_of_record
TN:
SF:scripts/verify-sentry-node.js
FN:44,verifyConnection
FN:106,(anonymous_1)
FN:108,(anonymous_2)
FNF:3
FNH:0
FNDA:0,verifyConnection
FNDA:0,(anonymous_1)
FNDA:0,(anonymous_2)
DA:8,0
DA:9,0
DA:12,0
DA:13,0
DA:15,0
DA:16,0
DA:19,0
DA:27,0
DA:28,0
DA:45,0
DA:46,0
DA:49,0
DA:59,0
DA:73,0
DA:75,0
[...]
DA:139,0
DA:141,0
DA:152,0
DA:153,0
DA:155,0
DA:156,0
DA:167,0
DA:168,0
DA:170,0
DA:180,0
DA:181,0
DA:183,0
DA:192,0
DA:193,0
DA:195,0
DA:212,0
DA:213,0
DA:214,0
DA:216,0
DA:217,0
DA:228,0
DA:229,0
DA:239,0
DA:240,0
DA:242,0
DA:243,0
DA:254,0
DA:255,0
DA:256,0
DA:258,0
DA:259,0
LF:64
LH:0
BRF:0
BRH:0
end_of_record
TN:
SF:src/services/SafeNavigationService.js
FN:18,(anonymous_0)
FN:46,(anonymous_1)
FN:72,(anonymous_2)
FN:96,(anonymous_3)
FN:111,(anonymous_4)
FN:122,(anonymous_5)
FN:142,(anonymous_6)
FNF:7
FNH:0
FNDA:0,(anonymous_0)
FNDA:0,(anonymous_1)
FNDA:0,(anonymous_2)
FNDA:0,(anonymous_3)
FNDA:0,(anonymous_4)
FNDA:0,(anonymous_5)
FNDA:0,(anonymous_6)
DA:5,0
DA:19,0
DA:20,0
DA:21,0
DA:22,0
DA:26,0
DA:28,0
DA:29,0
DA:33,0
DA:35,0
DA:36,0
DA:47,0
DA:48,0
DA:49,0
DA:50,0
DA:54,0
DA:56,0
DA:57,0
DA:61,0
DA:63,0
DA:64,0
DA:73,0
DA:74,0
DA:75,0
DA:76,0
DA:78,0
DA:81,0
DA:82,0
DA:83,0
DA:85,0
DA:86,0
DA:97,0
DA:98,0
DA:99,0
DA:100,0
DA:102,0
DA:103,0
DA:112,0
DA:113,0
DA:114,0
DA:123,0
DA:124,0
DA:125,0
DA:126,0
DA:127,0
DA:129,0
DA:130,0
DA:133,0
DA:134,0
DA:143,0
DA:144,0
DA:145,0
DA:146,0
DA:147,0
DA:149,0
DA:150,0
DA:153,0
DA:154,0
DA:160,0
LF:59
LH:0
BRDA:18,0,0,0
BRDA:20,1,0,0
BRDA:20,1,1,0
BRDA:26,2,0,0
BRDA:26,2,1,0
BRDA:46,3,0,0
BRDA:48,4,0,0
BRDA:48,4,1,0
BRDA:54,5,0,0
BRDA:54,5,1,0
BRDA:96,6,0,0
BRDA:112,7,0,0
BRDA:112,7,1,0
BRDA:124,8,0,0
BRDA:124,8,1,0
BRDA:144,9,0,0
BRDA:144,9,1,0
BRF:17
BRH:0
end_of_record
TN:
SF:src/services/apiClient.js
FN:6,(anonymous_0)
FN:12,(anonymous_1)
FN:18,(anonymous_2)
FN:28,shouldRetry
FNF:4
FNH:0
FNDA:0,(anonymous_0)
FNDA:0,(anonymous_1)
FNDA:0,(anonymous_2)
FNDA:0,shouldRetry
DA:3,0
DA:4,0
DA:6,0
DA:7,0
DA:12,0
DA:13,0
DA:14,0
DA:16,0
DA:17,0
DA:18,0
DA:19,0
DA:22,0
DA:25,0
DA:29,0
LF:14
LH:0
BRDA:14,0,0,0
BRDA:14,0,1,0
BRDA:16,1,0,0
BRDA:16,1,1,0
BRDA:16,2,0,0
BRDA:16,2,1,0
BRDA:30,3,0,0
BRDA:30,3,1,0
BRDA:30,3,2,0
BRF:9
BRH:0
end_of_record
TN:
SF:src/services/authService.js
FN:24,(anonymous_0)
FN:54,(anonymous_1)
FN:86,(anonymous_2)
FN:105,(anonymous_3)
FN:114,(anonymous_4)
FN:134,(anonymous_5)
FN:159,(anonymous_6)
FN:170,(anonymous_7)
FN:183,(anonymous_8)
FN:232,(anonymous_9)
FN:289,(anonymous_10)
FNF:11
FNH:0
FNDA:0,(anonymous_0)
FNDA:0,(anonymous_1)
FNDA:0,(anonymous_2)
FNDA:0,(anonymous_3)
FNDA:0,(anonymous_4)
FNDA:0,(anonymous_5)
FNDA:0,(anonymous_6)
FNDA:0,(anonymous_7)
FNDA:0,(anonymous_8)
FNDA:0,(anonymous_9)
FNDA:0,(anonymous_10)
DA:11,0
DA:25,0
DA:26,0
DA:31,0
DA:34,0
DA:35,0
DA:36,0
DA:39,0
DA:44,0
DA:45,0
DA:55,0
DA:56,0
DA:64,0
DA:67,0
DA:68,0
DA:69,0
DA:72,0
DA:77,0
DA:78,0
DA:87,0
DA:89,0
DA:90,0
DA:92,0
DA:97,0
DA:98,0
DA:106,0
DA:107,0
DA:115,0
DA:116,0
DA:118,0
DA:119,0
DA:122,0
DA:124,0
DA:125,0
DA:135,0
DA:136,0
DA:140,0
DA:143,0
DA:145,0
DA:149,0
DA:150,0
DA:160,0
DA:161,0
DA:162,0
DA:171,0
DA:175,0
DA:176,0
DA:184,0
DA:185,0
DA:193,0
DA:195,0
DA:197,0
DA:202,0
DA:204,0
DA:206,0
DA:208,0
DA:210,0
DA:211,0
DA:213,0
DA:221,0
DA:223,0
DA:224,0
DA:233,0
DA:235,0
DA:236,0
DA:240,0
DA:241,0
DA:242,0
DA:246,0
DA:254,0
DA:259,0
DA:262,0
DA:263,0
DA:264,0
DA:267,0
DA:272,0
DA:278,0
DA:280,0
DA:281,0
DA:290,0
DA:292,0
DA:293,0
DA:294,0
DA:297,0
DA:308,0
DA:311,0
DA:312,0
DA:313,0
DA:316,0
DA:319,0
DA:324,0
DA:325,0
DA:331,0
LF:93
LH:0
BRDA:31,0,0,0
BRDA:31,0,1,0
BRDA:34,1,0,0
BRDA:34,1,1,0
BRDA:64,2,0,0
BRDA:64,2,1,0
BRDA:67,3,0,0
BRDA:67,3,1,0
BRDA:90,4,0,0
BRDA:90,4,1,0
BRDA:118,5,0,0
BRDA:118,5,1,0
BRDA:140,6,0,0
BRDA:140,6,1,0
BRDA:161,7,0,0
BRDA:161,7,1,0
BRDA:175,8,0,0
BRDA:175,8,1,0
BRDA:193,9,0,0
BRDA:193,9,1,0
BRDA:195,10,0,0
BRDA:195,10,1,0
BRDA:202,11,0,0
BRDA:202,11,1,0
BRDA:206,12,0,0
BRDA:206,12,1,0
BRDA:208,13,0,0
BRDA:208,13,1,0
BRDA:235,14,0,0
BRDA:235,14,1,0
BRDA:241,15,0,0
BRDA:241,15,1,0
BRDA:259,16,0,0
BRDA:259,16,1,0
BRDA:262,17,0,0
BRDA:262,17,1,0
BRDA:308,18,0,0
BRDA:308,18,1,0
BRDA:311,19,0,0
BRDA:311,19,1,0
BRF:40
BRH:0
end_of_record
TN:
SF:src/services/documentService.js
FN:14,(anonymous_0)
FN:88,(anonymous_1)
FN:147,(anonymous_2)
FN:167,(anonymous_3)
FN:236,(anonymous_4)
FN:258,(anonymous_5)
FN:284,(anonymous_6)
FN:304,(anonymous_7)
FN:329,(anonymous_8)
FNF:9
FNH:0
FNDA:0,(anonymous_0)
FNDA:0,(anonymous_1)
FNDA:0,(anonymous_2)
FNDA:0,(anonymous_3)
FNDA:0,(anonymous_4)
FNDA:0,(anonymous_5)
FNDA:0,(anonymous_6)
FNDA:0,(anonymous_7)
FNDA:0,(anonymous_8)
DA:15,0
DA:17,0
DA:24,0
DA:25,0
DA:28,0
DA:29,0
DA:32,0
DA:39,0
DA:42,0
DA:53,0
DA:58,0
DA:61,0
DA:74,0
DA:76,0
DA:78,0
DA:79,0
DA:89,0
DA:91,0
DA:92,0
DA:98,0
DA:101,0
DA:102,0
DA:103,0
DA:106,0
DA:110,0
DA:122,0
DA:124,0
DA:126,0
DA:129,0
DA:130,0
DA:131,0
DA:133,0
DA:136,0
DA:137,0
DA:148,0
DA:150,0
DA:152,0
DA:153,0
DA:156,0
DA:163,0
DA:166,0
DA:169,0
DA:170,0
DA:171,0
DA:174,0
DA:177,0
DA:191,0
DA:192,0
DA:195,0
DA:202,0
DA:205,0
DA:206,0
DA:207,0
DA:208,0
DA:211,0
DA:214,0
DA:215,0
DA:216,0
DA:218,0
DA:225,0
DA:226,0
DA:237,0
DA:240,0
DA:248,0
DA:249,0
DA:259,0
DA:261,0
DA:265,0
DA:274,0
DA:275,0
DA:285,0
DA:287,0
DA:290,0
DA:291,0
DA:294,0
DA:295,0
DA:296,0
DA:300,0
DA:301,0
DA:304,0
DA:305,0
DA:306,0
DA:312,0
DA:318,0
DA:320,0
DA:330,0
DA:331,0
DA:332,0
DA:334,0
DA:335,0
DA:341,0
LF:91
LH:0
BRDA:14,0,0,0
BRDA:39,1,0,0
BRDA:39,1,1,0
BRDA:46,2,0,0
BRDA:46,2,1,0
BRDA:58,3,0,0
BRDA:58,3,1,0
BRDA:98,4,0,0
BRDA:98,4,1,0
BRDA:102,5,0,0
BRDA:102,5,1,0
BRDA:130,6,0,0
BRDA:130,6,1,0
BRDA:147,7,0,0
BRDA:147,8,0,0
BRDA:152,9,0,0
BRDA:152,9,1,0
BRDA:163,10,0,0
BRDA:163,10,1,0
BRDA:170,11,0,0
BRDA:170,11,1,0
BRDA:197,12,0,0
BRDA:197,12,1,0
BRDA:207,13,0,0
BRDA:207,13,1,0
BRDA:291,14,0,0
BRDA:291,14,1,0
BRDA:294,15,0,0
BRDA:294,15,1,0
BRDA:301,16,0,0
BRDA:301,16,1,0
BRDA:305,17,0,0
BRDA:305,17,1,0
BRDA:332,18,0,0
BRDA:332,18,1,0
BRF:35
BRH:0
end_of_record
TN:
SF:src/services/fallbackData.js
FN:4,(anonymous_0)
FNF:1
FNH:0
FNDA:0,(anonymous_0)
DA:4,0
DA:6,0
DA:7,0
DA:10,0
DA:44,0
DA:66,0
DA:78,0
LF:7
LH:0
BRF:0
BRH:0
end_of_record
TN:
SF:src/services/index.js
FNF:0
FNH:0
LF:0
LH:0
BRF:0
BRH:0
end_of_record
TN:
SF:src/services/quizService.js
FN:15,(anonymous_0)
FN:84,(anonymous_1)
FN:135,(anonymous_2)
FN:136,(anonymous_3)
FN:177,(anonymous_4)
FN:194,(anonymous_5)
FN:433,(anonymous_6)
FN:498,(anonymous_7)
FN:585,(anonymous_8)
FN:599,(anonymous_9)
FN:717,(anonymous_10)
FN:755,(anonymous_11)
FN:828,(anonymous_12)
FN:861,(anonymous_13)
FN:881,(anonymous_14)
FN:961,(anonymous_15)
FN:1014,(anonymous_16)
FN:1052,(anonymous_17)
FN:1062,(anonymous_18)
FN:1087,(anonymous_19)
FN:1103,(anonymous_20)
FN:1112,(anonymous_21)
FNF:22
FNH:9
FNDA:7,(anonymous_0)
FNDA:5,(anonymous_1)
FNDA:7,(anonymous_2)
FNDA:0,(anonymous_3)
FNDA:0,(anonymous_4)
FNDA:4,(anonymous_5)
FNDA:0,(anonymous_6)
FNDA:0,(anonymous_7)
FNDA:1,(anonymous_8)
FNDA:0,(anonymous_9)
FNDA:0,(anonymous_10)
FNDA:0,(anonymous_11)
FNDA:0,(anonymous_12)
FNDA:0,(anonymous_13)
FNDA:0,(anonymous_14)
FNDA:3,(anonymous_15)
FNDA:3,(anonymous_16)
FNDA:1,(anonymous_17)
FNDA:0,(anonymous_18)
FNDA:1,(anonymous_19)
FNDA:0,(anonymous_20)
FNDA:0,(anonymous_21)
DA:8,1
DA:15,1
DA:16,7
DA:18,6
DA:21,6
DA:22,2
DA:23,2
DA:27,4
DA:30,4
DA:31,4
DA:32,1
DA:36,4
DA:37,4
DA:38,4
DA:39,4
DA:40,1
DA:41,1
DA:43,0
DA:45,0
DA:48,0
DA:49,0
DA:51,0
DA:54,0
DA:57,0
DA:58,0
DA:59,0
DA:66,4
DA:67,0
DA:71,4
DA:85,5
DA:86,5
DA:89,5
DA:90,2
DA:91,2
DA:95,3
DA:103,3
DA:110,3
DA:113,3
DA:114,3
DA:117,3
DA:118,3
DA:121,3
DA:122,3
DA:124,3
DA:125,3
DA:126,3
DA:128,3
DA:129,7
DA:132,7
DA:133,7
DA:134,7
DA:135,7
DA:136,7
DA:139,7
DA:140,7
DA:141,0
DA:144,7
DA:145,7
DA:147,0
DA:148,0
DA:152,7
DA:156,7
DA:159,7
DA:167,2
DA:168,0
DA:169,0
DA:172,0
DA:173,0
DA:177,0
DA:180,2
DA:181,2
DA:182,2
DA:185,5
DA:186,5
DA:188,5
DA:189,1
DA:190,1
DA:194,4
DA:199,2
DA:200,2
DA:204,2
DA:205,2
DA:206,2
DA:208,2
DA:209,0
DA:210,0
DA:213,0
DA:214,0
DA:218,2
DA:229,2
DA:234,2
DA:235,0
DA:236,0
DA:239,2
DA:240,0
DA:244,2
DA:245,2
DA:247,0
DA:248,0
DA:253,2
DA:256,2
DA:257,2
DA:258,2
DA:262,2
DA:263,2
DA:264,2
DA:266,2
DA:267,0
DA:268,0
DA:271,0
DA:272,0
DA:275,2
DA:276,2
DA:277,2
DA:286,2
DA:287,2
DA:292,2
DA:293,0
DA:294,0
DA:297,2
DA:298,0
DA:301,2
DA:304,2
DA:307,2
DA:309,2
DA:312,0
DA:317,0
DA:320,0
DA:321,0
DA:324,0
DA:325,0
DA:327,0
DA:338,0
DA:339,0
DA:340,0
DA:343,0
DA:346,0
DA:347,0
DA:356,0
DA:357,0
DA:362,0
DA:370,0
DA:371,0
DA:374,0
DA:381,0
DA:391,2
DA:394,2
DA:406,2
DA:407,2
DA:408,2
DA:409,2
DA:412,0
DA:416,2
DA:417,2
DA:419,0
DA:420,0
DA:423,3
DA:424,3
DA:434,0
DA:435,0
DA:436,0
DA:440,0
DA:441,0
DA:444,0
DA:446,0
DA:448,0
DA:449,0
DA:450,0
DA:451,0
DA:452,0
DA:455,0
DA:460,0
DA:461,0
DA:463,0
DA:469,0
DA:470,0
DA:472,0
DA:473,0
DA:474,0
DA:476,0
DA:480,0
DA:490,0
DA:491,0
DA:496,0
DA:497,0
DA:498,0
DA:499,0
DA:500,0
DA:516,0
DA:520,0
DA:521,0
DA:522,0
DA:523,0
DA:524,0
DA:530,0
DA:531,0
DA:532,0
DA:535,0
DA:536,0
DA:538,0
DA:543,0
DA:548,0
DA:559,0
DA:561,0
DA:564,0
DA:565,0
DA:566,0
DA:568,0
DA:569,0
DA:571,0
DA:574,0
DA:575,0
DA:586,1
DA:587,1
DA:590,1
DA:591,0
DA:595,0
DA:597,0
DA:599,0
DA:600,0
DA:601,0
DA:602,0
DA:604,0
DA:605,0
DA:608,0
DA:613,1
DA:614,1
DA:617,1
DA:620,1
DA:621,0
DA:624,0
DA:625,0
DA:626,0
DA:627,0
DA:629,0
DA:630,0
DA:632,0
DA:634,0
DA:640,0
DA:642,0
DA:643,0
DA:644,0
DA:645,0
DA:647,0
DA:649,0
DA:650,0
DA:657,1
DA:659,1
DA:665,0
DA:666,0
DA:668,0
DA:669,0
DA:674,0
DA:675,0
DA:678,0
DA:680,0
DA:689,0
DA:690,0
DA:692,0
DA:693,0
DA:695,0
DA:696,0
DA:700,0
DA:702,0
DA:703,0
DA:708,0
DA:709,0
DA:712,0
DA:713,0
DA:714,0
DA:715,0
DA:716,0
DA:717,0
DA:718,0
DA:719,0
DA:720,0
DA:725,0
DA:728,0
DA:729,0
DA:731,0
DA:740,0
DA:741,0
DA:743,0
DA:744,0
DA:749,0
DA:750,0
DA:751,0
DA:755,0
DA:760,0
DA:762,0
DA:767,0
DA:769,0
DA:770,0
DA:774,0
DA:778,0
DA:791,0
DA:792,0
DA:793,0
DA:794,0
DA:798,0
DA:800,1
DA:803,1
DA:804,1
DA:806,1
DA:807,1
DA:808,0
DA:810,1
DA:811,1
DA:813,1
DA:827,0
DA:828,0
DA:829,0
DA:830,0
DA:834,0
DA:835,0
DA:845,0
DA:847,0
DA:849,0
DA:850,0
DA:862,0
DA:864,0
DA:867,0
DA:868,0
DA:871,0
DA:878,0
DA:881,0
DA:883,0
DA:884,0
DA:885,0
DA:886,0
DA:892,0
DA:893,0
DA:894,0
DA:897,0
DA:898,0
DA:900,0
DA:905,0
DA:910,0
DA:920,0
DA:927,0
DA:930,0
DA:931,0
DA:932,0
DA:933,0
DA:936,0
DA:939,0
DA:940,0
DA:941,0
DA:943,0
DA:950,0
DA:951,0
DA:962,3
DA:963,3
DA:964,0
DA:965,0
DA:968,3
DA:971,3
DA:979,3
DA:981,3
DA:984,3
DA:985,3
DA:986,3
DA:989,3
DA:990,3
DA:991,3
DA:993,3
DA:995,0
DA:999,3
DA:1001,0
DA:1004,0
DA:1015,3
DA:1016,0
DA:1017,0
DA:1020,3
DA:1021,3
DA:1022,3
DA:1024,3
DA:1025,2
DA:1026,2
DA:1029,1
DA:1030,1
DA:1031,1
DA:1034,1
DA:1035,1
DA:1037,0
DA:1038,0
DA:1041,0
DA:1042,0
DA:1053,1
DA:1055,1
DA:1058,1
DA:1059,1
DA:1062,1
DA:1063,1
DA:1064,0
DA:1070,1
DA:1076,1
DA:1078,0
DA:1088,1
DA:1089,1
DA:1090,1
DA:1092,0
DA:1093,0
DA:1103,1
DA:1104,0
DA:1112,1
DA:1113,0
DA:1117,1
LF:408
LH:158
BRDA:16,0,0,1
BRDA:16,0,1,6
BRDA:21,1,0,2
BRDA:21,1,1,4
BRDA:21,2,0,6
BRDA:21,2,1,5
BRDA:31,3,0,1
BRDA:31,3,1,3
BRDA:37,4,0,4
BRDA:37,4,1,0
BRDA:37,5,0,4
BRDA:37,5,1,4
BRDA:39,6,0,1
BRDA:39,6,1,3
BRDA:43,7,0,0
BRDA:43,7,1,0
BRDA:48,8,0,0
BRDA:48,8,1,0
BRDA:57,9,0,0
BRDA:57,9,1,0
BRDA:66,10,0,0
BRDA:66,10,1,4
BRDA:66,11,0,4
BRDA:66,11,1,4
BRDA:84,12,0,4
BRDA:86,13,0,4
BRDA:86,13,1,1
BRDA:89,14,0,2
BRDA:89,14,1,3
BRDA:89,15,0,5
BRDA:89,15,1,4
BRDA:97,16,0,3
BRDA:97,16,1,0
BRDA:98,17,0,3
BRDA:98,17,1,0
BRDA:99,18,0,3
BRDA:99,18,1,3
BRDA:113,19,0,3
BRDA:113,19,1,0
BRDA:118,20,0,3
BRDA:118,20,1,0
BRDA:128,21,0,9
BRDA:128,21,1,7
BRDA:140,22,0,0
BRDA:140,22,1,7
BRDA:152,23,0,4
BRDA:152,23,1,3
BRDA:167,24,0,0
BRDA:167,24,1,2
BRDA:172,25,0,0
BRDA:172,25,1,0
BRDA:172,26,0,0
BRDA:172,26,1,0
BRDA:188,27,0,1
BRDA:188,27,1,4
BRDA:208,28,0,0
BRDA:208,28,1,2
BRDA:234,29,0,0
BRDA:234,29,1,2
BRDA:239,30,0,0
BRDA:239,30,1,2
BRDA:239,31,0,2
BRDA:239,31,1,2
BRDA:256,32,0,2
BRDA:256,32,1,0
BRDA:257,33,0,2
BRDA:257,33,1,0
BRDA:258,34,0,0
BRDA:258,34,1,2
BRDA:266,35,0,0
BRDA:266,35,1,2
BRDA:292,36,0,0
BRDA:292,36,1,2
BRDA:297,37,0,0
BRDA:297,37,1,2
BRDA:297,38,0,2
BRDA:297,38,1,2
BRDA:320,39,0,0
BRDA:320,39,1,0
BRDA:320,40,0,0
BRDA:320,40,1,0
BRDA:338,41,0,0
BRDA:338,41,1,0
BRDA:356,42,0,0
BRDA:356,42,1,0
BRDA:370,43,0,0
BRDA:370,43,1,0
BRDA:408,44,0,2
BRDA:408,44,1,0
BRDA:408,45,0,2
BRDA:408,45,1,2
BRDA:434,46,0,0
BRDA:434,46,1,0
BRDA:451,47,0,0
BRDA:451,47,1,0
BRDA:469,48,0,0
BRDA:469,48,1,0
BRDA:472,49,0,0
BRDA:472,49,1,0
BRDA:490,50,0,0
BRDA:490,50,1,0
BRDA:497,51,0,0
BRDA:497,51,1,0
BRDA:497,52,0,0
BRDA:497,52,1,0
BRDA:499,53,0,0
BRDA:499,53,1,0
BRDA:504,54,0,0
BRDA:504,54,1,0
BRDA:521,55,0,0
BRDA:521,55,1,0
BRDA:530,56,0,0
BRDA:530,56,1,0
BRDA:536,57,0,0
BRDA:536,57,1,0
BRDA:556,58,0,0
BRDA:556,58,1,0
BRDA:565,59,0,0
BRDA:565,59,1,0
BRDA:565,60,0,0
BRDA:565,60,1,0
BRDA:568,61,0,0
BRDA:568,61,1,0
BRDA:590,62,0,0
BRDA:590,62,1,1
BRDA:590,63,0,1
BRDA:590,63,1,1
BRDA:595,64,0,0
BRDA:595,64,1,0
BRDA:601,65,0,0
BRDA:601,65,1,0
BRDA:620,66,0,0
BRDA:620,66,1,1
BRDA:620,67,0,1
BRDA:620,67,1,1
BRDA:624,68,0,0
BRDA:624,68,1,0
BRDA:626,69,0,0
BRDA:626,69,1,0
BRDA:629,70,0,0
BRDA:629,70,1,0
BRDA:642,71,0,0
BRDA:642,71,1,0
BRDA:642,72,0,0
BRDA:642,72,1,0
BRDA:649,73,0,0
BRDA:649,73,1,0
BRDA:665,74,0,0
BRDA:665,74,1,0
BRDA:668,75,0,0
BRDA:668,75,1,0
BRDA:689,76,0,0
BRDA:689,76,1,0
BRDA:692,77,0,0
BRDA:692,77,1,0
BRDA:695,78,0,0
BRDA:695,78,1,0
BRDA:702,79,0,0
BRDA:702,79,1,0
BRDA:709,80,0,0
BRDA:709,80,1,0
BRDA:712,81,0,0
BRDA:712,81,1,0
BRDA:714,82,0,0
BRDA:714,82,1,0
BRDA:716,83,0,0
BRDA:716,83,1,0
BRDA:716,84,0,0
BRDA:716,84,1,0
BRDA:719,85,0,0
BRDA:719,85,1,0
BRDA:719,86,0,0
BRDA:719,86,1,0
BRDA:725,87,0,0
BRDA:725,87,1,0
BRDA:728,88,0,0
BRDA:728,88,1,0
BRDA:740,89,0,0
BRDA:740,89,1,0
BRDA:743,90,0,0
BRDA:743,90,1,0
BRDA:760,91,0,0
BRDA:760,91,1,0
BRDA:769,92,0,0
BRDA:769,92,1,0
BRDA:791,93,0,0
BRDA:791,93,1,0
BRDA:793,94,0,0
BRDA:793,94,1,0
BRDA:807,95,0,0
BRDA:807,95,1,1
BRDA:807,96,0,1
BRDA:807,96,1,1
BRDA:810,97,0,1
BRDA:810,97,1,0
BRDA:820,98,0,1
BRDA:820,98,1,0
BRDA:829,99,0,0
BRDA:829,99,1,0
BRDA:861,100,0,0
BRDA:861,101,0,0
BRDA:878,102,0,0
BRDA:878,102,1,0
BRDA:884,103,0,0
BRDA:884,103,1,0
BRDA:892,104,0,0
BRDA:892,104,1,0
BRDA:898,105,0,0
BRDA:898,105,1,0
BRDA:912,106,0,0
BRDA:912,106,1,0
BRDA:922,107,0,0
BRDA:922,107,1,0
BRDA:932,108,0,0
BRDA:932,108,1,0
BRDA:963,109,0,0
BRDA:963,109,1,3
BRDA:963,110,0,3
BRDA:963,110,1,3
BRDA:974,111,0,3
BRDA:974,111,1,0
BRDA:975,112,0,3
BRDA:975,112,1,0
BRDA:976,113,0,3
BRDA:976,113,1,2
BRDA:986,114,0,0
BRDA:986,114,1,3
BRDA:989,115,0,3
BRDA:989,115,1,0
BRDA:1015,116,0,0
BRDA:1015,116,1,3
BRDA:1024,117,0,2
BRDA:1024,117,1,1
BRDA:1034,118,0,0
BRDA:1034,118,1,1
BRDA:1059,119,0,0
BRDA:1059,119,1,1
BRDA:1063,120,0,0
BRDA:1063,120,1,1
BRDA:1090,121,0,1
BRDA:1090,121,1,0
BRF:241
BRH:80
end_of_record
TN:
SF:src/services/supabaseClient.js
FN:9,(anonymous_0)
FN:35,(anonymous_1)
FN:43,(anonymous_2)
FN:51,(anonymous_3)
FN:64,(anonymous_4)
FN:87,(anonymous_5)
FN:92,(anonymous_6)
FN:95,(anonymous_7)
FN:107,(anonymous_8)
FN:107,(anonymous_9)
FN:119,(anonymous_10)
FN:124,(anonymous_11)
FNF:12
FNH:0
FNDA:0,(anonymous_0)
FNDA:0,(anonymous_1)
FNDA:0,(anonymous_2)
FNDA:0,(anonymous_3)
FNDA:0,(anonymous_4)
FNDA:0,(anonymous_5)
FNDA:0,(anonymous_6)
FNDA:0,(anonymous_7)
FNDA:0,(anonymous_8)
FNDA:0,(anonymous_9)
FNDA:0,(anonymous_10)
FNDA:0,(anonymous_11)
DA:9,0
DA:10,0
DA:12,0
DA:13,0
DA:16,0
DA:17,0
DA:20,0
DA:22,0
DA:24,0
DA:26,0
DA:34,0
DA:36,0
DA:37,0
DA:39,0
DA:40,0
DA:44,0
DA:45,0
DA:47,0
DA:48,0
DA:52,0
DA:53,0
DA:55,0
DA:56,0
DA:62,0
DA:64,0
DA:65,0
DA:66,0
DA:69,0
DA:70,0
DA:72,0
DA:73,0
DA:76,0
DA:88,0
DA:89,0
DA:92,0
DA:94,0
DA:95,0
DA:101,0
DA:102,0
DA:104,0
DA:107,0
DA:108,0
DA:109,0
DA:112,0
DA:119,0
DA:124,0
DA:132,0
DA:137,0
LF:48
LH:0
BRDA:16,0,0,0
BRDA:16,0,1,0
BRDA:17,1,0,0
BRDA:17,1,1,0
BRDA:20,2,0,0
BRDA:20,2,1,0
BRDA:65,3,0,0
BRDA:65,3,1,0
BRDA:72,4,0,0
BRDA:72,4,1,0
BRDA:72,5,0,0
BRDA:72,5,1,0
BRF:12
BRH:0
end_of_record
TN:
SF:src/utils/Logger.js
FN:14,(anonymous_0)
FN:56,(anonymous_1)
FN:115,(anonymous_2)
FN:119,(anonymous_3)
FN:123,(anonymous_4)
FN:127,(anonymous_5)
FN:131,(anonymous_6)
FN:138,(anonymous_7)
FNF:8
FNH:0
FNDA:0,(anonymous_0)
FNDA:0,(anonymous_1)
FNDA:0,(anonymous_2)
FNDA:0,(anonymous_3)
FNDA:0,(anonymous_4)
FNDA:0,(anonymous_5)
FNDA:0,(anonymous_6)
FNDA:0,(anonymous_7)
DA:6,0
DA:7,0
DA:10,0
DA:11,0
DA:12,0
DA:15,0
DA:17,0
DA:19,0
DA:21,0
DA:24,0
DA:25,0
DA:26,0
DA:27,0
DA:31,0
DA:35,0
DA:36,0
DA:38,0
DA:39,0
DA:43,0
DA:44,0
DA:45,0
DA:49,0
DA:50,0
DA:52,0
DA:57,0
DA:59,0
DA:60,0
DA:63,0
DA:64,0
DA:73,0
DA:76,0
DA:77,0
DA:81,0
DA:82,0
DA:84,0
DA:87,0
DA:91,0
DA:94,0
DA:95,0
DA:96,0
DA:101,0
DA:102,0
DA:103,0
DA:104,0
DA:106,0
DA:110,0
DA:111,0
DA:116,0
DA:120,0
DA:124,0
DA:128,0
DA:132,0
DA:133,0
DA:135,0
DA:139,0
DA:140,0
DA:141,0
DA:143,0
DA:144,0
DA:147,0
DA:149,0
LF:61
LH:0
BRDA:15,0,0,0
BRDA:15,0,1,0
BRDA:19,1,0,0
BRDA:19,1,1,0
BRDA:26,2,0,0
BRDA:26,2,1,0
BRDA:38,3,0,0
BRDA:38,3,1,0
BRDA:44,4,0,0
BRDA:44,4,1,0
BRDA:56,5,0,0
BRDA:56,6,0,0
BRDA:59,7,0,0
BRDA:59,7,1,0
BRDA:68,8,0,0
BRDA:68,8,1,0
BRDA:69,9,0,0
BRDA:69,9,1,0
BRDA:76,10,0,0
BRDA:76,10,1,0
BRDA:81,11,0,0
BRDA:81,11,1,0
BRDA:94,12,0,0
BRDA:94,12,1,0
BRDA:95,13,0,0
BRDA:95,13,1,0
BRDA:101,14,0,0
BRDA:101,14,1,0
BRDA:103,15,0,0
BRDA:103,15,1,0
BRDA:115,16,0,0
BRDA:132,17,0,0
BRDA:132,17,1,0
BRDA:143,18,0,0
BRDA:143,18,1,0
BRF:35
BRH:0
end_of_record
TN:
SF:src/utils/SentryConfig.js
FN:11,(anonymous_0)
FN:30,(anonymous_1)
FN:67,(anonymous_2)
FN:87,(anonymous_3)
FN:103,(anonymous_4)
FNF:5
FNH:0
FNDA:0,(anonymous_0)
FNDA:0,(anonymous_1)
FNDA:0,(anonymous_2)
FNDA:0,(anonymous_3)
FNDA:0,(anonymous_4)
DA:11,0
DA:12,0
DA:14,0
DA:17,0
DA:19,0
DA:21,0
DA:22,0
DA:32,0
DA:33,0
DA:34,0
DA:35,0
DA:46,0
DA:47,0
DA:48,0
DA:50,0
DA:51,0
DA:53,0
DA:54,0
DA:57,0
DA:58,0
DA:67,0
DA:68,0
DA:69,0
DA:71,0
DA:72,0
DA:75,0
DA:77,0
DA:87,0
DA:88,0
DA:89,0
DA:90,0
DA:93,0
DA:95,0
DA:103,0
DA:104,0
DA:105,0
DA:106,0
DA:107,0
DA:111,0
DA:116,0
LF:40
LH:0
BRDA:14,0,0,0
BRDA:14,0,1,0
BRDA:17,1,0,0
BRDA:17,1,1,0
BRDA:17,1,2,0
BRDA:21,2,0,0
BRDA:21,2,1,0
BRDA:32,3,0,0
BRDA:32,3,1,0
BRDA:47,4,0,0
BRDA:47,4,1,0
BRDA:48,5,0,0
BRDA:48,5,1,0
BRDA:48,5,2,0
BRDA:67,6,0,0
BRDA:71,7,0,0
BRDA:71,7,1,0
BRDA:87,8,0,0
BRDA:87,9,0,0
BRDA:89,10,0,0
BRDA:89,10,1,0
BRDA:105,11,0,0
BRDA:105,11,1,0
BRDA:113,12,0,0
BRDA:113,12,1,0
BRF:25
BRH:0
end_of_record
TN:
SF:src/utils/SentryDiagnostics.js
FN:16,(anonymous_0)
FN:97,(anonymous_1)
FN:115,(anonymous_2)
FNF:3
FNH:0
FNDA:0,(anonymous_0)
FNDA:0,(anonymous_1)
FNDA:0,(anonymous_2)
DA:16,0
DA:17,0
DA:18,0
DA:19,0
DA:34,0
DA:45,0
DA:48,0
DA:66,0
DA:68,0
DA:69,0
DA:71,0
DA:74,0
DA:75,0
DA:85,0
DA:87,0
DA:90,0
DA:97,0
DA:98,0
DA:99,0
DA:104,0
DA:105,0
DA:107,0
DA:108,0
DA:115,0
DA:116,0
DA:117,0
DA:120,0
DA:127,0
DA:128,0
DA:131,0
DA:136,0
DA:142,0
DA:143,0
DA:146,0
LF:34
LH:0
BRDA:22,0,0,0
BRDA:22,0,1,0
BRDA:24,1,0,0
BRDA:24,1,1,0
BRDA:25,2,0,0
BRDA:25,2,1,0
BRDA:26,3,0,0
BRDA:26,3,1,0
BRDA:27,4,0,0
BRDA:27,4,1,0
BRDA:28,5,0,0
BRDA:28,5,1,0
BRDA:29,6,0,0
BRDA:29,6,1,0
BRDA:30,7,0,0
BRDA:30,7,1,0
BRDA:54,8,0,0
BRDA:54,8,1,0
BRDA:54,8,2,0
BRDA:58,9,0,0
BRDA:58,9,1,0
BRDA:60,10,0,0
BRDA:60,10,1,0
BRDA:61,11,0,0
BRDA:61,11,1,0
BRDA:137,12,0,0
BRDA:137,12,1,0
BRF:27
BRH:0
end_of_record
TN:
SF:src/utils/environment.js
FN:11,(anonymous_0)
FN:59,(anonymous_1)
FN:97,(anonymous_2)
FNF:3
FNH:0
FNDA:0,(anonymous_0)
FNDA:0,(anonymous_1)
FNDA:0,(anonymous_2)
DA:11,0
DA:13,0
DA:17,0
DA:20,0
DA:25,0
DA:30,0
DA:34,0
DA:37,0
DA:55,0
DA:59,0
DA:60,0
DA:62,0
DA:64,0
DA:66,0
DA:72,0
DA:73,0
DA:78,0
DA:81,0
DA:82,0
DA:87,0
DA:95,0
DA:96,0
DA:97,0
LF:23
LH:0
BRDA:17,0,0,0
BRDA:17,0,1,0
BRDA:17,0,2,0
BRDA:20,1,0,0
BRDA:20,1,1,0
BRDA:20,1,2,0
BRDA:25,2,0,0
BRDA:25,2,1,0
BRDA:30,3,0,0
BRDA:30,3,1,0
BRDA:31,4,0,0
BRDA:31,4,1,0
BRDA:34,5,0,0
BRDA:34,5,1,0
BRDA:34,5,2,0
BRDA:42,6,0,0
BRDA:42,6,1,0
BRDA:46,7,0,0
BRDA:46,7,1,0
BRDA:49,8,0,0
BRDA:49,8,1,0
BRDA:49,8,2,0
BRDA:50,9,0,0
BRDA:50,9,1,0
BRDA:50,9,2,0
BRDA:51,10,0,0
BRDA:51,10,1,0
BRDA:62,11,0,0
BRDA:62,11,1,0
BRDA:67,12,0,0
BRDA:67,12,1,0
BRDA:67,12,2,0
BRDA:67,12,3,0
BRDA:83,13,0,0
BRDA:83,13,1,0
BRDA:84,14,0,0
BRDA:84,14,1,0
BRDA:88,15,0,0
BRDA:88,15,1,0
BRDA:89,16,0,0
BRDA:89,16,1,0
BRDA:90,17,0,0
BRDA:90,17,1,0
BRDA:95,18,0,0
BRDA:95,18,1,0
BRF:45
BRH:0
end_of_record
